[2022-01-14 00:23:08,028] {taskinstance.py:1032} INFO - Dependencies all met for <TaskInstance: my_dag_anp.raw_sales_oil_derivative manual__2022-01-14T00:23:02.345120+00:00 [queued]>
[2022-01-14 00:23:08,053] {taskinstance.py:1032} INFO - Dependencies all met for <TaskInstance: my_dag_anp.raw_sales_oil_derivative manual__2022-01-14T00:23:02.345120+00:00 [queued]>
[2022-01-14 00:23:08,054] {taskinstance.py:1238} INFO - 
--------------------------------------------------------------------------------
[2022-01-14 00:23:08,054] {taskinstance.py:1239} INFO - Starting attempt 1 of 1
[2022-01-14 00:23:08,055] {taskinstance.py:1240} INFO - 
--------------------------------------------------------------------------------
[2022-01-14 00:23:08,085] {taskinstance.py:1259} INFO - Executing <Task(PythonOperator): raw_sales_oil_derivative> on 2022-01-14 00:23:02.345120+00:00
[2022-01-14 00:23:08,094] {standard_task_runner.py:52} INFO - Started process 3161 to run task
[2022-01-14 00:23:08,107] {standard_task_runner.py:76} INFO - Running: ['***', 'tasks', 'run', 'my_dag_anp', 'raw_sales_oil_derivative', 'manual__2022-01-14T00:23:02.345120+00:00', '--job-id', '74', '--raw', '--subdir', 'DAGS_FOLDER/my_dag_anp.py', '--cfg-path', '/tmp/tmpxannanuc', '--error-file', '/tmp/tmp2ehhe8o9']
[2022-01-14 00:23:08,109] {standard_task_runner.py:77} INFO - Job 74: Subtask raw_sales_oil_derivative
[2022-01-14 00:23:08,239] {logging_mixin.py:109} INFO - Running <TaskInstance: my_dag_anp.raw_sales_oil_derivative manual__2022-01-14T00:23:02.345120+00:00 [running]> on host 9ef8a6cbe880
[2022-01-14 00:23:08,371] {taskinstance.py:1426} INFO - Exporting the following env vars:
AIRFLOW_CTX_DAG_OWNER=***
AIRFLOW_CTX_DAG_ID=my_dag_anp
AIRFLOW_CTX_TASK_ID=raw_sales_oil_derivative
AIRFLOW_CTX_EXECUTION_DATE=2022-01-14T00:23:02.345120+00:00
AIRFLOW_CTX_DAG_RUN_ID=manual__2022-01-14T00:23:02.345120+00:00
[2022-01-14 00:27:14,179] {python.py:175} INFO - Done. Returned value was: True
[2022-01-14 00:27:14,229] {taskinstance.py:1277} INFO - Marking task as SUCCESS. dag_id=my_dag_anp, task_id=raw_sales_oil_derivative, execution_date=20220114T002302, start_date=20220114T002308, end_date=20220114T002714
[2022-01-14 00:27:14,297] {local_task_job.py:154} INFO - Task exited with return code 0
[2022-01-14 00:27:14,373] {local_task_job.py:264} INFO - 1 downstream tasks scheduled from follow-on schedule check
