[2022-01-13 00:06:51,756] {taskinstance.py:1032} INFO - Dependencies all met for <TaskInstance: my_dag.training_model_A scheduled__2022-01-12T00:00:00+00:00 [queued]>
[2022-01-13 00:06:51,807] {taskinstance.py:1032} INFO - Dependencies all met for <TaskInstance: my_dag.training_model_A scheduled__2022-01-12T00:00:00+00:00 [queued]>
[2022-01-13 00:06:51,816] {taskinstance.py:1238} INFO - 
--------------------------------------------------------------------------------
[2022-01-13 00:06:51,817] {taskinstance.py:1239} INFO - Starting attempt 1 of 1
[2022-01-13 00:06:51,818] {taskinstance.py:1240} INFO - 
--------------------------------------------------------------------------------
[2022-01-13 00:06:51,887] {taskinstance.py:1259} INFO - Executing <Task(PythonOperator): training_model_A> on 2022-01-12 00:00:00+00:00
[2022-01-13 00:06:51,903] {standard_task_runner.py:52} INFO - Started process 4801 to run task
[2022-01-13 00:06:51,910] {standard_task_runner.py:76} INFO - Running: ['***', 'tasks', 'run', 'my_dag', 'training_model_A', 'scheduled__2022-01-12T00:00:00+00:00', '--job-id', '20', '--raw', '--subdir', 'DAGS_FOLDER/my_dag.py', '--cfg-path', '/tmp/tmpg2xr6rpd', '--error-file', '/tmp/tmpn8wc4q8m']
[2022-01-13 00:06:51,913] {standard_task_runner.py:77} INFO - Job 20: Subtask training_model_A
[2022-01-13 00:06:52,097] {logging_mixin.py:109} INFO - Running <TaskInstance: my_dag.training_model_A scheduled__2022-01-12T00:00:00+00:00 [running]> on host 5ffba7c75690
[2022-01-13 00:06:52,348] {taskinstance.py:1426} INFO - Exporting the following env vars:
AIRFLOW_CTX_DAG_OWNER=***
AIRFLOW_CTX_DAG_ID=my_dag
AIRFLOW_CTX_TASK_ID=training_model_A
AIRFLOW_CTX_EXECUTION_DATE=2022-01-12T00:00:00+00:00
AIRFLOW_CTX_DAG_RUN_ID=scheduled__2022-01-12T00:00:00+00:00
[2022-01-13 00:06:52,348] {python.py:175} INFO - Done. Returned value was: 7
[2022-01-13 00:06:52,408] {taskinstance.py:1277} INFO - Marking task as SUCCESS. dag_id=my_dag, task_id=training_model_A, execution_date=20220112T000000, start_date=20220113T000651, end_date=20220113T000652
[2022-01-13 00:06:52,507] {local_task_job.py:154} INFO - Task exited with return code 0
[2022-01-13 00:06:52,623] {local_task_job.py:264} INFO - 0 downstream tasks scheduled from follow-on schedule check
