[2022-01-13 00:06:52,123] {taskinstance.py:1032} INFO - Dependencies all met for <TaskInstance: my_dag.training_model_C scheduled__2022-01-12T00:00:00+00:00 [queued]>
[2022-01-13 00:06:52,143] {taskinstance.py:1032} INFO - Dependencies all met for <TaskInstance: my_dag.training_model_C scheduled__2022-01-12T00:00:00+00:00 [queued]>
[2022-01-13 00:06:52,144] {taskinstance.py:1238} INFO - 
--------------------------------------------------------------------------------
[2022-01-13 00:06:52,145] {taskinstance.py:1239} INFO - Starting attempt 1 of 1
[2022-01-13 00:06:52,146] {taskinstance.py:1240} INFO - 
--------------------------------------------------------------------------------
[2022-01-13 00:06:52,169] {taskinstance.py:1259} INFO - Executing <Task(PythonOperator): training_model_C> on 2022-01-12 00:00:00+00:00
[2022-01-13 00:06:52,176] {standard_task_runner.py:52} INFO - Started process 4802 to run task
[2022-01-13 00:06:52,183] {standard_task_runner.py:76} INFO - Running: ['***', 'tasks', 'run', 'my_dag', 'training_model_C', 'scheduled__2022-01-12T00:00:00+00:00', '--job-id', '21', '--raw', '--subdir', 'DAGS_FOLDER/my_dag.py', '--cfg-path', '/tmp/tmpgw7pxz6o', '--error-file', '/tmp/tmps7ms_9iv']
[2022-01-13 00:06:52,183] {standard_task_runner.py:77} INFO - Job 21: Subtask training_model_C
[2022-01-13 00:06:52,349] {logging_mixin.py:109} INFO - Running <TaskInstance: my_dag.training_model_C scheduled__2022-01-12T00:00:00+00:00 [running]> on host 5ffba7c75690
[2022-01-13 00:06:52,586] {taskinstance.py:1426} INFO - Exporting the following env vars:
AIRFLOW_CTX_DAG_OWNER=***
AIRFLOW_CTX_DAG_ID=my_dag
AIRFLOW_CTX_TASK_ID=training_model_C
AIRFLOW_CTX_EXECUTION_DATE=2022-01-12T00:00:00+00:00
AIRFLOW_CTX_DAG_RUN_ID=scheduled__2022-01-12T00:00:00+00:00
[2022-01-13 00:06:52,586] {python.py:175} INFO - Done. Returned value was: 7
[2022-01-13 00:06:52,676] {taskinstance.py:1277} INFO - Marking task as SUCCESS. dag_id=my_dag, task_id=training_model_C, execution_date=20220112T000000, start_date=20220113T000652, end_date=20220113T000652
[2022-01-13 00:06:52,733] {local_task_job.py:154} INFO - Task exited with return code 0
[2022-01-13 00:06:52,826] {local_task_job.py:264} INFO - 1 downstream tasks scheduled from follow-on schedule check
