[2022-01-14 00:27:25,592] {taskinstance.py:1032} INFO - Dependencies all met for <TaskInstance: my_dag_anp.rfn_sales_oil_derivative_check_totals manual__2022-01-14T00:23:02.345120+00:00 [queued]>
[2022-01-14 00:27:25,612] {taskinstance.py:1032} INFO - Dependencies all met for <TaskInstance: my_dag_anp.rfn_sales_oil_derivative_check_totals manual__2022-01-14T00:23:02.345120+00:00 [queued]>
[2022-01-14 00:27:25,612] {taskinstance.py:1238} INFO - 
--------------------------------------------------------------------------------
[2022-01-14 00:27:25,612] {taskinstance.py:1239} INFO - Starting attempt 1 of 1
[2022-01-14 00:27:25,612] {taskinstance.py:1240} INFO - 
--------------------------------------------------------------------------------
[2022-01-14 00:27:25,642] {taskinstance.py:1259} INFO - Executing <Task(PythonOperator): rfn_sales_oil_derivative_check_totals> on 2022-01-14 00:23:02.345120+00:00
[2022-01-14 00:27:25,649] {standard_task_runner.py:52} INFO - Started process 3487 to run task
[2022-01-14 00:27:25,654] {standard_task_runner.py:76} INFO - Running: ['***', 'tasks', 'run', 'my_dag_anp', 'rfn_sales_oil_derivative_check_totals', 'manual__2022-01-14T00:23:02.345120+00:00', '--job-id', '82', '--raw', '--subdir', 'DAGS_FOLDER/my_dag_anp.py', '--cfg-path', '/tmp/tmpseujg98y', '--error-file', '/tmp/tmpkdsmlzhr']
[2022-01-14 00:27:25,655] {standard_task_runner.py:77} INFO - Job 82: Subtask rfn_sales_oil_derivative_check_totals
[2022-01-14 00:27:25,735] {logging_mixin.py:109} INFO - Running <TaskInstance: my_dag_anp.rfn_sales_oil_derivative_check_totals manual__2022-01-14T00:23:02.345120+00:00 [running]> on host 9ef8a6cbe880
[2022-01-14 00:27:25,814] {taskinstance.py:1426} INFO - Exporting the following env vars:
AIRFLOW_CTX_DAG_OWNER=***
AIRFLOW_CTX_DAG_ID=my_dag_anp
AIRFLOW_CTX_TASK_ID=rfn_sales_oil_derivative_check_totals
AIRFLOW_CTX_EXECUTION_DATE=2022-01-14T00:23:02.345120+00:00
AIRFLOW_CTX_DAG_RUN_ID=manual__2022-01-14T00:23:02.345120+00:00
[2022-01-14 00:27:25,927] {python.py:175} INFO - Done. Returned value was: True
[2022-01-14 00:27:25,971] {taskinstance.py:1277} INFO - Marking task as SUCCESS. dag_id=my_dag_anp, task_id=rfn_sales_oil_derivative_check_totals, execution_date=20220114T002302, start_date=20220114T002725, end_date=20220114T002725
[2022-01-14 00:27:26,026] {local_task_job.py:154} INFO - Task exited with return code 0
[2022-01-14 00:27:26,079] {local_task_job.py:264} INFO - 0 downstream tasks scheduled from follow-on schedule check
