[2022-01-13 23:57:03,376] {taskinstance.py:1032} INFO - Dependencies all met for <TaskInstance: my_dag_anp.raw_diesel scheduled__2022-01-12T00:00:00+00:00 [queued]>
[2022-01-13 23:57:03,402] {taskinstance.py:1032} INFO - Dependencies all met for <TaskInstance: my_dag_anp.raw_diesel scheduled__2022-01-12T00:00:00+00:00 [queued]>
[2022-01-13 23:57:03,402] {taskinstance.py:1238} INFO - 
--------------------------------------------------------------------------------
[2022-01-13 23:57:03,402] {taskinstance.py:1239} INFO - Starting attempt 1 of 1
[2022-01-13 23:57:03,402] {taskinstance.py:1240} INFO - 
--------------------------------------------------------------------------------
[2022-01-13 23:57:03,446] {taskinstance.py:1259} INFO - Executing <Task(PythonOperator): raw_diesel> on 2022-01-12 00:00:00+00:00
[2022-01-13 23:57:03,453] {standard_task_runner.py:52} INFO - Started process 1880 to run task
[2022-01-13 23:57:03,463] {standard_task_runner.py:76} INFO - Running: ['***', 'tasks', 'run', 'my_dag_anp', 'raw_diesel', 'scheduled__2022-01-12T00:00:00+00:00', '--job-id', '49', '--raw', '--subdir', 'DAGS_FOLDER/my_dag_anp.py', '--cfg-path', '/tmp/tmpidric3bd', '--error-file', '/tmp/tmpzob5bgu_']
[2022-01-13 23:57:03,467] {standard_task_runner.py:77} INFO - Job 49: Subtask raw_diesel
[2022-01-13 23:57:03,603] {logging_mixin.py:109} INFO - Running <TaskInstance: my_dag_anp.raw_diesel scheduled__2022-01-12T00:00:00+00:00 [running]> on host 9ef8a6cbe880
[2022-01-13 23:57:03,718] {taskinstance.py:1426} INFO - Exporting the following env vars:
AIRFLOW_CTX_DAG_OWNER=***
AIRFLOW_CTX_DAG_ID=my_dag_anp
AIRFLOW_CTX_TASK_ID=raw_diesel
AIRFLOW_CTX_EXECUTION_DATE=2022-01-12T00:00:00+00:00
AIRFLOW_CTX_DAG_RUN_ID=scheduled__2022-01-12T00:00:00+00:00
[2022-01-14 00:01:46,194] {python.py:175} INFO - Done. Returned value was: True
[2022-01-14 00:01:46,245] {taskinstance.py:1277} INFO - Marking task as SUCCESS. dag_id=my_dag_anp, task_id=raw_diesel, execution_date=20220112T000000, start_date=20220113T235703, end_date=20220114T000146
[2022-01-14 00:01:46,390] {local_task_job.py:154} INFO - Task exited with return code 0
[2022-01-14 00:01:46,574] {local_task_job.py:264} INFO - 0 downstream tasks scheduled from follow-on schedule check
