[2022-01-14 22:37:03,299] {taskinstance.py:1032} INFO - Dependencies all met for <TaskInstance: my_dag_anp.raw_diesel manual__2022-01-14T22:36:58.222500+00:00 [queued]>
[2022-01-14 22:37:03,361] {taskinstance.py:1032} INFO - Dependencies all met for <TaskInstance: my_dag_anp.raw_diesel manual__2022-01-14T22:36:58.222500+00:00 [queued]>
[2022-01-14 22:37:03,362] {taskinstance.py:1238} INFO - 
--------------------------------------------------------------------------------
[2022-01-14 22:37:03,364] {taskinstance.py:1239} INFO - Starting attempt 1 of 1
[2022-01-14 22:37:03,364] {taskinstance.py:1240} INFO - 
--------------------------------------------------------------------------------
[2022-01-14 22:37:03,429] {taskinstance.py:1259} INFO - Executing <Task(PythonOperator): raw_diesel> on 2022-01-14 22:36:58.222500+00:00
[2022-01-14 22:37:03,441] {standard_task_runner.py:52} INFO - Started process 807 to run task
[2022-01-14 22:37:03,465] {standard_task_runner.py:76} INFO - Running: ['***', 'tasks', 'run', 'my_dag_anp', 'raw_diesel', 'manual__2022-01-14T22:36:58.222500+00:00', '--job-id', '96', '--raw', '--subdir', 'DAGS_FOLDER/my_dag_anp.py', '--cfg-path', '/tmp/tmp_4sy2978', '--error-file', '/tmp/tmpbyetxr2j']
[2022-01-14 22:37:03,467] {standard_task_runner.py:77} INFO - Job 96: Subtask raw_diesel
[2022-01-14 22:37:03,603] {logging_mixin.py:109} INFO - Running <TaskInstance: my_dag_anp.raw_diesel manual__2022-01-14T22:36:58.222500+00:00 [running]> on host 6fc8082a54ee
[2022-01-14 22:37:03,811] {taskinstance.py:1426} INFO - Exporting the following env vars:
AIRFLOW_CTX_DAG_OWNER=***
AIRFLOW_CTX_DAG_ID=my_dag_anp
AIRFLOW_CTX_TASK_ID=raw_diesel
AIRFLOW_CTX_EXECUTION_DATE=2022-01-14T22:36:58.222500+00:00
AIRFLOW_CTX_DAG_RUN_ID=manual__2022-01-14T22:36:58.222500+00:00
[2022-01-14 22:40:42,210] {python.py:175} INFO - Done. Returned value was: True
[2022-01-14 22:40:42,243] {taskinstance.py:1277} INFO - Marking task as SUCCESS. dag_id=my_dag_anp, task_id=raw_diesel, execution_date=20220114T223658, start_date=20220114T223703, end_date=20220114T224042
[2022-01-14 22:40:42,309] {local_task_job.py:212} WARNING - State of this instance has been externally set to success. Terminating instance.
[2022-01-14 22:40:42,311] {process_utils.py:124} INFO - Sending Signals.SIGTERM to group 807. PIDs of all processes in the group: [807]
[2022-01-14 22:40:42,311] {process_utils.py:75} INFO - Sending the signal Signals.SIGTERM to group 807
[2022-01-14 22:40:42,313] {process_utils.py:70} INFO - Process psutil.Process(pid=807, status='terminated', exitcode=0, started='22:37:02') (807) terminated with exit code 0
