[2022-01-14 00:22:33,030] {taskinstance.py:1032} INFO - Dependencies all met for <TaskInstance: my_dag_anp.rfn_sales_diesel manual__2022-01-14T00:15:21.890329+00:00 [queued]>
[2022-01-14 00:22:33,052] {taskinstance.py:1032} INFO - Dependencies all met for <TaskInstance: my_dag_anp.rfn_sales_diesel manual__2022-01-14T00:15:21.890329+00:00 [queued]>
[2022-01-14 00:22:33,053] {taskinstance.py:1238} INFO - 
--------------------------------------------------------------------------------
[2022-01-14 00:22:33,053] {taskinstance.py:1239} INFO - Starting attempt 2 of 2
[2022-01-14 00:22:33,053] {taskinstance.py:1240} INFO - 
--------------------------------------------------------------------------------
[2022-01-14 00:22:33,076] {taskinstance.py:1259} INFO - Executing <Task(PythonOperator): rfn_sales_diesel> on 2022-01-14 00:15:21.890329+00:00
[2022-01-14 00:22:33,088] {standard_task_runner.py:52} INFO - Started process 2973 to run task
[2022-01-14 00:22:33,096] {standard_task_runner.py:76} INFO - Running: ['***', 'tasks', 'run', 'my_dag_anp', 'rfn_sales_diesel', 'manual__2022-01-14T00:15:21.890329+00:00', '--job-id', '71', '--raw', '--subdir', 'DAGS_FOLDER/my_dag_anp.py', '--cfg-path', '/tmp/tmpinsnfl74', '--error-file', '/tmp/tmpe8uqvyy0']
[2022-01-14 00:22:33,097] {standard_task_runner.py:77} INFO - Job 71: Subtask rfn_sales_diesel
[2022-01-14 00:22:33,170] {logging_mixin.py:109} INFO - Running <TaskInstance: my_dag_anp.rfn_sales_diesel manual__2022-01-14T00:15:21.890329+00:00 [running]> on host 9ef8a6cbe880
[2022-01-14 00:22:33,260] {taskinstance.py:1426} INFO - Exporting the following env vars:
AIRFLOW_CTX_DAG_OWNER=***
AIRFLOW_CTX_DAG_ID=my_dag_anp
AIRFLOW_CTX_TASK_ID=rfn_sales_diesel
AIRFLOW_CTX_EXECUTION_DATE=2022-01-14T00:15:21.890329+00:00
AIRFLOW_CTX_DAG_RUN_ID=manual__2022-01-14T00:15:21.890329+00:00
[2022-01-14 00:22:33,567] {python.py:175} INFO - Done. Returned value was: True
[2022-01-14 00:22:33,606] {taskinstance.py:1277} INFO - Marking task as SUCCESS. dag_id=my_dag_anp, task_id=rfn_sales_diesel, execution_date=20220114T001521, start_date=20220114T002233, end_date=20220114T002233
[2022-01-14 00:22:33,642] {local_task_job.py:154} INFO - Task exited with return code 0
[2022-01-14 00:22:33,683] {local_task_job.py:264} INFO - 1 downstream tasks scheduled from follow-on schedule check
