[2022-01-13 00:06:54,274] {taskinstance.py:1032} INFO - Dependencies all met for <TaskInstance: my_dag.choose_best_model scheduled__2022-01-12T00:00:00+00:00 [queued]>
[2022-01-13 00:06:54,324] {taskinstance.py:1032} INFO - Dependencies all met for <TaskInstance: my_dag.choose_best_model scheduled__2022-01-12T00:00:00+00:00 [queued]>
[2022-01-13 00:06:54,327] {taskinstance.py:1238} INFO - 
--------------------------------------------------------------------------------
[2022-01-13 00:06:54,328] {taskinstance.py:1239} INFO - Starting attempt 1 of 1
[2022-01-13 00:06:54,329] {taskinstance.py:1240} INFO - 
--------------------------------------------------------------------------------
[2022-01-13 00:06:54,392] {taskinstance.py:1259} INFO - Executing <Task(BranchPythonOperator): choose_best_model> on 2022-01-12 00:00:00+00:00
[2022-01-13 00:06:54,399] {standard_task_runner.py:52} INFO - Started process 4811 to run task
[2022-01-13 00:06:54,401] {standard_task_runner.py:76} INFO - Running: ['***', 'tasks', 'run', 'my_dag', 'choose_best_model', 'scheduled__2022-01-12T00:00:00+00:00', '--job-id', '22', '--raw', '--subdir', 'DAGS_FOLDER/my_dag.py', '--cfg-path', '/tmp/tmpwbet0sho', '--error-file', '/tmp/tmp8pyfi4z3']
[2022-01-13 00:06:54,406] {standard_task_runner.py:77} INFO - Job 22: Subtask choose_best_model
[2022-01-13 00:06:54,593] {logging_mixin.py:109} INFO - Running <TaskInstance: my_dag.choose_best_model scheduled__2022-01-12T00:00:00+00:00 [running]> on host 5ffba7c75690
[2022-01-13 00:06:54,744] {taskinstance.py:1426} INFO - Exporting the following env vars:
AIRFLOW_CTX_DAG_OWNER=***
AIRFLOW_CTX_DAG_ID=my_dag
AIRFLOW_CTX_TASK_ID=choose_best_model
AIRFLOW_CTX_EXECUTION_DATE=2022-01-12T00:00:00+00:00
AIRFLOW_CTX_DAG_RUN_ID=scheduled__2022-01-12T00:00:00+00:00
[2022-01-13 00:06:54,775] {python.py:175} INFO - Done. Returned value was: inaccurate
[2022-01-13 00:06:54,775] {skipmixin.py:143} INFO - Following branch inaccurate
[2022-01-13 00:06:54,775] {skipmixin.py:174} INFO - Skipping tasks ['accurate']
[2022-01-13 00:06:54,858] {taskinstance.py:1277} INFO - Marking task as SUCCESS. dag_id=my_dag, task_id=choose_best_model, execution_date=20220112T000000, start_date=20220113T000654, end_date=20220113T000654
[2022-01-13 00:06:54,948] {local_task_job.py:154} INFO - Task exited with return code 0
[2022-01-13 00:06:55,091] {local_task_job.py:264} INFO - 0 downstream tasks scheduled from follow-on schedule check
