[2022-01-14 22:34:17,507] {taskinstance.py:1032} INFO - Dependencies all met for <TaskInstance: my_dag_anp.trs_sales_oil_derivative_totals manual__2022-01-14T22:30:25.857860+00:00 [queued]>
[2022-01-14 22:34:17,580] {taskinstance.py:1032} INFO - Dependencies all met for <TaskInstance: my_dag_anp.trs_sales_oil_derivative_totals manual__2022-01-14T22:30:25.857860+00:00 [queued]>
[2022-01-14 22:34:17,581] {taskinstance.py:1238} INFO - 
--------------------------------------------------------------------------------
[2022-01-14 22:34:17,581] {taskinstance.py:1239} INFO - Starting attempt 1 of 1
[2022-01-14 22:34:17,581] {taskinstance.py:1240} INFO - 
--------------------------------------------------------------------------------
[2022-01-14 22:34:17,613] {taskinstance.py:1259} INFO - Executing <Task(PythonOperator): trs_sales_oil_derivative_totals> on 2022-01-14 22:30:25.857860+00:00
[2022-01-14 22:34:17,650] {standard_task_runner.py:52} INFO - Started process 517 to run task
[2022-01-14 22:34:17,690] {standard_task_runner.py:76} INFO - Running: ['***', 'tasks', 'run', 'my_dag_anp', 'trs_sales_oil_derivative_totals', 'manual__2022-01-14T22:30:25.857860+00:00', '--job-id', '91', '--raw', '--subdir', 'DAGS_FOLDER/my_dag_anp.py', '--cfg-path', '/tmp/tmpl2aqdkhj', '--error-file', '/tmp/tmppw0se68z']
[2022-01-14 22:34:17,691] {standard_task_runner.py:77} INFO - Job 91: Subtask trs_sales_oil_derivative_totals
[2022-01-14 22:34:17,911] {logging_mixin.py:109} INFO - Running <TaskInstance: my_dag_anp.trs_sales_oil_derivative_totals manual__2022-01-14T22:30:25.857860+00:00 [running]> on host 6fc8082a54ee
[2022-01-14 22:34:18,255] {taskinstance.py:1426} INFO - Exporting the following env vars:
AIRFLOW_CTX_DAG_OWNER=***
AIRFLOW_CTX_DAG_ID=my_dag_anp
AIRFLOW_CTX_TASK_ID=trs_sales_oil_derivative_totals
AIRFLOW_CTX_EXECUTION_DATE=2022-01-14T22:30:25.857860+00:00
AIRFLOW_CTX_DAG_RUN_ID=manual__2022-01-14T22:30:25.857860+00:00
[2022-01-14 22:34:18,337] {python.py:175} INFO - Done. Returned value was: True
[2022-01-14 22:34:18,393] {taskinstance.py:1277} INFO - Marking task as SUCCESS. dag_id=my_dag_anp, task_id=trs_sales_oil_derivative_totals, execution_date=20220114T223025, start_date=20220114T223417, end_date=20220114T223418
[2022-01-14 22:34:18,528] {local_task_job.py:154} INFO - Task exited with return code 0
[2022-01-14 22:34:18,656] {local_task_job.py:264} INFO - 1 downstream tasks scheduled from follow-on schedule check
