[2022-01-14 00:27:25,657] {taskinstance.py:1032} INFO - Dependencies all met for <TaskInstance: my_dag_anp.rfn_salerfn_sales_diesel_check_totalss_oil_derivative manual__2022-01-14T00:23:02.345120+00:00 [queued]>
[2022-01-14 00:27:25,674] {taskinstance.py:1032} INFO - Dependencies all met for <TaskInstance: my_dag_anp.rfn_salerfn_sales_diesel_check_totalss_oil_derivative manual__2022-01-14T00:23:02.345120+00:00 [queued]>
[2022-01-14 00:27:25,674] {taskinstance.py:1238} INFO - 
--------------------------------------------------------------------------------
[2022-01-14 00:27:25,674] {taskinstance.py:1239} INFO - Starting attempt 1 of 1
[2022-01-14 00:27:25,675] {taskinstance.py:1240} INFO - 
--------------------------------------------------------------------------------
[2022-01-14 00:27:25,693] {taskinstance.py:1259} INFO - Executing <Task(PythonOperator): rfn_salerfn_sales_diesel_check_totalss_oil_derivative> on 2022-01-14 00:23:02.345120+00:00
[2022-01-14 00:27:25,699] {standard_task_runner.py:52} INFO - Started process 3488 to run task
[2022-01-14 00:27:25,704] {standard_task_runner.py:76} INFO - Running: ['***', 'tasks', 'run', 'my_dag_anp', 'rfn_salerfn_sales_diesel_check_totalss_oil_derivative', 'manual__2022-01-14T00:23:02.345120+00:00', '--job-id', '83', '--raw', '--subdir', 'DAGS_FOLDER/my_dag_anp.py', '--cfg-path', '/tmp/tmp0drvy8r1', '--error-file', '/tmp/tmpjimwa7il']
[2022-01-14 00:27:25,705] {standard_task_runner.py:77} INFO - Job 83: Subtask rfn_salerfn_sales_diesel_check_totalss_oil_derivative
[2022-01-14 00:27:25,791] {logging_mixin.py:109} INFO - Running <TaskInstance: my_dag_anp.rfn_salerfn_sales_diesel_check_totalss_oil_derivative manual__2022-01-14T00:23:02.345120+00:00 [running]> on host 9ef8a6cbe880
[2022-01-14 00:27:25,873] {taskinstance.py:1426} INFO - Exporting the following env vars:
AIRFLOW_CTX_DAG_OWNER=***
AIRFLOW_CTX_DAG_ID=my_dag_anp
AIRFLOW_CTX_TASK_ID=rfn_salerfn_sales_diesel_check_totalss_oil_derivative
AIRFLOW_CTX_EXECUTION_DATE=2022-01-14T00:23:02.345120+00:00
AIRFLOW_CTX_DAG_RUN_ID=manual__2022-01-14T00:23:02.345120+00:00
[2022-01-14 00:27:25,949] {python.py:175} INFO - Done. Returned value was: True
[2022-01-14 00:27:25,995] {taskinstance.py:1277} INFO - Marking task as SUCCESS. dag_id=my_dag_anp, task_id=rfn_salerfn_sales_diesel_check_totalss_oil_derivative, execution_date=20220114T002302, start_date=20220114T002725, end_date=20220114T002725
[2022-01-14 00:27:26,038] {local_task_job.py:154} INFO - Task exited with return code 0
[2022-01-14 00:27:26,093] {local_task_job.py:264} INFO - 0 downstream tasks scheduled from follow-on schedule check
