[2022-01-12 22:59:03,219] {taskinstance.py:1032} INFO - Dependencies all met for <TaskInstance: my_dag.training_model_C manual__2022-01-12T22:59:01.118387+00:00 [queued]>
[2022-01-12 22:59:03,237] {taskinstance.py:1032} INFO - Dependencies all met for <TaskInstance: my_dag.training_model_C manual__2022-01-12T22:59:01.118387+00:00 [queued]>
[2022-01-12 22:59:03,237] {taskinstance.py:1238} INFO - 
--------------------------------------------------------------------------------
[2022-01-12 22:59:03,237] {taskinstance.py:1239} INFO - Starting attempt 1 of 1
[2022-01-12 22:59:03,237] {taskinstance.py:1240} INFO - 
--------------------------------------------------------------------------------
[2022-01-12 22:59:03,277] {taskinstance.py:1259} INFO - Executing <Task(PythonOperator): training_model_C> on 2022-01-12 22:59:01.118387+00:00
[2022-01-12 22:59:03,285] {standard_task_runner.py:76} INFO - Running: ['***', 'tasks', 'run', 'my_dag', 'training_model_C', 'manual__2022-01-12T22:59:01.118387+00:00', '--job-id', '9', '--raw', '--subdir', 'DAGS_FOLDER/my_dag.py', '--cfg-path', '/tmp/tmpl83mb684', '--error-file', '/tmp/tmppx10crtl']
[2022-01-12 22:59:03,286] {standard_task_runner.py:52} INFO - Started process 2621 to run task
[2022-01-12 22:59:03,287] {standard_task_runner.py:77} INFO - Job 9: Subtask training_model_C
[2022-01-12 22:59:03,359] {logging_mixin.py:109} INFO - Running <TaskInstance: my_dag.training_model_C manual__2022-01-12T22:59:01.118387+00:00 [running]> on host 5ffba7c75690
[2022-01-12 22:59:03,442] {taskinstance.py:1426} INFO - Exporting the following env vars:
AIRFLOW_CTX_DAG_OWNER=***
AIRFLOW_CTX_DAG_ID=my_dag
AIRFLOW_CTX_TASK_ID=training_model_C
AIRFLOW_CTX_EXECUTION_DATE=2022-01-12T22:59:01.118387+00:00
AIRFLOW_CTX_DAG_RUN_ID=manual__2022-01-12T22:59:01.118387+00:00
[2022-01-12 22:59:03,445] {python.py:175} INFO - Done. Returned value was: 7
[2022-01-12 22:59:03,479] {taskinstance.py:1277} INFO - Marking task as SUCCESS. dag_id=my_dag, task_id=training_model_C, execution_date=20220112T225901, start_date=20220112T225903, end_date=20220112T225903
[2022-01-12 22:59:03,541] {local_task_job.py:154} INFO - Task exited with return code 0
[2022-01-12 22:59:03,615] {local_task_job.py:264} INFO - 0 downstream tasks scheduled from follow-on schedule check
