[2022-01-14 22:40:45,791] {taskinstance.py:1032} INFO - Dependencies all met for <TaskInstance: my_dag_anp.trs_sales_diesel_totals manual__2022-01-14T22:36:58.222500+00:00 [queued]>
[2022-01-14 22:40:45,812] {taskinstance.py:1032} INFO - Dependencies all met for <TaskInstance: my_dag_anp.trs_sales_diesel_totals manual__2022-01-14T22:36:58.222500+00:00 [queued]>
[2022-01-14 22:40:45,813] {taskinstance.py:1238} INFO - 
--------------------------------------------------------------------------------
[2022-01-14 22:40:45,814] {taskinstance.py:1239} INFO - Starting attempt 1 of 1
[2022-01-14 22:40:45,815] {taskinstance.py:1240} INFO - 
--------------------------------------------------------------------------------
[2022-01-14 22:40:45,864] {taskinstance.py:1259} INFO - Executing <Task(PythonOperator): trs_sales_diesel_totals> on 2022-01-14 22:36:58.222500+00:00
[2022-01-14 22:40:45,873] {standard_task_runner.py:52} INFO - Started process 961 to run task
[2022-01-14 22:40:45,893] {standard_task_runner.py:76} INFO - Running: ['***', 'tasks', 'run', 'my_dag_anp', 'trs_sales_diesel_totals', 'manual__2022-01-14T22:36:58.222500+00:00', '--job-id', '101', '--raw', '--subdir', 'DAGS_FOLDER/my_dag_anp.py', '--cfg-path', '/tmp/tmpcjr0k1q2', '--error-file', '/tmp/tmp24k4i_ge']
[2022-01-14 22:40:45,894] {standard_task_runner.py:77} INFO - Job 101: Subtask trs_sales_diesel_totals
[2022-01-14 22:40:46,020] {logging_mixin.py:109} INFO - Running <TaskInstance: my_dag_anp.trs_sales_diesel_totals manual__2022-01-14T22:36:58.222500+00:00 [running]> on host 6fc8082a54ee
[2022-01-14 22:40:46,133] {taskinstance.py:1426} INFO - Exporting the following env vars:
AIRFLOW_CTX_DAG_OWNER=***
AIRFLOW_CTX_DAG_ID=my_dag_anp
AIRFLOW_CTX_TASK_ID=trs_sales_diesel_totals
AIRFLOW_CTX_EXECUTION_DATE=2022-01-14T22:36:58.222500+00:00
AIRFLOW_CTX_DAG_RUN_ID=manual__2022-01-14T22:36:58.222500+00:00
[2022-01-14 22:40:46,177] {python.py:175} INFO - Done. Returned value was: True
[2022-01-14 22:40:46,222] {taskinstance.py:1277} INFO - Marking task as SUCCESS. dag_id=my_dag_anp, task_id=trs_sales_diesel_totals, execution_date=20220114T223658, start_date=20220114T224045, end_date=20220114T224046
[2022-01-14 22:40:46,270] {local_task_job.py:154} INFO - Task exited with return code 0
[2022-01-14 22:40:46,359] {local_task_job.py:264} INFO - 1 downstream tasks scheduled from follow-on schedule check
