[2022-01-12 22:59:04,807] {taskinstance.py:1032} INFO - Dependencies all met for <TaskInstance: my_dag.choose_best_model manual__2022-01-12T22:59:01.118387+00:00 [queued]>
[2022-01-12 22:59:04,822] {taskinstance.py:1032} INFO - Dependencies all met for <TaskInstance: my_dag.choose_best_model manual__2022-01-12T22:59:01.118387+00:00 [queued]>
[2022-01-12 22:59:04,822] {taskinstance.py:1238} INFO - 
--------------------------------------------------------------------------------
[2022-01-12 22:59:04,823] {taskinstance.py:1239} INFO - Starting attempt 1 of 1
[2022-01-12 22:59:04,823] {taskinstance.py:1240} INFO - 
--------------------------------------------------------------------------------
[2022-01-12 22:59:04,854] {taskinstance.py:1259} INFO - Executing <Task(BranchPythonOperator): choose_best_model> on 2022-01-12 22:59:01.118387+00:00
[2022-01-12 22:59:04,858] {standard_task_runner.py:52} INFO - Started process 2625 to run task
[2022-01-12 22:59:04,862] {standard_task_runner.py:76} INFO - Running: ['***', 'tasks', 'run', 'my_dag', 'choose_best_model', 'manual__2022-01-12T22:59:01.118387+00:00', '--job-id', '12', '--raw', '--subdir', 'DAGS_FOLDER/my_dag.py', '--cfg-path', '/tmp/tmpjmcaeypg', '--error-file', '/tmp/tmpz2sr_lz7']
[2022-01-12 22:59:04,862] {standard_task_runner.py:77} INFO - Job 12: Subtask choose_best_model
[2022-01-12 22:59:04,925] {logging_mixin.py:109} INFO - Running <TaskInstance: my_dag.choose_best_model manual__2022-01-12T22:59:01.118387+00:00 [running]> on host 5ffba7c75690
[2022-01-12 22:59:05,013] {taskinstance.py:1426} INFO - Exporting the following env vars:
AIRFLOW_CTX_DAG_OWNER=***
AIRFLOW_CTX_DAG_ID=my_dag
AIRFLOW_CTX_TASK_ID=choose_best_model
AIRFLOW_CTX_EXECUTION_DATE=2022-01-12T22:59:01.118387+00:00
AIRFLOW_CTX_DAG_RUN_ID=manual__2022-01-12T22:59:01.118387+00:00
[2022-01-12 22:59:05,025] {python.py:175} INFO - Done. Returned value was: inaccurate
[2022-01-12 22:59:05,026] {skipmixin.py:143} INFO - Following branch inaccurate
[2022-01-12 22:59:05,027] {skipmixin.py:174} INFO - Skipping tasks ['accurate']
[2022-01-12 22:59:05,094] {taskinstance.py:1277} INFO - Marking task as SUCCESS. dag_id=my_dag, task_id=choose_best_model, execution_date=20220112T225901, start_date=20220112T225904, end_date=20220112T225905
[2022-01-12 22:59:05,155] {local_task_job.py:154} INFO - Task exited with return code 0
[2022-01-12 22:59:05,228] {local_task_job.py:264} INFO - 1 downstream tasks scheduled from follow-on schedule check
