[2022-01-13 23:17:06,577] {processor.py:163} INFO - Started process (PID=333) to work on /opt/airflow/dags/utils.py
[2022-01-13 23:17:06,578] {processor.py:642} INFO - Processing file /opt/airflow/dags/utils.py for tasks to queue
[2022-01-13 23:17:06,579] {logging_mixin.py:109} INFO - [2022-01-13 23:17:06,579] {dagbag.py:500} INFO - Filling up the DagBag from /opt/airflow/dags/utils.py
[2022-01-13 23:17:07,456] {processor.py:656} WARNING - No viable dags retrieved from /opt/airflow/dags/utils.py
[2022-01-13 23:17:07,460] {processor.py:171} INFO - Processing /opt/airflow/dags/utils.py took 0.887 seconds
[2022-01-13 23:17:37,855] {processor.py:163} INFO - Started process (PID=366) to work on /opt/airflow/dags/utils.py
[2022-01-13 23:17:37,856] {processor.py:642} INFO - Processing file /opt/airflow/dags/utils.py for tasks to queue
[2022-01-13 23:17:37,857] {logging_mixin.py:109} INFO - [2022-01-13 23:17:37,857] {dagbag.py:500} INFO - Filling up the DagBag from /opt/airflow/dags/utils.py
[2022-01-13 23:17:38,947] {processor.py:656} WARNING - No viable dags retrieved from /opt/airflow/dags/utils.py
[2022-01-13 23:17:38,953] {processor.py:171} INFO - Processing /opt/airflow/dags/utils.py took 1.104 seconds
[2022-01-13 23:18:09,129] {processor.py:163} INFO - Started process (PID=406) to work on /opt/airflow/dags/utils.py
[2022-01-13 23:18:09,167] {processor.py:642} INFO - Processing file /opt/airflow/dags/utils.py for tasks to queue
[2022-01-13 23:18:09,167] {logging_mixin.py:109} INFO - [2022-01-13 23:18:09,167] {dagbag.py:500} INFO - Filling up the DagBag from /opt/airflow/dags/utils.py
[2022-01-13 23:18:10,123] {processor.py:656} WARNING - No viable dags retrieved from /opt/airflow/dags/utils.py
[2022-01-13 23:18:10,127] {processor.py:171} INFO - Processing /opt/airflow/dags/utils.py took 1.001 seconds
[2022-01-13 23:18:40,505] {processor.py:163} INFO - Started process (PID=454) to work on /opt/airflow/dags/utils.py
[2022-01-13 23:18:40,507] {processor.py:642} INFO - Processing file /opt/airflow/dags/utils.py for tasks to queue
[2022-01-13 23:18:40,508] {logging_mixin.py:109} INFO - [2022-01-13 23:18:40,508] {dagbag.py:500} INFO - Filling up the DagBag from /opt/airflow/dags/utils.py
[2022-01-13 23:18:41,425] {processor.py:656} WARNING - No viable dags retrieved from /opt/airflow/dags/utils.py
[2022-01-13 23:18:41,428] {processor.py:171} INFO - Processing /opt/airflow/dags/utils.py took 0.927 seconds
[2022-01-13 23:19:11,641] {processor.py:163} INFO - Started process (PID=484) to work on /opt/airflow/dags/utils.py
[2022-01-13 23:19:11,684] {processor.py:642} INFO - Processing file /opt/airflow/dags/utils.py for tasks to queue
[2022-01-13 23:19:11,686] {logging_mixin.py:109} INFO - [2022-01-13 23:19:11,686] {dagbag.py:500} INFO - Filling up the DagBag from /opt/airflow/dags/utils.py
[2022-01-13 23:19:12,556] {processor.py:656} WARNING - No viable dags retrieved from /opt/airflow/dags/utils.py
[2022-01-13 23:19:12,560] {processor.py:171} INFO - Processing /opt/airflow/dags/utils.py took 0.934 seconds
[2022-01-13 23:19:42,789] {processor.py:163} INFO - Started process (PID=518) to work on /opt/airflow/dags/utils.py
[2022-01-13 23:19:42,791] {processor.py:642} INFO - Processing file /opt/airflow/dags/utils.py for tasks to queue
[2022-01-13 23:19:42,793] {logging_mixin.py:109} INFO - [2022-01-13 23:19:42,792] {dagbag.py:500} INFO - Filling up the DagBag from /opt/airflow/dags/utils.py
[2022-01-13 23:19:43,601] {processor.py:656} WARNING - No viable dags retrieved from /opt/airflow/dags/utils.py
[2022-01-13 23:19:43,605] {processor.py:171} INFO - Processing /opt/airflow/dags/utils.py took 0.823 seconds
[2022-01-13 23:20:13,742] {processor.py:163} INFO - Started process (PID=552) to work on /opt/airflow/dags/utils.py
[2022-01-13 23:20:13,747] {processor.py:642} INFO - Processing file /opt/airflow/dags/utils.py for tasks to queue
[2022-01-13 23:20:13,748] {logging_mixin.py:109} INFO - [2022-01-13 23:20:13,747] {dagbag.py:500} INFO - Filling up the DagBag from /opt/airflow/dags/utils.py
[2022-01-13 23:20:14,681] {processor.py:656} WARNING - No viable dags retrieved from /opt/airflow/dags/utils.py
[2022-01-13 23:20:14,686] {processor.py:171} INFO - Processing /opt/airflow/dags/utils.py took 0.948 seconds
[2022-01-13 23:20:43,925] {processor.py:163} INFO - Started process (PID=584) to work on /opt/airflow/dags/utils.py
[2022-01-13 23:20:43,927] {processor.py:642} INFO - Processing file /opt/airflow/dags/utils.py for tasks to queue
[2022-01-13 23:20:43,927] {logging_mixin.py:109} INFO - [2022-01-13 23:20:43,927] {dagbag.py:500} INFO - Filling up the DagBag from /opt/airflow/dags/utils.py
[2022-01-13 23:20:44,967] {processor.py:656} WARNING - No viable dags retrieved from /opt/airflow/dags/utils.py
[2022-01-13 23:20:44,971] {processor.py:171} INFO - Processing /opt/airflow/dags/utils.py took 1.050 seconds
[2022-01-13 23:21:15,116] {processor.py:163} INFO - Started process (PID=630) to work on /opt/airflow/dags/utils.py
[2022-01-13 23:21:15,123] {processor.py:642} INFO - Processing file /opt/airflow/dags/utils.py for tasks to queue
[2022-01-13 23:21:15,124] {logging_mixin.py:109} INFO - [2022-01-13 23:21:15,124] {dagbag.py:500} INFO - Filling up the DagBag from /opt/airflow/dags/utils.py
[2022-01-13 23:21:16,291] {processor.py:656} WARNING - No viable dags retrieved from /opt/airflow/dags/utils.py
[2022-01-13 23:21:16,297] {processor.py:171} INFO - Processing /opt/airflow/dags/utils.py took 1.186 seconds
[2022-01-13 23:21:46,673] {processor.py:163} INFO - Started process (PID=662) to work on /opt/airflow/dags/utils.py
[2022-01-13 23:21:46,675] {processor.py:642} INFO - Processing file /opt/airflow/dags/utils.py for tasks to queue
[2022-01-13 23:21:46,676] {logging_mixin.py:109} INFO - [2022-01-13 23:21:46,676] {dagbag.py:500} INFO - Filling up the DagBag from /opt/airflow/dags/utils.py
[2022-01-13 23:21:47,472] {processor.py:656} WARNING - No viable dags retrieved from /opt/airflow/dags/utils.py
[2022-01-13 23:21:47,475] {processor.py:171} INFO - Processing /opt/airflow/dags/utils.py took 0.807 seconds
[2022-01-13 23:22:18,404] {processor.py:163} INFO - Started process (PID=699) to work on /opt/airflow/dags/utils.py
[2022-01-13 23:22:18,408] {processor.py:642} INFO - Processing file /opt/airflow/dags/utils.py for tasks to queue
[2022-01-13 23:22:18,408] {logging_mixin.py:109} INFO - [2022-01-13 23:22:18,408] {dagbag.py:500} INFO - Filling up the DagBag from /opt/airflow/dags/utils.py
[2022-01-13 23:22:19,795] {processor.py:656} WARNING - No viable dags retrieved from /opt/airflow/dags/utils.py
[2022-01-13 23:22:19,804] {processor.py:171} INFO - Processing /opt/airflow/dags/utils.py took 1.404 seconds
[2022-01-13 23:22:50,583] {processor.py:163} INFO - Started process (PID=734) to work on /opt/airflow/dags/utils.py
[2022-01-13 23:22:50,585] {processor.py:642} INFO - Processing file /opt/airflow/dags/utils.py for tasks to queue
[2022-01-13 23:22:50,586] {logging_mixin.py:109} INFO - [2022-01-13 23:22:50,585] {dagbag.py:500} INFO - Filling up the DagBag from /opt/airflow/dags/utils.py
[2022-01-13 23:22:51,716] {processor.py:656} WARNING - No viable dags retrieved from /opt/airflow/dags/utils.py
[2022-01-13 23:22:51,721] {processor.py:171} INFO - Processing /opt/airflow/dags/utils.py took 1.142 seconds
[2022-01-13 23:23:21,912] {processor.py:163} INFO - Started process (PID=784) to work on /opt/airflow/dags/utils.py
[2022-01-13 23:23:21,915] {processor.py:642} INFO - Processing file /opt/airflow/dags/utils.py for tasks to queue
[2022-01-13 23:23:21,918] {logging_mixin.py:109} INFO - [2022-01-13 23:23:21,918] {dagbag.py:500} INFO - Filling up the DagBag from /opt/airflow/dags/utils.py
[2022-01-13 23:23:23,369] {processor.py:656} WARNING - No viable dags retrieved from /opt/airflow/dags/utils.py
[2022-01-13 23:23:23,391] {processor.py:171} INFO - Processing /opt/airflow/dags/utils.py took 1.483 seconds
[2022-01-13 23:23:36,541] {processor.py:163} INFO - Started process (PID=798) to work on /opt/airflow/dags/utils.py
[2022-01-13 23:23:36,559] {processor.py:642} INFO - Processing file /opt/airflow/dags/utils.py for tasks to queue
[2022-01-13 23:23:36,574] {logging_mixin.py:109} INFO - [2022-01-13 23:23:36,574] {dagbag.py:500} INFO - Filling up the DagBag from /opt/airflow/dags/utils.py
[2022-01-13 23:23:36,575] {logging_mixin.py:109} INFO - [2022-01-13 23:23:36,574] {dagbag.py:308} INFO - File /opt/airflow/dags/utils.py assumed to contain no DAGs. Skipping.
[2022-01-13 23:23:36,631] {processor.py:656} WARNING - No viable dags retrieved from /opt/airflow/dags/utils.py
[2022-01-13 23:23:36,636] {processor.py:171} INFO - Processing /opt/airflow/dags/utils.py took 0.099 seconds
[2022-01-13 23:24:06,817] {processor.py:163} INFO - Started process (PID=826) to work on /opt/airflow/dags/utils.py
[2022-01-13 23:24:06,818] {processor.py:642} INFO - Processing file /opt/airflow/dags/utils.py for tasks to queue
[2022-01-13 23:24:06,819] {logging_mixin.py:109} INFO - [2022-01-13 23:24:06,819] {dagbag.py:500} INFO - Filling up the DagBag from /opt/airflow/dags/utils.py
[2022-01-13 23:24:06,820] {logging_mixin.py:109} INFO - [2022-01-13 23:24:06,819] {dagbag.py:308} INFO - File /opt/airflow/dags/utils.py assumed to contain no DAGs. Skipping.
[2022-01-13 23:24:06,836] {processor.py:656} WARNING - No viable dags retrieved from /opt/airflow/dags/utils.py
[2022-01-13 23:24:06,840] {processor.py:171} INFO - Processing /opt/airflow/dags/utils.py took 0.026 seconds
[2022-01-13 23:24:36,885] {processor.py:163} INFO - Started process (PID=863) to work on /opt/airflow/dags/utils.py
[2022-01-13 23:24:36,891] {processor.py:642} INFO - Processing file /opt/airflow/dags/utils.py for tasks to queue
[2022-01-13 23:24:36,893] {logging_mixin.py:109} INFO - [2022-01-13 23:24:36,893] {dagbag.py:500} INFO - Filling up the DagBag from /opt/airflow/dags/utils.py
[2022-01-13 23:24:36,894] {logging_mixin.py:109} INFO - [2022-01-13 23:24:36,894] {dagbag.py:308} INFO - File /opt/airflow/dags/utils.py assumed to contain no DAGs. Skipping.
[2022-01-13 23:24:36,934] {processor.py:656} WARNING - No viable dags retrieved from /opt/airflow/dags/utils.py
[2022-01-13 23:24:36,939] {processor.py:171} INFO - Processing /opt/airflow/dags/utils.py took 0.058 seconds
[2022-01-13 23:25:00,231] {processor.py:163} INFO - Started process (PID=887) to work on /opt/airflow/dags/utils.py
[2022-01-13 23:25:00,233] {processor.py:642} INFO - Processing file /opt/airflow/dags/utils.py for tasks to queue
[2022-01-13 23:25:00,234] {logging_mixin.py:109} INFO - [2022-01-13 23:25:00,234] {dagbag.py:500} INFO - Filling up the DagBag from /opt/airflow/dags/utils.py
[2022-01-13 23:25:01,443] {processor.py:656} WARNING - No viable dags retrieved from /opt/airflow/dags/utils.py
[2022-01-13 23:25:01,450] {processor.py:171} INFO - Processing /opt/airflow/dags/utils.py took 1.223 seconds
[2022-01-13 23:25:31,787] {processor.py:163} INFO - Started process (PID=921) to work on /opt/airflow/dags/utils.py
[2022-01-13 23:25:31,792] {processor.py:642} INFO - Processing file /opt/airflow/dags/utils.py for tasks to queue
[2022-01-13 23:25:31,793] {logging_mixin.py:109} INFO - [2022-01-13 23:25:31,792] {dagbag.py:500} INFO - Filling up the DagBag from /opt/airflow/dags/utils.py
[2022-01-13 23:25:32,651] {processor.py:656} WARNING - No viable dags retrieved from /opt/airflow/dags/utils.py
[2022-01-13 23:25:32,654] {processor.py:171} INFO - Processing /opt/airflow/dags/utils.py took 0.871 seconds
[2022-01-13 23:26:03,088] {processor.py:163} INFO - Started process (PID=952) to work on /opt/airflow/dags/utils.py
[2022-01-13 23:26:03,089] {processor.py:642} INFO - Processing file /opt/airflow/dags/utils.py for tasks to queue
[2022-01-13 23:26:03,090] {logging_mixin.py:109} INFO - [2022-01-13 23:26:03,090] {dagbag.py:500} INFO - Filling up the DagBag from /opt/airflow/dags/utils.py
[2022-01-13 23:26:03,970] {processor.py:656} WARNING - No viable dags retrieved from /opt/airflow/dags/utils.py
[2022-01-13 23:26:03,974] {processor.py:171} INFO - Processing /opt/airflow/dags/utils.py took 0.889 seconds
[2022-01-13 23:26:31,487] {processor.py:163} INFO - Started process (PID=989) to work on /opt/airflow/dags/utils.py
[2022-01-13 23:26:31,488] {processor.py:642} INFO - Processing file /opt/airflow/dags/utils.py for tasks to queue
[2022-01-13 23:26:31,489] {logging_mixin.py:109} INFO - [2022-01-13 23:26:31,489] {dagbag.py:500} INFO - Filling up the DagBag from /opt/airflow/dags/utils.py
[2022-01-13 23:26:32,346] {processor.py:656} WARNING - No viable dags retrieved from /opt/airflow/dags/utils.py
[2022-01-13 23:26:32,350] {processor.py:171} INFO - Processing /opt/airflow/dags/utils.py took 0.867 seconds
[2022-01-13 23:26:45,564] {processor.py:163} INFO - Started process (PID=1006) to work on /opt/airflow/dags/utils.py
[2022-01-13 23:26:45,566] {processor.py:642} INFO - Processing file /opt/airflow/dags/utils.py for tasks to queue
[2022-01-13 23:26:45,567] {logging_mixin.py:109} INFO - [2022-01-13 23:26:45,566] {dagbag.py:500} INFO - Filling up the DagBag from /opt/airflow/dags/utils.py
[2022-01-13 23:26:46,439] {processor.py:656} WARNING - No viable dags retrieved from /opt/airflow/dags/utils.py
[2022-01-13 23:26:46,443] {processor.py:171} INFO - Processing /opt/airflow/dags/utils.py took 0.882 seconds
[2022-01-13 23:27:17,374] {processor.py:163} INFO - Started process (PID=1047) to work on /opt/airflow/dags/utils.py
[2022-01-13 23:27:17,380] {processor.py:642} INFO - Processing file /opt/airflow/dags/utils.py for tasks to queue
[2022-01-13 23:27:17,382] {logging_mixin.py:109} INFO - [2022-01-13 23:27:17,381] {dagbag.py:500} INFO - Filling up the DagBag from /opt/airflow/dags/utils.py
[2022-01-13 23:27:18,884] {processor.py:656} WARNING - No viable dags retrieved from /opt/airflow/dags/utils.py
[2022-01-13 23:27:18,889] {processor.py:171} INFO - Processing /opt/airflow/dags/utils.py took 1.519 seconds
[2022-01-13 23:27:49,508] {processor.py:163} INFO - Started process (PID=1080) to work on /opt/airflow/dags/utils.py
[2022-01-13 23:27:49,512] {processor.py:642} INFO - Processing file /opt/airflow/dags/utils.py for tasks to queue
[2022-01-13 23:27:49,514] {logging_mixin.py:109} INFO - [2022-01-13 23:27:49,514] {dagbag.py:500} INFO - Filling up the DagBag from /opt/airflow/dags/utils.py
[2022-01-13 23:27:50,360] {processor.py:656} WARNING - No viable dags retrieved from /opt/airflow/dags/utils.py
[2022-01-13 23:27:50,364] {processor.py:171} INFO - Processing /opt/airflow/dags/utils.py took 0.866 seconds
[2022-01-13 23:28:20,826] {processor.py:163} INFO - Started process (PID=1127) to work on /opt/airflow/dags/utils.py
[2022-01-13 23:28:20,835] {processor.py:642} INFO - Processing file /opt/airflow/dags/utils.py for tasks to queue
[2022-01-13 23:28:20,835] {logging_mixin.py:109} INFO - [2022-01-13 23:28:20,835] {dagbag.py:500} INFO - Filling up the DagBag from /opt/airflow/dags/utils.py
[2022-01-13 23:28:22,216] {processor.py:656} WARNING - No viable dags retrieved from /opt/airflow/dags/utils.py
[2022-01-13 23:28:22,220] {processor.py:171} INFO - Processing /opt/airflow/dags/utils.py took 1.414 seconds
[2022-01-13 23:28:52,615] {processor.py:163} INFO - Started process (PID=1160) to work on /opt/airflow/dags/utils.py
[2022-01-13 23:28:52,617] {processor.py:642} INFO - Processing file /opt/airflow/dags/utils.py for tasks to queue
[2022-01-13 23:28:52,622] {logging_mixin.py:109} INFO - [2022-01-13 23:28:52,622] {dagbag.py:500} INFO - Filling up the DagBag from /opt/airflow/dags/utils.py
[2022-01-13 23:28:53,759] {processor.py:656} WARNING - No viable dags retrieved from /opt/airflow/dags/utils.py
[2022-01-13 23:28:53,764] {processor.py:171} INFO - Processing /opt/airflow/dags/utils.py took 1.153 seconds
[2022-01-13 23:29:24,137] {processor.py:163} INFO - Started process (PID=1194) to work on /opt/airflow/dags/utils.py
[2022-01-13 23:29:24,138] {processor.py:642} INFO - Processing file /opt/airflow/dags/utils.py for tasks to queue
[2022-01-13 23:29:24,139] {logging_mixin.py:109} INFO - [2022-01-13 23:29:24,139] {dagbag.py:500} INFO - Filling up the DagBag from /opt/airflow/dags/utils.py
[2022-01-13 23:29:25,032] {processor.py:656} WARNING - No viable dags retrieved from /opt/airflow/dags/utils.py
[2022-01-13 23:29:25,036] {processor.py:171} INFO - Processing /opt/airflow/dags/utils.py took 0.902 seconds
[2022-01-13 23:29:37,177] {processor.py:163} INFO - Started process (PID=1216) to work on /opt/airflow/dags/utils.py
[2022-01-13 23:29:37,181] {processor.py:642} INFO - Processing file /opt/airflow/dags/utils.py for tasks to queue
[2022-01-13 23:29:37,183] {logging_mixin.py:109} INFO - [2022-01-13 23:29:37,183] {dagbag.py:500} INFO - Filling up the DagBag from /opt/airflow/dags/utils.py
[2022-01-13 23:29:38,269] {processor.py:656} WARNING - No viable dags retrieved from /opt/airflow/dags/utils.py
[2022-01-13 23:29:38,274] {processor.py:171} INFO - Processing /opt/airflow/dags/utils.py took 1.101 seconds
[2022-01-13 23:30:08,555] {processor.py:163} INFO - Started process (PID=1253) to work on /opt/airflow/dags/utils.py
[2022-01-13 23:30:08,557] {processor.py:642} INFO - Processing file /opt/airflow/dags/utils.py for tasks to queue
[2022-01-13 23:30:08,558] {logging_mixin.py:109} INFO - [2022-01-13 23:30:08,558] {dagbag.py:500} INFO - Filling up the DagBag from /opt/airflow/dags/utils.py
[2022-01-13 23:30:09,657] {processor.py:656} WARNING - No viable dags retrieved from /opt/airflow/dags/utils.py
[2022-01-13 23:30:09,662] {processor.py:171} INFO - Processing /opt/airflow/dags/utils.py took 1.125 seconds
[2022-01-13 23:30:40,069] {processor.py:163} INFO - Started process (PID=1285) to work on /opt/airflow/dags/utils.py
[2022-01-13 23:30:40,074] {processor.py:642} INFO - Processing file /opt/airflow/dags/utils.py for tasks to queue
[2022-01-13 23:30:40,076] {logging_mixin.py:109} INFO - [2022-01-13 23:30:40,075] {dagbag.py:500} INFO - Filling up the DagBag from /opt/airflow/dags/utils.py
[2022-01-13 23:30:40,994] {processor.py:656} WARNING - No viable dags retrieved from /opt/airflow/dags/utils.py
[2022-01-13 23:30:40,998] {processor.py:171} INFO - Processing /opt/airflow/dags/utils.py took 0.939 seconds
[2022-01-13 23:31:04,217] {processor.py:163} INFO - Started process (PID=1316) to work on /opt/airflow/dags/utils.py
[2022-01-13 23:31:04,219] {processor.py:642} INFO - Processing file /opt/airflow/dags/utils.py for tasks to queue
[2022-01-13 23:31:04,220] {logging_mixin.py:109} INFO - [2022-01-13 23:31:04,220] {dagbag.py:500} INFO - Filling up the DagBag from /opt/airflow/dags/utils.py
[2022-01-13 23:31:05,544] {processor.py:656} WARNING - No viable dags retrieved from /opt/airflow/dags/utils.py
[2022-01-13 23:31:05,548] {processor.py:171} INFO - Processing /opt/airflow/dags/utils.py took 1.335 seconds
[2022-01-13 23:31:35,655] {processor.py:163} INFO - Started process (PID=1350) to work on /opt/airflow/dags/utils.py
[2022-01-13 23:31:35,660] {processor.py:642} INFO - Processing file /opt/airflow/dags/utils.py for tasks to queue
[2022-01-13 23:31:35,661] {logging_mixin.py:109} INFO - [2022-01-13 23:31:35,661] {dagbag.py:500} INFO - Filling up the DagBag from /opt/airflow/dags/utils.py
[2022-01-13 23:31:36,580] {processor.py:656} WARNING - No viable dags retrieved from /opt/airflow/dags/utils.py
[2022-01-13 23:31:36,584] {processor.py:171} INFO - Processing /opt/airflow/dags/utils.py took 0.931 seconds
[2022-01-13 23:31:37,517] {processor.py:163} INFO - Started process (PID=1355) to work on /opt/airflow/dags/utils.py
[2022-01-13 23:31:37,518] {processor.py:642} INFO - Processing file /opt/airflow/dags/utils.py for tasks to queue
[2022-01-13 23:31:37,519] {logging_mixin.py:109} INFO - [2022-01-13 23:31:37,519] {dagbag.py:500} INFO - Filling up the DagBag from /opt/airflow/dags/utils.py
[2022-01-13 23:31:37,522] {logging_mixin.py:109} INFO - [2022-01-13 23:31:37,521] {dagbag.py:334} ERROR - Failed to import: /opt/airflow/dags/utils.py
Traceback (most recent call last):
  File "/home/airflow/.local/lib/python3.7/site-packages/airflow/models/dagbag.py", line 331, in _load_modules_from_file
    loader.exec_module(new_module)
  File "<frozen importlib._bootstrap_external>", line 724, in exec_module
  File "<frozen importlib._bootstrap_external>", line 860, in get_code
  File "<frozen importlib._bootstrap_external>", line 791, in source_to_code
  File "<frozen importlib._bootstrap>", line 219, in _call_with_frames_removed
  File "/opt/airflow/dags/utils.py", line 113
    def run_sales_oil_derivative():
                                  ^
SyntaxError: unexpected EOF while parsing
[2022-01-13 23:31:37,538] {processor.py:656} WARNING - No viable dags retrieved from /opt/airflow/dags/utils.py
[2022-01-13 23:31:37,567] {processor.py:171} INFO - Processing /opt/airflow/dags/utils.py took 0.053 seconds
[2022-01-13 23:32:07,931] {processor.py:163} INFO - Started process (PID=1384) to work on /opt/airflow/dags/utils.py
[2022-01-13 23:32:07,935] {processor.py:642} INFO - Processing file /opt/airflow/dags/utils.py for tasks to queue
[2022-01-13 23:32:07,936] {logging_mixin.py:109} INFO - [2022-01-13 23:32:07,936] {dagbag.py:500} INFO - Filling up the DagBag from /opt/airflow/dags/utils.py
[2022-01-13 23:32:07,940] {logging_mixin.py:109} INFO - [2022-01-13 23:32:07,938] {dagbag.py:334} ERROR - Failed to import: /opt/airflow/dags/utils.py
Traceback (most recent call last):
  File "/home/airflow/.local/lib/python3.7/site-packages/airflow/models/dagbag.py", line 331, in _load_modules_from_file
    loader.exec_module(new_module)
  File "<frozen importlib._bootstrap_external>", line 724, in exec_module
  File "<frozen importlib._bootstrap_external>", line 860, in get_code
  File "<frozen importlib._bootstrap_external>", line 791, in source_to_code
  File "<frozen importlib._bootstrap>", line 219, in _call_with_frames_removed
  File "/opt/airflow/dags/utils.py", line 113
    def run_sales_oil_derivative():
                                  ^
SyntaxError: unexpected EOF while parsing
[2022-01-13 23:32:07,974] {processor.py:656} WARNING - No viable dags retrieved from /opt/airflow/dags/utils.py
[2022-01-13 23:32:07,988] {processor.py:171} INFO - Processing /opt/airflow/dags/utils.py took 0.060 seconds
[2022-01-13 23:32:38,169] {processor.py:163} INFO - Started process (PID=1415) to work on /opt/airflow/dags/utils.py
[2022-01-13 23:32:38,170] {processor.py:642} INFO - Processing file /opt/airflow/dags/utils.py for tasks to queue
[2022-01-13 23:32:38,171] {logging_mixin.py:109} INFO - [2022-01-13 23:32:38,171] {dagbag.py:500} INFO - Filling up the DagBag from /opt/airflow/dags/utils.py
[2022-01-13 23:32:38,174] {logging_mixin.py:109} INFO - [2022-01-13 23:32:38,173] {dagbag.py:334} ERROR - Failed to import: /opt/airflow/dags/utils.py
Traceback (most recent call last):
  File "/home/airflow/.local/lib/python3.7/site-packages/airflow/models/dagbag.py", line 331, in _load_modules_from_file
    loader.exec_module(new_module)
  File "<frozen importlib._bootstrap_external>", line 724, in exec_module
  File "<frozen importlib._bootstrap_external>", line 860, in get_code
  File "<frozen importlib._bootstrap_external>", line 791, in source_to_code
  File "<frozen importlib._bootstrap>", line 219, in _call_with_frames_removed
  File "/opt/airflow/dags/utils.py", line 113
    def run_sales_oil_derivative():
                                  ^
SyntaxError: unexpected EOF while parsing
[2022-01-13 23:32:38,193] {processor.py:656} WARNING - No viable dags retrieved from /opt/airflow/dags/utils.py
[2022-01-13 23:32:38,203] {processor.py:171} INFO - Processing /opt/airflow/dags/utils.py took 0.038 seconds
[2022-01-13 23:33:08,547] {processor.py:163} INFO - Started process (PID=1437) to work on /opt/airflow/dags/utils.py
[2022-01-13 23:33:08,548] {processor.py:642} INFO - Processing file /opt/airflow/dags/utils.py for tasks to queue
[2022-01-13 23:33:08,549] {logging_mixin.py:109} INFO - [2022-01-13 23:33:08,549] {dagbag.py:500} INFO - Filling up the DagBag from /opt/airflow/dags/utils.py
[2022-01-13 23:33:08,551] {logging_mixin.py:109} INFO - [2022-01-13 23:33:08,551] {dagbag.py:334} ERROR - Failed to import: /opt/airflow/dags/utils.py
Traceback (most recent call last):
  File "/home/airflow/.local/lib/python3.7/site-packages/airflow/models/dagbag.py", line 331, in _load_modules_from_file
    loader.exec_module(new_module)
  File "<frozen importlib._bootstrap_external>", line 724, in exec_module
  File "<frozen importlib._bootstrap_external>", line 860, in get_code
  File "<frozen importlib._bootstrap_external>", line 791, in source_to_code
  File "<frozen importlib._bootstrap>", line 219, in _call_with_frames_removed
  File "/opt/airflow/dags/utils.py", line 113
    def run_sales_oil_derivative():
                                  ^
SyntaxError: unexpected EOF while parsing
[2022-01-13 23:33:08,567] {processor.py:656} WARNING - No viable dags retrieved from /opt/airflow/dags/utils.py
[2022-01-13 23:33:08,575] {processor.py:171} INFO - Processing /opt/airflow/dags/utils.py took 0.031 seconds
[2022-01-13 23:33:14,592] {processor.py:163} INFO - Started process (PID=1438) to work on /opt/airflow/dags/utils.py
[2022-01-13 23:33:14,593] {processor.py:642} INFO - Processing file /opt/airflow/dags/utils.py for tasks to queue
[2022-01-13 23:33:14,594] {logging_mixin.py:109} INFO - [2022-01-13 23:33:14,594] {dagbag.py:500} INFO - Filling up the DagBag from /opt/airflow/dags/utils.py
[2022-01-13 23:33:15,839] {processor.py:656} WARNING - No viable dags retrieved from /opt/airflow/dags/utils.py
[2022-01-13 23:33:15,854] {processor.py:171} INFO - Processing /opt/airflow/dags/utils.py took 1.273 seconds
[2022-01-13 23:33:46,249] {processor.py:163} INFO - Started process (PID=1486) to work on /opt/airflow/dags/utils.py
[2022-01-13 23:33:46,256] {processor.py:642} INFO - Processing file /opt/airflow/dags/utils.py for tasks to queue
[2022-01-13 23:33:46,257] {logging_mixin.py:109} INFO - [2022-01-13 23:33:46,256] {dagbag.py:500} INFO - Filling up the DagBag from /opt/airflow/dags/utils.py
[2022-01-13 23:33:47,438] {processor.py:656} WARNING - No viable dags retrieved from /opt/airflow/dags/utils.py
[2022-01-13 23:33:47,443] {processor.py:171} INFO - Processing /opt/airflow/dags/utils.py took 1.199 seconds
[2022-01-13 23:34:17,727] {processor.py:163} INFO - Started process (PID=1517) to work on /opt/airflow/dags/utils.py
[2022-01-13 23:34:17,730] {processor.py:642} INFO - Processing file /opt/airflow/dags/utils.py for tasks to queue
[2022-01-13 23:34:17,731] {logging_mixin.py:109} INFO - [2022-01-13 23:34:17,731] {dagbag.py:500} INFO - Filling up the DagBag from /opt/airflow/dags/utils.py
[2022-01-13 23:34:18,625] {processor.py:656} WARNING - No viable dags retrieved from /opt/airflow/dags/utils.py
[2022-01-13 23:34:18,629] {processor.py:171} INFO - Processing /opt/airflow/dags/utils.py took 0.910 seconds
[2022-01-13 23:34:49,025] {processor.py:163} INFO - Started process (PID=1548) to work on /opt/airflow/dags/utils.py
[2022-01-13 23:34:49,029] {processor.py:642} INFO - Processing file /opt/airflow/dags/utils.py for tasks to queue
[2022-01-13 23:34:49,030] {logging_mixin.py:109} INFO - [2022-01-13 23:34:49,029] {dagbag.py:500} INFO - Filling up the DagBag from /opt/airflow/dags/utils.py
[2022-01-13 23:34:50,117] {processor.py:656} WARNING - No viable dags retrieved from /opt/airflow/dags/utils.py
[2022-01-13 23:34:50,121] {processor.py:171} INFO - Processing /opt/airflow/dags/utils.py took 1.099 seconds
[2022-01-13 23:35:20,290] {processor.py:163} INFO - Started process (PID=1580) to work on /opt/airflow/dags/utils.py
[2022-01-13 23:35:20,294] {processor.py:642} INFO - Processing file /opt/airflow/dags/utils.py for tasks to queue
[2022-01-13 23:35:20,296] {logging_mixin.py:109} INFO - [2022-01-13 23:35:20,296] {dagbag.py:500} INFO - Filling up the DagBag from /opt/airflow/dags/utils.py
[2022-01-13 23:35:21,292] {processor.py:656} WARNING - No viable dags retrieved from /opt/airflow/dags/utils.py
[2022-01-13 23:35:21,297] {processor.py:171} INFO - Processing /opt/airflow/dags/utils.py took 1.016 seconds
[2022-01-13 23:35:51,633] {processor.py:163} INFO - Started process (PID=1621) to work on /opt/airflow/dags/utils.py
[2022-01-13 23:35:51,638] {processor.py:642} INFO - Processing file /opt/airflow/dags/utils.py for tasks to queue
[2022-01-13 23:35:51,639] {logging_mixin.py:109} INFO - [2022-01-13 23:35:51,639] {dagbag.py:500} INFO - Filling up the DagBag from /opt/airflow/dags/utils.py
[2022-01-13 23:35:52,540] {processor.py:656} WARNING - No viable dags retrieved from /opt/airflow/dags/utils.py
[2022-01-13 23:35:52,544] {processor.py:171} INFO - Processing /opt/airflow/dags/utils.py took 0.919 seconds
[2022-01-13 23:36:23,457] {processor.py:163} INFO - Started process (PID=1652) to work on /opt/airflow/dags/utils.py
[2022-01-13 23:36:23,458] {processor.py:642} INFO - Processing file /opt/airflow/dags/utils.py for tasks to queue
[2022-01-13 23:36:23,459] {logging_mixin.py:109} INFO - [2022-01-13 23:36:23,459] {dagbag.py:500} INFO - Filling up the DagBag from /opt/airflow/dags/utils.py
[2022-01-13 23:36:24,605] {processor.py:656} WARNING - No viable dags retrieved from /opt/airflow/dags/utils.py
[2022-01-13 23:36:24,626] {processor.py:171} INFO - Processing /opt/airflow/dags/utils.py took 1.173 seconds
[2022-01-13 23:36:54,869] {processor.py:163} INFO - Started process (PID=1684) to work on /opt/airflow/dags/utils.py
[2022-01-13 23:36:54,870] {processor.py:642} INFO - Processing file /opt/airflow/dags/utils.py for tasks to queue
[2022-01-13 23:36:54,871] {logging_mixin.py:109} INFO - [2022-01-13 23:36:54,871] {dagbag.py:500} INFO - Filling up the DagBag from /opt/airflow/dags/utils.py
[2022-01-13 23:36:55,974] {processor.py:656} WARNING - No viable dags retrieved from /opt/airflow/dags/utils.py
[2022-01-13 23:36:55,978] {processor.py:171} INFO - Processing /opt/airflow/dags/utils.py took 1.114 seconds
[2022-01-13 23:37:21,391] {processor.py:163} INFO - Started process (PID=1714) to work on /opt/airflow/dags/utils.py
[2022-01-13 23:37:21,397] {processor.py:642} INFO - Processing file /opt/airflow/dags/utils.py for tasks to queue
[2022-01-13 23:37:21,400] {logging_mixin.py:109} INFO - [2022-01-13 23:37:21,399] {dagbag.py:500} INFO - Filling up the DagBag from /opt/airflow/dags/utils.py
[2022-01-13 23:37:22,382] {processor.py:656} WARNING - No viable dags retrieved from /opt/airflow/dags/utils.py
[2022-01-13 23:37:22,386] {processor.py:171} INFO - Processing /opt/airflow/dags/utils.py took 1.007 seconds
[2022-01-13 23:37:52,884] {processor.py:163} INFO - Started process (PID=1744) to work on /opt/airflow/dags/utils.py
[2022-01-13 23:37:52,889] {processor.py:642} INFO - Processing file /opt/airflow/dags/utils.py for tasks to queue
[2022-01-13 23:37:52,892] {logging_mixin.py:109} INFO - [2022-01-13 23:37:52,892] {dagbag.py:500} INFO - Filling up the DagBag from /opt/airflow/dags/utils.py
[2022-01-13 23:37:53,905] {processor.py:656} WARNING - No viable dags retrieved from /opt/airflow/dags/utils.py
[2022-01-13 23:37:53,911] {processor.py:171} INFO - Processing /opt/airflow/dags/utils.py took 1.039 seconds
[2022-01-13 23:38:24,661] {processor.py:163} INFO - Started process (PID=1785) to work on /opt/airflow/dags/utils.py
[2022-01-13 23:38:24,667] {processor.py:642} INFO - Processing file /opt/airflow/dags/utils.py for tasks to queue
[2022-01-13 23:38:24,668] {logging_mixin.py:109} INFO - [2022-01-13 23:38:24,668] {dagbag.py:500} INFO - Filling up the DagBag from /opt/airflow/dags/utils.py
[2022-01-13 23:38:25,533] {processor.py:656} WARNING - No viable dags retrieved from /opt/airflow/dags/utils.py
[2022-01-13 23:38:25,540] {processor.py:171} INFO - Processing /opt/airflow/dags/utils.py took 0.884 seconds
[2022-01-13 23:38:54,898] {processor.py:163} INFO - Started process (PID=1820) to work on /opt/airflow/dags/utils.py
[2022-01-13 23:38:54,900] {processor.py:642} INFO - Processing file /opt/airflow/dags/utils.py for tasks to queue
[2022-01-13 23:38:54,902] {logging_mixin.py:109} INFO - [2022-01-13 23:38:54,902] {dagbag.py:500} INFO - Filling up the DagBag from /opt/airflow/dags/utils.py
[2022-01-13 23:38:55,806] {processor.py:656} WARNING - No viable dags retrieved from /opt/airflow/dags/utils.py
[2022-01-13 23:38:55,810] {processor.py:171} INFO - Processing /opt/airflow/dags/utils.py took 0.917 seconds
[2022-01-13 23:39:26,065] {processor.py:163} INFO - Started process (PID=1851) to work on /opt/airflow/dags/utils.py
[2022-01-13 23:39:26,069] {processor.py:642} INFO - Processing file /opt/airflow/dags/utils.py for tasks to queue
[2022-01-13 23:39:26,070] {logging_mixin.py:109} INFO - [2022-01-13 23:39:26,069] {dagbag.py:500} INFO - Filling up the DagBag from /opt/airflow/dags/utils.py
[2022-01-13 23:39:27,431] {processor.py:656} WARNING - No viable dags retrieved from /opt/airflow/dags/utils.py
[2022-01-13 23:39:27,436] {processor.py:171} INFO - Processing /opt/airflow/dags/utils.py took 1.376 seconds
[2022-01-13 23:39:58,408] {processor.py:163} INFO - Started process (PID=1895) to work on /opt/airflow/dags/utils.py
[2022-01-13 23:39:58,414] {processor.py:642} INFO - Processing file /opt/airflow/dags/utils.py for tasks to queue
[2022-01-13 23:39:58,415] {logging_mixin.py:109} INFO - [2022-01-13 23:39:58,415] {dagbag.py:500} INFO - Filling up the DagBag from /opt/airflow/dags/utils.py
[2022-01-13 23:40:00,048] {processor.py:656} WARNING - No viable dags retrieved from /opt/airflow/dags/utils.py
[2022-01-13 23:40:00,058] {processor.py:171} INFO - Processing /opt/airflow/dags/utils.py took 1.658 seconds
[2022-01-13 23:40:30,287] {processor.py:163} INFO - Started process (PID=1926) to work on /opt/airflow/dags/utils.py
[2022-01-13 23:40:30,289] {processor.py:642} INFO - Processing file /opt/airflow/dags/utils.py for tasks to queue
[2022-01-13 23:40:30,290] {logging_mixin.py:109} INFO - [2022-01-13 23:40:30,290] {dagbag.py:500} INFO - Filling up the DagBag from /opt/airflow/dags/utils.py
[2022-01-13 23:40:31,158] {processor.py:656} WARNING - No viable dags retrieved from /opt/airflow/dags/utils.py
[2022-01-13 23:40:31,162] {processor.py:171} INFO - Processing /opt/airflow/dags/utils.py took 0.877 seconds
[2022-01-13 23:41:01,446] {processor.py:163} INFO - Started process (PID=1957) to work on /opt/airflow/dags/utils.py
[2022-01-13 23:41:01,453] {processor.py:642} INFO - Processing file /opt/airflow/dags/utils.py for tasks to queue
[2022-01-13 23:41:01,455] {logging_mixin.py:109} INFO - [2022-01-13 23:41:01,455] {dagbag.py:500} INFO - Filling up the DagBag from /opt/airflow/dags/utils.py
[2022-01-13 23:41:02,808] {processor.py:656} WARNING - No viable dags retrieved from /opt/airflow/dags/utils.py
[2022-01-13 23:41:02,813] {processor.py:171} INFO - Processing /opt/airflow/dags/utils.py took 1.371 seconds
[2022-01-13 23:41:15,869] {processor.py:163} INFO - Started process (PID=1979) to work on /opt/airflow/dags/utils.py
[2022-01-13 23:41:15,870] {processor.py:642} INFO - Processing file /opt/airflow/dags/utils.py for tasks to queue
[2022-01-13 23:41:15,871] {logging_mixin.py:109} INFO - [2022-01-13 23:41:15,871] {dagbag.py:500} INFO - Filling up the DagBag from /opt/airflow/dags/utils.py
[2022-01-13 23:41:16,931] {processor.py:656} WARNING - No viable dags retrieved from /opt/airflow/dags/utils.py
[2022-01-13 23:41:16,935] {processor.py:171} INFO - Processing /opt/airflow/dags/utils.py took 1.071 seconds
[2022-01-13 23:41:47,155] {processor.py:163} INFO - Started process (PID=2019) to work on /opt/airflow/dags/utils.py
[2022-01-13 23:41:47,159] {processor.py:642} INFO - Processing file /opt/airflow/dags/utils.py for tasks to queue
[2022-01-13 23:41:47,160] {logging_mixin.py:109} INFO - [2022-01-13 23:41:47,159] {dagbag.py:500} INFO - Filling up the DagBag from /opt/airflow/dags/utils.py
[2022-01-13 23:41:49,152] {processor.py:656} WARNING - No viable dags retrieved from /opt/airflow/dags/utils.py
[2022-01-13 23:41:49,158] {processor.py:171} INFO - Processing /opt/airflow/dags/utils.py took 2.008 seconds
[2022-01-13 23:42:19,585] {processor.py:163} INFO - Started process (PID=2046) to work on /opt/airflow/dags/utils.py
[2022-01-13 23:42:19,586] {processor.py:642} INFO - Processing file /opt/airflow/dags/utils.py for tasks to queue
[2022-01-13 23:42:19,587] {logging_mixin.py:109} INFO - [2022-01-13 23:42:19,587] {dagbag.py:500} INFO - Filling up the DagBag from /opt/airflow/dags/utils.py
[2022-01-13 23:42:20,772] {processor.py:656} WARNING - No viable dags retrieved from /opt/airflow/dags/utils.py
[2022-01-13 23:42:20,778] {processor.py:171} INFO - Processing /opt/airflow/dags/utils.py took 1.197 seconds
[2022-01-13 23:42:51,103] {processor.py:163} INFO - Started process (PID=2077) to work on /opt/airflow/dags/utils.py
[2022-01-13 23:42:51,109] {processor.py:642} INFO - Processing file /opt/airflow/dags/utils.py for tasks to queue
[2022-01-13 23:42:51,110] {logging_mixin.py:109} INFO - [2022-01-13 23:42:51,110] {dagbag.py:500} INFO - Filling up the DagBag from /opt/airflow/dags/utils.py
[2022-01-13 23:42:51,974] {processor.py:656} WARNING - No viable dags retrieved from /opt/airflow/dags/utils.py
[2022-01-13 23:42:51,979] {processor.py:171} INFO - Processing /opt/airflow/dags/utils.py took 0.888 seconds
[2022-01-13 23:43:22,313] {processor.py:163} INFO - Started process (PID=2112) to work on /opt/airflow/dags/utils.py
[2022-01-13 23:43:22,318] {processor.py:642} INFO - Processing file /opt/airflow/dags/utils.py for tasks to queue
[2022-01-13 23:43:22,322] {logging_mixin.py:109} INFO - [2022-01-13 23:43:22,321] {dagbag.py:500} INFO - Filling up the DagBag from /opt/airflow/dags/utils.py
[2022-01-13 23:43:23,484] {processor.py:656} WARNING - No viable dags retrieved from /opt/airflow/dags/utils.py
[2022-01-13 23:43:23,488] {processor.py:171} INFO - Processing /opt/airflow/dags/utils.py took 1.193 seconds
[2022-01-13 23:43:53,795] {processor.py:163} INFO - Started process (PID=2157) to work on /opt/airflow/dags/utils.py
[2022-01-13 23:43:53,797] {processor.py:642} INFO - Processing file /opt/airflow/dags/utils.py for tasks to queue
[2022-01-13 23:43:53,798] {logging_mixin.py:109} INFO - [2022-01-13 23:43:53,797] {dagbag.py:500} INFO - Filling up the DagBag from /opt/airflow/dags/utils.py
[2022-01-13 23:43:55,177] {processor.py:656} WARNING - No viable dags retrieved from /opt/airflow/dags/utils.py
[2022-01-13 23:43:55,183] {processor.py:171} INFO - Processing /opt/airflow/dags/utils.py took 1.392 seconds
[2022-01-13 23:44:18,418] {processor.py:163} INFO - Started process (PID=2183) to work on /opt/airflow/dags/utils.py
[2022-01-13 23:44:18,422] {processor.py:642} INFO - Processing file /opt/airflow/dags/utils.py for tasks to queue
[2022-01-13 23:44:18,425] {logging_mixin.py:109} INFO - [2022-01-13 23:44:18,424] {dagbag.py:500} INFO - Filling up the DagBag from /opt/airflow/dags/utils.py
[2022-01-13 23:44:19,401] {processor.py:656} WARNING - No viable dags retrieved from /opt/airflow/dags/utils.py
[2022-01-13 23:44:19,406] {processor.py:171} INFO - Processing /opt/airflow/dags/utils.py took 1.003 seconds
[2022-01-13 23:44:32,482] {processor.py:163} INFO - Started process (PID=2197) to work on /opt/airflow/dags/utils.py
[2022-01-13 23:44:32,493] {processor.py:642} INFO - Processing file /opt/airflow/dags/utils.py for tasks to queue
[2022-01-13 23:44:32,494] {logging_mixin.py:109} INFO - [2022-01-13 23:44:32,494] {dagbag.py:500} INFO - Filling up the DagBag from /opt/airflow/dags/utils.py
[2022-01-13 23:44:33,332] {processor.py:656} WARNING - No viable dags retrieved from /opt/airflow/dags/utils.py
[2022-01-13 23:44:33,336] {processor.py:171} INFO - Processing /opt/airflow/dags/utils.py took 0.866 seconds
[2022-01-13 23:45:03,768] {processor.py:163} INFO - Started process (PID=2243) to work on /opt/airflow/dags/utils.py
[2022-01-13 23:45:03,769] {processor.py:642} INFO - Processing file /opt/airflow/dags/utils.py for tasks to queue
[2022-01-13 23:45:03,770] {logging_mixin.py:109} INFO - [2022-01-13 23:45:03,770] {dagbag.py:500} INFO - Filling up the DagBag from /opt/airflow/dags/utils.py
[2022-01-13 23:45:04,611] {processor.py:656} WARNING - No viable dags retrieved from /opt/airflow/dags/utils.py
[2022-01-13 23:45:04,614] {processor.py:171} INFO - Processing /opt/airflow/dags/utils.py took 0.850 seconds
[2022-01-13 23:45:34,737] {processor.py:163} INFO - Started process (PID=2275) to work on /opt/airflow/dags/utils.py
[2022-01-13 23:45:34,742] {processor.py:642} INFO - Processing file /opt/airflow/dags/utils.py for tasks to queue
[2022-01-13 23:45:34,743] {logging_mixin.py:109} INFO - [2022-01-13 23:45:34,743] {dagbag.py:500} INFO - Filling up the DagBag from /opt/airflow/dags/utils.py
[2022-01-13 23:45:35,673] {processor.py:656} WARNING - No viable dags retrieved from /opt/airflow/dags/utils.py
[2022-01-13 23:45:35,677] {processor.py:171} INFO - Processing /opt/airflow/dags/utils.py took 0.944 seconds
[2022-01-13 23:46:06,237] {processor.py:163} INFO - Started process (PID=2312) to work on /opt/airflow/dags/utils.py
[2022-01-13 23:46:06,238] {processor.py:642} INFO - Processing file /opt/airflow/dags/utils.py for tasks to queue
[2022-01-13 23:46:06,239] {logging_mixin.py:109} INFO - [2022-01-13 23:46:06,239] {dagbag.py:500} INFO - Filling up the DagBag from /opt/airflow/dags/utils.py
[2022-01-13 23:46:08,096] {processor.py:656} WARNING - No viable dags retrieved from /opt/airflow/dags/utils.py
[2022-01-13 23:46:08,146] {processor.py:171} INFO - Processing /opt/airflow/dags/utils.py took 1.913 seconds
[2022-01-13 23:46:38,574] {processor.py:163} INFO - Started process (PID=2357) to work on /opt/airflow/dags/utils.py
[2022-01-13 23:46:38,576] {processor.py:642} INFO - Processing file /opt/airflow/dags/utils.py for tasks to queue
[2022-01-13 23:46:38,577] {logging_mixin.py:109} INFO - [2022-01-13 23:46:38,576] {dagbag.py:500} INFO - Filling up the DagBag from /opt/airflow/dags/utils.py
[2022-01-13 23:46:39,682] {processor.py:656} WARNING - No viable dags retrieved from /opt/airflow/dags/utils.py
[2022-01-13 23:46:39,688] {processor.py:171} INFO - Processing /opt/airflow/dags/utils.py took 1.118 seconds
[2022-01-13 23:47:10,193] {processor.py:163} INFO - Started process (PID=2390) to work on /opt/airflow/dags/utils.py
[2022-01-13 23:47:10,194] {processor.py:642} INFO - Processing file /opt/airflow/dags/utils.py for tasks to queue
[2022-01-13 23:47:10,195] {logging_mixin.py:109} INFO - [2022-01-13 23:47:10,195] {dagbag.py:500} INFO - Filling up the DagBag from /opt/airflow/dags/utils.py
[2022-01-13 23:47:11,117] {processor.py:656} WARNING - No viable dags retrieved from /opt/airflow/dags/utils.py
[2022-01-13 23:47:11,122] {processor.py:171} INFO - Processing /opt/airflow/dags/utils.py took 0.933 seconds
[2022-01-13 23:47:41,405] {processor.py:163} INFO - Started process (PID=2421) to work on /opt/airflow/dags/utils.py
[2022-01-13 23:47:41,411] {processor.py:642} INFO - Processing file /opt/airflow/dags/utils.py for tasks to queue
[2022-01-13 23:47:41,412] {logging_mixin.py:109} INFO - [2022-01-13 23:47:41,412] {dagbag.py:500} INFO - Filling up the DagBag from /opt/airflow/dags/utils.py
[2022-01-13 23:47:42,428] {processor.py:656} WARNING - No viable dags retrieved from /opt/airflow/dags/utils.py
[2022-01-13 23:47:42,431] {processor.py:171} INFO - Processing /opt/airflow/dags/utils.py took 1.037 seconds
[2022-01-13 23:48:12,694] {processor.py:163} INFO - Started process (PID=2460) to work on /opt/airflow/dags/utils.py
[2022-01-13 23:48:12,703] {processor.py:642} INFO - Processing file /opt/airflow/dags/utils.py for tasks to queue
[2022-01-13 23:48:12,704] {logging_mixin.py:109} INFO - [2022-01-13 23:48:12,704] {dagbag.py:500} INFO - Filling up the DagBag from /opt/airflow/dags/utils.py
[2022-01-13 23:48:13,841] {processor.py:656} WARNING - No viable dags retrieved from /opt/airflow/dags/utils.py
[2022-01-13 23:48:13,846] {processor.py:171} INFO - Processing /opt/airflow/dags/utils.py took 1.157 seconds
[2022-01-13 23:48:20,741] {processor.py:163} INFO - Started process (PID=2467) to work on /opt/airflow/dags/utils.py
[2022-01-13 23:48:20,743] {processor.py:642} INFO - Processing file /opt/airflow/dags/utils.py for tasks to queue
[2022-01-13 23:48:20,744] {logging_mixin.py:109} INFO - [2022-01-13 23:48:20,744] {dagbag.py:500} INFO - Filling up the DagBag from /opt/airflow/dags/utils.py
[2022-01-13 23:48:21,909] {processor.py:656} WARNING - No viable dags retrieved from /opt/airflow/dags/utils.py
[2022-01-13 23:48:21,913] {processor.py:171} INFO - Processing /opt/airflow/dags/utils.py took 1.175 seconds
[2022-01-13 23:48:52,162] {processor.py:163} INFO - Started process (PID=2497) to work on /opt/airflow/dags/utils.py
[2022-01-13 23:48:52,164] {processor.py:642} INFO - Processing file /opt/airflow/dags/utils.py for tasks to queue
[2022-01-13 23:48:52,165] {logging_mixin.py:109} INFO - [2022-01-13 23:48:52,165] {dagbag.py:500} INFO - Filling up the DagBag from /opt/airflow/dags/utils.py
[2022-01-13 23:48:53,553] {processor.py:656} WARNING - No viable dags retrieved from /opt/airflow/dags/utils.py
[2022-01-13 23:48:53,558] {processor.py:171} INFO - Processing /opt/airflow/dags/utils.py took 1.399 seconds
[2022-01-13 23:49:23,798] {processor.py:163} INFO - Started process (PID=2538) to work on /opt/airflow/dags/utils.py
[2022-01-13 23:49:23,799] {processor.py:642} INFO - Processing file /opt/airflow/dags/utils.py for tasks to queue
[2022-01-13 23:49:23,800] {logging_mixin.py:109} INFO - [2022-01-13 23:49:23,800] {dagbag.py:500} INFO - Filling up the DagBag from /opt/airflow/dags/utils.py
[2022-01-13 23:49:24,715] {processor.py:656} WARNING - No viable dags retrieved from /opt/airflow/dags/utils.py
[2022-01-13 23:49:24,719] {processor.py:171} INFO - Processing /opt/airflow/dags/utils.py took 0.925 seconds
[2022-01-13 23:49:48,002] {processor.py:163} INFO - Started process (PID=2560) to work on /opt/airflow/dags/utils.py
[2022-01-13 23:49:48,016] {processor.py:642} INFO - Processing file /opt/airflow/dags/utils.py for tasks to queue
[2022-01-13 23:49:48,017] {logging_mixin.py:109} INFO - [2022-01-13 23:49:48,017] {dagbag.py:500} INFO - Filling up the DagBag from /opt/airflow/dags/utils.py
[2022-01-13 23:49:49,449] {processor.py:656} WARNING - No viable dags retrieved from /opt/airflow/dags/utils.py
[2022-01-13 23:49:49,454] {processor.py:171} INFO - Processing /opt/airflow/dags/utils.py took 1.456 seconds
[2022-01-13 23:50:20,320] {processor.py:163} INFO - Started process (PID=2608) to work on /opt/airflow/dags/utils.py
[2022-01-13 23:50:20,336] {processor.py:642} INFO - Processing file /opt/airflow/dags/utils.py for tasks to queue
[2022-01-13 23:50:20,337] {logging_mixin.py:109} INFO - [2022-01-13 23:50:20,337] {dagbag.py:500} INFO - Filling up the DagBag from /opt/airflow/dags/utils.py
[2022-01-13 23:50:21,332] {processor.py:656} WARNING - No viable dags retrieved from /opt/airflow/dags/utils.py
[2022-01-13 23:50:21,335] {processor.py:171} INFO - Processing /opt/airflow/dags/utils.py took 1.020 seconds
[2022-01-13 23:50:51,615] {processor.py:163} INFO - Started process (PID=2644) to work on /opt/airflow/dags/utils.py
[2022-01-13 23:50:51,617] {processor.py:642} INFO - Processing file /opt/airflow/dags/utils.py for tasks to queue
[2022-01-13 23:50:51,618] {logging_mixin.py:109} INFO - [2022-01-13 23:50:51,617] {dagbag.py:500} INFO - Filling up the DagBag from /opt/airflow/dags/utils.py
[2022-01-13 23:50:52,359] {processor.py:656} WARNING - No viable dags retrieved from /opt/airflow/dags/utils.py
[2022-01-13 23:50:52,362] {processor.py:171} INFO - Processing /opt/airflow/dags/utils.py took 0.750 seconds
[2022-01-13 23:51:22,874] {processor.py:163} INFO - Started process (PID=2675) to work on /opt/airflow/dags/utils.py
[2022-01-13 23:51:22,892] {processor.py:642} INFO - Processing file /opt/airflow/dags/utils.py for tasks to queue
[2022-01-13 23:51:22,893] {logging_mixin.py:109} INFO - [2022-01-13 23:51:22,893] {dagbag.py:500} INFO - Filling up the DagBag from /opt/airflow/dags/utils.py
[2022-01-13 23:51:23,708] {processor.py:656} WARNING - No viable dags retrieved from /opt/airflow/dags/utils.py
[2022-01-13 23:51:23,712] {processor.py:171} INFO - Processing /opt/airflow/dags/utils.py took 0.842 seconds
[2022-01-13 23:51:53,997] {processor.py:163} INFO - Started process (PID=2704) to work on /opt/airflow/dags/utils.py
[2022-01-13 23:51:53,998] {processor.py:642} INFO - Processing file /opt/airflow/dags/utils.py for tasks to queue
[2022-01-13 23:51:53,999] {logging_mixin.py:109} INFO - [2022-01-13 23:51:53,999] {dagbag.py:500} INFO - Filling up the DagBag from /opt/airflow/dags/utils.py
[2022-01-13 23:51:54,901] {processor.py:656} WARNING - No viable dags retrieved from /opt/airflow/dags/utils.py
[2022-01-13 23:51:54,904] {processor.py:171} INFO - Processing /opt/airflow/dags/utils.py took 0.912 seconds
[2022-01-13 23:52:25,090] {processor.py:163} INFO - Started process (PID=2743) to work on /opt/airflow/dags/utils.py
[2022-01-13 23:52:25,111] {processor.py:642} INFO - Processing file /opt/airflow/dags/utils.py for tasks to queue
[2022-01-13 23:52:25,112] {logging_mixin.py:109} INFO - [2022-01-13 23:52:25,112] {dagbag.py:500} INFO - Filling up the DagBag from /opt/airflow/dags/utils.py
[2022-01-13 23:52:25,950] {processor.py:656} WARNING - No viable dags retrieved from /opt/airflow/dags/utils.py
[2022-01-13 23:52:25,954] {processor.py:171} INFO - Processing /opt/airflow/dags/utils.py took 0.868 seconds
[2022-01-13 23:52:56,430] {processor.py:163} INFO - Started process (PID=2776) to work on /opt/airflow/dags/utils.py
[2022-01-13 23:52:56,432] {processor.py:642} INFO - Processing file /opt/airflow/dags/utils.py for tasks to queue
[2022-01-13 23:52:56,433] {logging_mixin.py:109} INFO - [2022-01-13 23:52:56,433] {dagbag.py:500} INFO - Filling up the DagBag from /opt/airflow/dags/utils.py
[2022-01-13 23:52:57,409] {processor.py:656} WARNING - No viable dags retrieved from /opt/airflow/dags/utils.py
[2022-01-13 23:52:57,415] {processor.py:171} INFO - Processing /opt/airflow/dags/utils.py took 0.993 seconds
[2022-01-13 23:53:11,532] {processor.py:163} INFO - Started process (PID=2797) to work on /opt/airflow/dags/utils.py
[2022-01-13 23:53:11,534] {processor.py:642} INFO - Processing file /opt/airflow/dags/utils.py for tasks to queue
[2022-01-13 23:53:11,534] {logging_mixin.py:109} INFO - [2022-01-13 23:53:11,534] {dagbag.py:500} INFO - Filling up the DagBag from /opt/airflow/dags/utils.py
[2022-01-13 23:53:12,949] {processor.py:656} WARNING - No viable dags retrieved from /opt/airflow/dags/utils.py
[2022-01-13 23:53:12,954] {processor.py:171} INFO - Processing /opt/airflow/dags/utils.py took 1.439 seconds
[2022-01-13 23:53:43,020] {processor.py:163} INFO - Started process (PID=2830) to work on /opt/airflow/dags/utils.py
[2022-01-13 23:53:43,031] {processor.py:642} INFO - Processing file /opt/airflow/dags/utils.py for tasks to queue
[2022-01-13 23:53:43,032] {logging_mixin.py:109} INFO - [2022-01-13 23:53:43,032] {dagbag.py:500} INFO - Filling up the DagBag from /opt/airflow/dags/utils.py
[2022-01-13 23:53:44,056] {processor.py:656} WARNING - No viable dags retrieved from /opt/airflow/dags/utils.py
[2022-01-13 23:53:44,065] {processor.py:171} INFO - Processing /opt/airflow/dags/utils.py took 1.050 seconds
[2022-01-13 23:54:14,297] {processor.py:163} INFO - Started process (PID=2876) to work on /opt/airflow/dags/utils.py
[2022-01-13 23:54:14,313] {processor.py:642} INFO - Processing file /opt/airflow/dags/utils.py for tasks to queue
[2022-01-13 23:54:14,315] {logging_mixin.py:109} INFO - [2022-01-13 23:54:14,314] {dagbag.py:500} INFO - Filling up the DagBag from /opt/airflow/dags/utils.py
[2022-01-13 23:54:15,197] {processor.py:656} WARNING - No viable dags retrieved from /opt/airflow/dags/utils.py
[2022-01-13 23:54:15,201] {processor.py:171} INFO - Processing /opt/airflow/dags/utils.py took 0.909 seconds
[2022-01-13 23:54:45,632] {processor.py:163} INFO - Started process (PID=2909) to work on /opt/airflow/dags/utils.py
[2022-01-13 23:54:45,664] {processor.py:642} INFO - Processing file /opt/airflow/dags/utils.py for tasks to queue
[2022-01-13 23:54:45,668] {logging_mixin.py:109} INFO - [2022-01-13 23:54:45,667] {dagbag.py:500} INFO - Filling up the DagBag from /opt/airflow/dags/utils.py
[2022-01-13 23:54:46,566] {processor.py:656} WARNING - No viable dags retrieved from /opt/airflow/dags/utils.py
[2022-01-13 23:54:46,570] {processor.py:171} INFO - Processing /opt/airflow/dags/utils.py took 0.946 seconds
[2022-01-13 23:55:16,891] {processor.py:163} INFO - Started process (PID=2939) to work on /opt/airflow/dags/utils.py
[2022-01-13 23:55:16,892] {processor.py:642} INFO - Processing file /opt/airflow/dags/utils.py for tasks to queue
[2022-01-13 23:55:16,892] {logging_mixin.py:109} INFO - [2022-01-13 23:55:16,892] {dagbag.py:500} INFO - Filling up the DagBag from /opt/airflow/dags/utils.py
[2022-01-13 23:55:17,753] {processor.py:656} WARNING - No viable dags retrieved from /opt/airflow/dags/utils.py
[2022-01-13 23:55:17,757] {processor.py:171} INFO - Processing /opt/airflow/dags/utils.py took 0.869 seconds
[2022-01-13 23:55:47,970] {processor.py:163} INFO - Started process (PID=2982) to work on /opt/airflow/dags/utils.py
[2022-01-13 23:55:48,001] {processor.py:642} INFO - Processing file /opt/airflow/dags/utils.py for tasks to queue
[2022-01-13 23:55:48,002] {logging_mixin.py:109} INFO - [2022-01-13 23:55:48,002] {dagbag.py:500} INFO - Filling up the DagBag from /opt/airflow/dags/utils.py
[2022-01-13 23:55:48,906] {processor.py:656} WARNING - No viable dags retrieved from /opt/airflow/dags/utils.py
[2022-01-13 23:55:48,909] {processor.py:171} INFO - Processing /opt/airflow/dags/utils.py took 0.943 seconds
[2022-01-13 23:56:19,412] {processor.py:163} INFO - Started process (PID=3013) to work on /opt/airflow/dags/utils.py
[2022-01-13 23:56:19,414] {processor.py:642} INFO - Processing file /opt/airflow/dags/utils.py for tasks to queue
[2022-01-13 23:56:19,415] {logging_mixin.py:109} INFO - [2022-01-13 23:56:19,415] {dagbag.py:500} INFO - Filling up the DagBag from /opt/airflow/dags/utils.py
[2022-01-13 23:56:20,172] {processor.py:656} WARNING - No viable dags retrieved from /opt/airflow/dags/utils.py
[2022-01-13 23:56:20,176] {processor.py:171} INFO - Processing /opt/airflow/dags/utils.py took 0.770 seconds
[2022-01-13 23:56:23,207] {processor.py:163} INFO - Started process (PID=3018) to work on /opt/airflow/dags/utils.py
[2022-01-13 23:56:23,209] {processor.py:642} INFO - Processing file /opt/airflow/dags/utils.py for tasks to queue
[2022-01-13 23:56:23,210] {logging_mixin.py:109} INFO - [2022-01-13 23:56:23,210] {dagbag.py:500} INFO - Filling up the DagBag from /opt/airflow/dags/utils.py
[2022-01-13 23:56:24,623] {processor.py:656} WARNING - No viable dags retrieved from /opt/airflow/dags/utils.py
[2022-01-13 23:56:24,641] {processor.py:171} INFO - Processing /opt/airflow/dags/utils.py took 1.438 seconds
[2022-01-13 23:56:40,475] {processor.py:163} INFO - Started process (PID=3038) to work on /opt/airflow/dags/utils.py
[2022-01-13 23:56:40,477] {processor.py:642} INFO - Processing file /opt/airflow/dags/utils.py for tasks to queue
[2022-01-13 23:56:40,477] {logging_mixin.py:109} INFO - [2022-01-13 23:56:40,477] {dagbag.py:500} INFO - Filling up the DagBag from /opt/airflow/dags/utils.py
[2022-01-13 23:56:41,847] {processor.py:656} WARNING - No viable dags retrieved from /opt/airflow/dags/utils.py
[2022-01-13 23:56:41,857] {processor.py:171} INFO - Processing /opt/airflow/dags/utils.py took 1.386 seconds
[2022-01-13 23:57:12,219] {processor.py:163} INFO - Started process (PID=3084) to work on /opt/airflow/dags/utils.py
[2022-01-13 23:57:12,227] {processor.py:642} INFO - Processing file /opt/airflow/dags/utils.py for tasks to queue
[2022-01-13 23:57:12,228] {logging_mixin.py:109} INFO - [2022-01-13 23:57:12,228] {dagbag.py:500} INFO - Filling up the DagBag from /opt/airflow/dags/utils.py
[2022-01-13 23:57:13,658] {processor.py:656} WARNING - No viable dags retrieved from /opt/airflow/dags/utils.py
[2022-01-13 23:57:13,663] {processor.py:171} INFO - Processing /opt/airflow/dags/utils.py took 1.456 seconds
[2022-01-13 23:57:44,464] {processor.py:163} INFO - Started process (PID=3114) to work on /opt/airflow/dags/utils.py
[2022-01-13 23:57:44,467] {processor.py:642} INFO - Processing file /opt/airflow/dags/utils.py for tasks to queue
[2022-01-13 23:57:44,467] {logging_mixin.py:109} INFO - [2022-01-13 23:57:44,467] {dagbag.py:500} INFO - Filling up the DagBag from /opt/airflow/dags/utils.py
[2022-01-13 23:57:45,634] {processor.py:656} WARNING - No viable dags retrieved from /opt/airflow/dags/utils.py
[2022-01-13 23:57:45,638] {processor.py:171} INFO - Processing /opt/airflow/dags/utils.py took 1.182 seconds
[2022-01-13 23:58:15,957] {processor.py:163} INFO - Started process (PID=3146) to work on /opt/airflow/dags/utils.py
[2022-01-13 23:58:15,959] {processor.py:642} INFO - Processing file /opt/airflow/dags/utils.py for tasks to queue
[2022-01-13 23:58:15,960] {logging_mixin.py:109} INFO - [2022-01-13 23:58:15,960] {dagbag.py:500} INFO - Filling up the DagBag from /opt/airflow/dags/utils.py
[2022-01-13 23:58:17,396] {processor.py:656} WARNING - No viable dags retrieved from /opt/airflow/dags/utils.py
[2022-01-13 23:58:17,404] {processor.py:171} INFO - Processing /opt/airflow/dags/utils.py took 1.451 seconds
[2022-01-13 23:58:47,547] {processor.py:163} INFO - Started process (PID=3180) to work on /opt/airflow/dags/utils.py
[2022-01-13 23:58:47,563] {processor.py:642} INFO - Processing file /opt/airflow/dags/utils.py for tasks to queue
[2022-01-13 23:58:47,564] {logging_mixin.py:109} INFO - [2022-01-13 23:58:47,564] {dagbag.py:500} INFO - Filling up the DagBag from /opt/airflow/dags/utils.py
[2022-01-13 23:58:49,090] {processor.py:656} WARNING - No viable dags retrieved from /opt/airflow/dags/utils.py
[2022-01-13 23:58:49,099] {processor.py:171} INFO - Processing /opt/airflow/dags/utils.py took 1.556 seconds
[2022-01-13 23:59:19,695] {processor.py:163} INFO - Started process (PID=3211) to work on /opt/airflow/dags/utils.py
[2022-01-13 23:59:19,696] {processor.py:642} INFO - Processing file /opt/airflow/dags/utils.py for tasks to queue
[2022-01-13 23:59:19,697] {logging_mixin.py:109} INFO - [2022-01-13 23:59:19,697] {dagbag.py:500} INFO - Filling up the DagBag from /opt/airflow/dags/utils.py
[2022-01-13 23:59:21,237] {processor.py:656} WARNING - No viable dags retrieved from /opt/airflow/dags/utils.py
[2022-01-13 23:59:21,242] {processor.py:171} INFO - Processing /opt/airflow/dags/utils.py took 1.551 seconds
[2022-01-13 23:59:52,082] {processor.py:163} INFO - Started process (PID=3241) to work on /opt/airflow/dags/utils.py
[2022-01-13 23:59:52,101] {processor.py:642} INFO - Processing file /opt/airflow/dags/utils.py for tasks to queue
[2022-01-13 23:59:52,101] {logging_mixin.py:109} INFO - [2022-01-13 23:59:52,101] {dagbag.py:500} INFO - Filling up the DagBag from /opt/airflow/dags/utils.py
[2022-01-13 23:59:53,199] {processor.py:656} WARNING - No viable dags retrieved from /opt/airflow/dags/utils.py
[2022-01-13 23:59:53,206] {processor.py:171} INFO - Processing /opt/airflow/dags/utils.py took 1.127 seconds
