[2022-01-14 00:05:19,386] {taskinstance.py:1032} INFO - Dependencies all met for <TaskInstance: my_dag_anp.trs_sales_diesel_totals scheduled__2022-01-13T00:00:00+00:00 [queued]>
[2022-01-14 00:05:19,406] {taskinstance.py:1032} INFO - Dependencies all met for <TaskInstance: my_dag_anp.trs_sales_diesel_totals scheduled__2022-01-13T00:00:00+00:00 [queued]>
[2022-01-14 00:05:19,406] {taskinstance.py:1238} INFO - 
--------------------------------------------------------------------------------
[2022-01-14 00:05:19,408] {taskinstance.py:1239} INFO - Starting attempt 1 of 1
[2022-01-14 00:05:19,408] {taskinstance.py:1240} INFO - 
--------------------------------------------------------------------------------
[2022-01-14 00:05:19,430] {taskinstance.py:1259} INFO - Executing <Task(PythonOperator): trs_sales_diesel_totals> on 2022-01-13 00:00:00+00:00
[2022-01-14 00:05:19,437] {standard_task_runner.py:52} INFO - Started process 2199 to run task
[2022-01-14 00:05:19,447] {standard_task_runner.py:76} INFO - Running: ['***', 'tasks', 'run', 'my_dag_anp', 'trs_sales_diesel_totals', 'scheduled__2022-01-13T00:00:00+00:00', '--job-id', '59', '--raw', '--subdir', 'DAGS_FOLDER/my_dag_anp.py', '--cfg-path', '/tmp/tmp5gemygxl', '--error-file', '/tmp/tmp5oy8q4w5']
[2022-01-14 00:05:19,450] {standard_task_runner.py:77} INFO - Job 59: Subtask trs_sales_diesel_totals
[2022-01-14 00:05:19,608] {logging_mixin.py:109} INFO - Running <TaskInstance: my_dag_anp.trs_sales_diesel_totals scheduled__2022-01-13T00:00:00+00:00 [running]> on host 9ef8a6cbe880
[2022-01-14 00:05:19,724] {taskinstance.py:1426} INFO - Exporting the following env vars:
AIRFLOW_CTX_DAG_OWNER=***
AIRFLOW_CTX_DAG_ID=my_dag_anp
AIRFLOW_CTX_TASK_ID=trs_sales_diesel_totals
AIRFLOW_CTX_EXECUTION_DATE=2022-01-13T00:00:00+00:00
AIRFLOW_CTX_DAG_RUN_ID=scheduled__2022-01-13T00:00:00+00:00
[2022-01-14 00:05:19,767] {python.py:175} INFO - Done. Returned value was: True
[2022-01-14 00:05:19,814] {taskinstance.py:1277} INFO - Marking task as SUCCESS. dag_id=my_dag_anp, task_id=trs_sales_diesel_totals, execution_date=20220113T000000, start_date=20220114T000519, end_date=20220114T000519
[2022-01-14 00:05:19,869] {local_task_job.py:154} INFO - Task exited with return code 0
[2022-01-14 00:05:19,950] {local_task_job.py:264} INFO - 0 downstream tasks scheduled from follow-on schedule check
