[2022-01-14 22:34:16,944] {taskinstance.py:1032} INFO - Dependencies all met for <TaskInstance: my_dag_anp.trs_sales_diesel manual__2022-01-14T22:30:25.857860+00:00 [queued]>
[2022-01-14 22:34:16,972] {taskinstance.py:1032} INFO - Dependencies all met for <TaskInstance: my_dag_anp.trs_sales_diesel manual__2022-01-14T22:30:25.857860+00:00 [queued]>
[2022-01-14 22:34:16,972] {taskinstance.py:1238} INFO - 
--------------------------------------------------------------------------------
[2022-01-14 22:34:16,972] {taskinstance.py:1239} INFO - Starting attempt 1 of 1
[2022-01-14 22:34:16,973] {taskinstance.py:1240} INFO - 
--------------------------------------------------------------------------------
[2022-01-14 22:34:16,996] {taskinstance.py:1259} INFO - Executing <Task(PythonOperator): trs_sales_diesel> on 2022-01-14 22:30:25.857860+00:00
[2022-01-14 22:34:17,003] {standard_task_runner.py:52} INFO - Started process 505 to run task
[2022-01-14 22:34:17,039] {standard_task_runner.py:76} INFO - Running: ['***', 'tasks', 'run', 'my_dag_anp', 'trs_sales_diesel', 'manual__2022-01-14T22:30:25.857860+00:00', '--job-id', '89', '--raw', '--subdir', 'DAGS_FOLDER/my_dag_anp.py', '--cfg-path', '/tmp/tmp6694bvj4', '--error-file', '/tmp/tmpf4okta9u']
[2022-01-14 22:34:17,041] {standard_task_runner.py:77} INFO - Job 89: Subtask trs_sales_diesel
[2022-01-14 22:34:17,196] {logging_mixin.py:109} INFO - Running <TaskInstance: my_dag_anp.trs_sales_diesel manual__2022-01-14T22:30:25.857860+00:00 [running]> on host 6fc8082a54ee
[2022-01-14 22:34:17,411] {taskinstance.py:1426} INFO - Exporting the following env vars:
AIRFLOW_CTX_DAG_OWNER=***
AIRFLOW_CTX_DAG_ID=my_dag_anp
AIRFLOW_CTX_TASK_ID=trs_sales_diesel
AIRFLOW_CTX_EXECUTION_DATE=2022-01-14T22:30:25.857860+00:00
AIRFLOW_CTX_DAG_RUN_ID=manual__2022-01-14T22:30:25.857860+00:00
[2022-01-14 22:34:17,704] {python.py:175} INFO - Done. Returned value was: True
[2022-01-14 22:34:17,763] {taskinstance.py:1277} INFO - Marking task as SUCCESS. dag_id=my_dag_anp, task_id=trs_sales_diesel, execution_date=20220114T223025, start_date=20220114T223416, end_date=20220114T223417
[2022-01-14 22:34:17,862] {local_task_job.py:154} INFO - Task exited with return code 0
[2022-01-14 22:34:18,087] {local_task_job.py:264} INFO - 0 downstream tasks scheduled from follow-on schedule check
