[2022-01-14 22:34:23,997] {taskinstance.py:1032} INFO - Dependencies all met for <TaskInstance: my_dag_anp.rfn_sales_oil_derivative_check_totals manual__2022-01-14T22:30:25.857860+00:00 [queued]>
[2022-01-14 22:34:24,043] {taskinstance.py:1032} INFO - Dependencies all met for <TaskInstance: my_dag_anp.rfn_sales_oil_derivative_check_totals manual__2022-01-14T22:30:25.857860+00:00 [queued]>
[2022-01-14 22:34:24,043] {taskinstance.py:1238} INFO - 
--------------------------------------------------------------------------------
[2022-01-14 22:34:24,043] {taskinstance.py:1239} INFO - Starting attempt 1 of 1
[2022-01-14 22:34:24,043] {taskinstance.py:1240} INFO - 
--------------------------------------------------------------------------------
[2022-01-14 22:34:24,125] {taskinstance.py:1259} INFO - Executing <Task(PythonOperator): rfn_sales_oil_derivative_check_totals> on 2022-01-14 22:30:25.857860+00:00
[2022-01-14 22:34:24,134] {standard_task_runner.py:52} INFO - Started process 677 to run task
[2022-01-14 22:34:24,140] {standard_task_runner.py:76} INFO - Running: ['***', 'tasks', 'run', 'my_dag_anp', 'rfn_sales_oil_derivative_check_totals', 'manual__2022-01-14T22:30:25.857860+00:00', '--job-id', '95', '--raw', '--subdir', 'DAGS_FOLDER/my_dag_anp.py', '--cfg-path', '/tmp/tmpi5wazseo', '--error-file', '/tmp/tmpq57t7qmt']
[2022-01-14 22:34:24,146] {standard_task_runner.py:77} INFO - Job 95: Subtask rfn_sales_oil_derivative_check_totals
[2022-01-14 22:34:24,284] {logging_mixin.py:109} INFO - Running <TaskInstance: my_dag_anp.rfn_sales_oil_derivative_check_totals manual__2022-01-14T22:30:25.857860+00:00 [running]> on host 6fc8082a54ee
[2022-01-14 22:34:24,388] {taskinstance.py:1426} INFO - Exporting the following env vars:
AIRFLOW_CTX_DAG_OWNER=***
AIRFLOW_CTX_DAG_ID=my_dag_anp
AIRFLOW_CTX_TASK_ID=rfn_sales_oil_derivative_check_totals
AIRFLOW_CTX_EXECUTION_DATE=2022-01-14T22:30:25.857860+00:00
AIRFLOW_CTX_DAG_RUN_ID=manual__2022-01-14T22:30:25.857860+00:00
[2022-01-14 22:34:24,567] {python.py:175} INFO - Done. Returned value was: True
[2022-01-14 22:34:24,631] {taskinstance.py:1277} INFO - Marking task as SUCCESS. dag_id=my_dag_anp, task_id=rfn_sales_oil_derivative_check_totals, execution_date=20220114T223025, start_date=20220114T223423, end_date=20220114T223424
[2022-01-14 22:34:24,751] {local_task_job.py:154} INFO - Task exited with return code 0
[2022-01-14 22:34:24,825] {local_task_job.py:264} INFO - 0 downstream tasks scheduled from follow-on schedule check
