[2022-01-14 00:22:32,975] {taskinstance.py:1032} INFO - Dependencies all met for <TaskInstance: my_dag_anp.rfn_sales_oil_derivative manual__2022-01-14T00:15:21.890329+00:00 [queued]>
[2022-01-14 00:22:32,993] {taskinstance.py:1032} INFO - Dependencies all met for <TaskInstance: my_dag_anp.rfn_sales_oil_derivative manual__2022-01-14T00:15:21.890329+00:00 [queued]>
[2022-01-14 00:22:32,994] {taskinstance.py:1238} INFO - 
--------------------------------------------------------------------------------
[2022-01-14 00:22:32,994] {taskinstance.py:1239} INFO - Starting attempt 2 of 2
[2022-01-14 00:22:32,994] {taskinstance.py:1240} INFO - 
--------------------------------------------------------------------------------
[2022-01-14 00:22:33,015] {taskinstance.py:1259} INFO - Executing <Task(PythonOperator): rfn_sales_oil_derivative> on 2022-01-14 00:15:21.890329+00:00
[2022-01-14 00:22:33,023] {standard_task_runner.py:52} INFO - Started process 2972 to run task
[2022-01-14 00:22:33,027] {standard_task_runner.py:76} INFO - Running: ['***', 'tasks', 'run', 'my_dag_anp', 'rfn_sales_oil_derivative', 'manual__2022-01-14T00:15:21.890329+00:00', '--job-id', '70', '--raw', '--subdir', 'DAGS_FOLDER/my_dag_anp.py', '--cfg-path', '/tmp/tmpzs0i43mp', '--error-file', '/tmp/tmp_errec3y']
[2022-01-14 00:22:33,029] {standard_task_runner.py:77} INFO - Job 70: Subtask rfn_sales_oil_derivative
[2022-01-14 00:22:33,116] {logging_mixin.py:109} INFO - Running <TaskInstance: my_dag_anp.rfn_sales_oil_derivative manual__2022-01-14T00:15:21.890329+00:00 [running]> on host 9ef8a6cbe880
[2022-01-14 00:22:33,195] {taskinstance.py:1426} INFO - Exporting the following env vars:
AIRFLOW_CTX_DAG_OWNER=***
AIRFLOW_CTX_DAG_ID=my_dag_anp
AIRFLOW_CTX_TASK_ID=rfn_sales_oil_derivative
AIRFLOW_CTX_EXECUTION_DATE=2022-01-14T00:15:21.890329+00:00
AIRFLOW_CTX_DAG_RUN_ID=manual__2022-01-14T00:15:21.890329+00:00
[2022-01-14 00:22:33,930] {python.py:175} INFO - Done. Returned value was: True
[2022-01-14 00:22:33,966] {taskinstance.py:1277} INFO - Marking task as SUCCESS. dag_id=my_dag_anp, task_id=rfn_sales_oil_derivative, execution_date=20220114T001521, start_date=20220114T002232, end_date=20220114T002233
[2022-01-14 00:22:34,013] {local_task_job.py:154} INFO - Task exited with return code 0
[2022-01-14 00:22:34,058] {local_task_job.py:264} INFO - 1 downstream tasks scheduled from follow-on schedule check
