[2022-01-14 22:30:31,769] {taskinstance.py:1032} INFO - Dependencies all met for <TaskInstance: my_dag_anp.raw_diesel manual__2022-01-14T22:30:25.857860+00:00 [queued]>
[2022-01-14 22:30:31,781] {taskinstance.py:1032} INFO - Dependencies all met for <TaskInstance: my_dag_anp.raw_diesel manual__2022-01-14T22:30:25.857860+00:00 [queued]>
[2022-01-14 22:30:31,781] {taskinstance.py:1238} INFO - 
--------------------------------------------------------------------------------
[2022-01-14 22:30:31,781] {taskinstance.py:1239} INFO - Starting attempt 1 of 1
[2022-01-14 22:30:31,781] {taskinstance.py:1240} INFO - 
--------------------------------------------------------------------------------
[2022-01-14 22:30:31,808] {taskinstance.py:1259} INFO - Executing <Task(PythonOperator): raw_diesel> on 2022-01-14 22:30:25.857860+00:00
[2022-01-14 22:30:31,813] {standard_task_runner.py:52} INFO - Started process 352 to run task
[2022-01-14 22:30:31,818] {standard_task_runner.py:76} INFO - Running: ['***', 'tasks', 'run', 'my_dag_anp', 'raw_diesel', 'manual__2022-01-14T22:30:25.857860+00:00', '--job-id', '87', '--raw', '--subdir', 'DAGS_FOLDER/my_dag_anp.py', '--cfg-path', '/tmp/tmpfuw1uy8t', '--error-file', '/tmp/tmp6ny9_mnu']
[2022-01-14 22:30:31,819] {standard_task_runner.py:77} INFO - Job 87: Subtask raw_diesel
[2022-01-14 22:30:31,894] {logging_mixin.py:109} INFO - Running <TaskInstance: my_dag_anp.raw_diesel manual__2022-01-14T22:30:25.857860+00:00 [running]> on host 6fc8082a54ee
[2022-01-14 22:30:31,973] {taskinstance.py:1426} INFO - Exporting the following env vars:
AIRFLOW_CTX_DAG_OWNER=***
AIRFLOW_CTX_DAG_ID=my_dag_anp
AIRFLOW_CTX_TASK_ID=raw_diesel
AIRFLOW_CTX_EXECUTION_DATE=2022-01-14T22:30:25.857860+00:00
AIRFLOW_CTX_DAG_RUN_ID=manual__2022-01-14T22:30:25.857860+00:00
[2022-01-14 22:34:09,731] {python.py:175} INFO - Done. Returned value was: True
[2022-01-14 22:34:09,769] {taskinstance.py:1277} INFO - Marking task as SUCCESS. dag_id=my_dag_anp, task_id=raw_diesel, execution_date=20220114T223025, start_date=20220114T223031, end_date=20220114T223409
[2022-01-14 22:34:09,872] {local_task_job.py:154} INFO - Task exited with return code 0
[2022-01-14 22:34:10,015] {local_task_job.py:264} INFO - 0 downstream tasks scheduled from follow-on schedule check
