[2022-01-14 00:27:22,390] {taskinstance.py:1032} INFO - Dependencies all met for <TaskInstance: my_dag_anp.rfn_sales_diesel manual__2022-01-14T00:23:02.345120+00:00 [queued]>
[2022-01-14 00:27:22,410] {taskinstance.py:1032} INFO - Dependencies all met for <TaskInstance: my_dag_anp.rfn_sales_diesel manual__2022-01-14T00:23:02.345120+00:00 [queued]>
[2022-01-14 00:27:22,411] {taskinstance.py:1238} INFO - 
--------------------------------------------------------------------------------
[2022-01-14 00:27:22,411] {taskinstance.py:1239} INFO - Starting attempt 1 of 1
[2022-01-14 00:27:22,412] {taskinstance.py:1240} INFO - 
--------------------------------------------------------------------------------
[2022-01-14 00:27:22,440] {taskinstance.py:1259} INFO - Executing <Task(PythonOperator): rfn_sales_diesel> on 2022-01-14 00:23:02.345120+00:00
[2022-01-14 00:27:22,448] {standard_task_runner.py:52} INFO - Started process 3348 to run task
[2022-01-14 00:27:22,466] {standard_task_runner.py:76} INFO - Running: ['***', 'tasks', 'run', 'my_dag_anp', 'rfn_sales_diesel', 'manual__2022-01-14T00:23:02.345120+00:00', '--job-id', '81', '--raw', '--subdir', 'DAGS_FOLDER/my_dag_anp.py', '--cfg-path', '/tmp/tmpmd4eqwzc', '--error-file', '/tmp/tmpu7x4fb5r']
[2022-01-14 00:27:22,468] {standard_task_runner.py:77} INFO - Job 81: Subtask rfn_sales_diesel
[2022-01-14 00:27:22,570] {logging_mixin.py:109} INFO - Running <TaskInstance: my_dag_anp.rfn_sales_diesel manual__2022-01-14T00:23:02.345120+00:00 [running]> on host 9ef8a6cbe880
[2022-01-14 00:27:22,709] {taskinstance.py:1426} INFO - Exporting the following env vars:
AIRFLOW_CTX_DAG_OWNER=***
AIRFLOW_CTX_DAG_ID=my_dag_anp
AIRFLOW_CTX_TASK_ID=rfn_sales_diesel
AIRFLOW_CTX_EXECUTION_DATE=2022-01-14T00:23:02.345120+00:00
AIRFLOW_CTX_DAG_RUN_ID=manual__2022-01-14T00:23:02.345120+00:00
[2022-01-14 00:27:23,105] {python.py:175} INFO - Done. Returned value was: True
[2022-01-14 00:27:23,151] {taskinstance.py:1277} INFO - Marking task as SUCCESS. dag_id=my_dag_anp, task_id=rfn_sales_diesel, execution_date=20220114T002302, start_date=20220114T002722, end_date=20220114T002723
[2022-01-14 00:27:23,234] {local_task_job.py:154} INFO - Task exited with return code 0
[2022-01-14 00:27:23,307] {local_task_job.py:264} INFO - 1 downstream tasks scheduled from follow-on schedule check
