[2022-01-14 00:00:05,812] {taskinstance.py:1032} INFO - Dependencies all met for <TaskInstance: my_dag_anp.raw_diesel scheduled__2022-01-13T00:00:00+00:00 [queued]>
[2022-01-14 00:00:05,836] {taskinstance.py:1032} INFO - Dependencies all met for <TaskInstance: my_dag_anp.raw_diesel scheduled__2022-01-13T00:00:00+00:00 [queued]>
[2022-01-14 00:00:05,837] {taskinstance.py:1238} INFO - 
--------------------------------------------------------------------------------
[2022-01-14 00:00:05,837] {taskinstance.py:1239} INFO - Starting attempt 1 of 1
[2022-01-14 00:00:05,837] {taskinstance.py:1240} INFO - 
--------------------------------------------------------------------------------
[2022-01-14 00:00:05,890] {taskinstance.py:1259} INFO - Executing <Task(PythonOperator): raw_diesel> on 2022-01-13 00:00:00+00:00
[2022-01-14 00:00:05,899] {standard_task_runner.py:52} INFO - Started process 1989 to run task
[2022-01-14 00:00:05,911] {standard_task_runner.py:76} INFO - Running: ['***', 'tasks', 'run', 'my_dag_anp', 'raw_diesel', 'scheduled__2022-01-13T00:00:00+00:00', '--job-id', '50', '--raw', '--subdir', 'DAGS_FOLDER/my_dag_anp.py', '--cfg-path', '/tmp/tmp9nhpk8bg', '--error-file', '/tmp/tmpyvl9b0qr']
[2022-01-14 00:00:05,938] {standard_task_runner.py:77} INFO - Job 50: Subtask raw_diesel
[2022-01-14 00:00:06,116] {logging_mixin.py:109} INFO - Running <TaskInstance: my_dag_anp.raw_diesel scheduled__2022-01-13T00:00:00+00:00 [running]> on host 9ef8a6cbe880
[2022-01-14 00:00:06,244] {taskinstance.py:1426} INFO - Exporting the following env vars:
AIRFLOW_CTX_DAG_OWNER=***
AIRFLOW_CTX_DAG_ID=my_dag_anp
AIRFLOW_CTX_TASK_ID=raw_diesel
AIRFLOW_CTX_EXECUTION_DATE=2022-01-13T00:00:00+00:00
AIRFLOW_CTX_DAG_RUN_ID=scheduled__2022-01-13T00:00:00+00:00
[2022-01-14 00:05:13,636] {python.py:175} INFO - Done. Returned value was: True
[2022-01-14 00:05:13,674] {taskinstance.py:1277} INFO - Marking task as SUCCESS. dag_id=my_dag_anp, task_id=raw_diesel, execution_date=20220113T000000, start_date=20220114T000005, end_date=20220114T000513
[2022-01-14 00:05:13,755] {local_task_job.py:154} INFO - Task exited with return code 0
[2022-01-14 00:05:13,944] {local_task_job.py:264} INFO - 0 downstream tasks scheduled from follow-on schedule check
