[2022-01-14 22:40:49,079] {taskinstance.py:1032} INFO - Dependencies all met for <TaskInstance: my_dag_anp.rfn_sales_diesel manual__2022-01-14T22:36:58.222500+00:00 [queued]>
[2022-01-14 22:40:49,104] {taskinstance.py:1032} INFO - Dependencies all met for <TaskInstance: my_dag_anp.rfn_sales_diesel manual__2022-01-14T22:36:58.222500+00:00 [queued]>
[2022-01-14 22:40:49,104] {taskinstance.py:1238} INFO - 
--------------------------------------------------------------------------------
[2022-01-14 22:40:49,104] {taskinstance.py:1239} INFO - Starting attempt 1 of 1
[2022-01-14 22:40:49,105] {taskinstance.py:1240} INFO - 
--------------------------------------------------------------------------------
[2022-01-14 22:40:49,125] {taskinstance.py:1259} INFO - Executing <Task(PythonOperator): rfn_sales_diesel> on 2022-01-14 22:36:58.222500+00:00
[2022-01-14 22:40:49,139] {standard_task_runner.py:52} INFO - Started process 985 to run task
[2022-01-14 22:40:49,147] {standard_task_runner.py:76} INFO - Running: ['***', 'tasks', 'run', 'my_dag_anp', 'rfn_sales_diesel', 'manual__2022-01-14T22:36:58.222500+00:00', '--job-id', '103', '--raw', '--subdir', 'DAGS_FOLDER/my_dag_anp.py', '--cfg-path', '/tmp/tmpqwnulpm5', '--error-file', '/tmp/tmp85u2yxl7']
[2022-01-14 22:40:49,149] {standard_task_runner.py:77} INFO - Job 103: Subtask rfn_sales_diesel
[2022-01-14 22:40:49,248] {logging_mixin.py:109} INFO - Running <TaskInstance: my_dag_anp.rfn_sales_diesel manual__2022-01-14T22:36:58.222500+00:00 [running]> on host 6fc8082a54ee
[2022-01-14 22:40:49,364] {taskinstance.py:1426} INFO - Exporting the following env vars:
AIRFLOW_CTX_DAG_OWNER=***
AIRFLOW_CTX_DAG_ID=my_dag_anp
AIRFLOW_CTX_TASK_ID=rfn_sales_diesel
AIRFLOW_CTX_EXECUTION_DATE=2022-01-14T22:36:58.222500+00:00
AIRFLOW_CTX_DAG_RUN_ID=manual__2022-01-14T22:36:58.222500+00:00
[2022-01-14 22:40:49,677] {python.py:175} INFO - Done. Returned value was: True
[2022-01-14 22:40:49,735] {taskinstance.py:1277} INFO - Marking task as SUCCESS. dag_id=my_dag_anp, task_id=rfn_sales_diesel, execution_date=20220114T223658, start_date=20220114T224049, end_date=20220114T224049
[2022-01-14 22:40:49,773] {local_task_job.py:154} INFO - Task exited with return code 0
[2022-01-14 22:40:49,853] {local_task_job.py:264} INFO - 1 downstream tasks scheduled from follow-on schedule check
