[2022-01-14 22:30:31,818] {taskinstance.py:1032} INFO - Dependencies all met for <TaskInstance: my_dag_anp.raw_sales_oil_derivative manual__2022-01-14T22:30:25.857860+00:00 [queued]>
[2022-01-14 22:30:31,835] {taskinstance.py:1032} INFO - Dependencies all met for <TaskInstance: my_dag_anp.raw_sales_oil_derivative manual__2022-01-14T22:30:25.857860+00:00 [queued]>
[2022-01-14 22:30:31,835] {taskinstance.py:1238} INFO - 
--------------------------------------------------------------------------------
[2022-01-14 22:30:31,835] {taskinstance.py:1239} INFO - Starting attempt 1 of 1
[2022-01-14 22:30:31,836] {taskinstance.py:1240} INFO - 
--------------------------------------------------------------------------------
[2022-01-14 22:30:31,855] {taskinstance.py:1259} INFO - Executing <Task(PythonOperator): raw_sales_oil_derivative> on 2022-01-14 22:30:25.857860+00:00
[2022-01-14 22:30:31,861] {standard_task_runner.py:52} INFO - Started process 353 to run task
[2022-01-14 22:30:31,865] {standard_task_runner.py:76} INFO - Running: ['***', 'tasks', 'run', 'my_dag_anp', 'raw_sales_oil_derivative', 'manual__2022-01-14T22:30:25.857860+00:00', '--job-id', '86', '--raw', '--subdir', 'DAGS_FOLDER/my_dag_anp.py', '--cfg-path', '/tmp/tmpxtmtjg9g', '--error-file', '/tmp/tmpnarbjm9e']
[2022-01-14 22:30:31,866] {standard_task_runner.py:77} INFO - Job 86: Subtask raw_sales_oil_derivative
[2022-01-14 22:30:31,944] {logging_mixin.py:109} INFO - Running <TaskInstance: my_dag_anp.raw_sales_oil_derivative manual__2022-01-14T22:30:25.857860+00:00 [running]> on host 6fc8082a54ee
[2022-01-14 22:30:32,029] {taskinstance.py:1426} INFO - Exporting the following env vars:
AIRFLOW_CTX_DAG_OWNER=***
AIRFLOW_CTX_DAG_ID=my_dag_anp
AIRFLOW_CTX_TASK_ID=raw_sales_oil_derivative
AIRFLOW_CTX_EXECUTION_DATE=2022-01-14T22:30:25.857860+00:00
AIRFLOW_CTX_DAG_RUN_ID=manual__2022-01-14T22:30:25.857860+00:00
[2022-01-14 22:34:13,610] {python.py:175} INFO - Done. Returned value was: True
[2022-01-14 22:34:13,755] {taskinstance.py:1277} INFO - Marking task as SUCCESS. dag_id=my_dag_anp, task_id=raw_sales_oil_derivative, execution_date=20220114T223025, start_date=20220114T223031, end_date=20220114T223413
[2022-01-14 22:34:13,883] {local_task_job.py:154} INFO - Task exited with return code 0
[2022-01-14 22:34:14,018] {local_task_job.py:264} INFO - 1 downstream tasks scheduled from follow-on schedule check
