[2022-01-14 22:34:20,473] {taskinstance.py:1032} INFO - Dependencies all met for <TaskInstance: my_dag_anp.rfn_sales_diesel manual__2022-01-14T22:30:25.857860+00:00 [queued]>
[2022-01-14 22:34:20,498] {taskinstance.py:1032} INFO - Dependencies all met for <TaskInstance: my_dag_anp.rfn_sales_diesel manual__2022-01-14T22:30:25.857860+00:00 [queued]>
[2022-01-14 22:34:20,498] {taskinstance.py:1238} INFO - 
--------------------------------------------------------------------------------
[2022-01-14 22:34:20,498] {taskinstance.py:1239} INFO - Starting attempt 1 of 1
[2022-01-14 22:34:20,499] {taskinstance.py:1240} INFO - 
--------------------------------------------------------------------------------
[2022-01-14 22:34:20,528] {taskinstance.py:1259} INFO - Executing <Task(PythonOperator): rfn_sales_diesel> on 2022-01-14 22:30:25.857860+00:00
[2022-01-14 22:34:20,535] {standard_task_runner.py:52} INFO - Started process 536 to run task
[2022-01-14 22:34:20,541] {standard_task_runner.py:76} INFO - Running: ['***', 'tasks', 'run', 'my_dag_anp', 'rfn_sales_diesel', 'manual__2022-01-14T22:30:25.857860+00:00', '--job-id', '92', '--raw', '--subdir', 'DAGS_FOLDER/my_dag_anp.py', '--cfg-path', '/tmp/tmp72kbmjrw', '--error-file', '/tmp/tmpomdv_u02']
[2022-01-14 22:34:20,542] {standard_task_runner.py:77} INFO - Job 92: Subtask rfn_sales_diesel
[2022-01-14 22:34:20,649] {logging_mixin.py:109} INFO - Running <TaskInstance: my_dag_anp.rfn_sales_diesel manual__2022-01-14T22:30:25.857860+00:00 [running]> on host 6fc8082a54ee
[2022-01-14 22:34:20,782] {taskinstance.py:1426} INFO - Exporting the following env vars:
AIRFLOW_CTX_DAG_OWNER=***
AIRFLOW_CTX_DAG_ID=my_dag_anp
AIRFLOW_CTX_TASK_ID=rfn_sales_diesel
AIRFLOW_CTX_EXECUTION_DATE=2022-01-14T22:30:25.857860+00:00
AIRFLOW_CTX_DAG_RUN_ID=manual__2022-01-14T22:30:25.857860+00:00
[2022-01-14 22:34:21,207] {python.py:175} INFO - Done. Returned value was: True
[2022-01-14 22:34:21,273] {taskinstance.py:1277} INFO - Marking task as SUCCESS. dag_id=my_dag_anp, task_id=rfn_sales_diesel, execution_date=20220114T223025, start_date=20220114T223420, end_date=20220114T223421
[2022-01-14 22:34:21,330] {local_task_job.py:154} INFO - Task exited with return code 0
[2022-01-14 22:34:21,410] {local_task_job.py:264} INFO - 1 downstream tasks scheduled from follow-on schedule check
