[2022-01-14 00:22:36,673] {taskinstance.py:1032} INFO - Dependencies all met for <TaskInstance: my_dag_anp.rfn_sales_oil_derivative_check_totals manual__2022-01-14T00:15:21.890329+00:00 [queued]>
[2022-01-14 00:22:36,698] {taskinstance.py:1032} INFO - Dependencies all met for <TaskInstance: my_dag_anp.rfn_sales_oil_derivative_check_totals manual__2022-01-14T00:15:21.890329+00:00 [queued]>
[2022-01-14 00:22:36,699] {taskinstance.py:1238} INFO - 
--------------------------------------------------------------------------------
[2022-01-14 00:22:36,701] {taskinstance.py:1239} INFO - Starting attempt 1 of 1
[2022-01-14 00:22:36,702] {taskinstance.py:1240} INFO - 
--------------------------------------------------------------------------------
[2022-01-14 00:22:36,725] {taskinstance.py:1259} INFO - Executing <Task(PythonOperator): rfn_sales_oil_derivative_check_totals> on 2022-01-14 00:15:21.890329+00:00
[2022-01-14 00:22:36,731] {standard_task_runner.py:52} INFO - Started process 3122 to run task
[2022-01-14 00:22:36,746] {standard_task_runner.py:76} INFO - Running: ['***', 'tasks', 'run', 'my_dag_anp', 'rfn_sales_oil_derivative_check_totals', 'manual__2022-01-14T00:15:21.890329+00:00', '--job-id', '73', '--raw', '--subdir', 'DAGS_FOLDER/my_dag_anp.py', '--cfg-path', '/tmp/tmpg1po4_y2', '--error-file', '/tmp/tmpyh9h7q99']
[2022-01-14 00:22:36,747] {standard_task_runner.py:77} INFO - Job 73: Subtask rfn_sales_oil_derivative_check_totals
[2022-01-14 00:22:36,840] {logging_mixin.py:109} INFO - Running <TaskInstance: my_dag_anp.rfn_sales_oil_derivative_check_totals manual__2022-01-14T00:15:21.890329+00:00 [running]> on host 9ef8a6cbe880
[2022-01-14 00:22:36,958] {taskinstance.py:1426} INFO - Exporting the following env vars:
AIRFLOW_CTX_DAG_OWNER=***
AIRFLOW_CTX_DAG_ID=my_dag_anp
AIRFLOW_CTX_TASK_ID=rfn_sales_oil_derivative_check_totals
AIRFLOW_CTX_EXECUTION_DATE=2022-01-14T00:15:21.890329+00:00
AIRFLOW_CTX_DAG_RUN_ID=manual__2022-01-14T00:15:21.890329+00:00
[2022-01-14 00:22:37,180] {python.py:175} INFO - Done. Returned value was: True
[2022-01-14 00:22:37,259] {taskinstance.py:1277} INFO - Marking task as SUCCESS. dag_id=my_dag_anp, task_id=rfn_sales_oil_derivative_check_totals, execution_date=20220114T001521, start_date=20220114T002236, end_date=20220114T002237
[2022-01-14 00:22:37,361] {local_task_job.py:154} INFO - Task exited with return code 0
[2022-01-14 00:22:37,480] {local_task_job.py:264} INFO - 0 downstream tasks scheduled from follow-on schedule check
