[2022-01-14 22:37:03,190] {taskinstance.py:1032} INFO - Dependencies all met for <TaskInstance: my_dag_anp.raw_sales_oil_derivative manual__2022-01-14T22:36:58.222500+00:00 [queued]>
[2022-01-14 22:37:03,213] {taskinstance.py:1032} INFO - Dependencies all met for <TaskInstance: my_dag_anp.raw_sales_oil_derivative manual__2022-01-14T22:36:58.222500+00:00 [queued]>
[2022-01-14 22:37:03,214] {taskinstance.py:1238} INFO - 
--------------------------------------------------------------------------------
[2022-01-14 22:37:03,214] {taskinstance.py:1239} INFO - Starting attempt 1 of 1
[2022-01-14 22:37:03,215] {taskinstance.py:1240} INFO - 
--------------------------------------------------------------------------------
[2022-01-14 22:37:03,262] {taskinstance.py:1259} INFO - Executing <Task(PythonOperator): raw_sales_oil_derivative> on 2022-01-14 22:36:58.222500+00:00
[2022-01-14 22:37:03,300] {standard_task_runner.py:52} INFO - Started process 806 to run task
[2022-01-14 22:37:03,342] {standard_task_runner.py:76} INFO - Running: ['***', 'tasks', 'run', 'my_dag_anp', 'raw_sales_oil_derivative', 'manual__2022-01-14T22:36:58.222500+00:00', '--job-id', '97', '--raw', '--subdir', 'DAGS_FOLDER/my_dag_anp.py', '--cfg-path', '/tmp/tmp5s7xj_n6', '--error-file', '/tmp/tmpq3doz2nz']
[2022-01-14 22:37:03,343] {standard_task_runner.py:77} INFO - Job 97: Subtask raw_sales_oil_derivative
[2022-01-14 22:37:03,508] {logging_mixin.py:109} INFO - Running <TaskInstance: my_dag_anp.raw_sales_oil_derivative manual__2022-01-14T22:36:58.222500+00:00 [running]> on host 6fc8082a54ee
[2022-01-14 22:37:03,648] {taskinstance.py:1426} INFO - Exporting the following env vars:
AIRFLOW_CTX_DAG_OWNER=***
AIRFLOW_CTX_DAG_ID=my_dag_anp
AIRFLOW_CTX_TASK_ID=raw_sales_oil_derivative
AIRFLOW_CTX_EXECUTION_DATE=2022-01-14T22:36:58.222500+00:00
AIRFLOW_CTX_DAG_RUN_ID=manual__2022-01-14T22:36:58.222500+00:00
[2022-01-14 22:40:42,569] {python.py:175} INFO - Done. Returned value was: True
[2022-01-14 22:40:42,614] {taskinstance.py:1277} INFO - Marking task as SUCCESS. dag_id=my_dag_anp, task_id=raw_sales_oil_derivative, execution_date=20220114T223658, start_date=20220114T223703, end_date=20220114T224042
[2022-01-14 22:40:42,712] {local_task_job.py:154} INFO - Task exited with return code 0
[2022-01-14 22:40:42,775] {local_task_job.py:264} INFO - 1 downstream tasks scheduled from follow-on schedule check
