[2022-01-14 00:19:25,506] {taskinstance.py:1032} INFO - Dependencies all met for <TaskInstance: my_dag_anp.trs_sales_diesel_totals manual__2022-01-14T00:15:21.890329+00:00 [queued]>
[2022-01-14 00:19:25,544] {taskinstance.py:1032} INFO - Dependencies all met for <TaskInstance: my_dag_anp.trs_sales_diesel_totals manual__2022-01-14T00:15:21.890329+00:00 [queued]>
[2022-01-14 00:19:25,544] {taskinstance.py:1238} INFO - 
--------------------------------------------------------------------------------
[2022-01-14 00:19:25,544] {taskinstance.py:1239} INFO - Starting attempt 1 of 1
[2022-01-14 00:19:25,545] {taskinstance.py:1240} INFO - 
--------------------------------------------------------------------------------
[2022-01-14 00:19:25,583] {taskinstance.py:1259} INFO - Executing <Task(PythonOperator): trs_sales_diesel_totals> on 2022-01-14 00:15:21.890329+00:00
[2022-01-14 00:19:25,594] {standard_task_runner.py:52} INFO - Started process 2822 to run task
[2022-01-14 00:19:25,612] {standard_task_runner.py:76} INFO - Running: ['***', 'tasks', 'run', 'my_dag_anp', 'trs_sales_diesel_totals', 'manual__2022-01-14T00:15:21.890329+00:00', '--job-id', '66', '--raw', '--subdir', 'DAGS_FOLDER/my_dag_anp.py', '--cfg-path', '/tmp/tmpabvvgis4', '--error-file', '/tmp/tmp14gpxtz_']
[2022-01-14 00:19:25,613] {standard_task_runner.py:77} INFO - Job 66: Subtask trs_sales_diesel_totals
[2022-01-14 00:19:25,712] {logging_mixin.py:109} INFO - Running <TaskInstance: my_dag_anp.trs_sales_diesel_totals manual__2022-01-14T00:15:21.890329+00:00 [running]> on host 9ef8a6cbe880
[2022-01-14 00:19:25,839] {taskinstance.py:1426} INFO - Exporting the following env vars:
AIRFLOW_CTX_DAG_OWNER=***
AIRFLOW_CTX_DAG_ID=my_dag_anp
AIRFLOW_CTX_TASK_ID=trs_sales_diesel_totals
AIRFLOW_CTX_EXECUTION_DATE=2022-01-14T00:15:21.890329+00:00
AIRFLOW_CTX_DAG_RUN_ID=manual__2022-01-14T00:15:21.890329+00:00
[2022-01-14 00:19:25,914] {python.py:175} INFO - Done. Returned value was: True
[2022-01-14 00:19:25,986] {taskinstance.py:1277} INFO - Marking task as SUCCESS. dag_id=my_dag_anp, task_id=trs_sales_diesel_totals, execution_date=20220114T001521, start_date=20220114T001925, end_date=20220114T001925
[2022-01-14 00:19:26,032] {local_task_job.py:154} INFO - Task exited with return code 0
[2022-01-14 00:19:26,104] {local_task_job.py:264} INFO - 0 downstream tasks scheduled from follow-on schedule check
