[2022-01-13 23:01:51,853] {processor.py:163} INFO - Started process (PID=840) to work on /opt/airflow/dags/raw/raw_sales_diesel.py
[2022-01-13 23:01:51,855] {processor.py:642} INFO - Processing file /opt/airflow/dags/raw/raw_sales_diesel.py for tasks to queue
[2022-01-13 23:01:51,855] {logging_mixin.py:109} INFO - [2022-01-13 23:01:51,855] {dagbag.py:500} INFO - Filling up the DagBag from /opt/airflow/dags/raw/raw_sales_diesel.py
[2022-01-13 23:02:21,857] {logging_mixin.py:109} INFO - [2022-01-13 23:02:21,856] {timeout.py:36} ERROR - Process timed out, PID: 840
[2022-01-13 23:02:21,863] {logging_mixin.py:109} INFO - [2022-01-13 23:02:21,861] {dagbag.py:334} ERROR - Failed to import: /opt/airflow/dags/raw/raw_sales_diesel.py
Traceback (most recent call last):
  File "/home/airflow/.local/lib/python3.7/site-packages/airflow/models/dagbag.py", line 331, in _load_modules_from_file
    loader.exec_module(new_module)
  File "<frozen importlib._bootstrap_external>", line 728, in exec_module
  File "<frozen importlib._bootstrap>", line 219, in _call_with_frames_removed
  File "/opt/airflow/dags/raw/raw_sales_diesel.py", line 16, in <module>
    sheet=sheet1
  File "/opt/airflow/dags/utils.py", line 16, in get_sheet
    workbook = get_workbook(path)
  File "/opt/airflow/dags/utils.py", line 9, in get_workbook
    wb = load_workbook(path)
  File "/home/airflow/.local/lib/python3.7/site-packages/openpyxl/reader/excel.py", line 317, in load_workbook
    reader.read()
  File "/home/airflow/.local/lib/python3.7/site-packages/openpyxl/reader/excel.py", line 282, in read
    self.read_worksheets()
  File "/home/airflow/.local/lib/python3.7/site-packages/openpyxl/reader/excel.py", line 269, in read_worksheets
    pivot.cache = self.parser.pivot_caches[pivot.cacheId]
  File "/home/airflow/.local/lib/python3.7/site-packages/openpyxl/reader/workbook.py", line 121, in pivot_caches
    cache = get_rel(self.archive, self.rels, id=c.id, cls=CacheDefinition)
  File "/home/airflow/.local/lib/python3.7/site-packages/openpyxl/packaging/relationship.py", line 168, in get_rel
    obj = cls.from_tree(tree)
  File "/home/airflow/.local/lib/python3.7/site-packages/openpyxl/descriptors/serialisable.py", line 83, in from_tree
    obj = desc.from_tree(el)
  File "/home/airflow/.local/lib/python3.7/site-packages/openpyxl/descriptors/sequence.py", line 85, in from_tree
    return [self.expected_type.from_tree(el) for el in node]
  File "/home/airflow/.local/lib/python3.7/site-packages/openpyxl/descriptors/sequence.py", line 85, in <listcomp>
    return [self.expected_type.from_tree(el) for el in node]
  File "/home/airflow/.local/lib/python3.7/site-packages/openpyxl/descriptors/serialisable.py", line 87, in from_tree
    obj = desc.expected_type.from_tree(el)
  File "/home/airflow/.local/lib/python3.7/site-packages/openpyxl/descriptors/serialisable.py", line 87, in from_tree
    obj = desc.expected_type.from_tree(el)
  File "/home/airflow/.local/lib/python3.7/site-packages/openpyxl/descriptors/serialisable.py", line 103, in from_tree
    return cls(**attrib)
  File "/home/airflow/.local/lib/python3.7/site-packages/openpyxl/pivot/fields.py", line 157, in __init__
    self.st = st
  File "/home/airflow/.local/lib/python3.7/site-packages/openpyxl/descriptors/base.py", line 164, in __set__
    super(Bool, self).__set__(instance, value)
  File "/home/airflow/.local/lib/python3.7/site-packages/openpyxl/descriptors/base.py", line 68, in __set__
    super(Convertible, self).__set__(instance, value)
  File "/home/airflow/.local/lib/python3.7/site-packages/airflow/utils/timeout.py", line 37, in handle_timeout
    raise AirflowTaskTimeout(self.error_message)
airflow.exceptions.AirflowTaskTimeout: DagBag import timeout for /opt/airflow/dags/raw/raw_sales_diesel.py after 30.0s.
Please take a look at these docs to improve your DAG import time:
* https://airflow.apache.org/docs/apache-airflow/2.2.3/best-practices.html#top-level-python-code
* https://airflow.apache.org/docs/apache-airflow/2.2.3/best-practices.html#reducing-dag-complexity, PID: 840
[2022-01-13 23:02:21,901] {processor.py:656} WARNING - No viable dags retrieved from /opt/airflow/dags/raw/raw_sales_diesel.py
[2022-01-13 23:02:21,914] {processor.py:171} INFO - Processing /opt/airflow/dags/raw/raw_sales_diesel.py took 30.065 seconds
[2022-01-13 23:02:52,070] {processor.py:163} INFO - Started process (PID=891) to work on /opt/airflow/dags/raw/raw_sales_diesel.py
[2022-01-13 23:02:52,071] {processor.py:642} INFO - Processing file /opt/airflow/dags/raw/raw_sales_diesel.py for tasks to queue
[2022-01-13 23:02:52,072] {logging_mixin.py:109} INFO - [2022-01-13 23:02:52,072] {dagbag.py:500} INFO - Filling up the DagBag from /opt/airflow/dags/raw/raw_sales_diesel.py
[2022-01-13 23:03:22,074] {logging_mixin.py:109} INFO - [2022-01-13 23:03:22,073] {timeout.py:36} ERROR - Process timed out, PID: 891
[2022-01-13 23:03:22,092] {logging_mixin.py:109} INFO - [2022-01-13 23:03:22,090] {dagbag.py:334} ERROR - Failed to import: /opt/airflow/dags/raw/raw_sales_diesel.py
Traceback (most recent call last):
  File "/home/airflow/.local/lib/python3.7/site-packages/airflow/models/dagbag.py", line 331, in _load_modules_from_file
    loader.exec_module(new_module)
  File "<frozen importlib._bootstrap_external>", line 728, in exec_module
  File "<frozen importlib._bootstrap>", line 219, in _call_with_frames_removed
  File "/opt/airflow/dags/raw/raw_sales_diesel.py", line 16, in <module>
    sheet=sheet1
  File "/opt/airflow/dags/utils.py", line 16, in get_sheet
    workbook = get_workbook(path)
  File "/opt/airflow/dags/utils.py", line 9, in get_workbook
    wb = load_workbook(path)
  File "/home/airflow/.local/lib/python3.7/site-packages/openpyxl/reader/excel.py", line 317, in load_workbook
    reader.read()
  File "/home/airflow/.local/lib/python3.7/site-packages/openpyxl/reader/excel.py", line 282, in read
    self.read_worksheets()
  File "/home/airflow/.local/lib/python3.7/site-packages/openpyxl/reader/excel.py", line 269, in read_worksheets
    pivot.cache = self.parser.pivot_caches[pivot.cacheId]
  File "/home/airflow/.local/lib/python3.7/site-packages/openpyxl/reader/workbook.py", line 121, in pivot_caches
    cache = get_rel(self.archive, self.rels, id=c.id, cls=CacheDefinition)
  File "/home/airflow/.local/lib/python3.7/site-packages/openpyxl/packaging/relationship.py", line 168, in get_rel
    obj = cls.from_tree(tree)
  File "/home/airflow/.local/lib/python3.7/site-packages/openpyxl/descriptors/serialisable.py", line 83, in from_tree
    obj = desc.from_tree(el)
  File "/home/airflow/.local/lib/python3.7/site-packages/openpyxl/descriptors/sequence.py", line 85, in from_tree
    return [self.expected_type.from_tree(el) for el in node]
  File "/home/airflow/.local/lib/python3.7/site-packages/openpyxl/descriptors/sequence.py", line 85, in <listcomp>
    return [self.expected_type.from_tree(el) for el in node]
  File "/home/airflow/.local/lib/python3.7/site-packages/openpyxl/descriptors/serialisable.py", line 87, in from_tree
    obj = desc.expected_type.from_tree(el)
  File "/home/airflow/.local/lib/python3.7/site-packages/openpyxl/descriptors/serialisable.py", line 87, in from_tree
    obj = desc.expected_type.from_tree(el)
  File "/home/airflow/.local/lib/python3.7/site-packages/openpyxl/descriptors/serialisable.py", line 73, in from_tree
    for el in node:
  File "/home/airflow/.local/lib/python3.7/site-packages/airflow/utils/timeout.py", line 37, in handle_timeout
    raise AirflowTaskTimeout(self.error_message)
airflow.exceptions.AirflowTaskTimeout: DagBag import timeout for /opt/airflow/dags/raw/raw_sales_diesel.py after 30.0s.
Please take a look at these docs to improve your DAG import time:
* https://airflow.apache.org/docs/apache-airflow/2.2.3/best-practices.html#top-level-python-code
* https://airflow.apache.org/docs/apache-airflow/2.2.3/best-practices.html#reducing-dag-complexity, PID: 891
[2022-01-13 23:03:22,135] {processor.py:656} WARNING - No viable dags retrieved from /opt/airflow/dags/raw/raw_sales_diesel.py
[2022-01-13 23:03:22,150] {processor.py:171} INFO - Processing /opt/airflow/dags/raw/raw_sales_diesel.py took 30.083 seconds
[2022-01-13 23:03:52,375] {processor.py:163} INFO - Started process (PID=950) to work on /opt/airflow/dags/raw/raw_sales_diesel.py
[2022-01-13 23:03:52,376] {processor.py:642} INFO - Processing file /opt/airflow/dags/raw/raw_sales_diesel.py for tasks to queue
[2022-01-13 23:03:52,377] {logging_mixin.py:109} INFO - [2022-01-13 23:03:52,377] {dagbag.py:500} INFO - Filling up the DagBag from /opt/airflow/dags/raw/raw_sales_diesel.py
[2022-01-13 23:04:22,379] {logging_mixin.py:109} INFO - [2022-01-13 23:04:22,378] {timeout.py:36} ERROR - Process timed out, PID: 950
[2022-01-13 23:04:22,399] {logging_mixin.py:109} INFO - [2022-01-13 23:04:22,396] {dagbag.py:334} ERROR - Failed to import: /opt/airflow/dags/raw/raw_sales_diesel.py
Traceback (most recent call last):
  File "/home/airflow/.local/lib/python3.7/site-packages/airflow/models/dagbag.py", line 331, in _load_modules_from_file
    loader.exec_module(new_module)
  File "<frozen importlib._bootstrap_external>", line 728, in exec_module
  File "<frozen importlib._bootstrap>", line 219, in _call_with_frames_removed
  File "/opt/airflow/dags/raw/raw_sales_diesel.py", line 16, in <module>
    sheet=sheet1
  File "/opt/airflow/dags/utils.py", line 16, in get_sheet
    workbook = get_workbook(path)
  File "/opt/airflow/dags/utils.py", line 9, in get_workbook
    wb = load_workbook(path)
  File "/home/airflow/.local/lib/python3.7/site-packages/openpyxl/reader/excel.py", line 317, in load_workbook
    reader.read()
  File "/home/airflow/.local/lib/python3.7/site-packages/openpyxl/reader/excel.py", line 282, in read
    self.read_worksheets()
  File "/home/airflow/.local/lib/python3.7/site-packages/openpyxl/reader/excel.py", line 269, in read_worksheets
    pivot.cache = self.parser.pivot_caches[pivot.cacheId]
  File "/home/airflow/.local/lib/python3.7/site-packages/openpyxl/reader/workbook.py", line 121, in pivot_caches
    cache = get_rel(self.archive, self.rels, id=c.id, cls=CacheDefinition)
  File "/home/airflow/.local/lib/python3.7/site-packages/openpyxl/packaging/relationship.py", line 168, in get_rel
    obj = cls.from_tree(tree)
  File "/home/airflow/.local/lib/python3.7/site-packages/openpyxl/descriptors/serialisable.py", line 83, in from_tree
    obj = desc.from_tree(el)
  File "/home/airflow/.local/lib/python3.7/site-packages/openpyxl/descriptors/sequence.py", line 85, in from_tree
    return [self.expected_type.from_tree(el) for el in node]
  File "/home/airflow/.local/lib/python3.7/site-packages/openpyxl/descriptors/sequence.py", line 85, in <listcomp>
    return [self.expected_type.from_tree(el) for el in node]
  File "/home/airflow/.local/lib/python3.7/site-packages/openpyxl/descriptors/serialisable.py", line 87, in from_tree
    obj = desc.expected_type.from_tree(el)
  File "/home/airflow/.local/lib/python3.7/site-packages/openpyxl/descriptors/serialisable.py", line 87, in from_tree
    obj = desc.expected_type.from_tree(el)
  File "/home/airflow/.local/lib/python3.7/site-packages/openpyxl/descriptors/serialisable.py", line 103, in from_tree
    return cls(**attrib)
  File "/home/airflow/.local/lib/python3.7/site-packages/openpyxl/pivot/fields.py", line 158, in __init__
    self.b = b
  File "/home/airflow/.local/lib/python3.7/site-packages/openpyxl/descriptors/base.py", line 164, in __set__
    super(Bool, self).__set__(instance, value)
  File "/home/airflow/.local/lib/python3.7/site-packages/airflow/utils/timeout.py", line 37, in handle_timeout
    raise AirflowTaskTimeout(self.error_message)
airflow.exceptions.AirflowTaskTimeout: DagBag import timeout for /opt/airflow/dags/raw/raw_sales_diesel.py after 30.0s.
Please take a look at these docs to improve your DAG import time:
* https://airflow.apache.org/docs/apache-airflow/2.2.3/best-practices.html#top-level-python-code
* https://airflow.apache.org/docs/apache-airflow/2.2.3/best-practices.html#reducing-dag-complexity, PID: 950
[2022-01-13 23:04:22,443] {processor.py:656} WARNING - No viable dags retrieved from /opt/airflow/dags/raw/raw_sales_diesel.py
[2022-01-13 23:04:22,461] {processor.py:171} INFO - Processing /opt/airflow/dags/raw/raw_sales_diesel.py took 30.090 seconds
[2022-01-13 23:04:52,720] {processor.py:163} INFO - Started process (PID=1005) to work on /opt/airflow/dags/raw/raw_sales_diesel.py
[2022-01-13 23:04:52,723] {processor.py:642} INFO - Processing file /opt/airflow/dags/raw/raw_sales_diesel.py for tasks to queue
[2022-01-13 23:04:52,724] {logging_mixin.py:109} INFO - [2022-01-13 23:04:52,724] {dagbag.py:500} INFO - Filling up the DagBag from /opt/airflow/dags/raw/raw_sales_diesel.py
[2022-01-13 23:05:22,726] {logging_mixin.py:109} INFO - [2022-01-13 23:05:22,726] {timeout.py:36} ERROR - Process timed out, PID: 1005
[2022-01-13 23:05:22,729] {logging_mixin.py:109} INFO - [2022-01-13 23:05:22,726] {dagbag.py:334} ERROR - Failed to import: /opt/airflow/dags/raw/raw_sales_diesel.py
Traceback (most recent call last):
  File "/home/airflow/.local/lib/python3.7/site-packages/airflow/models/dagbag.py", line 331, in _load_modules_from_file
    loader.exec_module(new_module)
  File "<frozen importlib._bootstrap_external>", line 728, in exec_module
  File "<frozen importlib._bootstrap>", line 219, in _call_with_frames_removed
  File "/opt/airflow/dags/raw/raw_sales_diesel.py", line 16, in <module>
    sheet=sheet1
  File "/opt/airflow/dags/utils.py", line 16, in get_sheet
    workbook = get_workbook(path)
  File "/opt/airflow/dags/utils.py", line 9, in get_workbook
    wb = load_workbook(path)
  File "/home/airflow/.local/lib/python3.7/site-packages/openpyxl/reader/excel.py", line 317, in load_workbook
    reader.read()
  File "/home/airflow/.local/lib/python3.7/site-packages/openpyxl/reader/excel.py", line 282, in read
    self.read_worksheets()
  File "/home/airflow/.local/lib/python3.7/site-packages/openpyxl/reader/excel.py", line 269, in read_worksheets
    pivot.cache = self.parser.pivot_caches[pivot.cacheId]
  File "/home/airflow/.local/lib/python3.7/site-packages/openpyxl/reader/workbook.py", line 123, in pivot_caches
    records = get_rel(self.archive, cache.deps, cache.id, RecordList)
  File "/home/airflow/.local/lib/python3.7/site-packages/openpyxl/packaging/relationship.py", line 168, in get_rel
    obj = cls.from_tree(tree)
  File "/home/airflow/.local/lib/python3.7/site-packages/openpyxl/descriptors/serialisable.py", line 87, in from_tree
    obj = desc.expected_type.from_tree(el)
  File "/home/airflow/.local/lib/python3.7/site-packages/openpyxl/descriptors/serialisable.py", line 87, in from_tree
    obj = desc.expected_type.from_tree(el)
  File "/home/airflow/.local/lib/python3.7/site-packages/openpyxl/descriptors/serialisable.py", line 103, in from_tree
    return cls(**attrib)
  File "/home/airflow/.local/lib/python3.7/site-packages/openpyxl/pivot/fields.py", line 24, in __init__
    self.v = v
  File "/home/airflow/.local/lib/python3.7/site-packages/openpyxl/descriptors/base.py", line 68, in __set__
    super(Convertible, self).__set__(instance, value)
  File "/home/airflow/.local/lib/python3.7/site-packages/openpyxl/descriptors/base.py", line 43, in __set__
    super(Typed, self).__set__(instance, value)
  File "/home/airflow/.local/lib/python3.7/site-packages/airflow/utils/timeout.py", line 37, in handle_timeout
    raise AirflowTaskTimeout(self.error_message)
airflow.exceptions.AirflowTaskTimeout: DagBag import timeout for /opt/airflow/dags/raw/raw_sales_diesel.py after 30.0s.
Please take a look at these docs to improve your DAG import time:
* https://airflow.apache.org/docs/apache-airflow/2.2.3/best-practices.html#top-level-python-code
* https://airflow.apache.org/docs/apache-airflow/2.2.3/best-practices.html#reducing-dag-complexity, PID: 1005
[2022-01-13 23:05:22,876] {processor.py:656} WARNING - No viable dags retrieved from /opt/airflow/dags/raw/raw_sales_diesel.py
[2022-01-13 23:05:22,901] {processor.py:171} INFO - Processing /opt/airflow/dags/raw/raw_sales_diesel.py took 30.185 seconds
[2022-01-13 23:05:39,516] {processor.py:163} INFO - Started process (PID=1053) to work on /opt/airflow/dags/raw/raw_sales_diesel.py
[2022-01-13 23:05:39,522] {processor.py:642} INFO - Processing file /opt/airflow/dags/raw/raw_sales_diesel.py for tasks to queue
[2022-01-13 23:05:39,523] {logging_mixin.py:109} INFO - [2022-01-13 23:05:39,523] {dagbag.py:500} INFO - Filling up the DagBag from /opt/airflow/dags/raw/raw_sales_diesel.py
[2022-01-13 23:05:40,741] {processor.py:656} WARNING - No viable dags retrieved from /opt/airflow/dags/raw/raw_sales_diesel.py
[2022-01-13 23:05:40,757] {processor.py:171} INFO - Processing /opt/airflow/dags/raw/raw_sales_diesel.py took 1.249 seconds
[2022-01-13 23:06:11,471] {processor.py:163} INFO - Started process (PID=1095) to work on /opt/airflow/dags/raw/raw_sales_diesel.py
[2022-01-13 23:06:11,476] {processor.py:642} INFO - Processing file /opt/airflow/dags/raw/raw_sales_diesel.py for tasks to queue
[2022-01-13 23:06:11,477] {logging_mixin.py:109} INFO - [2022-01-13 23:06:11,477] {dagbag.py:500} INFO - Filling up the DagBag from /opt/airflow/dags/raw/raw_sales_diesel.py
[2022-01-13 23:06:12,635] {processor.py:656} WARNING - No viable dags retrieved from /opt/airflow/dags/raw/raw_sales_diesel.py
[2022-01-13 23:06:12,641] {processor.py:171} INFO - Processing /opt/airflow/dags/raw/raw_sales_diesel.py took 1.173 seconds
[2022-01-13 23:06:16,636] {processor.py:163} INFO - Started process (PID=1100) to work on /opt/airflow/dags/raw/raw_sales_diesel.py
[2022-01-13 23:06:16,638] {processor.py:642} INFO - Processing file /opt/airflow/dags/raw/raw_sales_diesel.py for tasks to queue
[2022-01-13 23:06:16,639] {logging_mixin.py:109} INFO - [2022-01-13 23:06:16,638] {dagbag.py:500} INFO - Filling up the DagBag from /opt/airflow/dags/raw/raw_sales_diesel.py
[2022-01-13 23:06:18,057] {processor.py:656} WARNING - No viable dags retrieved from /opt/airflow/dags/raw/raw_sales_diesel.py
[2022-01-13 23:06:18,063] {processor.py:171} INFO - Processing /opt/airflow/dags/raw/raw_sales_diesel.py took 1.446 seconds
[2022-01-13 23:06:48,502] {processor.py:163} INFO - Started process (PID=1130) to work on /opt/airflow/dags/raw/raw_sales_diesel.py
[2022-01-13 23:06:48,506] {processor.py:642} INFO - Processing file /opt/airflow/dags/raw/raw_sales_diesel.py for tasks to queue
[2022-01-13 23:06:48,507] {logging_mixin.py:109} INFO - [2022-01-13 23:06:48,507] {dagbag.py:500} INFO - Filling up the DagBag from /opt/airflow/dags/raw/raw_sales_diesel.py
[2022-01-13 23:06:49,522] {processor.py:656} WARNING - No viable dags retrieved from /opt/airflow/dags/raw/raw_sales_diesel.py
[2022-01-13 23:06:49,528] {processor.py:171} INFO - Processing /opt/airflow/dags/raw/raw_sales_diesel.py took 1.029 seconds
[2022-01-13 23:06:59,088] {processor.py:163} INFO - Started process (PID=1151) to work on /opt/airflow/dags/raw/raw_sales_diesel.py
[2022-01-13 23:06:59,090] {processor.py:642} INFO - Processing file /opt/airflow/dags/raw/raw_sales_diesel.py for tasks to queue
[2022-01-13 23:06:59,090] {logging_mixin.py:109} INFO - [2022-01-13 23:06:59,090] {dagbag.py:500} INFO - Filling up the DagBag from /opt/airflow/dags/raw/raw_sales_diesel.py
[2022-01-13 23:07:00,301] {processor.py:656} WARNING - No viable dags retrieved from /opt/airflow/dags/raw/raw_sales_diesel.py
[2022-01-13 23:07:00,309] {processor.py:171} INFO - Processing /opt/airflow/dags/raw/raw_sales_diesel.py took 1.226 seconds
[2022-01-13 23:07:30,470] {processor.py:163} INFO - Started process (PID=1183) to work on /opt/airflow/dags/raw/raw_sales_diesel.py
[2022-01-13 23:07:30,473] {processor.py:642} INFO - Processing file /opt/airflow/dags/raw/raw_sales_diesel.py for tasks to queue
[2022-01-13 23:07:30,474] {logging_mixin.py:109} INFO - [2022-01-13 23:07:30,474] {dagbag.py:500} INFO - Filling up the DagBag from /opt/airflow/dags/raw/raw_sales_diesel.py
[2022-01-13 23:07:31,522] {processor.py:656} WARNING - No viable dags retrieved from /opt/airflow/dags/raw/raw_sales_diesel.py
[2022-01-13 23:07:31,525] {processor.py:171} INFO - Processing /opt/airflow/dags/raw/raw_sales_diesel.py took 1.058 seconds
[2022-01-13 23:07:48,547] {processor.py:163} INFO - Started process (PID=1197) to work on /opt/airflow/dags/raw/raw_sales_diesel.py
[2022-01-13 23:07:48,548] {processor.py:642} INFO - Processing file /opt/airflow/dags/raw/raw_sales_diesel.py for tasks to queue
[2022-01-13 23:07:48,549] {logging_mixin.py:109} INFO - [2022-01-13 23:07:48,549] {dagbag.py:500} INFO - Filling up the DagBag from /opt/airflow/dags/raw/raw_sales_diesel.py
[2022-01-13 23:07:48,568] {processor.py:656} WARNING - No viable dags retrieved from /opt/airflow/dags/raw/raw_sales_diesel.py
[2022-01-13 23:07:48,572] {processor.py:171} INFO - Processing /opt/airflow/dags/raw/raw_sales_diesel.py took 0.028 seconds
[2022-01-13 23:08:18,832] {processor.py:163} INFO - Started process (PID=1222) to work on /opt/airflow/dags/raw/raw_sales_diesel.py
[2022-01-13 23:08:18,836] {processor.py:642} INFO - Processing file /opt/airflow/dags/raw/raw_sales_diesel.py for tasks to queue
[2022-01-13 23:08:18,837] {logging_mixin.py:109} INFO - [2022-01-13 23:08:18,837] {dagbag.py:500} INFO - Filling up the DagBag from /opt/airflow/dags/raw/raw_sales_diesel.py
[2022-01-13 23:08:18,871] {processor.py:656} WARNING - No viable dags retrieved from /opt/airflow/dags/raw/raw_sales_diesel.py
[2022-01-13 23:08:18,880] {processor.py:171} INFO - Processing /opt/airflow/dags/raw/raw_sales_diesel.py took 0.052 seconds
[2022-01-13 23:08:49,524] {processor.py:163} INFO - Started process (PID=1250) to work on /opt/airflow/dags/raw/raw_sales_diesel.py
[2022-01-13 23:08:49,525] {processor.py:642} INFO - Processing file /opt/airflow/dags/raw/raw_sales_diesel.py for tasks to queue
[2022-01-13 23:08:49,525] {logging_mixin.py:109} INFO - [2022-01-13 23:08:49,525] {dagbag.py:500} INFO - Filling up the DagBag from /opt/airflow/dags/raw/raw_sales_diesel.py
[2022-01-13 23:08:49,546] {processor.py:656} WARNING - No viable dags retrieved from /opt/airflow/dags/raw/raw_sales_diesel.py
[2022-01-13 23:08:49,550] {processor.py:171} INFO - Processing /opt/airflow/dags/raw/raw_sales_diesel.py took 0.030 seconds
[2022-01-13 23:09:19,583] {processor.py:163} INFO - Started process (PID=1278) to work on /opt/airflow/dags/raw/raw_sales_diesel.py
[2022-01-13 23:09:19,590] {processor.py:642} INFO - Processing file /opt/airflow/dags/raw/raw_sales_diesel.py for tasks to queue
[2022-01-13 23:09:19,591] {logging_mixin.py:109} INFO - [2022-01-13 23:09:19,591] {dagbag.py:500} INFO - Filling up the DagBag from /opt/airflow/dags/raw/raw_sales_diesel.py
[2022-01-13 23:09:19,616] {processor.py:656} WARNING - No viable dags retrieved from /opt/airflow/dags/raw/raw_sales_diesel.py
[2022-01-13 23:09:19,621] {processor.py:171} INFO - Processing /opt/airflow/dags/raw/raw_sales_diesel.py took 0.041 seconds
[2022-01-13 23:09:49,753] {processor.py:163} INFO - Started process (PID=1314) to work on /opt/airflow/dags/raw/raw_sales_diesel.py
[2022-01-13 23:09:49,755] {processor.py:642} INFO - Processing file /opt/airflow/dags/raw/raw_sales_diesel.py for tasks to queue
[2022-01-13 23:09:49,757] {logging_mixin.py:109} INFO - [2022-01-13 23:09:49,756] {dagbag.py:500} INFO - Filling up the DagBag from /opt/airflow/dags/raw/raw_sales_diesel.py
[2022-01-13 23:09:49,791] {processor.py:656} WARNING - No viable dags retrieved from /opt/airflow/dags/raw/raw_sales_diesel.py
[2022-01-13 23:09:49,795] {processor.py:171} INFO - Processing /opt/airflow/dags/raw/raw_sales_diesel.py took 0.047 seconds
[2022-01-13 23:10:20,109] {processor.py:163} INFO - Started process (PID=1339) to work on /opt/airflow/dags/raw/raw_sales_diesel.py
[2022-01-13 23:10:20,126] {processor.py:642} INFO - Processing file /opt/airflow/dags/raw/raw_sales_diesel.py for tasks to queue
[2022-01-13 23:10:20,127] {logging_mixin.py:109} INFO - [2022-01-13 23:10:20,127] {dagbag.py:500} INFO - Filling up the DagBag from /opt/airflow/dags/raw/raw_sales_diesel.py
[2022-01-13 23:10:20,327] {processor.py:656} WARNING - No viable dags retrieved from /opt/airflow/dags/raw/raw_sales_diesel.py
[2022-01-13 23:10:20,332] {processor.py:171} INFO - Processing /opt/airflow/dags/raw/raw_sales_diesel.py took 0.235 seconds
[2022-01-13 23:12:06,488] {processor.py:163} INFO - Started process (PID=50) to work on /opt/airflow/dags/raw/raw_sales_diesel.py
[2022-01-13 23:12:06,490] {processor.py:642} INFO - Processing file /opt/airflow/dags/raw/raw_sales_diesel.py for tasks to queue
[2022-01-13 23:12:06,492] {logging_mixin.py:109} INFO - [2022-01-13 23:12:06,492] {dagbag.py:500} INFO - Filling up the DagBag from /opt/airflow/dags/raw/raw_sales_diesel.py
[2022-01-13 23:12:06,521] {processor.py:656} WARNING - No viable dags retrieved from /opt/airflow/dags/raw/raw_sales_diesel.py
[2022-01-13 23:12:06,526] {processor.py:171} INFO - Processing /opt/airflow/dags/raw/raw_sales_diesel.py took 0.054 seconds
[2022-01-13 23:12:37,141] {processor.py:163} INFO - Started process (PID=77) to work on /opt/airflow/dags/raw/raw_sales_diesel.py
[2022-01-13 23:12:37,161] {processor.py:642} INFO - Processing file /opt/airflow/dags/raw/raw_sales_diesel.py for tasks to queue
[2022-01-13 23:12:37,175] {logging_mixin.py:109} INFO - [2022-01-13 23:12:37,170] {dagbag.py:500} INFO - Filling up the DagBag from /opt/airflow/dags/raw/raw_sales_diesel.py
[2022-01-13 23:12:37,308] {processor.py:656} WARNING - No viable dags retrieved from /opt/airflow/dags/raw/raw_sales_diesel.py
[2022-01-13 23:12:37,329] {processor.py:171} INFO - Processing /opt/airflow/dags/raw/raw_sales_diesel.py took 0.234 seconds
[2022-01-13 23:13:08,270] {processor.py:163} INFO - Started process (PID=109) to work on /opt/airflow/dags/raw/raw_sales_diesel.py
[2022-01-13 23:13:08,275] {processor.py:642} INFO - Processing file /opt/airflow/dags/raw/raw_sales_diesel.py for tasks to queue
[2022-01-13 23:13:08,277] {logging_mixin.py:109} INFO - [2022-01-13 23:13:08,276] {dagbag.py:500} INFO - Filling up the DagBag from /opt/airflow/dags/raw/raw_sales_diesel.py
[2022-01-13 23:13:08,308] {processor.py:656} WARNING - No viable dags retrieved from /opt/airflow/dags/raw/raw_sales_diesel.py
[2022-01-13 23:13:08,314] {processor.py:171} INFO - Processing /opt/airflow/dags/raw/raw_sales_diesel.py took 0.050 seconds
[2022-01-13 23:13:38,775] {processor.py:163} INFO - Started process (PID=140) to work on /opt/airflow/dags/raw/raw_sales_diesel.py
[2022-01-13 23:13:38,777] {processor.py:642} INFO - Processing file /opt/airflow/dags/raw/raw_sales_diesel.py for tasks to queue
[2022-01-13 23:13:38,779] {logging_mixin.py:109} INFO - [2022-01-13 23:13:38,779] {dagbag.py:500} INFO - Filling up the DagBag from /opt/airflow/dags/raw/raw_sales_diesel.py
[2022-01-13 23:13:38,803] {processor.py:656} WARNING - No viable dags retrieved from /opt/airflow/dags/raw/raw_sales_diesel.py
[2022-01-13 23:13:38,809] {processor.py:171} INFO - Processing /opt/airflow/dags/raw/raw_sales_diesel.py took 0.039 seconds
[2022-01-13 23:14:03,021] {processor.py:163} INFO - Started process (PID=162) to work on /opt/airflow/dags/raw/raw_sales_diesel.py
[2022-01-13 23:14:03,047] {processor.py:642} INFO - Processing file /opt/airflow/dags/raw/raw_sales_diesel.py for tasks to queue
[2022-01-13 23:14:03,048] {logging_mixin.py:109} INFO - [2022-01-13 23:14:03,048] {dagbag.py:500} INFO - Filling up the DagBag from /opt/airflow/dags/raw/raw_sales_diesel.py
[2022-01-13 23:14:03,050] {logging_mixin.py:109} INFO - [2022-01-13 23:14:03,050] {dagbag.py:334} ERROR - Failed to import: /opt/airflow/dags/raw/raw_sales_diesel.py
Traceback (most recent call last):
  File "/home/airflow/.local/lib/python3.7/site-packages/airflow/models/dagbag.py", line 331, in _load_modules_from_file
    loader.exec_module(new_module)
  File "<frozen importlib._bootstrap_external>", line 724, in exec_module
  File "<frozen importlib._bootstrap_external>", line 860, in get_code
  File "<frozen importlib._bootstrap_external>", line 791, in source_to_code
  File "<frozen importlib._bootstrap>", line 219, in _call_with_frames_removed
  File "/opt/airflow/dags/raw/raw_sales_diesel.py", line 3
    get_pivot_table_totals
                         ^
SyntaxError: invalid syntax
[2022-01-13 23:14:03,066] {processor.py:656} WARNING - No viable dags retrieved from /opt/airflow/dags/raw/raw_sales_diesel.py
[2022-01-13 23:14:03,077] {processor.py:171} INFO - Processing /opt/airflow/dags/raw/raw_sales_diesel.py took 0.059 seconds
[2022-01-13 23:14:33,472] {processor.py:163} INFO - Started process (PID=189) to work on /opt/airflow/dags/raw/raw_sales_diesel.py
[2022-01-13 23:14:33,478] {processor.py:642} INFO - Processing file /opt/airflow/dags/raw/raw_sales_diesel.py for tasks to queue
[2022-01-13 23:14:33,481] {logging_mixin.py:109} INFO - [2022-01-13 23:14:33,481] {dagbag.py:500} INFO - Filling up the DagBag from /opt/airflow/dags/raw/raw_sales_diesel.py
[2022-01-13 23:14:33,486] {logging_mixin.py:109} INFO - [2022-01-13 23:14:33,485] {dagbag.py:334} ERROR - Failed to import: /opt/airflow/dags/raw/raw_sales_diesel.py
Traceback (most recent call last):
  File "/home/airflow/.local/lib/python3.7/site-packages/airflow/models/dagbag.py", line 331, in _load_modules_from_file
    loader.exec_module(new_module)
  File "<frozen importlib._bootstrap_external>", line 724, in exec_module
  File "<frozen importlib._bootstrap_external>", line 860, in get_code
  File "<frozen importlib._bootstrap_external>", line 791, in source_to_code
  File "<frozen importlib._bootstrap>", line 219, in _call_with_frames_removed
  File "/opt/airflow/dags/raw/raw_sales_diesel.py", line 3
    get_pivot_table_totals
                         ^
SyntaxError: invalid syntax
[2022-01-13 23:14:33,529] {processor.py:656} WARNING - No viable dags retrieved from /opt/airflow/dags/raw/raw_sales_diesel.py
[2022-01-13 23:14:33,543] {processor.py:171} INFO - Processing /opt/airflow/dags/raw/raw_sales_diesel.py took 0.086 seconds
[2022-01-13 23:15:03,655] {processor.py:163} INFO - Started process (PID=211) to work on /opt/airflow/dags/raw/raw_sales_diesel.py
[2022-01-13 23:15:03,685] {processor.py:642} INFO - Processing file /opt/airflow/dags/raw/raw_sales_diesel.py for tasks to queue
[2022-01-13 23:15:03,685] {logging_mixin.py:109} INFO - [2022-01-13 23:15:03,685] {dagbag.py:500} INFO - Filling up the DagBag from /opt/airflow/dags/raw/raw_sales_diesel.py
[2022-01-13 23:15:03,687] {logging_mixin.py:109} INFO - [2022-01-13 23:15:03,687] {dagbag.py:334} ERROR - Failed to import: /opt/airflow/dags/raw/raw_sales_diesel.py
Traceback (most recent call last):
  File "/home/airflow/.local/lib/python3.7/site-packages/airflow/models/dagbag.py", line 331, in _load_modules_from_file
    loader.exec_module(new_module)
  File "<frozen importlib._bootstrap_external>", line 724, in exec_module
  File "<frozen importlib._bootstrap_external>", line 860, in get_code
  File "<frozen importlib._bootstrap_external>", line 791, in source_to_code
  File "<frozen importlib._bootstrap>", line 219, in _call_with_frames_removed
  File "/opt/airflow/dags/raw/raw_sales_diesel.py", line 3
    get_pivot_table_totals
                         ^
SyntaxError: invalid syntax
[2022-01-13 23:15:03,705] {processor.py:656} WARNING - No viable dags retrieved from /opt/airflow/dags/raw/raw_sales_diesel.py
[2022-01-13 23:15:03,718] {processor.py:171} INFO - Processing /opt/airflow/dags/raw/raw_sales_diesel.py took 0.065 seconds
[2022-01-13 23:15:09,709] {processor.py:163} INFO - Started process (PID=217) to work on /opt/airflow/dags/raw/raw_sales_diesel.py
[2022-01-13 23:15:09,710] {processor.py:642} INFO - Processing file /opt/airflow/dags/raw/raw_sales_diesel.py for tasks to queue
[2022-01-13 23:15:09,711] {logging_mixin.py:109} INFO - [2022-01-13 23:15:09,711] {dagbag.py:500} INFO - Filling up the DagBag from /opt/airflow/dags/raw/raw_sales_diesel.py
[2022-01-13 23:15:09,712] {logging_mixin.py:109} INFO - [2022-01-13 23:15:09,712] {dagbag.py:308} INFO - File /opt/airflow/dags/raw/raw_sales_diesel.py assumed to contain no DAGs. Skipping.
[2022-01-13 23:15:09,734] {processor.py:656} WARNING - No viable dags retrieved from /opt/airflow/dags/raw/raw_sales_diesel.py
[2022-01-13 23:15:09,751] {processor.py:171} INFO - Processing /opt/airflow/dags/raw/raw_sales_diesel.py took 0.046 seconds
[2022-01-13 23:15:39,931] {processor.py:163} INFO - Started process (PID=255) to work on /opt/airflow/dags/raw/raw_sales_diesel.py
[2022-01-13 23:15:39,962] {processor.py:642} INFO - Processing file /opt/airflow/dags/raw/raw_sales_diesel.py for tasks to queue
[2022-01-13 23:15:39,964] {logging_mixin.py:109} INFO - [2022-01-13 23:15:39,963] {dagbag.py:500} INFO - Filling up the DagBag from /opt/airflow/dags/raw/raw_sales_diesel.py
[2022-01-13 23:15:39,964] {logging_mixin.py:109} INFO - [2022-01-13 23:15:39,964] {dagbag.py:308} INFO - File /opt/airflow/dags/raw/raw_sales_diesel.py assumed to contain no DAGs. Skipping.
[2022-01-13 23:15:39,997] {processor.py:656} WARNING - No viable dags retrieved from /opt/airflow/dags/raw/raw_sales_diesel.py
[2022-01-13 23:15:40,004] {processor.py:171} INFO - Processing /opt/airflow/dags/raw/raw_sales_diesel.py took 0.078 seconds
[2022-01-13 23:16:00,471] {processor.py:163} INFO - Started process (PID=270) to work on /opt/airflow/dags/raw/raw_sales_diesel.py
[2022-01-13 23:16:00,474] {processor.py:642} INFO - Processing file /opt/airflow/dags/raw/raw_sales_diesel.py for tasks to queue
[2022-01-13 23:16:00,477] {logging_mixin.py:109} INFO - [2022-01-13 23:16:00,477] {dagbag.py:500} INFO - Filling up the DagBag from /opt/airflow/dags/raw/raw_sales_diesel.py
[2022-01-13 23:16:00,479] {logging_mixin.py:109} INFO - [2022-01-13 23:16:00,479] {dagbag.py:308} INFO - File /opt/airflow/dags/raw/raw_sales_diesel.py assumed to contain no DAGs. Skipping.
[2022-01-13 23:16:00,508] {processor.py:656} WARNING - No viable dags retrieved from /opt/airflow/dags/raw/raw_sales_diesel.py
[2022-01-13 23:16:00,512] {processor.py:171} INFO - Processing /opt/airflow/dags/raw/raw_sales_diesel.py took 0.053 seconds
[2022-01-13 23:16:30,998] {processor.py:163} INFO - Started process (PID=296) to work on /opt/airflow/dags/raw/raw_sales_diesel.py
[2022-01-13 23:16:31,001] {processor.py:642} INFO - Processing file /opt/airflow/dags/raw/raw_sales_diesel.py for tasks to queue
[2022-01-13 23:16:31,002] {logging_mixin.py:109} INFO - [2022-01-13 23:16:31,002] {dagbag.py:500} INFO - Filling up the DagBag from /opt/airflow/dags/raw/raw_sales_diesel.py
[2022-01-13 23:16:31,003] {logging_mixin.py:109} INFO - [2022-01-13 23:16:31,003] {dagbag.py:308} INFO - File /opt/airflow/dags/raw/raw_sales_diesel.py assumed to contain no DAGs. Skipping.
[2022-01-13 23:16:31,021] {processor.py:656} WARNING - No viable dags retrieved from /opt/airflow/dags/raw/raw_sales_diesel.py
[2022-01-13 23:16:31,025] {processor.py:171} INFO - Processing /opt/airflow/dags/raw/raw_sales_diesel.py took 0.029 seconds
[2022-01-13 23:17:01,403] {processor.py:163} INFO - Started process (PID=323) to work on /opt/airflow/dags/raw/raw_sales_diesel.py
[2022-01-13 23:17:01,405] {processor.py:642} INFO - Processing file /opt/airflow/dags/raw/raw_sales_diesel.py for tasks to queue
[2022-01-13 23:17:01,405] {logging_mixin.py:109} INFO - [2022-01-13 23:17:01,405] {dagbag.py:500} INFO - Filling up the DagBag from /opt/airflow/dags/raw/raw_sales_diesel.py
[2022-01-13 23:17:01,406] {logging_mixin.py:109} INFO - [2022-01-13 23:17:01,406] {dagbag.py:308} INFO - File /opt/airflow/dags/raw/raw_sales_diesel.py assumed to contain no DAGs. Skipping.
[2022-01-13 23:17:01,424] {processor.py:656} WARNING - No viable dags retrieved from /opt/airflow/dags/raw/raw_sales_diesel.py
[2022-01-13 23:17:01,429] {processor.py:171} INFO - Processing /opt/airflow/dags/raw/raw_sales_diesel.py took 0.029 seconds
[2022-01-13 23:27:07,316] {processor.py:163} INFO - Started process (PID=1032) to work on /opt/airflow/dags/raw/raw_sales_diesel.py
[2022-01-13 23:27:07,321] {processor.py:642} INFO - Processing file /opt/airflow/dags/raw/raw_sales_diesel.py for tasks to queue
[2022-01-13 23:27:07,322] {logging_mixin.py:109} INFO - [2022-01-13 23:27:07,322] {dagbag.py:500} INFO - Filling up the DagBag from /opt/airflow/dags/raw/raw_sales_diesel.py
[2022-01-13 23:27:07,324] {logging_mixin.py:109} INFO - [2022-01-13 23:27:07,323] {dagbag.py:334} ERROR - Failed to import: /opt/airflow/dags/raw/raw_sales_diesel.py
Traceback (most recent call last):
  File "/home/airflow/.local/lib/python3.7/site-packages/airflow/models/dagbag.py", line 331, in _load_modules_from_file
    loader.exec_module(new_module)
  File "<frozen importlib._bootstrap_external>", line 724, in exec_module
  File "<frozen importlib._bootstrap_external>", line 860, in get_code
  File "<frozen importlib._bootstrap_external>", line 791, in source_to_code
  File "<frozen importlib._bootstrap>", line 219, in _call_with_frames_removed
  File "/opt/airflow/dags/raw/raw_sales_diesel.py", line 3
    get_pivot_table_totals
                         ^
SyntaxError: invalid syntax
[2022-01-13 23:27:07,343] {processor.py:656} WARNING - No viable dags retrieved from /opt/airflow/dags/raw/raw_sales_diesel.py
[2022-01-13 23:27:07,352] {processor.py:171} INFO - Processing /opt/airflow/dags/raw/raw_sales_diesel.py took 0.039 seconds
[2022-01-13 23:27:37,614] {processor.py:163} INFO - Started process (PID=1079) to work on /opt/airflow/dags/raw/raw_sales_diesel.py
[2022-01-13 23:27:37,616] {processor.py:642} INFO - Processing file /opt/airflow/dags/raw/raw_sales_diesel.py for tasks to queue
[2022-01-13 23:27:37,617] {logging_mixin.py:109} INFO - [2022-01-13 23:27:37,616] {dagbag.py:500} INFO - Filling up the DagBag from /opt/airflow/dags/raw/raw_sales_diesel.py
[2022-01-13 23:27:37,619] {logging_mixin.py:109} INFO - [2022-01-13 23:27:37,618] {dagbag.py:334} ERROR - Failed to import: /opt/airflow/dags/raw/raw_sales_diesel.py
Traceback (most recent call last):
  File "/home/airflow/.local/lib/python3.7/site-packages/airflow/models/dagbag.py", line 331, in _load_modules_from_file
    loader.exec_module(new_module)
  File "<frozen importlib._bootstrap_external>", line 724, in exec_module
  File "<frozen importlib._bootstrap_external>", line 860, in get_code
  File "<frozen importlib._bootstrap_external>", line 791, in source_to_code
  File "<frozen importlib._bootstrap>", line 219, in _call_with_frames_removed
  File "/opt/airflow/dags/raw/raw_sales_diesel.py", line 3
    get_pivot_table_totals
                         ^
SyntaxError: invalid syntax
[2022-01-13 23:27:37,640] {processor.py:656} WARNING - No viable dags retrieved from /opt/airflow/dags/raw/raw_sales_diesel.py
[2022-01-13 23:27:37,667] {processor.py:171} INFO - Processing /opt/airflow/dags/raw/raw_sales_diesel.py took 0.057 seconds
[2022-01-13 23:28:07,716] {processor.py:163} INFO - Started process (PID=1112) to work on /opt/airflow/dags/raw/raw_sales_diesel.py
[2022-01-13 23:28:07,718] {processor.py:642} INFO - Processing file /opt/airflow/dags/raw/raw_sales_diesel.py for tasks to queue
[2022-01-13 23:28:07,718] {logging_mixin.py:109} INFO - [2022-01-13 23:28:07,718] {dagbag.py:500} INFO - Filling up the DagBag from /opt/airflow/dags/raw/raw_sales_diesel.py
[2022-01-13 23:28:07,721] {logging_mixin.py:109} INFO - [2022-01-13 23:28:07,720] {dagbag.py:334} ERROR - Failed to import: /opt/airflow/dags/raw/raw_sales_diesel.py
Traceback (most recent call last):
  File "/home/airflow/.local/lib/python3.7/site-packages/airflow/models/dagbag.py", line 331, in _load_modules_from_file
    loader.exec_module(new_module)
  File "<frozen importlib._bootstrap_external>", line 724, in exec_module
  File "<frozen importlib._bootstrap_external>", line 860, in get_code
  File "<frozen importlib._bootstrap_external>", line 791, in source_to_code
  File "<frozen importlib._bootstrap>", line 219, in _call_with_frames_removed
  File "/opt/airflow/dags/raw/raw_sales_diesel.py", line 3
    get_pivot_table_totals
                         ^
SyntaxError: invalid syntax
[2022-01-13 23:28:07,738] {processor.py:656} WARNING - No viable dags retrieved from /opt/airflow/dags/raw/raw_sales_diesel.py
[2022-01-13 23:28:07,747] {processor.py:171} INFO - Processing /opt/airflow/dags/raw/raw_sales_diesel.py took 0.035 seconds
[2022-01-13 23:28:38,496] {processor.py:163} INFO - Started process (PID=1149) to work on /opt/airflow/dags/raw/raw_sales_diesel.py
[2022-01-13 23:28:38,497] {processor.py:642} INFO - Processing file /opt/airflow/dags/raw/raw_sales_diesel.py for tasks to queue
[2022-01-13 23:28:38,498] {logging_mixin.py:109} INFO - [2022-01-13 23:28:38,498] {dagbag.py:500} INFO - Filling up the DagBag from /opt/airflow/dags/raw/raw_sales_diesel.py
[2022-01-13 23:28:38,500] {logging_mixin.py:109} INFO - [2022-01-13 23:28:38,499] {dagbag.py:334} ERROR - Failed to import: /opt/airflow/dags/raw/raw_sales_diesel.py
Traceback (most recent call last):
  File "/home/airflow/.local/lib/python3.7/site-packages/airflow/models/dagbag.py", line 331, in _load_modules_from_file
    loader.exec_module(new_module)
  File "<frozen importlib._bootstrap_external>", line 724, in exec_module
  File "<frozen importlib._bootstrap_external>", line 860, in get_code
  File "<frozen importlib._bootstrap_external>", line 791, in source_to_code
  File "<frozen importlib._bootstrap>", line 219, in _call_with_frames_removed
  File "/opt/airflow/dags/raw/raw_sales_diesel.py", line 3
    get_pivot_table_totals
                         ^
SyntaxError: invalid syntax
[2022-01-13 23:28:38,542] {processor.py:656} WARNING - No viable dags retrieved from /opt/airflow/dags/raw/raw_sales_diesel.py
[2022-01-13 23:28:38,556] {processor.py:171} INFO - Processing /opt/airflow/dags/raw/raw_sales_diesel.py took 0.064 seconds
[2022-01-13 23:28:56,842] {processor.py:163} INFO - Started process (PID=1167) to work on /opt/airflow/dags/raw/raw_sales_diesel.py
[2022-01-13 23:28:56,849] {processor.py:642} INFO - Processing file /opt/airflow/dags/raw/raw_sales_diesel.py for tasks to queue
[2022-01-13 23:28:56,851] {logging_mixin.py:109} INFO - [2022-01-13 23:28:56,851] {dagbag.py:500} INFO - Filling up the DagBag from /opt/airflow/dags/raw/raw_sales_diesel.py
[2022-01-13 23:28:56,853] {logging_mixin.py:109} INFO - [2022-01-13 23:28:56,853] {dagbag.py:308} INFO - File /opt/airflow/dags/raw/raw_sales_diesel.py assumed to contain no DAGs. Skipping.
[2022-01-13 23:28:56,875] {processor.py:656} WARNING - No viable dags retrieved from /opt/airflow/dags/raw/raw_sales_diesel.py
[2022-01-13 23:28:56,878] {processor.py:171} INFO - Processing /opt/airflow/dags/raw/raw_sales_diesel.py took 0.047 seconds
[2022-01-13 23:29:27,084] {processor.py:163} INFO - Started process (PID=1209) to work on /opt/airflow/dags/raw/raw_sales_diesel.py
[2022-01-13 23:29:27,085] {processor.py:642} INFO - Processing file /opt/airflow/dags/raw/raw_sales_diesel.py for tasks to queue
[2022-01-13 23:29:27,086] {logging_mixin.py:109} INFO - [2022-01-13 23:29:27,086] {dagbag.py:500} INFO - Filling up the DagBag from /opt/airflow/dags/raw/raw_sales_diesel.py
[2022-01-13 23:29:27,087] {logging_mixin.py:109} INFO - [2022-01-13 23:29:27,087] {dagbag.py:308} INFO - File /opt/airflow/dags/raw/raw_sales_diesel.py assumed to contain no DAGs. Skipping.
[2022-01-13 23:29:27,105] {processor.py:656} WARNING - No viable dags retrieved from /opt/airflow/dags/raw/raw_sales_diesel.py
[2022-01-13 23:29:27,108] {processor.py:171} INFO - Processing /opt/airflow/dags/raw/raw_sales_diesel.py took 0.028 seconds
[2022-01-13 23:29:57,389] {processor.py:163} INFO - Started process (PID=1242) to work on /opt/airflow/dags/raw/raw_sales_diesel.py
[2022-01-13 23:29:57,402] {processor.py:642} INFO - Processing file /opt/airflow/dags/raw/raw_sales_diesel.py for tasks to queue
[2022-01-13 23:29:57,403] {logging_mixin.py:109} INFO - [2022-01-13 23:29:57,403] {dagbag.py:500} INFO - Filling up the DagBag from /opt/airflow/dags/raw/raw_sales_diesel.py
[2022-01-13 23:29:57,405] {logging_mixin.py:109} INFO - [2022-01-13 23:29:57,405] {dagbag.py:308} INFO - File /opt/airflow/dags/raw/raw_sales_diesel.py assumed to contain no DAGs. Skipping.
[2022-01-13 23:29:57,441] {processor.py:656} WARNING - No viable dags retrieved from /opt/airflow/dags/raw/raw_sales_diesel.py
[2022-01-13 23:29:57,450] {processor.py:171} INFO - Processing /opt/airflow/dags/raw/raw_sales_diesel.py took 0.066 seconds
[2022-01-13 23:30:27,943] {processor.py:163} INFO - Started process (PID=1274) to work on /opt/airflow/dags/raw/raw_sales_diesel.py
[2022-01-13 23:30:27,944] {processor.py:642} INFO - Processing file /opt/airflow/dags/raw/raw_sales_diesel.py for tasks to queue
[2022-01-13 23:30:27,946] {logging_mixin.py:109} INFO - [2022-01-13 23:30:27,945] {dagbag.py:500} INFO - Filling up the DagBag from /opt/airflow/dags/raw/raw_sales_diesel.py
[2022-01-13 23:30:27,947] {logging_mixin.py:109} INFO - [2022-01-13 23:30:27,947] {dagbag.py:308} INFO - File /opt/airflow/dags/raw/raw_sales_diesel.py assumed to contain no DAGs. Skipping.
[2022-01-13 23:30:27,970] {processor.py:656} WARNING - No viable dags retrieved from /opt/airflow/dags/raw/raw_sales_diesel.py
[2022-01-13 23:30:27,974] {processor.py:171} INFO - Processing /opt/airflow/dags/raw/raw_sales_diesel.py took 0.036 seconds
