[2022-01-14 00:00:16,065] {processor.py:163} INFO - Started process (PID=3274) to work on /opt/airflow/dags/source/vendas-combustiveis-m3.xlsx
[2022-01-14 00:00:16,069] {processor.py:642} INFO - Processing file /opt/airflow/dags/source/vendas-combustiveis-m3.xlsx for tasks to queue
[2022-01-14 00:00:16,070] {logging_mixin.py:109} INFO - [2022-01-14 00:00:16,070] {dagbag.py:500} INFO - Filling up the DagBag from /opt/airflow/dags/source/vendas-combustiveis-m3.xlsx
[2022-01-14 00:00:16,102] {processor.py:656} WARNING - No viable dags retrieved from /opt/airflow/dags/source/vendas-combustiveis-m3.xlsx
[2022-01-14 00:00:16,108] {processor.py:171} INFO - Processing /opt/airflow/dags/source/vendas-combustiveis-m3.xlsx took 0.047 seconds
[2022-01-14 00:00:46,600] {processor.py:163} INFO - Started process (PID=3304) to work on /opt/airflow/dags/source/vendas-combustiveis-m3.xlsx
[2022-01-14 00:00:46,606] {processor.py:642} INFO - Processing file /opt/airflow/dags/source/vendas-combustiveis-m3.xlsx for tasks to queue
[2022-01-14 00:00:46,611] {logging_mixin.py:109} INFO - [2022-01-14 00:00:46,611] {dagbag.py:500} INFO - Filling up the DagBag from /opt/airflow/dags/source/vendas-combustiveis-m3.xlsx
[2022-01-14 00:00:46,700] {processor.py:656} WARNING - No viable dags retrieved from /opt/airflow/dags/source/vendas-combustiveis-m3.xlsx
[2022-01-14 00:00:46,710] {processor.py:171} INFO - Processing /opt/airflow/dags/source/vendas-combustiveis-m3.xlsx took 0.114 seconds
[2022-01-14 00:01:16,798] {processor.py:163} INFO - Started process (PID=3336) to work on /opt/airflow/dags/source/vendas-combustiveis-m3.xlsx
[2022-01-14 00:01:16,810] {processor.py:642} INFO - Processing file /opt/airflow/dags/source/vendas-combustiveis-m3.xlsx for tasks to queue
[2022-01-14 00:01:16,811] {logging_mixin.py:109} INFO - [2022-01-14 00:01:16,811] {dagbag.py:500} INFO - Filling up the DagBag from /opt/airflow/dags/source/vendas-combustiveis-m3.xlsx
[2022-01-14 00:01:16,927] {processor.py:656} WARNING - No viable dags retrieved from /opt/airflow/dags/source/vendas-combustiveis-m3.xlsx
[2022-01-14 00:01:16,935] {processor.py:171} INFO - Processing /opt/airflow/dags/source/vendas-combustiveis-m3.xlsx took 0.181 seconds
[2022-01-14 00:01:47,227] {processor.py:163} INFO - Started process (PID=3366) to work on /opt/airflow/dags/source/vendas-combustiveis-m3.xlsx
[2022-01-14 00:01:47,229] {processor.py:642} INFO - Processing file /opt/airflow/dags/source/vendas-combustiveis-m3.xlsx for tasks to queue
[2022-01-14 00:01:47,237] {logging_mixin.py:109} INFO - [2022-01-14 00:01:47,237] {dagbag.py:500} INFO - Filling up the DagBag from /opt/airflow/dags/source/vendas-combustiveis-m3.xlsx
[2022-01-14 00:01:47,286] {processor.py:656} WARNING - No viable dags retrieved from /opt/airflow/dags/source/vendas-combustiveis-m3.xlsx
[2022-01-14 00:01:47,295] {processor.py:171} INFO - Processing /opt/airflow/dags/source/vendas-combustiveis-m3.xlsx took 0.080 seconds
[2022-01-14 00:02:17,556] {processor.py:163} INFO - Started process (PID=3401) to work on /opt/airflow/dags/source/vendas-combustiveis-m3.xlsx
[2022-01-14 00:02:17,560] {processor.py:642} INFO - Processing file /opt/airflow/dags/source/vendas-combustiveis-m3.xlsx for tasks to queue
[2022-01-14 00:02:17,561] {logging_mixin.py:109} INFO - [2022-01-14 00:02:17,561] {dagbag.py:500} INFO - Filling up the DagBag from /opt/airflow/dags/source/vendas-combustiveis-m3.xlsx
[2022-01-14 00:02:17,608] {processor.py:656} WARNING - No viable dags retrieved from /opt/airflow/dags/source/vendas-combustiveis-m3.xlsx
[2022-01-14 00:02:17,615] {processor.py:171} INFO - Processing /opt/airflow/dags/source/vendas-combustiveis-m3.xlsx took 0.063 seconds
[2022-01-14 00:02:47,988] {processor.py:163} INFO - Started process (PID=3428) to work on /opt/airflow/dags/source/vendas-combustiveis-m3.xlsx
[2022-01-14 00:02:47,990] {processor.py:642} INFO - Processing file /opt/airflow/dags/source/vendas-combustiveis-m3.xlsx for tasks to queue
[2022-01-14 00:02:47,991] {logging_mixin.py:109} INFO - [2022-01-14 00:02:47,991] {dagbag.py:500} INFO - Filling up the DagBag from /opt/airflow/dags/source/vendas-combustiveis-m3.xlsx
[2022-01-14 00:02:48,019] {processor.py:656} WARNING - No viable dags retrieved from /opt/airflow/dags/source/vendas-combustiveis-m3.xlsx
[2022-01-14 00:02:48,023] {processor.py:171} INFO - Processing /opt/airflow/dags/source/vendas-combustiveis-m3.xlsx took 0.046 seconds
[2022-01-14 00:03:18,347] {processor.py:163} INFO - Started process (PID=3460) to work on /opt/airflow/dags/source/vendas-combustiveis-m3.xlsx
[2022-01-14 00:03:18,363] {processor.py:642} INFO - Processing file /opt/airflow/dags/source/vendas-combustiveis-m3.xlsx for tasks to queue
[2022-01-14 00:03:18,368] {logging_mixin.py:109} INFO - [2022-01-14 00:03:18,368] {dagbag.py:500} INFO - Filling up the DagBag from /opt/airflow/dags/source/vendas-combustiveis-m3.xlsx
[2022-01-14 00:03:18,409] {processor.py:656} WARNING - No viable dags retrieved from /opt/airflow/dags/source/vendas-combustiveis-m3.xlsx
[2022-01-14 00:03:18,416] {processor.py:171} INFO - Processing /opt/airflow/dags/source/vendas-combustiveis-m3.xlsx took 0.073 seconds
[2022-01-14 00:03:48,447] {processor.py:163} INFO - Started process (PID=3480) to work on /opt/airflow/dags/source/vendas-combustiveis-m3.xlsx
[2022-01-14 00:03:48,449] {processor.py:642} INFO - Processing file /opt/airflow/dags/source/vendas-combustiveis-m3.xlsx for tasks to queue
[2022-01-14 00:03:48,450] {logging_mixin.py:109} INFO - [2022-01-14 00:03:48,450] {dagbag.py:500} INFO - Filling up the DagBag from /opt/airflow/dags/source/vendas-combustiveis-m3.xlsx
[2022-01-14 00:03:48,474] {processor.py:656} WARNING - No viable dags retrieved from /opt/airflow/dags/source/vendas-combustiveis-m3.xlsx
[2022-01-14 00:03:48,479] {processor.py:171} INFO - Processing /opt/airflow/dags/source/vendas-combustiveis-m3.xlsx took 0.036 seconds
[2022-01-14 00:04:18,794] {processor.py:163} INFO - Started process (PID=3511) to work on /opt/airflow/dags/source/vendas-combustiveis-m3.xlsx
[2022-01-14 00:04:18,799] {processor.py:642} INFO - Processing file /opt/airflow/dags/source/vendas-combustiveis-m3.xlsx for tasks to queue
[2022-01-14 00:04:18,800] {logging_mixin.py:109} INFO - [2022-01-14 00:04:18,800] {dagbag.py:500} INFO - Filling up the DagBag from /opt/airflow/dags/source/vendas-combustiveis-m3.xlsx
[2022-01-14 00:04:18,830] {processor.py:656} WARNING - No viable dags retrieved from /opt/airflow/dags/source/vendas-combustiveis-m3.xlsx
[2022-01-14 00:04:18,837] {processor.py:171} INFO - Processing /opt/airflow/dags/source/vendas-combustiveis-m3.xlsx took 0.047 seconds
[2022-01-14 00:04:49,253] {processor.py:163} INFO - Started process (PID=3543) to work on /opt/airflow/dags/source/vendas-combustiveis-m3.xlsx
[2022-01-14 00:04:49,254] {processor.py:642} INFO - Processing file /opt/airflow/dags/source/vendas-combustiveis-m3.xlsx for tasks to queue
[2022-01-14 00:04:49,255] {logging_mixin.py:109} INFO - [2022-01-14 00:04:49,255] {dagbag.py:500} INFO - Filling up the DagBag from /opt/airflow/dags/source/vendas-combustiveis-m3.xlsx
[2022-01-14 00:04:49,284] {processor.py:656} WARNING - No viable dags retrieved from /opt/airflow/dags/source/vendas-combustiveis-m3.xlsx
[2022-01-14 00:04:49,290] {processor.py:171} INFO - Processing /opt/airflow/dags/source/vendas-combustiveis-m3.xlsx took 0.054 seconds
[2022-01-14 00:05:20,159] {processor.py:163} INFO - Started process (PID=3580) to work on /opt/airflow/dags/source/vendas-combustiveis-m3.xlsx
[2022-01-14 00:05:20,164] {processor.py:642} INFO - Processing file /opt/airflow/dags/source/vendas-combustiveis-m3.xlsx for tasks to queue
[2022-01-14 00:05:20,166] {logging_mixin.py:109} INFO - [2022-01-14 00:05:20,165] {dagbag.py:500} INFO - Filling up the DagBag from /opt/airflow/dags/source/vendas-combustiveis-m3.xlsx
[2022-01-14 00:05:20,221] {processor.py:656} WARNING - No viable dags retrieved from /opt/airflow/dags/source/vendas-combustiveis-m3.xlsx
[2022-01-14 00:05:20,234] {processor.py:171} INFO - Processing /opt/airflow/dags/source/vendas-combustiveis-m3.xlsx took 0.084 seconds
[2022-01-14 00:05:50,364] {processor.py:163} INFO - Started process (PID=3616) to work on /opt/airflow/dags/source/vendas-combustiveis-m3.xlsx
[2022-01-14 00:05:50,365] {processor.py:642} INFO - Processing file /opt/airflow/dags/source/vendas-combustiveis-m3.xlsx for tasks to queue
[2022-01-14 00:05:50,366] {logging_mixin.py:109} INFO - [2022-01-14 00:05:50,366] {dagbag.py:500} INFO - Filling up the DagBag from /opt/airflow/dags/source/vendas-combustiveis-m3.xlsx
[2022-01-14 00:05:50,388] {processor.py:656} WARNING - No viable dags retrieved from /opt/airflow/dags/source/vendas-combustiveis-m3.xlsx
[2022-01-14 00:05:50,393] {processor.py:171} INFO - Processing /opt/airflow/dags/source/vendas-combustiveis-m3.xlsx took 0.032 seconds
[2022-01-14 00:06:20,426] {processor.py:163} INFO - Started process (PID=3649) to work on /opt/airflow/dags/source/vendas-combustiveis-m3.xlsx
[2022-01-14 00:06:20,439] {processor.py:642} INFO - Processing file /opt/airflow/dags/source/vendas-combustiveis-m3.xlsx for tasks to queue
[2022-01-14 00:06:20,439] {logging_mixin.py:109} INFO - [2022-01-14 00:06:20,439] {dagbag.py:500} INFO - Filling up the DagBag from /opt/airflow/dags/source/vendas-combustiveis-m3.xlsx
[2022-01-14 00:06:20,484] {processor.py:656} WARNING - No viable dags retrieved from /opt/airflow/dags/source/vendas-combustiveis-m3.xlsx
[2022-01-14 00:06:20,488] {processor.py:171} INFO - Processing /opt/airflow/dags/source/vendas-combustiveis-m3.xlsx took 0.066 seconds
[2022-01-14 00:06:50,601] {processor.py:163} INFO - Started process (PID=3679) to work on /opt/airflow/dags/source/vendas-combustiveis-m3.xlsx
[2022-01-14 00:06:50,603] {processor.py:642} INFO - Processing file /opt/airflow/dags/source/vendas-combustiveis-m3.xlsx for tasks to queue
[2022-01-14 00:06:50,604] {logging_mixin.py:109} INFO - [2022-01-14 00:06:50,604] {dagbag.py:500} INFO - Filling up the DagBag from /opt/airflow/dags/source/vendas-combustiveis-m3.xlsx
[2022-01-14 00:06:50,643] {processor.py:656} WARNING - No viable dags retrieved from /opt/airflow/dags/source/vendas-combustiveis-m3.xlsx
[2022-01-14 00:06:50,650] {processor.py:171} INFO - Processing /opt/airflow/dags/source/vendas-combustiveis-m3.xlsx took 0.055 seconds
[2022-01-14 00:07:21,092] {processor.py:163} INFO - Started process (PID=3728) to work on /opt/airflow/dags/source/vendas-combustiveis-m3.xlsx
[2022-01-14 00:07:21,097] {processor.py:642} INFO - Processing file /opt/airflow/dags/source/vendas-combustiveis-m3.xlsx for tasks to queue
[2022-01-14 00:07:21,098] {logging_mixin.py:109} INFO - [2022-01-14 00:07:21,098] {dagbag.py:500} INFO - Filling up the DagBag from /opt/airflow/dags/source/vendas-combustiveis-m3.xlsx
[2022-01-14 00:07:21,121] {processor.py:656} WARNING - No viable dags retrieved from /opt/airflow/dags/source/vendas-combustiveis-m3.xlsx
[2022-01-14 00:07:21,126] {processor.py:171} INFO - Processing /opt/airflow/dags/source/vendas-combustiveis-m3.xlsx took 0.037 seconds
[2022-01-14 00:07:51,359] {processor.py:163} INFO - Started process (PID=3760) to work on /opt/airflow/dags/source/vendas-combustiveis-m3.xlsx
[2022-01-14 00:07:51,361] {processor.py:642} INFO - Processing file /opt/airflow/dags/source/vendas-combustiveis-m3.xlsx for tasks to queue
[2022-01-14 00:07:51,361] {logging_mixin.py:109} INFO - [2022-01-14 00:07:51,361] {dagbag.py:500} INFO - Filling up the DagBag from /opt/airflow/dags/source/vendas-combustiveis-m3.xlsx
[2022-01-14 00:07:51,381] {processor.py:656} WARNING - No viable dags retrieved from /opt/airflow/dags/source/vendas-combustiveis-m3.xlsx
[2022-01-14 00:07:51,386] {processor.py:171} INFO - Processing /opt/airflow/dags/source/vendas-combustiveis-m3.xlsx took 0.029 seconds
[2022-01-14 00:08:21,588] {processor.py:163} INFO - Started process (PID=3792) to work on /opt/airflow/dags/source/vendas-combustiveis-m3.xlsx
[2022-01-14 00:08:21,591] {processor.py:642} INFO - Processing file /opt/airflow/dags/source/vendas-combustiveis-m3.xlsx for tasks to queue
[2022-01-14 00:08:21,592] {logging_mixin.py:109} INFO - [2022-01-14 00:08:21,592] {dagbag.py:500} INFO - Filling up the DagBag from /opt/airflow/dags/source/vendas-combustiveis-m3.xlsx
[2022-01-14 00:08:21,642] {processor.py:656} WARNING - No viable dags retrieved from /opt/airflow/dags/source/vendas-combustiveis-m3.xlsx
[2022-01-14 00:08:21,649] {processor.py:171} INFO - Processing /opt/airflow/dags/source/vendas-combustiveis-m3.xlsx took 0.078 seconds
[2022-01-14 00:08:51,815] {processor.py:163} INFO - Started process (PID=3824) to work on /opt/airflow/dags/source/vendas-combustiveis-m3.xlsx
[2022-01-14 00:08:51,821] {processor.py:642} INFO - Processing file /opt/airflow/dags/source/vendas-combustiveis-m3.xlsx for tasks to queue
[2022-01-14 00:08:51,823] {logging_mixin.py:109} INFO - [2022-01-14 00:08:51,823] {dagbag.py:500} INFO - Filling up the DagBag from /opt/airflow/dags/source/vendas-combustiveis-m3.xlsx
[2022-01-14 00:08:51,865] {processor.py:656} WARNING - No viable dags retrieved from /opt/airflow/dags/source/vendas-combustiveis-m3.xlsx
[2022-01-14 00:08:51,870] {processor.py:171} INFO - Processing /opt/airflow/dags/source/vendas-combustiveis-m3.xlsx took 0.068 seconds
[2022-01-14 00:09:21,936] {processor.py:163} INFO - Started process (PID=3871) to work on /opt/airflow/dags/source/vendas-combustiveis-m3.xlsx
[2022-01-14 00:09:21,939] {processor.py:642} INFO - Processing file /opt/airflow/dags/source/vendas-combustiveis-m3.xlsx for tasks to queue
[2022-01-14 00:09:21,940] {logging_mixin.py:109} INFO - [2022-01-14 00:09:21,940] {dagbag.py:500} INFO - Filling up the DagBag from /opt/airflow/dags/source/vendas-combustiveis-m3.xlsx
[2022-01-14 00:09:21,957] {processor.py:656} WARNING - No viable dags retrieved from /opt/airflow/dags/source/vendas-combustiveis-m3.xlsx
[2022-01-14 00:09:21,960] {processor.py:171} INFO - Processing /opt/airflow/dags/source/vendas-combustiveis-m3.xlsx took 0.027 seconds
[2022-01-14 00:09:52,214] {processor.py:163} INFO - Started process (PID=3903) to work on /opt/airflow/dags/source/vendas-combustiveis-m3.xlsx
[2022-01-14 00:09:52,216] {processor.py:642} INFO - Processing file /opt/airflow/dags/source/vendas-combustiveis-m3.xlsx for tasks to queue
[2022-01-14 00:09:52,217] {logging_mixin.py:109} INFO - [2022-01-14 00:09:52,216] {dagbag.py:500} INFO - Filling up the DagBag from /opt/airflow/dags/source/vendas-combustiveis-m3.xlsx
[2022-01-14 00:09:52,240] {processor.py:656} WARNING - No viable dags retrieved from /opt/airflow/dags/source/vendas-combustiveis-m3.xlsx
[2022-01-14 00:09:52,244] {processor.py:171} INFO - Processing /opt/airflow/dags/source/vendas-combustiveis-m3.xlsx took 0.034 seconds
[2022-01-14 00:10:22,448] {processor.py:163} INFO - Started process (PID=3934) to work on /opt/airflow/dags/source/vendas-combustiveis-m3.xlsx
[2022-01-14 00:10:22,453] {processor.py:642} INFO - Processing file /opt/airflow/dags/source/vendas-combustiveis-m3.xlsx for tasks to queue
[2022-01-14 00:10:22,454] {logging_mixin.py:109} INFO - [2022-01-14 00:10:22,454] {dagbag.py:500} INFO - Filling up the DagBag from /opt/airflow/dags/source/vendas-combustiveis-m3.xlsx
[2022-01-14 00:10:22,471] {processor.py:656} WARNING - No viable dags retrieved from /opt/airflow/dags/source/vendas-combustiveis-m3.xlsx
[2022-01-14 00:10:22,474] {processor.py:171} INFO - Processing /opt/airflow/dags/source/vendas-combustiveis-m3.xlsx took 0.030 seconds
[2022-01-14 00:10:52,702] {processor.py:163} INFO - Started process (PID=3960) to work on /opt/airflow/dags/source/vendas-combustiveis-m3.xlsx
[2022-01-14 00:10:52,703] {processor.py:642} INFO - Processing file /opt/airflow/dags/source/vendas-combustiveis-m3.xlsx for tasks to queue
[2022-01-14 00:10:52,704] {logging_mixin.py:109} INFO - [2022-01-14 00:10:52,704] {dagbag.py:500} INFO - Filling up the DagBag from /opt/airflow/dags/source/vendas-combustiveis-m3.xlsx
[2022-01-14 00:10:52,730] {processor.py:656} WARNING - No viable dags retrieved from /opt/airflow/dags/source/vendas-combustiveis-m3.xlsx
[2022-01-14 00:10:52,736] {processor.py:171} INFO - Processing /opt/airflow/dags/source/vendas-combustiveis-m3.xlsx took 0.038 seconds
[2022-01-14 00:11:22,826] {processor.py:163} INFO - Started process (PID=3990) to work on /opt/airflow/dags/source/vendas-combustiveis-m3.xlsx
[2022-01-14 00:11:22,830] {processor.py:642} INFO - Processing file /opt/airflow/dags/source/vendas-combustiveis-m3.xlsx for tasks to queue
[2022-01-14 00:11:22,832] {logging_mixin.py:109} INFO - [2022-01-14 00:11:22,832] {dagbag.py:500} INFO - Filling up the DagBag from /opt/airflow/dags/source/vendas-combustiveis-m3.xlsx
[2022-01-14 00:11:22,865] {processor.py:656} WARNING - No viable dags retrieved from /opt/airflow/dags/source/vendas-combustiveis-m3.xlsx
[2022-01-14 00:11:22,868] {processor.py:171} INFO - Processing /opt/airflow/dags/source/vendas-combustiveis-m3.xlsx took 0.052 seconds
[2022-01-14 00:11:52,948] {processor.py:163} INFO - Started process (PID=4032) to work on /opt/airflow/dags/source/vendas-combustiveis-m3.xlsx
[2022-01-14 00:11:52,949] {processor.py:642} INFO - Processing file /opt/airflow/dags/source/vendas-combustiveis-m3.xlsx for tasks to queue
[2022-01-14 00:11:52,950] {logging_mixin.py:109} INFO - [2022-01-14 00:11:52,950] {dagbag.py:500} INFO - Filling up the DagBag from /opt/airflow/dags/source/vendas-combustiveis-m3.xlsx
[2022-01-14 00:11:52,974] {processor.py:656} WARNING - No viable dags retrieved from /opt/airflow/dags/source/vendas-combustiveis-m3.xlsx
[2022-01-14 00:11:52,983] {processor.py:171} INFO - Processing /opt/airflow/dags/source/vendas-combustiveis-m3.xlsx took 0.040 seconds
[2022-01-14 00:12:23,270] {processor.py:163} INFO - Started process (PID=4065) to work on /opt/airflow/dags/source/vendas-combustiveis-m3.xlsx
[2022-01-14 00:12:23,272] {processor.py:642} INFO - Processing file /opt/airflow/dags/source/vendas-combustiveis-m3.xlsx for tasks to queue
[2022-01-14 00:12:23,273] {logging_mixin.py:109} INFO - [2022-01-14 00:12:23,273] {dagbag.py:500} INFO - Filling up the DagBag from /opt/airflow/dags/source/vendas-combustiveis-m3.xlsx
[2022-01-14 00:12:23,293] {processor.py:656} WARNING - No viable dags retrieved from /opt/airflow/dags/source/vendas-combustiveis-m3.xlsx
[2022-01-14 00:12:23,296] {processor.py:171} INFO - Processing /opt/airflow/dags/source/vendas-combustiveis-m3.xlsx took 0.030 seconds
[2022-01-14 00:12:53,315] {processor.py:163} INFO - Started process (PID=4097) to work on /opt/airflow/dags/source/vendas-combustiveis-m3.xlsx
[2022-01-14 00:12:53,317] {processor.py:642} INFO - Processing file /opt/airflow/dags/source/vendas-combustiveis-m3.xlsx for tasks to queue
[2022-01-14 00:12:53,318] {logging_mixin.py:109} INFO - [2022-01-14 00:12:53,317] {dagbag.py:500} INFO - Filling up the DagBag from /opt/airflow/dags/source/vendas-combustiveis-m3.xlsx
[2022-01-14 00:12:53,348] {processor.py:656} WARNING - No viable dags retrieved from /opt/airflow/dags/source/vendas-combustiveis-m3.xlsx
[2022-01-14 00:12:53,358] {processor.py:171} INFO - Processing /opt/airflow/dags/source/vendas-combustiveis-m3.xlsx took 0.048 seconds
[2022-01-14 00:13:23,634] {processor.py:163} INFO - Started process (PID=4134) to work on /opt/airflow/dags/source/vendas-combustiveis-m3.xlsx
[2022-01-14 00:13:23,637] {processor.py:642} INFO - Processing file /opt/airflow/dags/source/vendas-combustiveis-m3.xlsx for tasks to queue
[2022-01-14 00:13:23,638] {logging_mixin.py:109} INFO - [2022-01-14 00:13:23,638] {dagbag.py:500} INFO - Filling up the DagBag from /opt/airflow/dags/source/vendas-combustiveis-m3.xlsx
[2022-01-14 00:13:23,661] {processor.py:656} WARNING - No viable dags retrieved from /opt/airflow/dags/source/vendas-combustiveis-m3.xlsx
[2022-01-14 00:13:23,665] {processor.py:171} INFO - Processing /opt/airflow/dags/source/vendas-combustiveis-m3.xlsx took 0.035 seconds
[2022-01-14 00:13:53,818] {processor.py:163} INFO - Started process (PID=4173) to work on /opt/airflow/dags/source/vendas-combustiveis-m3.xlsx
[2022-01-14 00:13:53,820] {processor.py:642} INFO - Processing file /opt/airflow/dags/source/vendas-combustiveis-m3.xlsx for tasks to queue
[2022-01-14 00:13:53,822] {logging_mixin.py:109} INFO - [2022-01-14 00:13:53,821] {dagbag.py:500} INFO - Filling up the DagBag from /opt/airflow/dags/source/vendas-combustiveis-m3.xlsx
[2022-01-14 00:13:53,849] {processor.py:656} WARNING - No viable dags retrieved from /opt/airflow/dags/source/vendas-combustiveis-m3.xlsx
[2022-01-14 00:13:53,855] {processor.py:171} INFO - Processing /opt/airflow/dags/source/vendas-combustiveis-m3.xlsx took 0.041 seconds
[2022-01-14 00:14:24,099] {processor.py:163} INFO - Started process (PID=4200) to work on /opt/airflow/dags/source/vendas-combustiveis-m3.xlsx
[2022-01-14 00:14:24,104] {processor.py:642} INFO - Processing file /opt/airflow/dags/source/vendas-combustiveis-m3.xlsx for tasks to queue
[2022-01-14 00:14:24,105] {logging_mixin.py:109} INFO - [2022-01-14 00:14:24,105] {dagbag.py:500} INFO - Filling up the DagBag from /opt/airflow/dags/source/vendas-combustiveis-m3.xlsx
[2022-01-14 00:14:24,182] {processor.py:656} WARNING - No viable dags retrieved from /opt/airflow/dags/source/vendas-combustiveis-m3.xlsx
[2022-01-14 00:14:24,187] {processor.py:171} INFO - Processing /opt/airflow/dags/source/vendas-combustiveis-m3.xlsx took 0.092 seconds
[2022-01-14 00:14:54,401] {processor.py:163} INFO - Started process (PID=4229) to work on /opt/airflow/dags/source/vendas-combustiveis-m3.xlsx
[2022-01-14 00:14:54,404] {processor.py:642} INFO - Processing file /opt/airflow/dags/source/vendas-combustiveis-m3.xlsx for tasks to queue
[2022-01-14 00:14:54,405] {logging_mixin.py:109} INFO - [2022-01-14 00:14:54,405] {dagbag.py:500} INFO - Filling up the DagBag from /opt/airflow/dags/source/vendas-combustiveis-m3.xlsx
[2022-01-14 00:14:54,448] {processor.py:656} WARNING - No viable dags retrieved from /opt/airflow/dags/source/vendas-combustiveis-m3.xlsx
[2022-01-14 00:14:54,453] {processor.py:171} INFO - Processing /opt/airflow/dags/source/vendas-combustiveis-m3.xlsx took 0.057 seconds
[2022-01-14 00:15:24,652] {processor.py:163} INFO - Started process (PID=4264) to work on /opt/airflow/dags/source/vendas-combustiveis-m3.xlsx
[2022-01-14 00:15:24,657] {processor.py:642} INFO - Processing file /opt/airflow/dags/source/vendas-combustiveis-m3.xlsx for tasks to queue
[2022-01-14 00:15:24,658] {logging_mixin.py:109} INFO - [2022-01-14 00:15:24,658] {dagbag.py:500} INFO - Filling up the DagBag from /opt/airflow/dags/source/vendas-combustiveis-m3.xlsx
[2022-01-14 00:15:24,691] {processor.py:656} WARNING - No viable dags retrieved from /opt/airflow/dags/source/vendas-combustiveis-m3.xlsx
[2022-01-14 00:15:24,696] {processor.py:171} INFO - Processing /opt/airflow/dags/source/vendas-combustiveis-m3.xlsx took 0.054 seconds
[2022-01-14 00:15:55,110] {processor.py:163} INFO - Started process (PID=4298) to work on /opt/airflow/dags/source/vendas-combustiveis-m3.xlsx
[2022-01-14 00:15:55,112] {processor.py:642} INFO - Processing file /opt/airflow/dags/source/vendas-combustiveis-m3.xlsx for tasks to queue
[2022-01-14 00:15:55,114] {logging_mixin.py:109} INFO - [2022-01-14 00:15:55,113] {dagbag.py:500} INFO - Filling up the DagBag from /opt/airflow/dags/source/vendas-combustiveis-m3.xlsx
[2022-01-14 00:15:55,139] {processor.py:656} WARNING - No viable dags retrieved from /opt/airflow/dags/source/vendas-combustiveis-m3.xlsx
[2022-01-14 00:15:55,143] {processor.py:171} INFO - Processing /opt/airflow/dags/source/vendas-combustiveis-m3.xlsx took 0.037 seconds
[2022-01-14 00:16:25,624] {processor.py:163} INFO - Started process (PID=4330) to work on /opt/airflow/dags/source/vendas-combustiveis-m3.xlsx
[2022-01-14 00:16:25,629] {processor.py:642} INFO - Processing file /opt/airflow/dags/source/vendas-combustiveis-m3.xlsx for tasks to queue
[2022-01-14 00:16:25,630] {logging_mixin.py:109} INFO - [2022-01-14 00:16:25,630] {dagbag.py:500} INFO - Filling up the DagBag from /opt/airflow/dags/source/vendas-combustiveis-m3.xlsx
[2022-01-14 00:16:25,657] {processor.py:656} WARNING - No viable dags retrieved from /opt/airflow/dags/source/vendas-combustiveis-m3.xlsx
[2022-01-14 00:16:25,664] {processor.py:171} INFO - Processing /opt/airflow/dags/source/vendas-combustiveis-m3.xlsx took 0.044 seconds
[2022-01-14 00:16:55,770] {processor.py:163} INFO - Started process (PID=4360) to work on /opt/airflow/dags/source/vendas-combustiveis-m3.xlsx
[2022-01-14 00:16:55,775] {processor.py:642} INFO - Processing file /opt/airflow/dags/source/vendas-combustiveis-m3.xlsx for tasks to queue
[2022-01-14 00:16:55,775] {logging_mixin.py:109} INFO - [2022-01-14 00:16:55,775] {dagbag.py:500} INFO - Filling up the DagBag from /opt/airflow/dags/source/vendas-combustiveis-m3.xlsx
[2022-01-14 00:16:55,809] {processor.py:656} WARNING - No viable dags retrieved from /opt/airflow/dags/source/vendas-combustiveis-m3.xlsx
[2022-01-14 00:16:55,819] {processor.py:171} INFO - Processing /opt/airflow/dags/source/vendas-combustiveis-m3.xlsx took 0.052 seconds
[2022-01-14 00:17:26,060] {processor.py:163} INFO - Started process (PID=4390) to work on /opt/airflow/dags/source/vendas-combustiveis-m3.xlsx
[2022-01-14 00:17:26,064] {processor.py:642} INFO - Processing file /opt/airflow/dags/source/vendas-combustiveis-m3.xlsx for tasks to queue
[2022-01-14 00:17:26,065] {logging_mixin.py:109} INFO - [2022-01-14 00:17:26,065] {dagbag.py:500} INFO - Filling up the DagBag from /opt/airflow/dags/source/vendas-combustiveis-m3.xlsx
[2022-01-14 00:17:26,099] {processor.py:656} WARNING - No viable dags retrieved from /opt/airflow/dags/source/vendas-combustiveis-m3.xlsx
[2022-01-14 00:17:26,103] {processor.py:171} INFO - Processing /opt/airflow/dags/source/vendas-combustiveis-m3.xlsx took 0.047 seconds
[2022-01-14 00:17:56,364] {processor.py:163} INFO - Started process (PID=4421) to work on /opt/airflow/dags/source/vendas-combustiveis-m3.xlsx
[2022-01-14 00:17:56,366] {processor.py:642} INFO - Processing file /opt/airflow/dags/source/vendas-combustiveis-m3.xlsx for tasks to queue
[2022-01-14 00:17:56,367] {logging_mixin.py:109} INFO - [2022-01-14 00:17:56,367] {dagbag.py:500} INFO - Filling up the DagBag from /opt/airflow/dags/source/vendas-combustiveis-m3.xlsx
[2022-01-14 00:17:56,403] {processor.py:656} WARNING - No viable dags retrieved from /opt/airflow/dags/source/vendas-combustiveis-m3.xlsx
[2022-01-14 00:17:56,408] {processor.py:171} INFO - Processing /opt/airflow/dags/source/vendas-combustiveis-m3.xlsx took 0.048 seconds
[2022-01-14 00:18:26,630] {processor.py:163} INFO - Started process (PID=4454) to work on /opt/airflow/dags/source/vendas-combustiveis-m3.xlsx
[2022-01-14 00:18:26,633] {processor.py:642} INFO - Processing file /opt/airflow/dags/source/vendas-combustiveis-m3.xlsx for tasks to queue
[2022-01-14 00:18:26,634] {logging_mixin.py:109} INFO - [2022-01-14 00:18:26,634] {dagbag.py:500} INFO - Filling up the DagBag from /opt/airflow/dags/source/vendas-combustiveis-m3.xlsx
[2022-01-14 00:18:26,672] {processor.py:656} WARNING - No viable dags retrieved from /opt/airflow/dags/source/vendas-combustiveis-m3.xlsx
[2022-01-14 00:18:26,677] {processor.py:171} INFO - Processing /opt/airflow/dags/source/vendas-combustiveis-m3.xlsx took 0.051 seconds
[2022-01-14 00:18:57,283] {processor.py:163} INFO - Started process (PID=4489) to work on /opt/airflow/dags/source/vendas-combustiveis-m3.xlsx
[2022-01-14 00:18:57,285] {processor.py:642} INFO - Processing file /opt/airflow/dags/source/vendas-combustiveis-m3.xlsx for tasks to queue
[2022-01-14 00:18:57,286] {logging_mixin.py:109} INFO - [2022-01-14 00:18:57,286] {dagbag.py:500} INFO - Filling up the DagBag from /opt/airflow/dags/source/vendas-combustiveis-m3.xlsx
[2022-01-14 00:18:57,311] {processor.py:656} WARNING - No viable dags retrieved from /opt/airflow/dags/source/vendas-combustiveis-m3.xlsx
[2022-01-14 00:18:57,315] {processor.py:171} INFO - Processing /opt/airflow/dags/source/vendas-combustiveis-m3.xlsx took 0.036 seconds
[2022-01-14 00:19:27,414] {processor.py:163} INFO - Started process (PID=4529) to work on /opt/airflow/dags/source/vendas-combustiveis-m3.xlsx
[2022-01-14 00:19:27,415] {processor.py:642} INFO - Processing file /opt/airflow/dags/source/vendas-combustiveis-m3.xlsx for tasks to queue
[2022-01-14 00:19:27,416] {logging_mixin.py:109} INFO - [2022-01-14 00:19:27,416] {dagbag.py:500} INFO - Filling up the DagBag from /opt/airflow/dags/source/vendas-combustiveis-m3.xlsx
[2022-01-14 00:19:27,439] {processor.py:656} WARNING - No viable dags retrieved from /opt/airflow/dags/source/vendas-combustiveis-m3.xlsx
[2022-01-14 00:19:27,442] {processor.py:171} INFO - Processing /opt/airflow/dags/source/vendas-combustiveis-m3.xlsx took 0.032 seconds
[2022-01-14 00:19:57,577] {processor.py:163} INFO - Started process (PID=4573) to work on /opt/airflow/dags/source/vendas-combustiveis-m3.xlsx
[2022-01-14 00:19:57,578] {processor.py:642} INFO - Processing file /opt/airflow/dags/source/vendas-combustiveis-m3.xlsx for tasks to queue
[2022-01-14 00:19:57,579] {logging_mixin.py:109} INFO - [2022-01-14 00:19:57,579] {dagbag.py:500} INFO - Filling up the DagBag from /opt/airflow/dags/source/vendas-combustiveis-m3.xlsx
[2022-01-14 00:19:57,598] {processor.py:656} WARNING - No viable dags retrieved from /opt/airflow/dags/source/vendas-combustiveis-m3.xlsx
[2022-01-14 00:19:57,602] {processor.py:171} INFO - Processing /opt/airflow/dags/source/vendas-combustiveis-m3.xlsx took 0.029 seconds
[2022-01-14 00:20:27,848] {processor.py:163} INFO - Started process (PID=4605) to work on /opt/airflow/dags/source/vendas-combustiveis-m3.xlsx
[2022-01-14 00:20:27,860] {processor.py:642} INFO - Processing file /opt/airflow/dags/source/vendas-combustiveis-m3.xlsx for tasks to queue
[2022-01-14 00:20:27,861] {logging_mixin.py:109} INFO - [2022-01-14 00:20:27,861] {dagbag.py:500} INFO - Filling up the DagBag from /opt/airflow/dags/source/vendas-combustiveis-m3.xlsx
[2022-01-14 00:20:27,895] {processor.py:656} WARNING - No viable dags retrieved from /opt/airflow/dags/source/vendas-combustiveis-m3.xlsx
[2022-01-14 00:20:27,901] {processor.py:171} INFO - Processing /opt/airflow/dags/source/vendas-combustiveis-m3.xlsx took 0.061 seconds
[2022-01-14 00:20:58,115] {processor.py:163} INFO - Started process (PID=4636) to work on /opt/airflow/dags/source/vendas-combustiveis-m3.xlsx
[2022-01-14 00:20:58,117] {processor.py:642} INFO - Processing file /opt/airflow/dags/source/vendas-combustiveis-m3.xlsx for tasks to queue
[2022-01-14 00:20:58,117] {logging_mixin.py:109} INFO - [2022-01-14 00:20:58,117] {dagbag.py:500} INFO - Filling up the DagBag from /opt/airflow/dags/source/vendas-combustiveis-m3.xlsx
[2022-01-14 00:20:58,142] {processor.py:656} WARNING - No viable dags retrieved from /opt/airflow/dags/source/vendas-combustiveis-m3.xlsx
[2022-01-14 00:20:58,146] {processor.py:171} INFO - Processing /opt/airflow/dags/source/vendas-combustiveis-m3.xlsx took 0.033 seconds
[2022-01-14 00:21:28,378] {processor.py:163} INFO - Started process (PID=4661) to work on /opt/airflow/dags/source/vendas-combustiveis-m3.xlsx
[2022-01-14 00:21:28,383] {processor.py:642} INFO - Processing file /opt/airflow/dags/source/vendas-combustiveis-m3.xlsx for tasks to queue
[2022-01-14 00:21:28,384] {logging_mixin.py:109} INFO - [2022-01-14 00:21:28,384] {dagbag.py:500} INFO - Filling up the DagBag from /opt/airflow/dags/source/vendas-combustiveis-m3.xlsx
[2022-01-14 00:21:28,417] {processor.py:656} WARNING - No viable dags retrieved from /opt/airflow/dags/source/vendas-combustiveis-m3.xlsx
[2022-01-14 00:21:28,422] {processor.py:171} INFO - Processing /opt/airflow/dags/source/vendas-combustiveis-m3.xlsx took 0.050 seconds
[2022-01-14 00:21:58,704] {processor.py:163} INFO - Started process (PID=4693) to work on /opt/airflow/dags/source/vendas-combustiveis-m3.xlsx
[2022-01-14 00:21:58,706] {processor.py:642} INFO - Processing file /opt/airflow/dags/source/vendas-combustiveis-m3.xlsx for tasks to queue
[2022-01-14 00:21:58,707] {logging_mixin.py:109} INFO - [2022-01-14 00:21:58,707] {dagbag.py:500} INFO - Filling up the DagBag from /opt/airflow/dags/source/vendas-combustiveis-m3.xlsx
[2022-01-14 00:21:58,730] {processor.py:656} WARNING - No viable dags retrieved from /opt/airflow/dags/source/vendas-combustiveis-m3.xlsx
[2022-01-14 00:21:58,735] {processor.py:171} INFO - Processing /opt/airflow/dags/source/vendas-combustiveis-m3.xlsx took 0.037 seconds
[2022-01-14 00:22:29,038] {processor.py:163} INFO - Started process (PID=4727) to work on /opt/airflow/dags/source/vendas-combustiveis-m3.xlsx
[2022-01-14 00:22:29,046] {processor.py:642} INFO - Processing file /opt/airflow/dags/source/vendas-combustiveis-m3.xlsx for tasks to queue
[2022-01-14 00:22:29,048] {logging_mixin.py:109} INFO - [2022-01-14 00:22:29,048] {dagbag.py:500} INFO - Filling up the DagBag from /opt/airflow/dags/source/vendas-combustiveis-m3.xlsx
[2022-01-14 00:22:29,077] {processor.py:656} WARNING - No viable dags retrieved from /opt/airflow/dags/source/vendas-combustiveis-m3.xlsx
[2022-01-14 00:22:29,081] {processor.py:171} INFO - Processing /opt/airflow/dags/source/vendas-combustiveis-m3.xlsx took 0.052 seconds
[2022-01-14 00:22:59,380] {processor.py:163} INFO - Started process (PID=4766) to work on /opt/airflow/dags/source/vendas-combustiveis-m3.xlsx
[2022-01-14 00:22:59,389] {processor.py:642} INFO - Processing file /opt/airflow/dags/source/vendas-combustiveis-m3.xlsx for tasks to queue
[2022-01-14 00:22:59,391] {logging_mixin.py:109} INFO - [2022-01-14 00:22:59,391] {dagbag.py:500} INFO - Filling up the DagBag from /opt/airflow/dags/source/vendas-combustiveis-m3.xlsx
[2022-01-14 00:22:59,443] {processor.py:656} WARNING - No viable dags retrieved from /opt/airflow/dags/source/vendas-combustiveis-m3.xlsx
[2022-01-14 00:22:59,448] {processor.py:171} INFO - Processing /opt/airflow/dags/source/vendas-combustiveis-m3.xlsx took 0.081 seconds
[2022-01-14 00:23:29,963] {processor.py:163} INFO - Started process (PID=4812) to work on /opt/airflow/dags/source/vendas-combustiveis-m3.xlsx
[2022-01-14 00:23:29,971] {processor.py:642} INFO - Processing file /opt/airflow/dags/source/vendas-combustiveis-m3.xlsx for tasks to queue
[2022-01-14 00:23:29,971] {logging_mixin.py:109} INFO - [2022-01-14 00:23:29,971] {dagbag.py:500} INFO - Filling up the DagBag from /opt/airflow/dags/source/vendas-combustiveis-m3.xlsx
[2022-01-14 00:23:30,008] {processor.py:656} WARNING - No viable dags retrieved from /opt/airflow/dags/source/vendas-combustiveis-m3.xlsx
[2022-01-14 00:23:30,015] {processor.py:171} INFO - Processing /opt/airflow/dags/source/vendas-combustiveis-m3.xlsx took 0.056 seconds
[2022-01-14 00:24:00,204] {processor.py:163} INFO - Started process (PID=4842) to work on /opt/airflow/dags/source/vendas-combustiveis-m3.xlsx
[2022-01-14 00:24:00,206] {processor.py:642} INFO - Processing file /opt/airflow/dags/source/vendas-combustiveis-m3.xlsx for tasks to queue
[2022-01-14 00:24:00,206] {logging_mixin.py:109} INFO - [2022-01-14 00:24:00,206] {dagbag.py:500} INFO - Filling up the DagBag from /opt/airflow/dags/source/vendas-combustiveis-m3.xlsx
[2022-01-14 00:24:00,278] {processor.py:656} WARNING - No viable dags retrieved from /opt/airflow/dags/source/vendas-combustiveis-m3.xlsx
[2022-01-14 00:24:00,283] {processor.py:171} INFO - Processing /opt/airflow/dags/source/vendas-combustiveis-m3.xlsx took 0.095 seconds
[2022-01-14 00:24:30,501] {processor.py:163} INFO - Started process (PID=4874) to work on /opt/airflow/dags/source/vendas-combustiveis-m3.xlsx
[2022-01-14 00:24:30,510] {processor.py:642} INFO - Processing file /opt/airflow/dags/source/vendas-combustiveis-m3.xlsx for tasks to queue
[2022-01-14 00:24:30,511] {logging_mixin.py:109} INFO - [2022-01-14 00:24:30,511] {dagbag.py:500} INFO - Filling up the DagBag from /opt/airflow/dags/source/vendas-combustiveis-m3.xlsx
[2022-01-14 00:24:30,540] {processor.py:656} WARNING - No viable dags retrieved from /opt/airflow/dags/source/vendas-combustiveis-m3.xlsx
[2022-01-14 00:24:30,547] {processor.py:171} INFO - Processing /opt/airflow/dags/source/vendas-combustiveis-m3.xlsx took 0.050 seconds
[2022-01-14 00:25:00,890] {processor.py:163} INFO - Started process (PID=4900) to work on /opt/airflow/dags/source/vendas-combustiveis-m3.xlsx
[2022-01-14 00:25:00,891] {processor.py:642} INFO - Processing file /opt/airflow/dags/source/vendas-combustiveis-m3.xlsx for tasks to queue
[2022-01-14 00:25:00,892] {logging_mixin.py:109} INFO - [2022-01-14 00:25:00,892] {dagbag.py:500} INFO - Filling up the DagBag from /opt/airflow/dags/source/vendas-combustiveis-m3.xlsx
[2022-01-14 00:25:00,947] {processor.py:656} WARNING - No viable dags retrieved from /opt/airflow/dags/source/vendas-combustiveis-m3.xlsx
[2022-01-14 00:25:00,967] {processor.py:171} INFO - Processing /opt/airflow/dags/source/vendas-combustiveis-m3.xlsx took 0.082 seconds
[2022-01-14 00:25:31,339] {processor.py:163} INFO - Started process (PID=4930) to work on /opt/airflow/dags/source/vendas-combustiveis-m3.xlsx
[2022-01-14 00:25:31,345] {processor.py:642} INFO - Processing file /opt/airflow/dags/source/vendas-combustiveis-m3.xlsx for tasks to queue
[2022-01-14 00:25:31,346] {logging_mixin.py:109} INFO - [2022-01-14 00:25:31,346] {dagbag.py:500} INFO - Filling up the DagBag from /opt/airflow/dags/source/vendas-combustiveis-m3.xlsx
[2022-01-14 00:25:31,383] {processor.py:656} WARNING - No viable dags retrieved from /opt/airflow/dags/source/vendas-combustiveis-m3.xlsx
[2022-01-14 00:25:31,388] {processor.py:171} INFO - Processing /opt/airflow/dags/source/vendas-combustiveis-m3.xlsx took 0.062 seconds
[2022-01-14 00:26:01,656] {processor.py:163} INFO - Started process (PID=4961) to work on /opt/airflow/dags/source/vendas-combustiveis-m3.xlsx
[2022-01-14 00:26:01,657] {processor.py:642} INFO - Processing file /opt/airflow/dags/source/vendas-combustiveis-m3.xlsx for tasks to queue
[2022-01-14 00:26:01,658] {logging_mixin.py:109} INFO - [2022-01-14 00:26:01,658] {dagbag.py:500} INFO - Filling up the DagBag from /opt/airflow/dags/source/vendas-combustiveis-m3.xlsx
[2022-01-14 00:26:01,682] {processor.py:656} WARNING - No viable dags retrieved from /opt/airflow/dags/source/vendas-combustiveis-m3.xlsx
[2022-01-14 00:26:01,687] {processor.py:171} INFO - Processing /opt/airflow/dags/source/vendas-combustiveis-m3.xlsx took 0.036 seconds
[2022-01-14 00:26:32,014] {processor.py:163} INFO - Started process (PID=4993) to work on /opt/airflow/dags/source/vendas-combustiveis-m3.xlsx
[2022-01-14 00:26:32,022] {processor.py:642} INFO - Processing file /opt/airflow/dags/source/vendas-combustiveis-m3.xlsx for tasks to queue
[2022-01-14 00:26:32,024] {logging_mixin.py:109} INFO - [2022-01-14 00:26:32,023] {dagbag.py:500} INFO - Filling up the DagBag from /opt/airflow/dags/source/vendas-combustiveis-m3.xlsx
[2022-01-14 00:26:32,060] {processor.py:656} WARNING - No viable dags retrieved from /opt/airflow/dags/source/vendas-combustiveis-m3.xlsx
[2022-01-14 00:26:32,067] {processor.py:171} INFO - Processing /opt/airflow/dags/source/vendas-combustiveis-m3.xlsx took 0.068 seconds
[2022-01-14 00:27:02,245] {processor.py:163} INFO - Started process (PID=5022) to work on /opt/airflow/dags/source/vendas-combustiveis-m3.xlsx
[2022-01-14 00:27:02,250] {processor.py:642} INFO - Processing file /opt/airflow/dags/source/vendas-combustiveis-m3.xlsx for tasks to queue
[2022-01-14 00:27:02,256] {logging_mixin.py:109} INFO - [2022-01-14 00:27:02,256] {dagbag.py:500} INFO - Filling up the DagBag from /opt/airflow/dags/source/vendas-combustiveis-m3.xlsx
[2022-01-14 00:27:02,306] {processor.py:656} WARNING - No viable dags retrieved from /opt/airflow/dags/source/vendas-combustiveis-m3.xlsx
[2022-01-14 00:27:02,313] {processor.py:171} INFO - Processing /opt/airflow/dags/source/vendas-combustiveis-m3.xlsx took 0.073 seconds
[2022-01-14 00:27:32,593] {processor.py:163} INFO - Started process (PID=5066) to work on /opt/airflow/dags/source/vendas-combustiveis-m3.xlsx
[2022-01-14 00:27:32,606] {processor.py:642} INFO - Processing file /opt/airflow/dags/source/vendas-combustiveis-m3.xlsx for tasks to queue
[2022-01-14 00:27:32,607] {logging_mixin.py:109} INFO - [2022-01-14 00:27:32,607] {dagbag.py:500} INFO - Filling up the DagBag from /opt/airflow/dags/source/vendas-combustiveis-m3.xlsx
[2022-01-14 00:27:32,625] {processor.py:656} WARNING - No viable dags retrieved from /opt/airflow/dags/source/vendas-combustiveis-m3.xlsx
[2022-01-14 00:27:32,628] {processor.py:171} INFO - Processing /opt/airflow/dags/source/vendas-combustiveis-m3.xlsx took 0.038 seconds
[2022-01-14 00:28:02,891] {processor.py:163} INFO - Started process (PID=5098) to work on /opt/airflow/dags/source/vendas-combustiveis-m3.xlsx
[2022-01-14 00:28:02,892] {processor.py:642} INFO - Processing file /opt/airflow/dags/source/vendas-combustiveis-m3.xlsx for tasks to queue
[2022-01-14 00:28:02,893] {logging_mixin.py:109} INFO - [2022-01-14 00:28:02,892] {dagbag.py:500} INFO - Filling up the DagBag from /opt/airflow/dags/source/vendas-combustiveis-m3.xlsx
[2022-01-14 00:28:02,911] {processor.py:656} WARNING - No viable dags retrieved from /opt/airflow/dags/source/vendas-combustiveis-m3.xlsx
[2022-01-14 00:28:02,914] {processor.py:171} INFO - Processing /opt/airflow/dags/source/vendas-combustiveis-m3.xlsx took 0.026 seconds
[2022-01-14 00:28:33,048] {processor.py:163} INFO - Started process (PID=5130) to work on /opt/airflow/dags/source/vendas-combustiveis-m3.xlsx
[2022-01-14 00:28:33,063] {processor.py:642} INFO - Processing file /opt/airflow/dags/source/vendas-combustiveis-m3.xlsx for tasks to queue
[2022-01-14 00:28:33,064] {logging_mixin.py:109} INFO - [2022-01-14 00:28:33,064] {dagbag.py:500} INFO - Filling up the DagBag from /opt/airflow/dags/source/vendas-combustiveis-m3.xlsx
[2022-01-14 00:28:33,082] {processor.py:656} WARNING - No viable dags retrieved from /opt/airflow/dags/source/vendas-combustiveis-m3.xlsx
[2022-01-14 00:28:33,086] {processor.py:171} INFO - Processing /opt/airflow/dags/source/vendas-combustiveis-m3.xlsx took 0.041 seconds
[2022-01-14 00:29:03,262] {processor.py:163} INFO - Started process (PID=5169) to work on /opt/airflow/dags/source/vendas-combustiveis-m3.xlsx
[2022-01-14 00:29:03,264] {processor.py:642} INFO - Processing file /opt/airflow/dags/source/vendas-combustiveis-m3.xlsx for tasks to queue
[2022-01-14 00:29:03,265] {logging_mixin.py:109} INFO - [2022-01-14 00:29:03,265] {dagbag.py:500} INFO - Filling up the DagBag from /opt/airflow/dags/source/vendas-combustiveis-m3.xlsx
[2022-01-14 00:29:03,291] {processor.py:656} WARNING - No viable dags retrieved from /opt/airflow/dags/source/vendas-combustiveis-m3.xlsx
[2022-01-14 00:29:03,296] {processor.py:171} INFO - Processing /opt/airflow/dags/source/vendas-combustiveis-m3.xlsx took 0.039 seconds
