[2022-01-14 00:23:08,099] {taskinstance.py:1032} INFO - Dependencies all met for <TaskInstance: my_dag_anp.raw_diesel manual__2022-01-14T00:23:02.345120+00:00 [queued]>
[2022-01-14 00:23:08,120] {taskinstance.py:1032} INFO - Dependencies all met for <TaskInstance: my_dag_anp.raw_diesel manual__2022-01-14T00:23:02.345120+00:00 [queued]>
[2022-01-14 00:23:08,120] {taskinstance.py:1238} INFO - 
--------------------------------------------------------------------------------
[2022-01-14 00:23:08,120] {taskinstance.py:1239} INFO - Starting attempt 1 of 1
[2022-01-14 00:23:08,120] {taskinstance.py:1240} INFO - 
--------------------------------------------------------------------------------
[2022-01-14 00:23:08,148] {taskinstance.py:1259} INFO - Executing <Task(PythonOperator): raw_diesel> on 2022-01-14 00:23:02.345120+00:00
[2022-01-14 00:23:08,155] {standard_task_runner.py:52} INFO - Started process 3162 to run task
[2022-01-14 00:23:08,166] {standard_task_runner.py:76} INFO - Running: ['***', 'tasks', 'run', 'my_dag_anp', 'raw_diesel', 'manual__2022-01-14T00:23:02.345120+00:00', '--job-id', '75', '--raw', '--subdir', 'DAGS_FOLDER/my_dag_anp.py', '--cfg-path', '/tmp/tmpnsj_jdei', '--error-file', '/tmp/tmp39cpb34m']
[2022-01-14 00:23:08,175] {standard_task_runner.py:77} INFO - Job 75: Subtask raw_diesel
[2022-01-14 00:23:08,288] {logging_mixin.py:109} INFO - Running <TaskInstance: my_dag_anp.raw_diesel manual__2022-01-14T00:23:02.345120+00:00 [running]> on host 9ef8a6cbe880
[2022-01-14 00:23:08,437] {taskinstance.py:1426} INFO - Exporting the following env vars:
AIRFLOW_CTX_DAG_OWNER=***
AIRFLOW_CTX_DAG_ID=my_dag_anp
AIRFLOW_CTX_TASK_ID=raw_diesel
AIRFLOW_CTX_EXECUTION_DATE=2022-01-14T00:23:02.345120+00:00
AIRFLOW_CTX_DAG_RUN_ID=manual__2022-01-14T00:23:02.345120+00:00
[2022-01-14 00:27:11,074] {python.py:175} INFO - Done. Returned value was: True
[2022-01-14 00:27:11,136] {taskinstance.py:1277} INFO - Marking task as SUCCESS. dag_id=my_dag_anp, task_id=raw_diesel, execution_date=20220114T002302, start_date=20220114T002308, end_date=20220114T002711
[2022-01-14 00:27:11,234] {local_task_job.py:154} INFO - Task exited with return code 0
[2022-01-14 00:27:11,287] {local_task_job.py:264} INFO - 0 downstream tasks scheduled from follow-on schedule check
