[2022-01-12 22:59:26,080] {taskinstance.py:1032} INFO - Dependencies all met for <TaskInstance: my_dag.training_model_B manual__2022-01-12T22:59:24.639023+00:00 [queued]>
[2022-01-12 22:59:26,101] {taskinstance.py:1032} INFO - Dependencies all met for <TaskInstance: my_dag.training_model_B manual__2022-01-12T22:59:24.639023+00:00 [queued]>
[2022-01-12 22:59:26,101] {taskinstance.py:1238} INFO - 
--------------------------------------------------------------------------------
[2022-01-12 22:59:26,101] {taskinstance.py:1239} INFO - Starting attempt 1 of 1
[2022-01-12 22:59:26,101] {taskinstance.py:1240} INFO - 
--------------------------------------------------------------------------------
[2022-01-12 22:59:26,121] {taskinstance.py:1259} INFO - Executing <Task(PythonOperator): training_model_B> on 2022-01-12 22:59:24.639023+00:00
[2022-01-12 22:59:26,132] {standard_task_runner.py:52} INFO - Started process 2655 to run task
[2022-01-12 22:59:26,143] {standard_task_runner.py:76} INFO - Running: ['***', 'tasks', 'run', 'my_dag', 'training_model_B', 'manual__2022-01-12T22:59:24.639023+00:00', '--job-id', '16', '--raw', '--subdir', 'DAGS_FOLDER/my_dag.py', '--cfg-path', '/tmp/tmpqv0ozx8u', '--error-file', '/tmp/tmp6sfj2y07']
[2022-01-12 22:59:26,145] {standard_task_runner.py:77} INFO - Job 16: Subtask training_model_B
[2022-01-12 22:59:26,228] {logging_mixin.py:109} INFO - Running <TaskInstance: my_dag.training_model_B manual__2022-01-12T22:59:24.639023+00:00 [running]> on host 5ffba7c75690
[2022-01-12 22:59:26,321] {taskinstance.py:1426} INFO - Exporting the following env vars:
AIRFLOW_CTX_DAG_OWNER=***
AIRFLOW_CTX_DAG_ID=my_dag
AIRFLOW_CTX_TASK_ID=training_model_B
AIRFLOW_CTX_EXECUTION_DATE=2022-01-12T22:59:24.639023+00:00
AIRFLOW_CTX_DAG_RUN_ID=manual__2022-01-12T22:59:24.639023+00:00
[2022-01-12 22:59:26,321] {python.py:175} INFO - Done. Returned value was: 6
[2022-01-12 22:59:26,384] {taskinstance.py:1277} INFO - Marking task as SUCCESS. dag_id=my_dag, task_id=training_model_B, execution_date=20220112T225924, start_date=20220112T225926, end_date=20220112T225926
[2022-01-12 22:59:26,429] {local_task_job.py:154} INFO - Task exited with return code 0
[2022-01-12 22:59:26,481] {local_task_job.py:264} INFO - 0 downstream tasks scheduled from follow-on schedule check
