[2022-01-14 00:19:25,651] {taskinstance.py:1032} INFO - Dependencies all met for <TaskInstance: my_dag_anp.trs_sales_diesel manual__2022-01-14T00:15:21.890329+00:00 [queued]>
[2022-01-14 00:19:25,674] {taskinstance.py:1032} INFO - Dependencies all met for <TaskInstance: my_dag_anp.trs_sales_diesel manual__2022-01-14T00:15:21.890329+00:00 [queued]>
[2022-01-14 00:19:25,675] {taskinstance.py:1238} INFO - 
--------------------------------------------------------------------------------
[2022-01-14 00:19:25,676] {taskinstance.py:1239} INFO - Starting attempt 1 of 1
[2022-01-14 00:19:25,677] {taskinstance.py:1240} INFO - 
--------------------------------------------------------------------------------
[2022-01-14 00:19:25,706] {taskinstance.py:1259} INFO - Executing <Task(PythonOperator): trs_sales_diesel> on 2022-01-14 00:15:21.890329+00:00
[2022-01-14 00:19:25,714] {standard_task_runner.py:52} INFO - Started process 2827 to run task
[2022-01-14 00:19:25,725] {standard_task_runner.py:76} INFO - Running: ['***', 'tasks', 'run', 'my_dag_anp', 'trs_sales_diesel', 'manual__2022-01-14T00:15:21.890329+00:00', '--job-id', '67', '--raw', '--subdir', 'DAGS_FOLDER/my_dag_anp.py', '--cfg-path', '/tmp/tmpawoapo89', '--error-file', '/tmp/tmp04vcn_w6']
[2022-01-14 00:19:25,727] {standard_task_runner.py:77} INFO - Job 67: Subtask trs_sales_diesel
[2022-01-14 00:19:25,830] {logging_mixin.py:109} INFO - Running <TaskInstance: my_dag_anp.trs_sales_diesel manual__2022-01-14T00:15:21.890329+00:00 [running]> on host 9ef8a6cbe880
[2022-01-14 00:19:25,959] {taskinstance.py:1426} INFO - Exporting the following env vars:
AIRFLOW_CTX_DAG_OWNER=***
AIRFLOW_CTX_DAG_ID=my_dag_anp
AIRFLOW_CTX_TASK_ID=trs_sales_diesel
AIRFLOW_CTX_EXECUTION_DATE=2022-01-14T00:15:21.890329+00:00
AIRFLOW_CTX_DAG_RUN_ID=manual__2022-01-14T00:15:21.890329+00:00
[2022-01-14 00:19:26,066] {python.py:175} INFO - Done. Returned value was: True
[2022-01-14 00:19:26,107] {taskinstance.py:1277} INFO - Marking task as SUCCESS. dag_id=my_dag_anp, task_id=trs_sales_diesel, execution_date=20220114T001521, start_date=20220114T001925, end_date=20220114T001926
[2022-01-14 00:19:26,142] {local_task_job.py:154} INFO - Task exited with return code 0
[2022-01-14 00:19:26,203] {local_task_job.py:264} INFO - 1 downstream tasks scheduled from follow-on schedule check
