[2022-01-14 00:00:07,246] {processor.py:163} INFO - Started process (PID=3259) to work on /opt/airflow/dags/my_dag_anp.py
[2022-01-14 00:00:07,248] {processor.py:642} INFO - Processing file /opt/airflow/dags/my_dag_anp.py for tasks to queue
[2022-01-14 00:00:07,249] {logging_mixin.py:109} INFO - [2022-01-14 00:00:07,249] {dagbag.py:500} INFO - Filling up the DagBag from /opt/airflow/dags/my_dag_anp.py
[2022-01-14 00:00:08,908] {processor.py:654} INFO - DAG(s) dict_keys(['my_dag_anp']) retrieved from /opt/airflow/dags/my_dag_anp.py
[2022-01-14 00:00:08,942] {logging_mixin.py:109} INFO - [2022-01-14 00:00:08,942] {dag.py:2396} INFO - Sync 1 DAGs
[2022-01-14 00:00:08,977] {logging_mixin.py:109} INFO - [2022-01-14 00:00:08,977] {dag.py:2935} INFO - Setting next_dagrun for my_dag_anp to 2022-01-14T00:00:00+00:00
[2022-01-14 00:00:09,011] {processor.py:171} INFO - Processing /opt/airflow/dags/my_dag_anp.py took 1.769 seconds
[2022-01-14 00:00:39,529] {processor.py:163} INFO - Started process (PID=3289) to work on /opt/airflow/dags/my_dag_anp.py
[2022-01-14 00:00:39,550] {processor.py:642} INFO - Processing file /opt/airflow/dags/my_dag_anp.py for tasks to queue
[2022-01-14 00:00:39,551] {logging_mixin.py:109} INFO - [2022-01-14 00:00:39,551] {dagbag.py:500} INFO - Filling up the DagBag from /opt/airflow/dags/my_dag_anp.py
[2022-01-14 00:00:41,388] {processor.py:654} INFO - DAG(s) dict_keys(['my_dag_anp']) retrieved from /opt/airflow/dags/my_dag_anp.py
[2022-01-14 00:00:41,418] {logging_mixin.py:109} INFO - [2022-01-14 00:00:41,418] {dag.py:2396} INFO - Sync 1 DAGs
[2022-01-14 00:00:41,461] {logging_mixin.py:109} INFO - [2022-01-14 00:00:41,461] {dag.py:2935} INFO - Setting next_dagrun for my_dag_anp to 2022-01-14T00:00:00+00:00
[2022-01-14 00:00:41,503] {processor.py:171} INFO - Processing /opt/airflow/dags/my_dag_anp.py took 1.977 seconds
[2022-01-14 00:01:11,714] {processor.py:163} INFO - Started process (PID=3329) to work on /opt/airflow/dags/my_dag_anp.py
[2022-01-14 00:01:11,716] {processor.py:642} INFO - Processing file /opt/airflow/dags/my_dag_anp.py for tasks to queue
[2022-01-14 00:01:11,716] {logging_mixin.py:109} INFO - [2022-01-14 00:01:11,716] {dagbag.py:500} INFO - Filling up the DagBag from /opt/airflow/dags/my_dag_anp.py
[2022-01-14 00:01:13,580] {processor.py:654} INFO - DAG(s) dict_keys(['my_dag_anp']) retrieved from /opt/airflow/dags/my_dag_anp.py
[2022-01-14 00:01:13,610] {logging_mixin.py:109} INFO - [2022-01-14 00:01:13,610] {dag.py:2396} INFO - Sync 1 DAGs
[2022-01-14 00:01:13,655] {logging_mixin.py:109} INFO - [2022-01-14 00:01:13,654] {dag.py:2935} INFO - Setting next_dagrun for my_dag_anp to 2022-01-14T00:00:00+00:00
[2022-01-14 00:01:13,706] {processor.py:171} INFO - Processing /opt/airflow/dags/my_dag_anp.py took 2.004 seconds
[2022-01-14 00:01:44,129] {processor.py:163} INFO - Started process (PID=3353) to work on /opt/airflow/dags/my_dag_anp.py
[2022-01-14 00:01:44,130] {processor.py:642} INFO - Processing file /opt/airflow/dags/my_dag_anp.py for tasks to queue
[2022-01-14 00:01:44,131] {logging_mixin.py:109} INFO - [2022-01-14 00:01:44,131] {dagbag.py:500} INFO - Filling up the DagBag from /opt/airflow/dags/my_dag_anp.py
[2022-01-14 00:01:45,569] {processor.py:654} INFO - DAG(s) dict_keys(['my_dag_anp']) retrieved from /opt/airflow/dags/my_dag_anp.py
[2022-01-14 00:01:45,588] {logging_mixin.py:109} INFO - [2022-01-14 00:01:45,588] {dag.py:2396} INFO - Sync 1 DAGs
[2022-01-14 00:01:45,617] {logging_mixin.py:109} INFO - [2022-01-14 00:01:45,617] {dag.py:2935} INFO - Setting next_dagrun for my_dag_anp to 2022-01-14T00:00:00+00:00
[2022-01-14 00:01:45,654] {processor.py:171} INFO - Processing /opt/airflow/dags/my_dag_anp.py took 1.529 seconds
[2022-01-14 00:02:15,753] {processor.py:163} INFO - Started process (PID=3387) to work on /opt/airflow/dags/my_dag_anp.py
[2022-01-14 00:02:15,759] {processor.py:642} INFO - Processing file /opt/airflow/dags/my_dag_anp.py for tasks to queue
[2022-01-14 00:02:15,760] {logging_mixin.py:109} INFO - [2022-01-14 00:02:15,760] {dagbag.py:500} INFO - Filling up the DagBag from /opt/airflow/dags/my_dag_anp.py
[2022-01-14 00:02:17,333] {processor.py:654} INFO - DAG(s) dict_keys(['my_dag_anp']) retrieved from /opt/airflow/dags/my_dag_anp.py
[2022-01-14 00:02:17,395] {logging_mixin.py:109} INFO - [2022-01-14 00:02:17,391] {dag.py:2396} INFO - Sync 1 DAGs
[2022-01-14 00:02:17,457] {logging_mixin.py:109} INFO - [2022-01-14 00:02:17,457] {dag.py:2935} INFO - Setting next_dagrun for my_dag_anp to 2022-01-14T00:00:00+00:00
[2022-01-14 00:02:17,507] {processor.py:171} INFO - Processing /opt/airflow/dags/my_dag_anp.py took 1.757 seconds
[2022-01-14 00:02:47,988] {processor.py:163} INFO - Started process (PID=3427) to work on /opt/airflow/dags/my_dag_anp.py
[2022-01-14 00:02:48,007] {processor.py:642} INFO - Processing file /opt/airflow/dags/my_dag_anp.py for tasks to queue
[2022-01-14 00:02:48,009] {logging_mixin.py:109} INFO - [2022-01-14 00:02:48,008] {dagbag.py:500} INFO - Filling up the DagBag from /opt/airflow/dags/my_dag_anp.py
[2022-01-14 00:02:49,884] {processor.py:654} INFO - DAG(s) dict_keys(['my_dag_anp']) retrieved from /opt/airflow/dags/my_dag_anp.py
[2022-01-14 00:02:49,917] {logging_mixin.py:109} INFO - [2022-01-14 00:02:49,911] {dag.py:2396} INFO - Sync 1 DAGs
[2022-01-14 00:02:49,980] {logging_mixin.py:109} INFO - [2022-01-14 00:02:49,980] {dag.py:2935} INFO - Setting next_dagrun for my_dag_anp to 2022-01-14T00:00:00+00:00
[2022-01-14 00:02:50,024] {processor.py:171} INFO - Processing /opt/airflow/dags/my_dag_anp.py took 2.042 seconds
[2022-01-14 00:03:20,414] {processor.py:163} INFO - Started process (PID=3461) to work on /opt/airflow/dags/my_dag_anp.py
[2022-01-14 00:03:20,416] {processor.py:642} INFO - Processing file /opt/airflow/dags/my_dag_anp.py for tasks to queue
[2022-01-14 00:03:20,416] {logging_mixin.py:109} INFO - [2022-01-14 00:03:20,416] {dagbag.py:500} INFO - Filling up the DagBag from /opt/airflow/dags/my_dag_anp.py
[2022-01-14 00:03:22,447] {processor.py:654} INFO - DAG(s) dict_keys(['my_dag_anp']) retrieved from /opt/airflow/dags/my_dag_anp.py
[2022-01-14 00:03:22,467] {logging_mixin.py:109} INFO - [2022-01-14 00:03:22,467] {dag.py:2396} INFO - Sync 1 DAGs
[2022-01-14 00:03:22,494] {logging_mixin.py:109} INFO - [2022-01-14 00:03:22,494] {dag.py:2935} INFO - Setting next_dagrun for my_dag_anp to 2022-01-14T00:00:00+00:00
[2022-01-14 00:03:22,539] {processor.py:171} INFO - Processing /opt/airflow/dags/my_dag_anp.py took 2.129 seconds
[2022-01-14 00:03:53,478] {processor.py:163} INFO - Started process (PID=3490) to work on /opt/airflow/dags/my_dag_anp.py
[2022-01-14 00:03:53,479] {processor.py:642} INFO - Processing file /opt/airflow/dags/my_dag_anp.py for tasks to queue
[2022-01-14 00:03:53,480] {logging_mixin.py:109} INFO - [2022-01-14 00:03:53,480] {dagbag.py:500} INFO - Filling up the DagBag from /opt/airflow/dags/my_dag_anp.py
[2022-01-14 00:03:55,501] {processor.py:654} INFO - DAG(s) dict_keys(['my_dag_anp']) retrieved from /opt/airflow/dags/my_dag_anp.py
[2022-01-14 00:03:55,538] {logging_mixin.py:109} INFO - [2022-01-14 00:03:55,538] {dag.py:2396} INFO - Sync 1 DAGs
[2022-01-14 00:03:55,583] {logging_mixin.py:109} INFO - [2022-01-14 00:03:55,583] {dag.py:2935} INFO - Setting next_dagrun for my_dag_anp to 2022-01-14T00:00:00+00:00
[2022-01-14 00:03:55,633] {processor.py:171} INFO - Processing /opt/airflow/dags/my_dag_anp.py took 2.159 seconds
[2022-01-14 00:04:25,927] {processor.py:163} INFO - Started process (PID=3523) to work on /opt/airflow/dags/my_dag_anp.py
[2022-01-14 00:04:25,963] {processor.py:642} INFO - Processing file /opt/airflow/dags/my_dag_anp.py for tasks to queue
[2022-01-14 00:04:25,963] {logging_mixin.py:109} INFO - [2022-01-14 00:04:25,963] {dagbag.py:500} INFO - Filling up the DagBag from /opt/airflow/dags/my_dag_anp.py
[2022-01-14 00:04:29,222] {processor.py:654} INFO - DAG(s) dict_keys(['my_dag_anp']) retrieved from /opt/airflow/dags/my_dag_anp.py
[2022-01-14 00:04:29,274] {logging_mixin.py:109} INFO - [2022-01-14 00:04:29,274] {dag.py:2396} INFO - Sync 1 DAGs
[2022-01-14 00:04:29,354] {logging_mixin.py:109} INFO - [2022-01-14 00:04:29,354] {dag.py:2935} INFO - Setting next_dagrun for my_dag_anp to 2022-01-14T00:00:00+00:00
[2022-01-14 00:04:29,390] {processor.py:171} INFO - Processing /opt/airflow/dags/my_dag_anp.py took 3.476 seconds
[2022-01-14 00:04:59,542] {processor.py:163} INFO - Started process (PID=3555) to work on /opt/airflow/dags/my_dag_anp.py
[2022-01-14 00:04:59,551] {processor.py:642} INFO - Processing file /opt/airflow/dags/my_dag_anp.py for tasks to queue
[2022-01-14 00:04:59,561] {logging_mixin.py:109} INFO - [2022-01-14 00:04:59,561] {dagbag.py:500} INFO - Filling up the DagBag from /opt/airflow/dags/my_dag_anp.py
[2022-01-14 00:05:00,976] {processor.py:654} INFO - DAG(s) dict_keys(['my_dag_anp']) retrieved from /opt/airflow/dags/my_dag_anp.py
[2022-01-14 00:05:00,993] {logging_mixin.py:109} INFO - [2022-01-14 00:05:00,992] {dag.py:2396} INFO - Sync 1 DAGs
[2022-01-14 00:05:01,020] {logging_mixin.py:109} INFO - [2022-01-14 00:05:01,020] {dag.py:2935} INFO - Setting next_dagrun for my_dag_anp to 2022-01-14T00:00:00+00:00
[2022-01-14 00:05:01,035] {processor.py:171} INFO - Processing /opt/airflow/dags/my_dag_anp.py took 1.520 seconds
[2022-01-14 00:05:31,208] {processor.py:163} INFO - Started process (PID=3597) to work on /opt/airflow/dags/my_dag_anp.py
[2022-01-14 00:05:31,210] {processor.py:642} INFO - Processing file /opt/airflow/dags/my_dag_anp.py for tasks to queue
[2022-01-14 00:05:31,213] {logging_mixin.py:109} INFO - [2022-01-14 00:05:31,213] {dagbag.py:500} INFO - Filling up the DagBag from /opt/airflow/dags/my_dag_anp.py
[2022-01-14 00:05:32,218] {processor.py:654} INFO - DAG(s) dict_keys(['my_dag_anp']) retrieved from /opt/airflow/dags/my_dag_anp.py
[2022-01-14 00:05:32,232] {logging_mixin.py:109} INFO - [2022-01-14 00:05:32,232] {dag.py:2396} INFO - Sync 1 DAGs
[2022-01-14 00:05:32,252] {logging_mixin.py:109} INFO - [2022-01-14 00:05:32,252] {dag.py:2935} INFO - Setting next_dagrun for my_dag_anp to 2022-01-14T00:00:00+00:00
[2022-01-14 00:05:32,264] {processor.py:171} INFO - Processing /opt/airflow/dags/my_dag_anp.py took 1.060 seconds
[2022-01-14 00:06:02,461] {processor.py:163} INFO - Started process (PID=3627) to work on /opt/airflow/dags/my_dag_anp.py
[2022-01-14 00:06:02,464] {processor.py:642} INFO - Processing file /opt/airflow/dags/my_dag_anp.py for tasks to queue
[2022-01-14 00:06:02,466] {logging_mixin.py:109} INFO - [2022-01-14 00:06:02,465] {dagbag.py:500} INFO - Filling up the DagBag from /opt/airflow/dags/my_dag_anp.py
[2022-01-14 00:06:03,332] {processor.py:654} INFO - DAG(s) dict_keys(['my_dag_anp']) retrieved from /opt/airflow/dags/my_dag_anp.py
[2022-01-14 00:06:03,345] {logging_mixin.py:109} INFO - [2022-01-14 00:06:03,345] {dag.py:2396} INFO - Sync 1 DAGs
[2022-01-14 00:06:03,363] {logging_mixin.py:109} INFO - [2022-01-14 00:06:03,363] {dag.py:2935} INFO - Setting next_dagrun for my_dag_anp to 2022-01-14T00:00:00+00:00
[2022-01-14 00:06:03,379] {processor.py:171} INFO - Processing /opt/airflow/dags/my_dag_anp.py took 0.923 seconds
[2022-01-14 00:06:33,573] {processor.py:163} INFO - Started process (PID=3660) to work on /opt/airflow/dags/my_dag_anp.py
[2022-01-14 00:06:33,574] {processor.py:642} INFO - Processing file /opt/airflow/dags/my_dag_anp.py for tasks to queue
[2022-01-14 00:06:33,575] {logging_mixin.py:109} INFO - [2022-01-14 00:06:33,575] {dagbag.py:500} INFO - Filling up the DagBag from /opt/airflow/dags/my_dag_anp.py
[2022-01-14 00:06:34,683] {processor.py:654} INFO - DAG(s) dict_keys(['my_dag_anp']) retrieved from /opt/airflow/dags/my_dag_anp.py
[2022-01-14 00:06:34,706] {logging_mixin.py:109} INFO - [2022-01-14 00:06:34,705] {dag.py:2396} INFO - Sync 1 DAGs
[2022-01-14 00:06:34,734] {logging_mixin.py:109} INFO - [2022-01-14 00:06:34,733] {dag.py:2935} INFO - Setting next_dagrun for my_dag_anp to 2022-01-14T00:00:00+00:00
[2022-01-14 00:06:34,750] {processor.py:171} INFO - Processing /opt/airflow/dags/my_dag_anp.py took 1.181 seconds
[2022-01-14 00:07:04,870] {processor.py:163} INFO - Started process (PID=3696) to work on /opt/airflow/dags/my_dag_anp.py
[2022-01-14 00:07:04,874] {processor.py:642} INFO - Processing file /opt/airflow/dags/my_dag_anp.py for tasks to queue
[2022-01-14 00:07:04,875] {logging_mixin.py:109} INFO - [2022-01-14 00:07:04,875] {dagbag.py:500} INFO - Filling up the DagBag from /opt/airflow/dags/my_dag_anp.py
[2022-01-14 00:07:05,936] {processor.py:654} INFO - DAG(s) dict_keys(['my_dag_anp']) retrieved from /opt/airflow/dags/my_dag_anp.py
[2022-01-14 00:07:05,950] {logging_mixin.py:109} INFO - [2022-01-14 00:07:05,949] {dag.py:2396} INFO - Sync 1 DAGs
[2022-01-14 00:07:05,969] {logging_mixin.py:109} INFO - [2022-01-14 00:07:05,969] {dag.py:2935} INFO - Setting next_dagrun for my_dag_anp to 2022-01-14T00:00:00+00:00
[2022-01-14 00:07:05,979] {processor.py:171} INFO - Processing /opt/airflow/dags/my_dag_anp.py took 1.112 seconds
[2022-01-14 00:07:36,197] {processor.py:163} INFO - Started process (PID=3740) to work on /opt/airflow/dags/my_dag_anp.py
[2022-01-14 00:07:36,198] {processor.py:642} INFO - Processing file /opt/airflow/dags/my_dag_anp.py for tasks to queue
[2022-01-14 00:07:36,200] {logging_mixin.py:109} INFO - [2022-01-14 00:07:36,200] {dagbag.py:500} INFO - Filling up the DagBag from /opt/airflow/dags/my_dag_anp.py
[2022-01-14 00:07:37,224] {processor.py:654} INFO - DAG(s) dict_keys(['my_dag_anp']) retrieved from /opt/airflow/dags/my_dag_anp.py
[2022-01-14 00:07:37,242] {logging_mixin.py:109} INFO - [2022-01-14 00:07:37,242] {dag.py:2396} INFO - Sync 1 DAGs
[2022-01-14 00:07:37,267] {logging_mixin.py:109} INFO - [2022-01-14 00:07:37,267] {dag.py:2935} INFO - Setting next_dagrun for my_dag_anp to 2022-01-14T00:00:00+00:00
[2022-01-14 00:07:37,280] {processor.py:171} INFO - Processing /opt/airflow/dags/my_dag_anp.py took 1.086 seconds
[2022-01-14 00:08:07,483] {processor.py:163} INFO - Started process (PID=3773) to work on /opt/airflow/dags/my_dag_anp.py
[2022-01-14 00:08:07,489] {processor.py:642} INFO - Processing file /opt/airflow/dags/my_dag_anp.py for tasks to queue
[2022-01-14 00:08:07,490] {logging_mixin.py:109} INFO - [2022-01-14 00:08:07,490] {dagbag.py:500} INFO - Filling up the DagBag from /opt/airflow/dags/my_dag_anp.py
[2022-01-14 00:08:08,290] {processor.py:654} INFO - DAG(s) dict_keys(['my_dag_anp']) retrieved from /opt/airflow/dags/my_dag_anp.py
[2022-01-14 00:08:08,303] {logging_mixin.py:109} INFO - [2022-01-14 00:08:08,302] {dag.py:2396} INFO - Sync 1 DAGs
[2022-01-14 00:08:08,321] {logging_mixin.py:109} INFO - [2022-01-14 00:08:08,321] {dag.py:2935} INFO - Setting next_dagrun for my_dag_anp to 2022-01-14T00:00:00+00:00
[2022-01-14 00:08:08,332] {processor.py:171} INFO - Processing /opt/airflow/dags/my_dag_anp.py took 0.861 seconds
[2022-01-14 00:08:38,733] {processor.py:163} INFO - Started process (PID=3804) to work on /opt/airflow/dags/my_dag_anp.py
[2022-01-14 00:08:38,736] {processor.py:642} INFO - Processing file /opt/airflow/dags/my_dag_anp.py for tasks to queue
[2022-01-14 00:08:38,738] {logging_mixin.py:109} INFO - [2022-01-14 00:08:38,738] {dagbag.py:500} INFO - Filling up the DagBag from /opt/airflow/dags/my_dag_anp.py
[2022-01-14 00:08:39,506] {processor.py:654} INFO - DAG(s) dict_keys(['my_dag_anp']) retrieved from /opt/airflow/dags/my_dag_anp.py
[2022-01-14 00:08:39,520] {logging_mixin.py:109} INFO - [2022-01-14 00:08:39,520] {dag.py:2396} INFO - Sync 1 DAGs
[2022-01-14 00:08:39,539] {logging_mixin.py:109} INFO - [2022-01-14 00:08:39,539] {dag.py:2935} INFO - Setting next_dagrun for my_dag_anp to 2022-01-14T00:00:00+00:00
[2022-01-14 00:08:39,555] {processor.py:171} INFO - Processing /opt/airflow/dags/my_dag_anp.py took 0.830 seconds
[2022-01-14 00:09:09,991] {processor.py:163} INFO - Started process (PID=3845) to work on /opt/airflow/dags/my_dag_anp.py
[2022-01-14 00:09:09,997] {processor.py:642} INFO - Processing file /opt/airflow/dags/my_dag_anp.py for tasks to queue
[2022-01-14 00:09:09,999] {logging_mixin.py:109} INFO - [2022-01-14 00:09:09,999] {dagbag.py:500} INFO - Filling up the DagBag from /opt/airflow/dags/my_dag_anp.py
[2022-01-14 00:09:10,857] {processor.py:654} INFO - DAG(s) dict_keys(['my_dag_anp']) retrieved from /opt/airflow/dags/my_dag_anp.py
[2022-01-14 00:09:10,870] {logging_mixin.py:109} INFO - [2022-01-14 00:09:10,870] {dag.py:2396} INFO - Sync 1 DAGs
[2022-01-14 00:09:10,890] {logging_mixin.py:109} INFO - [2022-01-14 00:09:10,890] {dag.py:2935} INFO - Setting next_dagrun for my_dag_anp to 2022-01-14T00:00:00+00:00
[2022-01-14 00:09:10,902] {processor.py:171} INFO - Processing /opt/airflow/dags/my_dag_anp.py took 0.926 seconds
[2022-01-14 00:09:41,071] {processor.py:163} INFO - Started process (PID=3882) to work on /opt/airflow/dags/my_dag_anp.py
[2022-01-14 00:09:41,079] {processor.py:642} INFO - Processing file /opt/airflow/dags/my_dag_anp.py for tasks to queue
[2022-01-14 00:09:41,081] {logging_mixin.py:109} INFO - [2022-01-14 00:09:41,080] {dagbag.py:500} INFO - Filling up the DagBag from /opt/airflow/dags/my_dag_anp.py
[2022-01-14 00:09:41,870] {processor.py:654} INFO - DAG(s) dict_keys(['my_dag_anp']) retrieved from /opt/airflow/dags/my_dag_anp.py
[2022-01-14 00:09:41,883] {logging_mixin.py:109} INFO - [2022-01-14 00:09:41,883] {dag.py:2396} INFO - Sync 1 DAGs
[2022-01-14 00:09:41,902] {logging_mixin.py:109} INFO - [2022-01-14 00:09:41,902] {dag.py:2935} INFO - Setting next_dagrun for my_dag_anp to 2022-01-14T00:00:00+00:00
[2022-01-14 00:09:41,911] {processor.py:171} INFO - Processing /opt/airflow/dags/my_dag_anp.py took 0.849 seconds
[2022-01-14 00:10:12,353] {processor.py:163} INFO - Started process (PID=3914) to work on /opt/airflow/dags/my_dag_anp.py
[2022-01-14 00:10:12,357] {processor.py:642} INFO - Processing file /opt/airflow/dags/my_dag_anp.py for tasks to queue
[2022-01-14 00:10:12,358] {logging_mixin.py:109} INFO - [2022-01-14 00:10:12,358] {dagbag.py:500} INFO - Filling up the DagBag from /opt/airflow/dags/my_dag_anp.py
[2022-01-14 00:10:13,302] {processor.py:654} INFO - DAG(s) dict_keys(['my_dag_anp']) retrieved from /opt/airflow/dags/my_dag_anp.py
[2022-01-14 00:10:13,321] {logging_mixin.py:109} INFO - [2022-01-14 00:10:13,321] {dag.py:2396} INFO - Sync 1 DAGs
[2022-01-14 00:10:13,348] {logging_mixin.py:109} INFO - [2022-01-14 00:10:13,347] {dag.py:2935} INFO - Setting next_dagrun for my_dag_anp to 2022-01-14T00:00:00+00:00
[2022-01-14 00:10:13,364] {processor.py:171} INFO - Processing /opt/airflow/dags/my_dag_anp.py took 1.015 seconds
[2022-01-14 00:10:43,598] {processor.py:163} INFO - Started process (PID=3954) to work on /opt/airflow/dags/my_dag_anp.py
[2022-01-14 00:10:43,599] {processor.py:642} INFO - Processing file /opt/airflow/dags/my_dag_anp.py for tasks to queue
[2022-01-14 00:10:43,600] {logging_mixin.py:109} INFO - [2022-01-14 00:10:43,600] {dagbag.py:500} INFO - Filling up the DagBag from /opt/airflow/dags/my_dag_anp.py
[2022-01-14 00:10:44,603] {processor.py:654} INFO - DAG(s) dict_keys(['my_dag_anp']) retrieved from /opt/airflow/dags/my_dag_anp.py
[2022-01-14 00:10:44,616] {logging_mixin.py:109} INFO - [2022-01-14 00:10:44,616] {dag.py:2396} INFO - Sync 1 DAGs
[2022-01-14 00:10:44,634] {logging_mixin.py:109} INFO - [2022-01-14 00:10:44,634] {dag.py:2935} INFO - Setting next_dagrun for my_dag_anp to 2022-01-14T00:00:00+00:00
[2022-01-14 00:10:44,648] {processor.py:171} INFO - Processing /opt/airflow/dags/my_dag_anp.py took 1.054 seconds
[2022-01-14 00:11:14,881] {processor.py:163} INFO - Started process (PID=3985) to work on /opt/airflow/dags/my_dag_anp.py
[2022-01-14 00:11:14,882] {processor.py:642} INFO - Processing file /opt/airflow/dags/my_dag_anp.py for tasks to queue
[2022-01-14 00:11:14,883] {logging_mixin.py:109} INFO - [2022-01-14 00:11:14,883] {dagbag.py:500} INFO - Filling up the DagBag from /opt/airflow/dags/my_dag_anp.py
[2022-01-14 00:11:15,714] {processor.py:654} INFO - DAG(s) dict_keys(['my_dag_anp']) retrieved from /opt/airflow/dags/my_dag_anp.py
[2022-01-14 00:11:15,728] {logging_mixin.py:109} INFO - [2022-01-14 00:11:15,728] {dag.py:2396} INFO - Sync 1 DAGs
[2022-01-14 00:11:15,747] {logging_mixin.py:109} INFO - [2022-01-14 00:11:15,746] {dag.py:2935} INFO - Setting next_dagrun for my_dag_anp to 2022-01-14T00:00:00+00:00
[2022-01-14 00:11:15,759] {processor.py:171} INFO - Processing /opt/airflow/dags/my_dag_anp.py took 0.882 seconds
[2022-01-14 00:11:45,792] {processor.py:163} INFO - Started process (PID=4018) to work on /opt/airflow/dags/my_dag_anp.py
[2022-01-14 00:11:45,794] {processor.py:642} INFO - Processing file /opt/airflow/dags/my_dag_anp.py for tasks to queue
[2022-01-14 00:11:45,795] {logging_mixin.py:109} INFO - [2022-01-14 00:11:45,795] {dagbag.py:500} INFO - Filling up the DagBag from /opt/airflow/dags/my_dag_anp.py
[2022-01-14 00:11:46,829] {processor.py:654} INFO - DAG(s) dict_keys(['my_dag_anp']) retrieved from /opt/airflow/dags/my_dag_anp.py
[2022-01-14 00:11:46,852] {logging_mixin.py:109} INFO - [2022-01-14 00:11:46,852] {dag.py:2396} INFO - Sync 1 DAGs
[2022-01-14 00:11:46,886] {logging_mixin.py:109} INFO - [2022-01-14 00:11:46,886] {dag.py:2935} INFO - Setting next_dagrun for my_dag_anp to 2022-01-14T00:00:00+00:00
[2022-01-14 00:11:46,904] {processor.py:171} INFO - Processing /opt/airflow/dags/my_dag_anp.py took 1.117 seconds
[2022-01-14 00:12:17,251] {processor.py:163} INFO - Started process (PID=4058) to work on /opt/airflow/dags/my_dag_anp.py
[2022-01-14 00:12:17,256] {processor.py:642} INFO - Processing file /opt/airflow/dags/my_dag_anp.py for tasks to queue
[2022-01-14 00:12:17,256] {logging_mixin.py:109} INFO - [2022-01-14 00:12:17,256] {dagbag.py:500} INFO - Filling up the DagBag from /opt/airflow/dags/my_dag_anp.py
[2022-01-14 00:12:18,382] {processor.py:654} INFO - DAG(s) dict_keys(['my_dag_anp']) retrieved from /opt/airflow/dags/my_dag_anp.py
[2022-01-14 00:12:18,406] {logging_mixin.py:109} INFO - [2022-01-14 00:12:18,405] {dag.py:2396} INFO - Sync 1 DAGs
[2022-01-14 00:12:18,437] {logging_mixin.py:109} INFO - [2022-01-14 00:12:18,437] {dag.py:2935} INFO - Setting next_dagrun for my_dag_anp to 2022-01-14T00:00:00+00:00
[2022-01-14 00:12:18,446] {processor.py:171} INFO - Processing /opt/airflow/dags/my_dag_anp.py took 1.198 seconds
[2022-01-14 00:12:49,421] {processor.py:163} INFO - Started process (PID=4092) to work on /opt/airflow/dags/my_dag_anp.py
[2022-01-14 00:12:49,425] {processor.py:642} INFO - Processing file /opt/airflow/dags/my_dag_anp.py for tasks to queue
[2022-01-14 00:12:49,428] {logging_mixin.py:109} INFO - [2022-01-14 00:12:49,427] {dagbag.py:500} INFO - Filling up the DagBag from /opt/airflow/dags/my_dag_anp.py
[2022-01-14 00:12:50,241] {processor.py:654} INFO - DAG(s) dict_keys(['my_dag_anp']) retrieved from /opt/airflow/dags/my_dag_anp.py
[2022-01-14 00:12:50,253] {logging_mixin.py:109} INFO - [2022-01-14 00:12:50,253] {dag.py:2396} INFO - Sync 1 DAGs
[2022-01-14 00:12:50,271] {logging_mixin.py:109} INFO - [2022-01-14 00:12:50,271] {dag.py:2935} INFO - Setting next_dagrun for my_dag_anp to 2022-01-14T00:00:00+00:00
[2022-01-14 00:12:50,280] {processor.py:171} INFO - Processing /opt/airflow/dags/my_dag_anp.py took 0.870 seconds
[2022-01-14 00:13:20,587] {processor.py:163} INFO - Started process (PID=4129) to work on /opt/airflow/dags/my_dag_anp.py
[2022-01-14 00:13:20,589] {processor.py:642} INFO - Processing file /opt/airflow/dags/my_dag_anp.py for tasks to queue
[2022-01-14 00:13:20,590] {logging_mixin.py:109} INFO - [2022-01-14 00:13:20,590] {dagbag.py:500} INFO - Filling up the DagBag from /opt/airflow/dags/my_dag_anp.py
[2022-01-14 00:13:21,796] {processor.py:654} INFO - DAG(s) dict_keys(['my_dag_anp']) retrieved from /opt/airflow/dags/my_dag_anp.py
[2022-01-14 00:13:21,813] {logging_mixin.py:109} INFO - [2022-01-14 00:13:21,813] {dag.py:2396} INFO - Sync 1 DAGs
[2022-01-14 00:13:21,840] {logging_mixin.py:109} INFO - [2022-01-14 00:13:21,840] {dag.py:2935} INFO - Setting next_dagrun for my_dag_anp to 2022-01-14T00:00:00+00:00
[2022-01-14 00:13:21,854] {processor.py:171} INFO - Processing /opt/airflow/dags/my_dag_anp.py took 1.272 seconds
[2022-01-14 00:13:52,807] {processor.py:163} INFO - Started process (PID=4160) to work on /opt/airflow/dags/my_dag_anp.py
[2022-01-14 00:13:52,812] {processor.py:642} INFO - Processing file /opt/airflow/dags/my_dag_anp.py for tasks to queue
[2022-01-14 00:13:52,813] {logging_mixin.py:109} INFO - [2022-01-14 00:13:52,812] {dagbag.py:500} INFO - Filling up the DagBag from /opt/airflow/dags/my_dag_anp.py
[2022-01-14 00:13:53,882] {processor.py:654} INFO - DAG(s) dict_keys(['my_dag_anp']) retrieved from /opt/airflow/dags/my_dag_anp.py
[2022-01-14 00:13:53,899] {logging_mixin.py:109} INFO - [2022-01-14 00:13:53,899] {dag.py:2396} INFO - Sync 1 DAGs
[2022-01-14 00:13:53,928] {logging_mixin.py:109} INFO - [2022-01-14 00:13:53,928] {dag.py:2935} INFO - Setting next_dagrun for my_dag_anp to 2022-01-14T00:00:00+00:00
[2022-01-14 00:13:53,950] {processor.py:171} INFO - Processing /opt/airflow/dags/my_dag_anp.py took 1.148 seconds
[2022-01-14 00:14:24,118] {processor.py:163} INFO - Started process (PID=4199) to work on /opt/airflow/dags/my_dag_anp.py
[2022-01-14 00:14:24,120] {processor.py:642} INFO - Processing file /opt/airflow/dags/my_dag_anp.py for tasks to queue
[2022-01-14 00:14:24,121] {logging_mixin.py:109} INFO - [2022-01-14 00:14:24,121] {dagbag.py:500} INFO - Filling up the DagBag from /opt/airflow/dags/my_dag_anp.py
[2022-01-14 00:14:26,009] {processor.py:654} INFO - DAG(s) dict_keys(['my_dag_anp']) retrieved from /opt/airflow/dags/my_dag_anp.py
[2022-01-14 00:14:26,043] {logging_mixin.py:109} INFO - [2022-01-14 00:14:26,043] {dag.py:2396} INFO - Sync 1 DAGs
[2022-01-14 00:14:26,102] {logging_mixin.py:109} INFO - [2022-01-14 00:14:26,102] {dag.py:2935} INFO - Setting next_dagrun for my_dag_anp to 2022-01-14T00:00:00+00:00
[2022-01-14 00:14:26,117] {processor.py:171} INFO - Processing /opt/airflow/dags/my_dag_anp.py took 2.007 seconds
[2022-01-14 00:14:56,527] {processor.py:163} INFO - Started process (PID=4230) to work on /opt/airflow/dags/my_dag_anp.py
[2022-01-14 00:14:56,535] {processor.py:642} INFO - Processing file /opt/airflow/dags/my_dag_anp.py for tasks to queue
[2022-01-14 00:14:56,536] {logging_mixin.py:109} INFO - [2022-01-14 00:14:56,536] {dagbag.py:500} INFO - Filling up the DagBag from /opt/airflow/dags/my_dag_anp.py
[2022-01-14 00:14:58,294] {processor.py:654} INFO - DAG(s) dict_keys(['my_dag_anp']) retrieved from /opt/airflow/dags/my_dag_anp.py
[2022-01-14 00:14:58,310] {logging_mixin.py:109} INFO - [2022-01-14 00:14:58,310] {dag.py:2396} INFO - Sync 1 DAGs
[2022-01-14 00:14:58,333] {logging_mixin.py:109} INFO - [2022-01-14 00:14:58,332] {dag.py:2935} INFO - Setting next_dagrun for my_dag_anp to 2022-01-14T00:00:00+00:00
[2022-01-14 00:14:58,348] {processor.py:171} INFO - Processing /opt/airflow/dags/my_dag_anp.py took 1.850 seconds
[2022-01-14 00:15:28,681] {processor.py:163} INFO - Started process (PID=4269) to work on /opt/airflow/dags/my_dag_anp.py
[2022-01-14 00:15:28,699] {processor.py:642} INFO - Processing file /opt/airflow/dags/my_dag_anp.py for tasks to queue
[2022-01-14 00:15:28,700] {logging_mixin.py:109} INFO - [2022-01-14 00:15:28,700] {dagbag.py:500} INFO - Filling up the DagBag from /opt/airflow/dags/my_dag_anp.py
[2022-01-14 00:15:30,248] {processor.py:654} INFO - DAG(s) dict_keys(['my_dag_anp']) retrieved from /opt/airflow/dags/my_dag_anp.py
[2022-01-14 00:15:30,271] {logging_mixin.py:109} INFO - [2022-01-14 00:15:30,270] {dag.py:2396} INFO - Sync 1 DAGs
[2022-01-14 00:15:30,305] {logging_mixin.py:109} INFO - [2022-01-14 00:15:30,305] {dag.py:2935} INFO - Setting next_dagrun for my_dag_anp to 2022-01-14T00:00:00+00:00
[2022-01-14 00:15:30,321] {processor.py:171} INFO - Processing /opt/airflow/dags/my_dag_anp.py took 1.645 seconds
[2022-01-14 00:16:01,155] {processor.py:163} INFO - Started process (PID=4299) to work on /opt/airflow/dags/my_dag_anp.py
[2022-01-14 00:16:01,157] {processor.py:642} INFO - Processing file /opt/airflow/dags/my_dag_anp.py for tasks to queue
[2022-01-14 00:16:01,159] {logging_mixin.py:109} INFO - [2022-01-14 00:16:01,159] {dagbag.py:500} INFO - Filling up the DagBag from /opt/airflow/dags/my_dag_anp.py
[2022-01-14 00:16:02,467] {processor.py:654} INFO - DAG(s) dict_keys(['my_dag_anp']) retrieved from /opt/airflow/dags/my_dag_anp.py
[2022-01-14 00:16:02,485] {logging_mixin.py:109} INFO - [2022-01-14 00:16:02,485] {dag.py:2396} INFO - Sync 1 DAGs
[2022-01-14 00:16:02,511] {logging_mixin.py:109} INFO - [2022-01-14 00:16:02,511] {dag.py:2935} INFO - Setting next_dagrun for my_dag_anp to 2022-01-14T00:00:00+00:00
[2022-01-14 00:16:02,526] {processor.py:171} INFO - Processing /opt/airflow/dags/my_dag_anp.py took 1.376 seconds
[2022-01-14 00:16:32,673] {processor.py:163} INFO - Started process (PID=4331) to work on /opt/airflow/dags/my_dag_anp.py
[2022-01-14 00:16:32,676] {processor.py:642} INFO - Processing file /opt/airflow/dags/my_dag_anp.py for tasks to queue
[2022-01-14 00:16:32,677] {logging_mixin.py:109} INFO - [2022-01-14 00:16:32,677] {dagbag.py:500} INFO - Filling up the DagBag from /opt/airflow/dags/my_dag_anp.py
[2022-01-14 00:16:33,700] {processor.py:654} INFO - DAG(s) dict_keys(['my_dag_anp']) retrieved from /opt/airflow/dags/my_dag_anp.py
[2022-01-14 00:16:33,716] {logging_mixin.py:109} INFO - [2022-01-14 00:16:33,715] {dag.py:2396} INFO - Sync 1 DAGs
[2022-01-14 00:16:33,740] {logging_mixin.py:109} INFO - [2022-01-14 00:16:33,740] {dag.py:2935} INFO - Setting next_dagrun for my_dag_anp to 2022-01-14T00:00:00+00:00
[2022-01-14 00:16:33,753] {processor.py:171} INFO - Processing /opt/airflow/dags/my_dag_anp.py took 1.085 seconds
[2022-01-14 00:17:03,936] {processor.py:163} INFO - Started process (PID=4369) to work on /opt/airflow/dags/my_dag_anp.py
[2022-01-14 00:17:03,947] {processor.py:642} INFO - Processing file /opt/airflow/dags/my_dag_anp.py for tasks to queue
[2022-01-14 00:17:03,948] {logging_mixin.py:109} INFO - [2022-01-14 00:17:03,947] {dagbag.py:500} INFO - Filling up the DagBag from /opt/airflow/dags/my_dag_anp.py
[2022-01-14 00:17:05,173] {processor.py:654} INFO - DAG(s) dict_keys(['my_dag_anp']) retrieved from /opt/airflow/dags/my_dag_anp.py
[2022-01-14 00:17:05,192] {logging_mixin.py:109} INFO - [2022-01-14 00:17:05,191] {dag.py:2396} INFO - Sync 1 DAGs
[2022-01-14 00:17:05,220] {logging_mixin.py:109} INFO - [2022-01-14 00:17:05,220] {dag.py:2935} INFO - Setting next_dagrun for my_dag_anp to 2022-01-14T00:00:00+00:00
[2022-01-14 00:17:05,240] {processor.py:171} INFO - Processing /opt/airflow/dags/my_dag_anp.py took 1.308 seconds
[2022-01-14 00:17:35,279] {processor.py:163} INFO - Started process (PID=4401) to work on /opt/airflow/dags/my_dag_anp.py
[2022-01-14 00:17:35,281] {processor.py:642} INFO - Processing file /opt/airflow/dags/my_dag_anp.py for tasks to queue
[2022-01-14 00:17:35,283] {logging_mixin.py:109} INFO - [2022-01-14 00:17:35,282] {dagbag.py:500} INFO - Filling up the DagBag from /opt/airflow/dags/my_dag_anp.py
[2022-01-14 00:17:36,717] {processor.py:654} INFO - DAG(s) dict_keys(['my_dag_anp']) retrieved from /opt/airflow/dags/my_dag_anp.py
[2022-01-14 00:17:36,744] {logging_mixin.py:109} INFO - [2022-01-14 00:17:36,744] {dag.py:2396} INFO - Sync 1 DAGs
[2022-01-14 00:17:36,777] {logging_mixin.py:109} INFO - [2022-01-14 00:17:36,777] {dag.py:2935} INFO - Setting next_dagrun for my_dag_anp to 2022-01-14T00:00:00+00:00
[2022-01-14 00:17:36,792] {processor.py:171} INFO - Processing /opt/airflow/dags/my_dag_anp.py took 1.517 seconds
[2022-01-14 00:18:07,476] {processor.py:163} INFO - Started process (PID=4433) to work on /opt/airflow/dags/my_dag_anp.py
[2022-01-14 00:18:07,479] {processor.py:642} INFO - Processing file /opt/airflow/dags/my_dag_anp.py for tasks to queue
[2022-01-14 00:18:07,480] {logging_mixin.py:109} INFO - [2022-01-14 00:18:07,480] {dagbag.py:500} INFO - Filling up the DagBag from /opt/airflow/dags/my_dag_anp.py
[2022-01-14 00:18:08,497] {processor.py:654} INFO - DAG(s) dict_keys(['my_dag_anp']) retrieved from /opt/airflow/dags/my_dag_anp.py
[2022-01-14 00:18:08,516] {logging_mixin.py:109} INFO - [2022-01-14 00:18:08,516] {dag.py:2396} INFO - Sync 1 DAGs
[2022-01-14 00:18:08,542] {logging_mixin.py:109} INFO - [2022-01-14 00:18:08,542] {dag.py:2935} INFO - Setting next_dagrun for my_dag_anp to 2022-01-14T00:00:00+00:00
[2022-01-14 00:18:08,556] {processor.py:171} INFO - Processing /opt/airflow/dags/my_dag_anp.py took 1.084 seconds
[2022-01-14 00:18:38,743] {processor.py:163} INFO - Started process (PID=4468) to work on /opt/airflow/dags/my_dag_anp.py
[2022-01-14 00:18:38,747] {processor.py:642} INFO - Processing file /opt/airflow/dags/my_dag_anp.py for tasks to queue
[2022-01-14 00:18:38,747] {logging_mixin.py:109} INFO - [2022-01-14 00:18:38,747] {dagbag.py:500} INFO - Filling up the DagBag from /opt/airflow/dags/my_dag_anp.py
[2022-01-14 00:18:40,158] {processor.py:654} INFO - DAG(s) dict_keys(['my_dag_anp']) retrieved from /opt/airflow/dags/my_dag_anp.py
[2022-01-14 00:18:40,175] {logging_mixin.py:109} INFO - [2022-01-14 00:18:40,175] {dag.py:2396} INFO - Sync 1 DAGs
[2022-01-14 00:18:40,201] {logging_mixin.py:109} INFO - [2022-01-14 00:18:40,201] {dag.py:2935} INFO - Setting next_dagrun for my_dag_anp to 2022-01-14T00:00:00+00:00
[2022-01-14 00:18:40,216] {processor.py:171} INFO - Processing /opt/airflow/dags/my_dag_anp.py took 1.477 seconds
[2022-01-14 00:19:10,423] {processor.py:163} INFO - Started process (PID=4501) to work on /opt/airflow/dags/my_dag_anp.py
[2022-01-14 00:19:10,424] {processor.py:642} INFO - Processing file /opt/airflow/dags/my_dag_anp.py for tasks to queue
[2022-01-14 00:19:10,434] {logging_mixin.py:109} INFO - [2022-01-14 00:19:10,434] {dagbag.py:500} INFO - Filling up the DagBag from /opt/airflow/dags/my_dag_anp.py
[2022-01-14 00:19:11,726] {processor.py:654} INFO - DAG(s) dict_keys(['my_dag_anp']) retrieved from /opt/airflow/dags/my_dag_anp.py
[2022-01-14 00:19:11,747] {logging_mixin.py:109} INFO - [2022-01-14 00:19:11,747] {dag.py:2396} INFO - Sync 1 DAGs
[2022-01-14 00:19:11,775] {logging_mixin.py:109} INFO - [2022-01-14 00:19:11,775] {dag.py:2935} INFO - Setting next_dagrun for my_dag_anp to 2022-01-14T00:00:00+00:00
[2022-01-14 00:19:11,790] {processor.py:171} INFO - Processing /opt/airflow/dags/my_dag_anp.py took 1.372 seconds
[2022-01-14 00:19:42,509] {processor.py:163} INFO - Started process (PID=4554) to work on /opt/airflow/dags/my_dag_anp.py
[2022-01-14 00:19:42,514] {processor.py:642} INFO - Processing file /opt/airflow/dags/my_dag_anp.py for tasks to queue
[2022-01-14 00:19:42,515] {logging_mixin.py:109} INFO - [2022-01-14 00:19:42,515] {dagbag.py:500} INFO - Filling up the DagBag from /opt/airflow/dags/my_dag_anp.py
[2022-01-14 00:19:43,456] {processor.py:654} INFO - DAG(s) dict_keys(['my_dag_anp']) retrieved from /opt/airflow/dags/my_dag_anp.py
[2022-01-14 00:19:43,469] {logging_mixin.py:109} INFO - [2022-01-14 00:19:43,469] {dag.py:2396} INFO - Sync 1 DAGs
[2022-01-14 00:19:43,489] {logging_mixin.py:109} INFO - [2022-01-14 00:19:43,489] {dag.py:2935} INFO - Setting next_dagrun for my_dag_anp to 2022-01-14T00:00:00+00:00
[2022-01-14 00:19:43,501] {processor.py:171} INFO - Processing /opt/airflow/dags/my_dag_anp.py took 0.995 seconds
[2022-01-14 00:20:13,702] {processor.py:163} INFO - Started process (PID=4585) to work on /opt/airflow/dags/my_dag_anp.py
[2022-01-14 00:20:13,704] {processor.py:642} INFO - Processing file /opt/airflow/dags/my_dag_anp.py for tasks to queue
[2022-01-14 00:20:13,705] {logging_mixin.py:109} INFO - [2022-01-14 00:20:13,705] {dagbag.py:500} INFO - Filling up the DagBag from /opt/airflow/dags/my_dag_anp.py
[2022-01-14 00:20:14,527] {processor.py:654} INFO - DAG(s) dict_keys(['my_dag_anp']) retrieved from /opt/airflow/dags/my_dag_anp.py
[2022-01-14 00:20:14,540] {logging_mixin.py:109} INFO - [2022-01-14 00:20:14,539] {dag.py:2396} INFO - Sync 1 DAGs
[2022-01-14 00:20:14,558] {logging_mixin.py:109} INFO - [2022-01-14 00:20:14,558] {dag.py:2935} INFO - Setting next_dagrun for my_dag_anp to 2022-01-14T00:00:00+00:00
[2022-01-14 00:20:14,575] {processor.py:171} INFO - Processing /opt/airflow/dags/my_dag_anp.py took 0.878 seconds
[2022-01-14 00:20:44,991] {processor.py:163} INFO - Started process (PID=4618) to work on /opt/airflow/dags/my_dag_anp.py
[2022-01-14 00:20:44,996] {processor.py:642} INFO - Processing file /opt/airflow/dags/my_dag_anp.py for tasks to queue
[2022-01-14 00:20:44,998] {logging_mixin.py:109} INFO - [2022-01-14 00:20:44,998] {dagbag.py:500} INFO - Filling up the DagBag from /opt/airflow/dags/my_dag_anp.py
[2022-01-14 00:20:46,480] {processor.py:654} INFO - DAG(s) dict_keys(['my_dag_anp']) retrieved from /opt/airflow/dags/my_dag_anp.py
[2022-01-14 00:20:46,524] {logging_mixin.py:109} INFO - [2022-01-14 00:20:46,523] {dag.py:2396} INFO - Sync 1 DAGs
[2022-01-14 00:20:46,581] {logging_mixin.py:109} INFO - [2022-01-14 00:20:46,580] {dag.py:2935} INFO - Setting next_dagrun for my_dag_anp to 2022-01-14T00:00:00+00:00
[2022-01-14 00:20:46,626] {processor.py:171} INFO - Processing /opt/airflow/dags/my_dag_anp.py took 1.640 seconds
[2022-01-14 00:21:17,269] {processor.py:163} INFO - Started process (PID=4648) to work on /opt/airflow/dags/my_dag_anp.py
[2022-01-14 00:21:17,287] {processor.py:642} INFO - Processing file /opt/airflow/dags/my_dag_anp.py for tasks to queue
[2022-01-14 00:21:17,288] {logging_mixin.py:109} INFO - [2022-01-14 00:21:17,288] {dagbag.py:500} INFO - Filling up the DagBag from /opt/airflow/dags/my_dag_anp.py
[2022-01-14 00:21:20,067] {processor.py:654} INFO - DAG(s) dict_keys(['my_dag_anp']) retrieved from /opt/airflow/dags/my_dag_anp.py
[2022-01-14 00:21:20,155] {logging_mixin.py:109} INFO - [2022-01-14 00:21:20,154] {dag.py:2396} INFO - Sync 1 DAGs
[2022-01-14 00:21:20,217] {logging_mixin.py:109} INFO - [2022-01-14 00:21:20,217] {dag.py:2935} INFO - Setting next_dagrun for my_dag_anp to 2022-01-14T00:00:00+00:00
[2022-01-14 00:21:20,250] {processor.py:171} INFO - Processing /opt/airflow/dags/my_dag_anp.py took 2.997 seconds
[2022-01-14 00:21:50,678] {processor.py:163} INFO - Started process (PID=4688) to work on /opt/airflow/dags/my_dag_anp.py
[2022-01-14 00:21:50,680] {processor.py:642} INFO - Processing file /opt/airflow/dags/my_dag_anp.py for tasks to queue
[2022-01-14 00:21:50,681] {logging_mixin.py:109} INFO - [2022-01-14 00:21:50,681] {dagbag.py:500} INFO - Filling up the DagBag from /opt/airflow/dags/my_dag_anp.py
[2022-01-14 00:21:51,751] {processor.py:654} INFO - DAG(s) dict_keys(['my_dag_anp']) retrieved from /opt/airflow/dags/my_dag_anp.py
[2022-01-14 00:21:51,772] {logging_mixin.py:109} INFO - [2022-01-14 00:21:51,772] {dag.py:2396} INFO - Sync 1 DAGs
[2022-01-14 00:21:51,802] {logging_mixin.py:109} INFO - [2022-01-14 00:21:51,802] {dag.py:2935} INFO - Setting next_dagrun for my_dag_anp to 2022-01-14T00:00:00+00:00
[2022-01-14 00:21:51,816] {processor.py:171} INFO - Processing /opt/airflow/dags/my_dag_anp.py took 1.141 seconds
[2022-01-14 00:22:21,994] {processor.py:163} INFO - Started process (PID=4722) to work on /opt/airflow/dags/my_dag_anp.py
[2022-01-14 00:22:21,995] {processor.py:642} INFO - Processing file /opt/airflow/dags/my_dag_anp.py for tasks to queue
[2022-01-14 00:22:21,996] {logging_mixin.py:109} INFO - [2022-01-14 00:22:21,996] {dagbag.py:500} INFO - Filling up the DagBag from /opt/airflow/dags/my_dag_anp.py
[2022-01-14 00:22:22,942] {processor.py:654} INFO - DAG(s) dict_keys(['my_dag_anp']) retrieved from /opt/airflow/dags/my_dag_anp.py
[2022-01-14 00:22:22,961] {logging_mixin.py:109} INFO - [2022-01-14 00:22:22,961] {dag.py:2396} INFO - Sync 1 DAGs
[2022-01-14 00:22:22,991] {logging_mixin.py:109} INFO - [2022-01-14 00:22:22,991] {dag.py:2935} INFO - Setting next_dagrun for my_dag_anp to 2022-01-14T00:00:00+00:00
[2022-01-14 00:22:23,007] {processor.py:171} INFO - Processing /opt/airflow/dags/my_dag_anp.py took 1.017 seconds
[2022-01-14 00:22:53,414] {processor.py:163} INFO - Started process (PID=4761) to work on /opt/airflow/dags/my_dag_anp.py
[2022-01-14 00:22:53,421] {processor.py:642} INFO - Processing file /opt/airflow/dags/my_dag_anp.py for tasks to queue
[2022-01-14 00:22:53,422] {logging_mixin.py:109} INFO - [2022-01-14 00:22:53,422] {dagbag.py:500} INFO - Filling up the DagBag from /opt/airflow/dags/my_dag_anp.py
[2022-01-14 00:22:55,224] {processor.py:654} INFO - DAG(s) dict_keys(['my_dag_anp']) retrieved from /opt/airflow/dags/my_dag_anp.py
[2022-01-14 00:22:55,250] {logging_mixin.py:109} INFO - [2022-01-14 00:22:55,249] {dag.py:2396} INFO - Sync 1 DAGs
[2022-01-14 00:22:55,287] {logging_mixin.py:109} INFO - [2022-01-14 00:22:55,286] {dag.py:2935} INFO - Setting next_dagrun for my_dag_anp to 2022-01-14T00:00:00+00:00
[2022-01-14 00:22:55,306] {processor.py:171} INFO - Processing /opt/airflow/dags/my_dag_anp.py took 1.896 seconds
[2022-01-14 00:23:25,885] {processor.py:163} INFO - Started process (PID=4796) to work on /opt/airflow/dags/my_dag_anp.py
[2022-01-14 00:23:25,889] {processor.py:642} INFO - Processing file /opt/airflow/dags/my_dag_anp.py for tasks to queue
[2022-01-14 00:23:25,889] {logging_mixin.py:109} INFO - [2022-01-14 00:23:25,889] {dagbag.py:500} INFO - Filling up the DagBag from /opt/airflow/dags/my_dag_anp.py
[2022-01-14 00:23:27,025] {processor.py:654} INFO - DAG(s) dict_keys(['my_dag_anp']) retrieved from /opt/airflow/dags/my_dag_anp.py
[2022-01-14 00:23:27,049] {logging_mixin.py:109} INFO - [2022-01-14 00:23:27,048] {dag.py:2396} INFO - Sync 1 DAGs
[2022-01-14 00:23:27,085] {logging_mixin.py:109} INFO - [2022-01-14 00:23:27,085] {dag.py:2935} INFO - Setting next_dagrun for my_dag_anp to 2022-01-14T00:00:00+00:00
[2022-01-14 00:23:27,108] {processor.py:171} INFO - Processing /opt/airflow/dags/my_dag_anp.py took 1.227 seconds
[2022-01-14 00:23:57,157] {processor.py:163} INFO - Started process (PID=4828) to work on /opt/airflow/dags/my_dag_anp.py
[2022-01-14 00:23:57,159] {processor.py:642} INFO - Processing file /opt/airflow/dags/my_dag_anp.py for tasks to queue
[2022-01-14 00:23:57,159] {logging_mixin.py:109} INFO - [2022-01-14 00:23:57,159] {dagbag.py:500} INFO - Filling up the DagBag from /opt/airflow/dags/my_dag_anp.py
[2022-01-14 00:23:58,182] {processor.py:654} INFO - DAG(s) dict_keys(['my_dag_anp']) retrieved from /opt/airflow/dags/my_dag_anp.py
[2022-01-14 00:23:58,206] {logging_mixin.py:109} INFO - [2022-01-14 00:23:58,205] {dag.py:2396} INFO - Sync 1 DAGs
[2022-01-14 00:23:58,239] {logging_mixin.py:109} INFO - [2022-01-14 00:23:58,238] {dag.py:2935} INFO - Setting next_dagrun for my_dag_anp to 2022-01-14T00:00:00+00:00
[2022-01-14 00:23:58,252] {processor.py:171} INFO - Processing /opt/airflow/dags/my_dag_anp.py took 1.098 seconds
[2022-01-14 00:24:28,462] {processor.py:163} INFO - Started process (PID=4860) to work on /opt/airflow/dags/my_dag_anp.py
[2022-01-14 00:24:28,468] {processor.py:642} INFO - Processing file /opt/airflow/dags/my_dag_anp.py for tasks to queue
[2022-01-14 00:24:28,473] {logging_mixin.py:109} INFO - [2022-01-14 00:24:28,473] {dagbag.py:500} INFO - Filling up the DagBag from /opt/airflow/dags/my_dag_anp.py
[2022-01-14 00:24:29,836] {processor.py:654} INFO - DAG(s) dict_keys(['my_dag_anp']) retrieved from /opt/airflow/dags/my_dag_anp.py
[2022-01-14 00:24:29,882] {logging_mixin.py:109} INFO - [2022-01-14 00:24:29,882] {dag.py:2396} INFO - Sync 1 DAGs
[2022-01-14 00:24:29,918] {logging_mixin.py:109} INFO - [2022-01-14 00:24:29,918] {dag.py:2935} INFO - Setting next_dagrun for my_dag_anp to 2022-01-14T00:00:00+00:00
[2022-01-14 00:24:29,947] {processor.py:171} INFO - Processing /opt/airflow/dags/my_dag_anp.py took 1.492 seconds
[2022-01-14 00:25:00,891] {processor.py:163} INFO - Started process (PID=4899) to work on /opt/airflow/dags/my_dag_anp.py
[2022-01-14 00:25:00,892] {processor.py:642} INFO - Processing file /opt/airflow/dags/my_dag_anp.py for tasks to queue
[2022-01-14 00:25:00,893] {logging_mixin.py:109} INFO - [2022-01-14 00:25:00,893] {dagbag.py:500} INFO - Filling up the DagBag from /opt/airflow/dags/my_dag_anp.py
[2022-01-14 00:25:02,249] {processor.py:654} INFO - DAG(s) dict_keys(['my_dag_anp']) retrieved from /opt/airflow/dags/my_dag_anp.py
[2022-01-14 00:25:02,267] {logging_mixin.py:109} INFO - [2022-01-14 00:25:02,266] {dag.py:2396} INFO - Sync 1 DAGs
[2022-01-14 00:25:02,294] {logging_mixin.py:109} INFO - [2022-01-14 00:25:02,294] {dag.py:2935} INFO - Setting next_dagrun for my_dag_anp to 2022-01-14T00:00:00+00:00
[2022-01-14 00:25:02,317] {processor.py:171} INFO - Processing /opt/airflow/dags/my_dag_anp.py took 1.443 seconds
[2022-01-14 00:25:32,753] {processor.py:163} INFO - Started process (PID=4931) to work on /opt/airflow/dags/my_dag_anp.py
[2022-01-14 00:25:32,756] {processor.py:642} INFO - Processing file /opt/airflow/dags/my_dag_anp.py for tasks to queue
[2022-01-14 00:25:32,757] {logging_mixin.py:109} INFO - [2022-01-14 00:25:32,757] {dagbag.py:500} INFO - Filling up the DagBag from /opt/airflow/dags/my_dag_anp.py
[2022-01-14 00:25:33,984] {processor.py:654} INFO - DAG(s) dict_keys(['my_dag_anp']) retrieved from /opt/airflow/dags/my_dag_anp.py
[2022-01-14 00:25:34,003] {logging_mixin.py:109} INFO - [2022-01-14 00:25:34,002] {dag.py:2396} INFO - Sync 1 DAGs
[2022-01-14 00:25:34,034] {logging_mixin.py:109} INFO - [2022-01-14 00:25:34,034] {dag.py:2935} INFO - Setting next_dagrun for my_dag_anp to 2022-01-14T00:00:00+00:00
[2022-01-14 00:25:34,052] {processor.py:171} INFO - Processing /opt/airflow/dags/my_dag_anp.py took 1.302 seconds
[2022-01-14 00:26:04,693] {processor.py:163} INFO - Started process (PID=4962) to work on /opt/airflow/dags/my_dag_anp.py
[2022-01-14 00:26:04,699] {processor.py:642} INFO - Processing file /opt/airflow/dags/my_dag_anp.py for tasks to queue
[2022-01-14 00:26:04,700] {logging_mixin.py:109} INFO - [2022-01-14 00:26:04,700] {dagbag.py:500} INFO - Filling up the DagBag from /opt/airflow/dags/my_dag_anp.py
[2022-01-14 00:26:05,849] {processor.py:654} INFO - DAG(s) dict_keys(['my_dag_anp']) retrieved from /opt/airflow/dags/my_dag_anp.py
[2022-01-14 00:26:05,868] {logging_mixin.py:109} INFO - [2022-01-14 00:26:05,867] {dag.py:2396} INFO - Sync 1 DAGs
[2022-01-14 00:26:05,895] {logging_mixin.py:109} INFO - [2022-01-14 00:26:05,895] {dag.py:2935} INFO - Setting next_dagrun for my_dag_anp to 2022-01-14T00:00:00+00:00
[2022-01-14 00:26:05,914] {processor.py:171} INFO - Processing /opt/airflow/dags/my_dag_anp.py took 1.225 seconds
[2022-01-14 00:26:36,063] {processor.py:163} INFO - Started process (PID=4994) to work on /opt/airflow/dags/my_dag_anp.py
[2022-01-14 00:26:36,064] {processor.py:642} INFO - Processing file /opt/airflow/dags/my_dag_anp.py for tasks to queue
[2022-01-14 00:26:36,065] {logging_mixin.py:109} INFO - [2022-01-14 00:26:36,065] {dagbag.py:500} INFO - Filling up the DagBag from /opt/airflow/dags/my_dag_anp.py
[2022-01-14 00:26:36,928] {processor.py:654} INFO - DAG(s) dict_keys(['my_dag_anp']) retrieved from /opt/airflow/dags/my_dag_anp.py
[2022-01-14 00:26:36,948] {logging_mixin.py:109} INFO - [2022-01-14 00:26:36,947] {dag.py:2396} INFO - Sync 1 DAGs
[2022-01-14 00:26:36,977] {logging_mixin.py:109} INFO - [2022-01-14 00:26:36,977] {dag.py:2935} INFO - Setting next_dagrun for my_dag_anp to 2022-01-14T00:00:00+00:00
[2022-01-14 00:26:36,994] {processor.py:171} INFO - Processing /opt/airflow/dags/my_dag_anp.py took 0.934 seconds
[2022-01-14 00:27:07,297] {processor.py:163} INFO - Started process (PID=5023) to work on /opt/airflow/dags/my_dag_anp.py
[2022-01-14 00:27:07,308] {processor.py:642} INFO - Processing file /opt/airflow/dags/my_dag_anp.py for tasks to queue
[2022-01-14 00:27:07,310] {logging_mixin.py:109} INFO - [2022-01-14 00:27:07,310] {dagbag.py:500} INFO - Filling up the DagBag from /opt/airflow/dags/my_dag_anp.py
[2022-01-14 00:27:08,430] {processor.py:654} INFO - DAG(s) dict_keys(['my_dag_anp']) retrieved from /opt/airflow/dags/my_dag_anp.py
[2022-01-14 00:27:08,450] {logging_mixin.py:109} INFO - [2022-01-14 00:27:08,450] {dag.py:2396} INFO - Sync 1 DAGs
[2022-01-14 00:27:08,477] {logging_mixin.py:109} INFO - [2022-01-14 00:27:08,477] {dag.py:2935} INFO - Setting next_dagrun for my_dag_anp to 2022-01-14T00:00:00+00:00
[2022-01-14 00:27:08,500] {processor.py:171} INFO - Processing /opt/airflow/dags/my_dag_anp.py took 1.208 seconds
[2022-01-14 00:27:38,626] {processor.py:163} INFO - Started process (PID=5067) to work on /opt/airflow/dags/my_dag_anp.py
[2022-01-14 00:27:38,627] {processor.py:642} INFO - Processing file /opt/airflow/dags/my_dag_anp.py for tasks to queue
[2022-01-14 00:27:38,628] {logging_mixin.py:109} INFO - [2022-01-14 00:27:38,628] {dagbag.py:500} INFO - Filling up the DagBag from /opt/airflow/dags/my_dag_anp.py
[2022-01-14 00:27:39,533] {processor.py:654} INFO - DAG(s) dict_keys(['my_dag_anp']) retrieved from /opt/airflow/dags/my_dag_anp.py
[2022-01-14 00:27:39,547] {logging_mixin.py:109} INFO - [2022-01-14 00:27:39,546] {dag.py:2396} INFO - Sync 1 DAGs
[2022-01-14 00:27:39,566] {logging_mixin.py:109} INFO - [2022-01-14 00:27:39,566] {dag.py:2935} INFO - Setting next_dagrun for my_dag_anp to 2022-01-14T00:00:00+00:00
[2022-01-14 00:27:39,576] {processor.py:171} INFO - Processing /opt/airflow/dags/my_dag_anp.py took 0.954 seconds
[2022-01-14 00:28:09,928] {processor.py:163} INFO - Started process (PID=5110) to work on /opt/airflow/dags/my_dag_anp.py
[2022-01-14 00:28:09,943] {processor.py:642} INFO - Processing file /opt/airflow/dags/my_dag_anp.py for tasks to queue
[2022-01-14 00:28:09,944] {logging_mixin.py:109} INFO - [2022-01-14 00:28:09,944] {dagbag.py:500} INFO - Filling up the DagBag from /opt/airflow/dags/my_dag_anp.py
[2022-01-14 00:28:10,730] {processor.py:654} INFO - DAG(s) dict_keys(['my_dag_anp']) retrieved from /opt/airflow/dags/my_dag_anp.py
[2022-01-14 00:28:10,743] {logging_mixin.py:109} INFO - [2022-01-14 00:28:10,743] {dag.py:2396} INFO - Sync 1 DAGs
[2022-01-14 00:28:10,761] {logging_mixin.py:109} INFO - [2022-01-14 00:28:10,761] {dag.py:2935} INFO - Setting next_dagrun for my_dag_anp to 2022-01-14T00:00:00+00:00
[2022-01-14 00:28:10,785] {processor.py:171} INFO - Processing /opt/airflow/dags/my_dag_anp.py took 0.861 seconds
[2022-01-14 00:28:41,158] {processor.py:163} INFO - Started process (PID=5140) to work on /opt/airflow/dags/my_dag_anp.py
[2022-01-14 00:28:41,160] {processor.py:642} INFO - Processing file /opt/airflow/dags/my_dag_anp.py for tasks to queue
[2022-01-14 00:28:41,161] {logging_mixin.py:109} INFO - [2022-01-14 00:28:41,160] {dagbag.py:500} INFO - Filling up the DagBag from /opt/airflow/dags/my_dag_anp.py
[2022-01-14 00:28:41,978] {processor.py:654} INFO - DAG(s) dict_keys(['my_dag_anp']) retrieved from /opt/airflow/dags/my_dag_anp.py
[2022-01-14 00:28:41,991] {logging_mixin.py:109} INFO - [2022-01-14 00:28:41,990] {dag.py:2396} INFO - Sync 1 DAGs
[2022-01-14 00:28:42,010] {logging_mixin.py:109} INFO - [2022-01-14 00:28:42,010] {dag.py:2935} INFO - Setting next_dagrun for my_dag_anp to 2022-01-14T00:00:00+00:00
[2022-01-14 00:28:42,037] {processor.py:171} INFO - Processing /opt/airflow/dags/my_dag_anp.py took 0.883 seconds
