[2022-01-14 00:00:20,092] {processor.py:163} INFO - Started process (PID=3275) to work on /opt/airflow/dags/my_dag.py
[2022-01-14 00:00:20,093] {processor.py:642} INFO - Processing file /opt/airflow/dags/my_dag.py for tasks to queue
[2022-01-14 00:00:20,094] {logging_mixin.py:109} INFO - [2022-01-14 00:00:20,094] {dagbag.py:500} INFO - Filling up the DagBag from /opt/airflow/dags/my_dag.py
[2022-01-14 00:00:20,195] {processor.py:654} INFO - DAG(s) dict_keys(['my_dag']) retrieved from /opt/airflow/dags/my_dag.py
[2022-01-14 00:00:20,241] {logging_mixin.py:109} INFO - [2022-01-14 00:00:20,241] {dag.py:2396} INFO - Sync 1 DAGs
[2022-01-14 00:00:20,302] {logging_mixin.py:109} INFO - [2022-01-14 00:00:20,302] {dag.py:2935} INFO - Setting next_dagrun for my_dag to 2022-01-13T00:00:00+00:00
[2022-01-14 00:00:20,368] {processor.py:171} INFO - Processing /opt/airflow/dags/my_dag.py took 0.285 seconds
[2022-01-14 00:00:50,666] {processor.py:163} INFO - Started process (PID=3305) to work on /opt/airflow/dags/my_dag.py
[2022-01-14 00:00:50,667] {processor.py:642} INFO - Processing file /opt/airflow/dags/my_dag.py for tasks to queue
[2022-01-14 00:00:50,668] {logging_mixin.py:109} INFO - [2022-01-14 00:00:50,668] {dagbag.py:500} INFO - Filling up the DagBag from /opt/airflow/dags/my_dag.py
[2022-01-14 00:00:50,833] {processor.py:654} INFO - DAG(s) dict_keys(['my_dag']) retrieved from /opt/airflow/dags/my_dag.py
[2022-01-14 00:00:50,931] {logging_mixin.py:109} INFO - [2022-01-14 00:00:50,931] {dag.py:2396} INFO - Sync 1 DAGs
[2022-01-14 00:00:51,052] {logging_mixin.py:109} INFO - [2022-01-14 00:00:51,052] {dag.py:2935} INFO - Setting next_dagrun for my_dag to 2022-01-13T00:00:00+00:00
[2022-01-14 00:00:51,090] {processor.py:171} INFO - Processing /opt/airflow/dags/my_dag.py took 0.457 seconds
[2022-01-14 00:01:21,771] {processor.py:163} INFO - Started process (PID=3337) to work on /opt/airflow/dags/my_dag.py
[2022-01-14 00:01:21,795] {processor.py:642} INFO - Processing file /opt/airflow/dags/my_dag.py for tasks to queue
[2022-01-14 00:01:21,796] {logging_mixin.py:109} INFO - [2022-01-14 00:01:21,796] {dagbag.py:500} INFO - Filling up the DagBag from /opt/airflow/dags/my_dag.py
[2022-01-14 00:01:21,858] {processor.py:654} INFO - DAG(s) dict_keys(['my_dag']) retrieved from /opt/airflow/dags/my_dag.py
[2022-01-14 00:01:21,875] {logging_mixin.py:109} INFO - [2022-01-14 00:01:21,875] {dag.py:2396} INFO - Sync 1 DAGs
[2022-01-14 00:01:21,906] {logging_mixin.py:109} INFO - [2022-01-14 00:01:21,906] {dag.py:2935} INFO - Setting next_dagrun for my_dag to 2022-01-13T00:00:00+00:00
[2022-01-14 00:01:21,944] {processor.py:171} INFO - Processing /opt/airflow/dags/my_dag.py took 0.177 seconds
[2022-01-14 00:01:52,228] {processor.py:163} INFO - Started process (PID=3372) to work on /opt/airflow/dags/my_dag.py
[2022-01-14 00:01:52,242] {processor.py:642} INFO - Processing file /opt/airflow/dags/my_dag.py for tasks to queue
[2022-01-14 00:01:52,243] {logging_mixin.py:109} INFO - [2022-01-14 00:01:52,243] {dagbag.py:500} INFO - Filling up the DagBag from /opt/airflow/dags/my_dag.py
[2022-01-14 00:01:52,294] {processor.py:654} INFO - DAG(s) dict_keys(['my_dag']) retrieved from /opt/airflow/dags/my_dag.py
[2022-01-14 00:01:52,315] {logging_mixin.py:109} INFO - [2022-01-14 00:01:52,315] {dag.py:2396} INFO - Sync 1 DAGs
[2022-01-14 00:01:52,348] {logging_mixin.py:109} INFO - [2022-01-14 00:01:52,348] {dag.py:2935} INFO - Setting next_dagrun for my_dag to 2022-01-13T00:00:00+00:00
[2022-01-14 00:01:52,371] {processor.py:171} INFO - Processing /opt/airflow/dags/my_dag.py took 0.147 seconds
[2022-01-14 00:02:22,572] {processor.py:163} INFO - Started process (PID=3402) to work on /opt/airflow/dags/my_dag.py
[2022-01-14 00:02:22,600] {processor.py:642} INFO - Processing file /opt/airflow/dags/my_dag.py for tasks to queue
[2022-01-14 00:02:22,601] {logging_mixin.py:109} INFO - [2022-01-14 00:02:22,601] {dagbag.py:500} INFO - Filling up the DagBag from /opt/airflow/dags/my_dag.py
[2022-01-14 00:02:22,667] {processor.py:654} INFO - DAG(s) dict_keys(['my_dag']) retrieved from /opt/airflow/dags/my_dag.py
[2022-01-14 00:02:22,689] {logging_mixin.py:109} INFO - [2022-01-14 00:02:22,689] {dag.py:2396} INFO - Sync 1 DAGs
[2022-01-14 00:02:22,721] {logging_mixin.py:109} INFO - [2022-01-14 00:02:22,720] {dag.py:2935} INFO - Setting next_dagrun for my_dag to 2022-01-13T00:00:00+00:00
[2022-01-14 00:02:22,770] {processor.py:171} INFO - Processing /opt/airflow/dags/my_dag.py took 0.202 seconds
[2022-01-14 00:02:53,105] {processor.py:163} INFO - Started process (PID=3433) to work on /opt/airflow/dags/my_dag.py
[2022-01-14 00:02:53,107] {processor.py:642} INFO - Processing file /opt/airflow/dags/my_dag.py for tasks to queue
[2022-01-14 00:02:53,108] {logging_mixin.py:109} INFO - [2022-01-14 00:02:53,107] {dagbag.py:500} INFO - Filling up the DagBag from /opt/airflow/dags/my_dag.py
[2022-01-14 00:02:53,160] {processor.py:654} INFO - DAG(s) dict_keys(['my_dag']) retrieved from /opt/airflow/dags/my_dag.py
[2022-01-14 00:02:53,175] {logging_mixin.py:109} INFO - [2022-01-14 00:02:53,175] {dag.py:2396} INFO - Sync 1 DAGs
[2022-01-14 00:02:53,205] {logging_mixin.py:109} INFO - [2022-01-14 00:02:53,204] {dag.py:2935} INFO - Setting next_dagrun for my_dag to 2022-01-13T00:00:00+00:00
[2022-01-14 00:02:53,246] {processor.py:171} INFO - Processing /opt/airflow/dags/my_dag.py took 0.157 seconds
[2022-01-14 00:03:23,460] {processor.py:163} INFO - Started process (PID=3466) to work on /opt/airflow/dags/my_dag.py
[2022-01-14 00:03:23,499] {processor.py:642} INFO - Processing file /opt/airflow/dags/my_dag.py for tasks to queue
[2022-01-14 00:03:23,500] {logging_mixin.py:109} INFO - [2022-01-14 00:03:23,500] {dagbag.py:500} INFO - Filling up the DagBag from /opt/airflow/dags/my_dag.py
[2022-01-14 00:03:23,577] {processor.py:654} INFO - DAG(s) dict_keys(['my_dag']) retrieved from /opt/airflow/dags/my_dag.py
[2022-01-14 00:03:23,593] {logging_mixin.py:109} INFO - [2022-01-14 00:03:23,593] {dag.py:2396} INFO - Sync 1 DAGs
[2022-01-14 00:03:23,621] {logging_mixin.py:109} INFO - [2022-01-14 00:03:23,621] {dag.py:2935} INFO - Setting next_dagrun for my_dag to 2022-01-13T00:00:00+00:00
[2022-01-14 00:03:23,666] {processor.py:171} INFO - Processing /opt/airflow/dags/my_dag.py took 0.211 seconds
[2022-01-14 00:03:54,483] {processor.py:163} INFO - Started process (PID=3494) to work on /opt/airflow/dags/my_dag.py
[2022-01-14 00:03:54,484] {processor.py:642} INFO - Processing file /opt/airflow/dags/my_dag.py for tasks to queue
[2022-01-14 00:03:54,494] {logging_mixin.py:109} INFO - [2022-01-14 00:03:54,485] {dagbag.py:500} INFO - Filling up the DagBag from /opt/airflow/dags/my_dag.py
[2022-01-14 00:03:54,641] {processor.py:654} INFO - DAG(s) dict_keys(['my_dag']) retrieved from /opt/airflow/dags/my_dag.py
[2022-01-14 00:03:54,663] {logging_mixin.py:109} INFO - [2022-01-14 00:03:54,662] {dag.py:2396} INFO - Sync 1 DAGs
[2022-01-14 00:03:54,727] {logging_mixin.py:109} INFO - [2022-01-14 00:03:54,727] {dag.py:2935} INFO - Setting next_dagrun for my_dag to 2022-01-13T00:00:00+00:00
[2022-01-14 00:03:54,814] {processor.py:171} INFO - Processing /opt/airflow/dags/my_dag.py took 0.344 seconds
[2022-01-14 00:04:24,914] {processor.py:163} INFO - Started process (PID=3522) to work on /opt/airflow/dags/my_dag.py
[2022-01-14 00:04:24,949] {processor.py:642} INFO - Processing file /opt/airflow/dags/my_dag.py for tasks to queue
[2022-01-14 00:04:24,950] {logging_mixin.py:109} INFO - [2022-01-14 00:04:24,950] {dagbag.py:500} INFO - Filling up the DagBag from /opt/airflow/dags/my_dag.py
[2022-01-14 00:04:25,105] {processor.py:654} INFO - DAG(s) dict_keys(['my_dag']) retrieved from /opt/airflow/dags/my_dag.py
[2022-01-14 00:04:25,140] {logging_mixin.py:109} INFO - [2022-01-14 00:04:25,140] {dag.py:2396} INFO - Sync 1 DAGs
[2022-01-14 00:04:25,195] {logging_mixin.py:109} INFO - [2022-01-14 00:04:25,195] {dag.py:2935} INFO - Setting next_dagrun for my_dag to 2022-01-13T00:00:00+00:00
[2022-01-14 00:04:25,271] {processor.py:171} INFO - Processing /opt/airflow/dags/my_dag.py took 0.373 seconds
[2022-01-14 00:04:55,325] {processor.py:163} INFO - Started process (PID=3544) to work on /opt/airflow/dags/my_dag.py
[2022-01-14 00:04:55,328] {processor.py:642} INFO - Processing file /opt/airflow/dags/my_dag.py for tasks to queue
[2022-01-14 00:04:55,330] {logging_mixin.py:109} INFO - [2022-01-14 00:04:55,330] {dagbag.py:500} INFO - Filling up the DagBag from /opt/airflow/dags/my_dag.py
[2022-01-14 00:04:55,397] {processor.py:654} INFO - DAG(s) dict_keys(['my_dag']) retrieved from /opt/airflow/dags/my_dag.py
[2022-01-14 00:04:55,418] {logging_mixin.py:109} INFO - [2022-01-14 00:04:55,418] {dag.py:2396} INFO - Sync 1 DAGs
[2022-01-14 00:04:55,448] {logging_mixin.py:109} INFO - [2022-01-14 00:04:55,448] {dag.py:2935} INFO - Setting next_dagrun for my_dag to 2022-01-13T00:00:00+00:00
[2022-01-14 00:04:55,460] {processor.py:171} INFO - Processing /opt/airflow/dags/my_dag.py took 0.139 seconds
[2022-01-14 00:05:26,171] {processor.py:163} INFO - Started process (PID=3585) to work on /opt/airflow/dags/my_dag.py
[2022-01-14 00:05:26,176] {processor.py:642} INFO - Processing file /opt/airflow/dags/my_dag.py for tasks to queue
[2022-01-14 00:05:26,176] {logging_mixin.py:109} INFO - [2022-01-14 00:05:26,176] {dagbag.py:500} INFO - Filling up the DagBag from /opt/airflow/dags/my_dag.py
[2022-01-14 00:05:26,206] {processor.py:654} INFO - DAG(s) dict_keys(['my_dag']) retrieved from /opt/airflow/dags/my_dag.py
[2022-01-14 00:05:26,218] {logging_mixin.py:109} INFO - [2022-01-14 00:05:26,217] {dag.py:2396} INFO - Sync 1 DAGs
[2022-01-14 00:05:26,238] {logging_mixin.py:109} INFO - [2022-01-14 00:05:26,238] {dag.py:2935} INFO - Setting next_dagrun for my_dag to 2022-01-13T00:00:00+00:00
[2022-01-14 00:05:26,249] {processor.py:171} INFO - Processing /opt/airflow/dags/my_dag.py took 0.081 seconds
[2022-01-14 00:05:56,384] {processor.py:163} INFO - Started process (PID=3626) to work on /opt/airflow/dags/my_dag.py
[2022-01-14 00:05:56,385] {processor.py:642} INFO - Processing file /opt/airflow/dags/my_dag.py for tasks to queue
[2022-01-14 00:05:56,386] {logging_mixin.py:109} INFO - [2022-01-14 00:05:56,386] {dagbag.py:500} INFO - Filling up the DagBag from /opt/airflow/dags/my_dag.py
[2022-01-14 00:05:56,420] {processor.py:654} INFO - DAG(s) dict_keys(['my_dag']) retrieved from /opt/airflow/dags/my_dag.py
[2022-01-14 00:05:56,435] {logging_mixin.py:109} INFO - [2022-01-14 00:05:56,434] {dag.py:2396} INFO - Sync 1 DAGs
[2022-01-14 00:05:56,456] {logging_mixin.py:109} INFO - [2022-01-14 00:05:56,456] {dag.py:2935} INFO - Setting next_dagrun for my_dag to 2022-01-13T00:00:00+00:00
[2022-01-14 00:05:56,471] {processor.py:171} INFO - Processing /opt/airflow/dags/my_dag.py took 0.090 seconds
[2022-01-14 00:06:26,528] {processor.py:163} INFO - Started process (PID=3659) to work on /opt/airflow/dags/my_dag.py
[2022-01-14 00:06:26,533] {processor.py:642} INFO - Processing file /opt/airflow/dags/my_dag.py for tasks to queue
[2022-01-14 00:06:26,534] {logging_mixin.py:109} INFO - [2022-01-14 00:06:26,534] {dagbag.py:500} INFO - Filling up the DagBag from /opt/airflow/dags/my_dag.py
[2022-01-14 00:06:26,592] {processor.py:654} INFO - DAG(s) dict_keys(['my_dag']) retrieved from /opt/airflow/dags/my_dag.py
[2022-01-14 00:06:26,610] {logging_mixin.py:109} INFO - [2022-01-14 00:06:26,610] {dag.py:2396} INFO - Sync 1 DAGs
[2022-01-14 00:06:26,637] {logging_mixin.py:109} INFO - [2022-01-14 00:06:26,637] {dag.py:2935} INFO - Setting next_dagrun for my_dag to 2022-01-13T00:00:00+00:00
[2022-01-14 00:06:26,651] {processor.py:171} INFO - Processing /opt/airflow/dags/my_dag.py took 0.132 seconds
[2022-01-14 00:06:56,708] {processor.py:163} INFO - Started process (PID=3695) to work on /opt/airflow/dags/my_dag.py
[2022-01-14 00:06:56,716] {processor.py:642} INFO - Processing file /opt/airflow/dags/my_dag.py for tasks to queue
[2022-01-14 00:06:56,718] {logging_mixin.py:109} INFO - [2022-01-14 00:06:56,718] {dagbag.py:500} INFO - Filling up the DagBag from /opt/airflow/dags/my_dag.py
[2022-01-14 00:06:56,773] {processor.py:654} INFO - DAG(s) dict_keys(['my_dag']) retrieved from /opt/airflow/dags/my_dag.py
[2022-01-14 00:06:56,784] {logging_mixin.py:109} INFO - [2022-01-14 00:06:56,784] {dag.py:2396} INFO - Sync 1 DAGs
[2022-01-14 00:06:56,804] {logging_mixin.py:109} INFO - [2022-01-14 00:06:56,803] {dag.py:2935} INFO - Setting next_dagrun for my_dag to 2022-01-13T00:00:00+00:00
[2022-01-14 00:06:56,815] {processor.py:171} INFO - Processing /opt/airflow/dags/my_dag.py took 0.119 seconds
[2022-01-14 00:07:27,116] {processor.py:163} INFO - Started process (PID=3729) to work on /opt/airflow/dags/my_dag.py
[2022-01-14 00:07:27,118] {processor.py:642} INFO - Processing file /opt/airflow/dags/my_dag.py for tasks to queue
[2022-01-14 00:07:27,118] {logging_mixin.py:109} INFO - [2022-01-14 00:07:27,118] {dagbag.py:500} INFO - Filling up the DagBag from /opt/airflow/dags/my_dag.py
[2022-01-14 00:07:27,160] {processor.py:654} INFO - DAG(s) dict_keys(['my_dag']) retrieved from /opt/airflow/dags/my_dag.py
[2022-01-14 00:07:27,184] {logging_mixin.py:109} INFO - [2022-01-14 00:07:27,184] {dag.py:2396} INFO - Sync 1 DAGs
[2022-01-14 00:07:27,212] {logging_mixin.py:109} INFO - [2022-01-14 00:07:27,211] {dag.py:2935} INFO - Setting next_dagrun for my_dag to 2022-01-13T00:00:00+00:00
[2022-01-14 00:07:27,228] {processor.py:171} INFO - Processing /opt/airflow/dags/my_dag.py took 0.117 seconds
[2022-01-14 00:07:57,381] {processor.py:163} INFO - Started process (PID=3761) to work on /opt/airflow/dags/my_dag.py
[2022-01-14 00:07:57,386] {processor.py:642} INFO - Processing file /opt/airflow/dags/my_dag.py for tasks to queue
[2022-01-14 00:07:57,386] {logging_mixin.py:109} INFO - [2022-01-14 00:07:57,386] {dagbag.py:500} INFO - Filling up the DagBag from /opt/airflow/dags/my_dag.py
[2022-01-14 00:07:57,425] {processor.py:654} INFO - DAG(s) dict_keys(['my_dag']) retrieved from /opt/airflow/dags/my_dag.py
[2022-01-14 00:07:57,439] {logging_mixin.py:109} INFO - [2022-01-14 00:07:57,439] {dag.py:2396} INFO - Sync 1 DAGs
[2022-01-14 00:07:57,461] {logging_mixin.py:109} INFO - [2022-01-14 00:07:57,461] {dag.py:2935} INFO - Setting next_dagrun for my_dag to 2022-01-13T00:00:00+00:00
[2022-01-14 00:07:57,475] {processor.py:171} INFO - Processing /opt/airflow/dags/my_dag.py took 0.098 seconds
[2022-01-14 00:08:27,595] {processor.py:163} INFO - Started process (PID=3803) to work on /opt/airflow/dags/my_dag.py
[2022-01-14 00:08:27,597] {processor.py:642} INFO - Processing file /opt/airflow/dags/my_dag.py for tasks to queue
[2022-01-14 00:08:27,597] {logging_mixin.py:109} INFO - [2022-01-14 00:08:27,597] {dagbag.py:500} INFO - Filling up the DagBag from /opt/airflow/dags/my_dag.py
[2022-01-14 00:08:27,630] {processor.py:654} INFO - DAG(s) dict_keys(['my_dag']) retrieved from /opt/airflow/dags/my_dag.py
[2022-01-14 00:08:27,641] {logging_mixin.py:109} INFO - [2022-01-14 00:08:27,641] {dag.py:2396} INFO - Sync 1 DAGs
[2022-01-14 00:08:27,662] {logging_mixin.py:109} INFO - [2022-01-14 00:08:27,662] {dag.py:2935} INFO - Setting next_dagrun for my_dag to 2022-01-13T00:00:00+00:00
[2022-01-14 00:08:27,673] {processor.py:171} INFO - Processing /opt/airflow/dags/my_dag.py took 0.081 seconds
[2022-01-14 00:08:57,839] {processor.py:163} INFO - Started process (PID=3834) to work on /opt/airflow/dags/my_dag.py
[2022-01-14 00:08:57,844] {processor.py:642} INFO - Processing file /opt/airflow/dags/my_dag.py for tasks to queue
[2022-01-14 00:08:57,846] {logging_mixin.py:109} INFO - [2022-01-14 00:08:57,846] {dagbag.py:500} INFO - Filling up the DagBag from /opt/airflow/dags/my_dag.py
[2022-01-14 00:08:57,893] {processor.py:654} INFO - DAG(s) dict_keys(['my_dag']) retrieved from /opt/airflow/dags/my_dag.py
[2022-01-14 00:08:57,905] {logging_mixin.py:109} INFO - [2022-01-14 00:08:57,905] {dag.py:2396} INFO - Sync 1 DAGs
[2022-01-14 00:08:57,926] {logging_mixin.py:109} INFO - [2022-01-14 00:08:57,926] {dag.py:2935} INFO - Setting next_dagrun for my_dag to 2022-01-13T00:00:00+00:00
[2022-01-14 00:08:57,941] {processor.py:171} INFO - Processing /opt/airflow/dags/my_dag.py took 0.112 seconds
[2022-01-14 00:09:28,009] {processor.py:163} INFO - Started process (PID=3872) to work on /opt/airflow/dags/my_dag.py
[2022-01-14 00:09:28,012] {processor.py:642} INFO - Processing file /opt/airflow/dags/my_dag.py for tasks to queue
[2022-01-14 00:09:28,015] {logging_mixin.py:109} INFO - [2022-01-14 00:09:28,014] {dagbag.py:500} INFO - Filling up the DagBag from /opt/airflow/dags/my_dag.py
[2022-01-14 00:09:28,054] {processor.py:654} INFO - DAG(s) dict_keys(['my_dag']) retrieved from /opt/airflow/dags/my_dag.py
[2022-01-14 00:09:28,066] {logging_mixin.py:109} INFO - [2022-01-14 00:09:28,066] {dag.py:2396} INFO - Sync 1 DAGs
[2022-01-14 00:09:28,085] {logging_mixin.py:109} INFO - [2022-01-14 00:09:28,085] {dag.py:2935} INFO - Setting next_dagrun for my_dag to 2022-01-13T00:00:00+00:00
[2022-01-14 00:09:28,097] {processor.py:171} INFO - Processing /opt/airflow/dags/my_dag.py took 0.099 seconds
[2022-01-14 00:09:58,236] {processor.py:163} INFO - Started process (PID=3904) to work on /opt/airflow/dags/my_dag.py
[2022-01-14 00:09:58,241] {processor.py:642} INFO - Processing file /opt/airflow/dags/my_dag.py for tasks to queue
[2022-01-14 00:09:58,242] {logging_mixin.py:109} INFO - [2022-01-14 00:09:58,241] {dagbag.py:500} INFO - Filling up the DagBag from /opt/airflow/dags/my_dag.py
[2022-01-14 00:09:58,297] {processor.py:654} INFO - DAG(s) dict_keys(['my_dag']) retrieved from /opt/airflow/dags/my_dag.py
[2022-01-14 00:09:58,314] {logging_mixin.py:109} INFO - [2022-01-14 00:09:58,314] {dag.py:2396} INFO - Sync 1 DAGs
[2022-01-14 00:09:58,343] {logging_mixin.py:109} INFO - [2022-01-14 00:09:58,343] {dag.py:2935} INFO - Setting next_dagrun for my_dag to 2022-01-13T00:00:00+00:00
[2022-01-14 00:09:58,354] {processor.py:171} INFO - Processing /opt/airflow/dags/my_dag.py took 0.123 seconds
[2022-01-14 00:10:28,476] {processor.py:163} INFO - Started process (PID=3944) to work on /opt/airflow/dags/my_dag.py
[2022-01-14 00:10:28,478] {processor.py:642} INFO - Processing file /opt/airflow/dags/my_dag.py for tasks to queue
[2022-01-14 00:10:28,479] {logging_mixin.py:109} INFO - [2022-01-14 00:10:28,479] {dagbag.py:500} INFO - Filling up the DagBag from /opt/airflow/dags/my_dag.py
[2022-01-14 00:10:28,531] {processor.py:654} INFO - DAG(s) dict_keys(['my_dag']) retrieved from /opt/airflow/dags/my_dag.py
[2022-01-14 00:10:28,549] {logging_mixin.py:109} INFO - [2022-01-14 00:10:28,549] {dag.py:2396} INFO - Sync 1 DAGs
[2022-01-14 00:10:28,580] {logging_mixin.py:109} INFO - [2022-01-14 00:10:28,579] {dag.py:2935} INFO - Setting next_dagrun for my_dag to 2022-01-13T00:00:00+00:00
[2022-01-14 00:10:28,597] {processor.py:171} INFO - Processing /opt/airflow/dags/my_dag.py took 0.127 seconds
[2022-01-14 00:10:58,780] {processor.py:163} INFO - Started process (PID=3974) to work on /opt/airflow/dags/my_dag.py
[2022-01-14 00:10:58,782] {processor.py:642} INFO - Processing file /opt/airflow/dags/my_dag.py for tasks to queue
[2022-01-14 00:10:58,784] {logging_mixin.py:109} INFO - [2022-01-14 00:10:58,784] {dagbag.py:500} INFO - Filling up the DagBag from /opt/airflow/dags/my_dag.py
[2022-01-14 00:10:58,884] {processor.py:654} INFO - DAG(s) dict_keys(['my_dag']) retrieved from /opt/airflow/dags/my_dag.py
[2022-01-14 00:10:58,917] {logging_mixin.py:109} INFO - [2022-01-14 00:10:58,917] {dag.py:2396} INFO - Sync 1 DAGs
[2022-01-14 00:10:58,967] {logging_mixin.py:109} INFO - [2022-01-14 00:10:58,967] {dag.py:2935} INFO - Setting next_dagrun for my_dag to 2022-01-13T00:00:00+00:00
[2022-01-14 00:10:58,986] {processor.py:171} INFO - Processing /opt/airflow/dags/my_dag.py took 0.212 seconds
[2022-01-14 00:11:29,667] {processor.py:163} INFO - Started process (PID=4008) to work on /opt/airflow/dags/my_dag.py
[2022-01-14 00:11:29,669] {processor.py:642} INFO - Processing file /opt/airflow/dags/my_dag.py for tasks to queue
[2022-01-14 00:11:29,669] {logging_mixin.py:109} INFO - [2022-01-14 00:11:29,669] {dagbag.py:500} INFO - Filling up the DagBag from /opt/airflow/dags/my_dag.py
[2022-01-14 00:11:29,700] {processor.py:654} INFO - DAG(s) dict_keys(['my_dag']) retrieved from /opt/airflow/dags/my_dag.py
[2022-01-14 00:11:29,712] {logging_mixin.py:109} INFO - [2022-01-14 00:11:29,711] {dag.py:2396} INFO - Sync 1 DAGs
[2022-01-14 00:11:29,733] {logging_mixin.py:109} INFO - [2022-01-14 00:11:29,733] {dag.py:2935} INFO - Setting next_dagrun for my_dag to 2022-01-13T00:00:00+00:00
[2022-01-14 00:11:29,745] {processor.py:171} INFO - Processing /opt/airflow/dags/my_dag.py took 0.081 seconds
[2022-01-14 00:12:00,004] {processor.py:163} INFO - Started process (PID=4038) to work on /opt/airflow/dags/my_dag.py
[2022-01-14 00:12:00,008] {processor.py:642} INFO - Processing file /opt/airflow/dags/my_dag.py for tasks to queue
[2022-01-14 00:12:00,009] {logging_mixin.py:109} INFO - [2022-01-14 00:12:00,009] {dagbag.py:500} INFO - Filling up the DagBag from /opt/airflow/dags/my_dag.py
[2022-01-14 00:12:00,053] {processor.py:654} INFO - DAG(s) dict_keys(['my_dag']) retrieved from /opt/airflow/dags/my_dag.py
[2022-01-14 00:12:00,069] {logging_mixin.py:109} INFO - [2022-01-14 00:12:00,068] {dag.py:2396} INFO - Sync 1 DAGs
[2022-01-14 00:12:00,090] {logging_mixin.py:109} INFO - [2022-01-14 00:12:00,090] {dag.py:2935} INFO - Setting next_dagrun for my_dag to 2022-01-13T00:00:00+00:00
[2022-01-14 00:12:00,101] {processor.py:171} INFO - Processing /opt/airflow/dags/my_dag.py took 0.102 seconds
[2022-01-14 00:12:30,256] {processor.py:163} INFO - Started process (PID=4071) to work on /opt/airflow/dags/my_dag.py
[2022-01-14 00:12:30,258] {processor.py:642} INFO - Processing file /opt/airflow/dags/my_dag.py for tasks to queue
[2022-01-14 00:12:30,259] {logging_mixin.py:109} INFO - [2022-01-14 00:12:30,258] {dagbag.py:500} INFO - Filling up the DagBag from /opt/airflow/dags/my_dag.py
[2022-01-14 00:12:30,306] {processor.py:654} INFO - DAG(s) dict_keys(['my_dag']) retrieved from /opt/airflow/dags/my_dag.py
[2022-01-14 00:12:30,323] {logging_mixin.py:109} INFO - [2022-01-14 00:12:30,323] {dag.py:2396} INFO - Sync 1 DAGs
[2022-01-14 00:12:30,352] {logging_mixin.py:109} INFO - [2022-01-14 00:12:30,352] {dag.py:2935} INFO - Setting next_dagrun for my_dag to 2022-01-13T00:00:00+00:00
[2022-01-14 00:12:30,368] {processor.py:171} INFO - Processing /opt/airflow/dags/my_dag.py took 0.118 seconds
[2022-01-14 00:13:00,429] {processor.py:163} INFO - Started process (PID=4112) to work on /opt/airflow/dags/my_dag.py
[2022-01-14 00:13:00,439] {processor.py:642} INFO - Processing file /opt/airflow/dags/my_dag.py for tasks to queue
[2022-01-14 00:13:00,440] {logging_mixin.py:109} INFO - [2022-01-14 00:13:00,439] {dagbag.py:500} INFO - Filling up the DagBag from /opt/airflow/dags/my_dag.py
[2022-01-14 00:13:00,495] {processor.py:654} INFO - DAG(s) dict_keys(['my_dag']) retrieved from /opt/airflow/dags/my_dag.py
[2022-01-14 00:13:00,515] {logging_mixin.py:109} INFO - [2022-01-14 00:13:00,515] {dag.py:2396} INFO - Sync 1 DAGs
[2022-01-14 00:13:00,543] {logging_mixin.py:109} INFO - [2022-01-14 00:13:00,542] {dag.py:2935} INFO - Setting next_dagrun for my_dag to 2022-01-13T00:00:00+00:00
[2022-01-14 00:13:00,562] {processor.py:171} INFO - Processing /opt/airflow/dags/my_dag.py took 0.137 seconds
[2022-01-14 00:13:30,657] {processor.py:163} INFO - Started process (PID=4151) to work on /opt/airflow/dags/my_dag.py
[2022-01-14 00:13:30,658] {processor.py:642} INFO - Processing file /opt/airflow/dags/my_dag.py for tasks to queue
[2022-01-14 00:13:30,659] {logging_mixin.py:109} INFO - [2022-01-14 00:13:30,659] {dagbag.py:500} INFO - Filling up the DagBag from /opt/airflow/dags/my_dag.py
[2022-01-14 00:13:30,691] {processor.py:654} INFO - DAG(s) dict_keys(['my_dag']) retrieved from /opt/airflow/dags/my_dag.py
[2022-01-14 00:13:30,703] {logging_mixin.py:109} INFO - [2022-01-14 00:13:30,703] {dag.py:2396} INFO - Sync 1 DAGs
[2022-01-14 00:13:30,723] {logging_mixin.py:109} INFO - [2022-01-14 00:13:30,723] {dag.py:2935} INFO - Setting next_dagrun for my_dag to 2022-01-13T00:00:00+00:00
[2022-01-14 00:13:30,735] {processor.py:171} INFO - Processing /opt/airflow/dags/my_dag.py took 0.081 seconds
[2022-01-14 00:14:00,979] {processor.py:163} INFO - Started process (PID=4177) to work on /opt/airflow/dags/my_dag.py
[2022-01-14 00:14:00,983] {processor.py:642} INFO - Processing file /opt/airflow/dags/my_dag.py for tasks to queue
[2022-01-14 00:14:00,983] {logging_mixin.py:109} INFO - [2022-01-14 00:14:00,983] {dagbag.py:500} INFO - Filling up the DagBag from /opt/airflow/dags/my_dag.py
[2022-01-14 00:14:01,040] {processor.py:654} INFO - DAG(s) dict_keys(['my_dag']) retrieved from /opt/airflow/dags/my_dag.py
[2022-01-14 00:14:01,060] {logging_mixin.py:109} INFO - [2022-01-14 00:14:01,060] {dag.py:2396} INFO - Sync 1 DAGs
[2022-01-14 00:14:01,095] {logging_mixin.py:109} INFO - [2022-01-14 00:14:01,095] {dag.py:2935} INFO - Setting next_dagrun for my_dag to 2022-01-13T00:00:00+00:00
[2022-01-14 00:14:01,112] {processor.py:171} INFO - Processing /opt/airflow/dags/my_dag.py took 0.141 seconds
[2022-01-14 00:14:31,173] {processor.py:163} INFO - Started process (PID=4205) to work on /opt/airflow/dags/my_dag.py
[2022-01-14 00:14:31,177] {processor.py:642} INFO - Processing file /opt/airflow/dags/my_dag.py for tasks to queue
[2022-01-14 00:14:31,178] {logging_mixin.py:109} INFO - [2022-01-14 00:14:31,178] {dagbag.py:500} INFO - Filling up the DagBag from /opt/airflow/dags/my_dag.py
[2022-01-14 00:14:31,226] {processor.py:654} INFO - DAG(s) dict_keys(['my_dag']) retrieved from /opt/airflow/dags/my_dag.py
[2022-01-14 00:14:31,242] {logging_mixin.py:109} INFO - [2022-01-14 00:14:31,242] {dag.py:2396} INFO - Sync 1 DAGs
[2022-01-14 00:14:31,268] {logging_mixin.py:109} INFO - [2022-01-14 00:14:31,268] {dag.py:2935} INFO - Setting next_dagrun for my_dag to 2022-01-13T00:00:00+00:00
[2022-01-14 00:14:31,282] {processor.py:171} INFO - Processing /opt/airflow/dags/my_dag.py took 0.114 seconds
[2022-01-14 00:15:01,386] {processor.py:163} INFO - Started process (PID=4235) to work on /opt/airflow/dags/my_dag.py
[2022-01-14 00:15:01,390] {processor.py:642} INFO - Processing file /opt/airflow/dags/my_dag.py for tasks to queue
[2022-01-14 00:15:01,391] {logging_mixin.py:109} INFO - [2022-01-14 00:15:01,391] {dagbag.py:500} INFO - Filling up the DagBag from /opt/airflow/dags/my_dag.py
[2022-01-14 00:15:01,426] {processor.py:654} INFO - DAG(s) dict_keys(['my_dag']) retrieved from /opt/airflow/dags/my_dag.py
[2022-01-14 00:15:01,448] {logging_mixin.py:109} INFO - [2022-01-14 00:15:01,448] {dag.py:2396} INFO - Sync 1 DAGs
[2022-01-14 00:15:01,479] {logging_mixin.py:109} INFO - [2022-01-14 00:15:01,479] {dag.py:2935} INFO - Setting next_dagrun for my_dag to 2022-01-13T00:00:00+00:00
[2022-01-14 00:15:01,491] {processor.py:171} INFO - Processing /opt/airflow/dags/my_dag.py took 0.110 seconds
[2022-01-14 00:15:31,743] {processor.py:163} INFO - Started process (PID=4274) to work on /opt/airflow/dags/my_dag.py
[2022-01-14 00:15:31,744] {processor.py:642} INFO - Processing file /opt/airflow/dags/my_dag.py for tasks to queue
[2022-01-14 00:15:31,748] {logging_mixin.py:109} INFO - [2022-01-14 00:15:31,748] {dagbag.py:500} INFO - Filling up the DagBag from /opt/airflow/dags/my_dag.py
[2022-01-14 00:15:31,852] {processor.py:654} INFO - DAG(s) dict_keys(['my_dag']) retrieved from /opt/airflow/dags/my_dag.py
[2022-01-14 00:15:31,890] {logging_mixin.py:109} INFO - [2022-01-14 00:15:31,890] {dag.py:2396} INFO - Sync 1 DAGs
[2022-01-14 00:15:31,961] {logging_mixin.py:109} INFO - [2022-01-14 00:15:31,961] {dag.py:2935} INFO - Setting next_dagrun for my_dag to 2022-01-13T00:00:00+00:00
[2022-01-14 00:15:31,987] {processor.py:171} INFO - Processing /opt/airflow/dags/my_dag.py took 0.250 seconds
[2022-01-14 00:16:02,173] {processor.py:163} INFO - Started process (PID=4304) to work on /opt/airflow/dags/my_dag.py
[2022-01-14 00:16:02,178] {processor.py:642} INFO - Processing file /opt/airflow/dags/my_dag.py for tasks to queue
[2022-01-14 00:16:02,180] {logging_mixin.py:109} INFO - [2022-01-14 00:16:02,180] {dagbag.py:500} INFO - Filling up the DagBag from /opt/airflow/dags/my_dag.py
[2022-01-14 00:16:02,285] {processor.py:654} INFO - DAG(s) dict_keys(['my_dag']) retrieved from /opt/airflow/dags/my_dag.py
[2022-01-14 00:16:02,301] {logging_mixin.py:109} INFO - [2022-01-14 00:16:02,301] {dag.py:2396} INFO - Sync 1 DAGs
[2022-01-14 00:16:02,345] {logging_mixin.py:109} INFO - [2022-01-14 00:16:02,344] {dag.py:2935} INFO - Setting next_dagrun for my_dag to 2022-01-13T00:00:00+00:00
[2022-01-14 00:16:02,357] {processor.py:171} INFO - Processing /opt/airflow/dags/my_dag.py took 0.191 seconds
[2022-01-14 00:16:32,682] {processor.py:163} INFO - Started process (PID=4332) to work on /opt/airflow/dags/my_dag.py
[2022-01-14 00:16:32,684] {processor.py:642} INFO - Processing file /opt/airflow/dags/my_dag.py for tasks to queue
[2022-01-14 00:16:32,685] {logging_mixin.py:109} INFO - [2022-01-14 00:16:32,685] {dagbag.py:500} INFO - Filling up the DagBag from /opt/airflow/dags/my_dag.py
[2022-01-14 00:16:32,731] {processor.py:654} INFO - DAG(s) dict_keys(['my_dag']) retrieved from /opt/airflow/dags/my_dag.py
[2022-01-14 00:16:32,748] {logging_mixin.py:109} INFO - [2022-01-14 00:16:32,747] {dag.py:2396} INFO - Sync 1 DAGs
[2022-01-14 00:16:32,779] {logging_mixin.py:109} INFO - [2022-01-14 00:16:32,779] {dag.py:2935} INFO - Setting next_dagrun for my_dag to 2022-01-13T00:00:00+00:00
[2022-01-14 00:16:32,816] {processor.py:171} INFO - Processing /opt/airflow/dags/my_dag.py took 0.138 seconds
[2022-01-14 00:17:02,933] {processor.py:163} INFO - Started process (PID=4361) to work on /opt/airflow/dags/my_dag.py
[2022-01-14 00:17:02,938] {processor.py:642} INFO - Processing file /opt/airflow/dags/my_dag.py for tasks to queue
[2022-01-14 00:17:02,939] {logging_mixin.py:109} INFO - [2022-01-14 00:17:02,939] {dagbag.py:500} INFO - Filling up the DagBag from /opt/airflow/dags/my_dag.py
[2022-01-14 00:17:03,008] {processor.py:654} INFO - DAG(s) dict_keys(['my_dag']) retrieved from /opt/airflow/dags/my_dag.py
[2022-01-14 00:17:03,066] {logging_mixin.py:109} INFO - [2022-01-14 00:17:03,065] {dag.py:2396} INFO - Sync 1 DAGs
[2022-01-14 00:17:03,185] {logging_mixin.py:109} INFO - [2022-01-14 00:17:03,185] {dag.py:2935} INFO - Setting next_dagrun for my_dag to 2022-01-13T00:00:00+00:00
[2022-01-14 00:17:03,262] {processor.py:171} INFO - Processing /opt/airflow/dags/my_dag.py took 0.333 seconds
[2022-01-14 00:17:34,145] {processor.py:163} INFO - Started process (PID=4400) to work on /opt/airflow/dags/my_dag.py
[2022-01-14 00:17:34,146] {processor.py:642} INFO - Processing file /opt/airflow/dags/my_dag.py for tasks to queue
[2022-01-14 00:17:34,147] {logging_mixin.py:109} INFO - [2022-01-14 00:17:34,147] {dagbag.py:500} INFO - Filling up the DagBag from /opt/airflow/dags/my_dag.py
[2022-01-14 00:17:34,191] {processor.py:654} INFO - DAG(s) dict_keys(['my_dag']) retrieved from /opt/airflow/dags/my_dag.py
[2022-01-14 00:17:34,211] {logging_mixin.py:109} INFO - [2022-01-14 00:17:34,211] {dag.py:2396} INFO - Sync 1 DAGs
[2022-01-14 00:17:34,241] {logging_mixin.py:109} INFO - [2022-01-14 00:17:34,241] {dag.py:2935} INFO - Setting next_dagrun for my_dag to 2022-01-13T00:00:00+00:00
[2022-01-14 00:17:34,253] {processor.py:171} INFO - Processing /opt/airflow/dags/my_dag.py took 0.112 seconds
[2022-01-14 00:18:04,445] {processor.py:163} INFO - Started process (PID=4432) to work on /opt/airflow/dags/my_dag.py
[2022-01-14 00:18:04,447] {processor.py:642} INFO - Processing file /opt/airflow/dags/my_dag.py for tasks to queue
[2022-01-14 00:18:04,448] {logging_mixin.py:109} INFO - [2022-01-14 00:18:04,448] {dagbag.py:500} INFO - Filling up the DagBag from /opt/airflow/dags/my_dag.py
[2022-01-14 00:18:04,494] {processor.py:654} INFO - DAG(s) dict_keys(['my_dag']) retrieved from /opt/airflow/dags/my_dag.py
[2022-01-14 00:18:04,511] {logging_mixin.py:109} INFO - [2022-01-14 00:18:04,511] {dag.py:2396} INFO - Sync 1 DAGs
[2022-01-14 00:18:04,540] {logging_mixin.py:109} INFO - [2022-01-14 00:18:04,540] {dag.py:2935} INFO - Setting next_dagrun for my_dag to 2022-01-13T00:00:00+00:00
[2022-01-14 00:18:04,555] {processor.py:171} INFO - Processing /opt/airflow/dags/my_dag.py took 0.114 seconds
[2022-01-14 00:18:34,677] {processor.py:163} INFO - Started process (PID=4467) to work on /opt/airflow/dags/my_dag.py
[2022-01-14 00:18:34,691] {processor.py:642} INFO - Processing file /opt/airflow/dags/my_dag.py for tasks to queue
[2022-01-14 00:18:34,692] {logging_mixin.py:109} INFO - [2022-01-14 00:18:34,692] {dagbag.py:500} INFO - Filling up the DagBag from /opt/airflow/dags/my_dag.py
[2022-01-14 00:18:34,782] {processor.py:654} INFO - DAG(s) dict_keys(['my_dag']) retrieved from /opt/airflow/dags/my_dag.py
[2022-01-14 00:18:34,811] {logging_mixin.py:109} INFO - [2022-01-14 00:18:34,810] {dag.py:2396} INFO - Sync 1 DAGs
[2022-01-14 00:18:34,865] {logging_mixin.py:109} INFO - [2022-01-14 00:18:34,865] {dag.py:2935} INFO - Setting next_dagrun for my_dag to 2022-01-13T00:00:00+00:00
[2022-01-14 00:18:34,897] {processor.py:171} INFO - Processing /opt/airflow/dags/my_dag.py took 0.224 seconds
[2022-01-14 00:19:05,335] {processor.py:163} INFO - Started process (PID=4500) to work on /opt/airflow/dags/my_dag.py
[2022-01-14 00:19:05,337] {processor.py:642} INFO - Processing file /opt/airflow/dags/my_dag.py for tasks to queue
[2022-01-14 00:19:05,338] {logging_mixin.py:109} INFO - [2022-01-14 00:19:05,338] {dagbag.py:500} INFO - Filling up the DagBag from /opt/airflow/dags/my_dag.py
[2022-01-14 00:19:05,397] {processor.py:654} INFO - DAG(s) dict_keys(['my_dag']) retrieved from /opt/airflow/dags/my_dag.py
[2022-01-14 00:19:05,413] {logging_mixin.py:109} INFO - [2022-01-14 00:19:05,412] {dag.py:2396} INFO - Sync 1 DAGs
[2022-01-14 00:19:05,449] {logging_mixin.py:109} INFO - [2022-01-14 00:19:05,449] {dag.py:2935} INFO - Setting next_dagrun for my_dag to 2022-01-13T00:00:00+00:00
[2022-01-14 00:19:05,464] {processor.py:171} INFO - Processing /opt/airflow/dags/my_dag.py took 0.133 seconds
[2022-01-14 00:19:36,459] {processor.py:163} INFO - Started process (PID=4543) to work on /opt/airflow/dags/my_dag.py
[2022-01-14 00:19:36,460] {processor.py:642} INFO - Processing file /opt/airflow/dags/my_dag.py for tasks to queue
[2022-01-14 00:19:36,460] {logging_mixin.py:109} INFO - [2022-01-14 00:19:36,460] {dagbag.py:500} INFO - Filling up the DagBag from /opt/airflow/dags/my_dag.py
[2022-01-14 00:19:36,497] {processor.py:654} INFO - DAG(s) dict_keys(['my_dag']) retrieved from /opt/airflow/dags/my_dag.py
[2022-01-14 00:19:36,511] {logging_mixin.py:109} INFO - [2022-01-14 00:19:36,511] {dag.py:2396} INFO - Sync 1 DAGs
[2022-01-14 00:19:36,538] {logging_mixin.py:109} INFO - [2022-01-14 00:19:36,538] {dag.py:2935} INFO - Setting next_dagrun for my_dag to 2022-01-13T00:00:00+00:00
[2022-01-14 00:19:36,551] {processor.py:171} INFO - Processing /opt/airflow/dags/my_dag.py took 0.095 seconds
[2022-01-14 00:20:06,641] {processor.py:163} INFO - Started process (PID=4574) to work on /opt/airflow/dags/my_dag.py
[2022-01-14 00:20:06,646] {processor.py:642} INFO - Processing file /opt/airflow/dags/my_dag.py for tasks to queue
[2022-01-14 00:20:06,646] {logging_mixin.py:109} INFO - [2022-01-14 00:20:06,646] {dagbag.py:500} INFO - Filling up the DagBag from /opt/airflow/dags/my_dag.py
[2022-01-14 00:20:06,689] {processor.py:654} INFO - DAG(s) dict_keys(['my_dag']) retrieved from /opt/airflow/dags/my_dag.py
[2022-01-14 00:20:06,707] {logging_mixin.py:109} INFO - [2022-01-14 00:20:06,707] {dag.py:2396} INFO - Sync 1 DAGs
[2022-01-14 00:20:06,737] {logging_mixin.py:109} INFO - [2022-01-14 00:20:06,737] {dag.py:2935} INFO - Setting next_dagrun for my_dag to 2022-01-13T00:00:00+00:00
[2022-01-14 00:20:06,750] {processor.py:171} INFO - Processing /opt/airflow/dags/my_dag.py took 0.113 seconds
[2022-01-14 00:20:36,913] {processor.py:163} INFO - Started process (PID=4617) to work on /opt/airflow/dags/my_dag.py
[2022-01-14 00:20:36,914] {processor.py:642} INFO - Processing file /opt/airflow/dags/my_dag.py for tasks to queue
[2022-01-14 00:20:36,915] {logging_mixin.py:109} INFO - [2022-01-14 00:20:36,915] {dagbag.py:500} INFO - Filling up the DagBag from /opt/airflow/dags/my_dag.py
[2022-01-14 00:20:36,946] {processor.py:654} INFO - DAG(s) dict_keys(['my_dag']) retrieved from /opt/airflow/dags/my_dag.py
[2022-01-14 00:20:36,958] {logging_mixin.py:109} INFO - [2022-01-14 00:20:36,958] {dag.py:2396} INFO - Sync 1 DAGs
[2022-01-14 00:20:36,979] {logging_mixin.py:109} INFO - [2022-01-14 00:20:36,979] {dag.py:2935} INFO - Setting next_dagrun for my_dag to 2022-01-13T00:00:00+00:00
[2022-01-14 00:20:36,990] {processor.py:171} INFO - Processing /opt/airflow/dags/my_dag.py took 0.081 seconds
[2022-01-14 00:21:07,200] {processor.py:163} INFO - Started process (PID=4647) to work on /opt/airflow/dags/my_dag.py
[2022-01-14 00:21:07,202] {processor.py:642} INFO - Processing file /opt/airflow/dags/my_dag.py for tasks to queue
[2022-01-14 00:21:07,203] {logging_mixin.py:109} INFO - [2022-01-14 00:21:07,203] {dagbag.py:500} INFO - Filling up the DagBag from /opt/airflow/dags/my_dag.py
[2022-01-14 00:21:07,239] {processor.py:654} INFO - DAG(s) dict_keys(['my_dag']) retrieved from /opt/airflow/dags/my_dag.py
[2022-01-14 00:21:07,254] {logging_mixin.py:109} INFO - [2022-01-14 00:21:07,254] {dag.py:2396} INFO - Sync 1 DAGs
[2022-01-14 00:21:07,284] {logging_mixin.py:109} INFO - [2022-01-14 00:21:07,284] {dag.py:2935} INFO - Setting next_dagrun for my_dag to 2022-01-13T00:00:00+00:00
[2022-01-14 00:21:07,303] {processor.py:171} INFO - Processing /opt/airflow/dags/my_dag.py took 0.108 seconds
[2022-01-14 00:21:37,486] {processor.py:163} INFO - Started process (PID=4677) to work on /opt/airflow/dags/my_dag.py
[2022-01-14 00:21:37,488] {processor.py:642} INFO - Processing file /opt/airflow/dags/my_dag.py for tasks to queue
[2022-01-14 00:21:37,489] {logging_mixin.py:109} INFO - [2022-01-14 00:21:37,489] {dagbag.py:500} INFO - Filling up the DagBag from /opt/airflow/dags/my_dag.py
[2022-01-14 00:21:37,547] {processor.py:654} INFO - DAG(s) dict_keys(['my_dag']) retrieved from /opt/airflow/dags/my_dag.py
[2022-01-14 00:21:37,563] {logging_mixin.py:109} INFO - [2022-01-14 00:21:37,563] {dag.py:2396} INFO - Sync 1 DAGs
[2022-01-14 00:21:37,595] {logging_mixin.py:109} INFO - [2022-01-14 00:21:37,595] {dag.py:2935} INFO - Setting next_dagrun for my_dag to 2022-01-13T00:00:00+00:00
[2022-01-14 00:21:37,613] {processor.py:171} INFO - Processing /opt/airflow/dags/my_dag.py took 0.131 seconds
[2022-01-14 00:22:07,834] {processor.py:163} INFO - Started process (PID=4713) to work on /opt/airflow/dags/my_dag.py
[2022-01-14 00:22:07,842] {processor.py:642} INFO - Processing file /opt/airflow/dags/my_dag.py for tasks to queue
[2022-01-14 00:22:07,842] {logging_mixin.py:109} INFO - [2022-01-14 00:22:07,842] {dagbag.py:500} INFO - Filling up the DagBag from /opt/airflow/dags/my_dag.py
[2022-01-14 00:22:07,965] {processor.py:654} INFO - DAG(s) dict_keys(['my_dag']) retrieved from /opt/airflow/dags/my_dag.py
[2022-01-14 00:22:08,014] {logging_mixin.py:109} INFO - [2022-01-14 00:22:08,014] {dag.py:2396} INFO - Sync 1 DAGs
[2022-01-14 00:22:08,067] {logging_mixin.py:109} INFO - [2022-01-14 00:22:08,064] {dag.py:2935} INFO - Setting next_dagrun for my_dag to 2022-01-13T00:00:00+00:00
[2022-01-14 00:22:08,108] {processor.py:171} INFO - Processing /opt/airflow/dags/my_dag.py took 0.279 seconds
[2022-01-14 00:22:38,334] {processor.py:163} INFO - Started process (PID=4750) to work on /opt/airflow/dags/my_dag.py
[2022-01-14 00:22:38,336] {processor.py:642} INFO - Processing file /opt/airflow/dags/my_dag.py for tasks to queue
[2022-01-14 00:22:38,336] {logging_mixin.py:109} INFO - [2022-01-14 00:22:38,336] {dagbag.py:500} INFO - Filling up the DagBag from /opt/airflow/dags/my_dag.py
[2022-01-14 00:22:38,378] {processor.py:654} INFO - DAG(s) dict_keys(['my_dag']) retrieved from /opt/airflow/dags/my_dag.py
[2022-01-14 00:22:38,394] {logging_mixin.py:109} INFO - [2022-01-14 00:22:38,394] {dag.py:2396} INFO - Sync 1 DAGs
[2022-01-14 00:22:38,423] {logging_mixin.py:109} INFO - [2022-01-14 00:22:38,423] {dag.py:2935} INFO - Setting next_dagrun for my_dag to 2022-01-13T00:00:00+00:00
[2022-01-14 00:22:38,443] {processor.py:171} INFO - Processing /opt/airflow/dags/my_dag.py took 0.113 seconds
[2022-01-14 00:23:08,521] {processor.py:163} INFO - Started process (PID=4784) to work on /opt/airflow/dags/my_dag.py
[2022-01-14 00:23:08,531] {processor.py:642} INFO - Processing file /opt/airflow/dags/my_dag.py for tasks to queue
[2022-01-14 00:23:08,532] {logging_mixin.py:109} INFO - [2022-01-14 00:23:08,532] {dagbag.py:500} INFO - Filling up the DagBag from /opt/airflow/dags/my_dag.py
[2022-01-14 00:23:08,647] {processor.py:654} INFO - DAG(s) dict_keys(['my_dag']) retrieved from /opt/airflow/dags/my_dag.py
[2022-01-14 00:23:08,678] {logging_mixin.py:109} INFO - [2022-01-14 00:23:08,678] {dag.py:2396} INFO - Sync 1 DAGs
[2022-01-14 00:23:08,712] {logging_mixin.py:109} INFO - [2022-01-14 00:23:08,712] {dag.py:2935} INFO - Setting next_dagrun for my_dag to 2022-01-13T00:00:00+00:00
[2022-01-14 00:23:08,743] {processor.py:171} INFO - Processing /opt/airflow/dags/my_dag.py took 0.231 seconds
[2022-01-14 00:23:39,053] {processor.py:163} INFO - Started process (PID=4813) to work on /opt/airflow/dags/my_dag.py
[2022-01-14 00:23:39,054] {processor.py:642} INFO - Processing file /opt/airflow/dags/my_dag.py for tasks to queue
[2022-01-14 00:23:39,055] {logging_mixin.py:109} INFO - [2022-01-14 00:23:39,055] {dagbag.py:500} INFO - Filling up the DagBag from /opt/airflow/dags/my_dag.py
[2022-01-14 00:23:39,119] {processor.py:654} INFO - DAG(s) dict_keys(['my_dag']) retrieved from /opt/airflow/dags/my_dag.py
[2022-01-14 00:23:39,142] {logging_mixin.py:109} INFO - [2022-01-14 00:23:39,142] {dag.py:2396} INFO - Sync 1 DAGs
[2022-01-14 00:23:39,198] {logging_mixin.py:109} INFO - [2022-01-14 00:23:39,198] {dag.py:2935} INFO - Setting next_dagrun for my_dag to 2022-01-13T00:00:00+00:00
[2022-01-14 00:23:39,227] {processor.py:171} INFO - Processing /opt/airflow/dags/my_dag.py took 0.189 seconds
[2022-01-14 00:24:09,337] {processor.py:163} INFO - Started process (PID=4843) to work on /opt/airflow/dags/my_dag.py
[2022-01-14 00:24:09,341] {processor.py:642} INFO - Processing file /opt/airflow/dags/my_dag.py for tasks to queue
[2022-01-14 00:24:09,343] {logging_mixin.py:109} INFO - [2022-01-14 00:24:09,342] {dagbag.py:500} INFO - Filling up the DagBag from /opt/airflow/dags/my_dag.py
[2022-01-14 00:24:09,385] {processor.py:654} INFO - DAG(s) dict_keys(['my_dag']) retrieved from /opt/airflow/dags/my_dag.py
[2022-01-14 00:24:09,403] {logging_mixin.py:109} INFO - [2022-01-14 00:24:09,402] {dag.py:2396} INFO - Sync 1 DAGs
[2022-01-14 00:24:09,435] {logging_mixin.py:109} INFO - [2022-01-14 00:24:09,435] {dag.py:2935} INFO - Setting next_dagrun for my_dag to 2022-01-13T00:00:00+00:00
[2022-01-14 00:24:09,449] {processor.py:171} INFO - Processing /opt/airflow/dags/my_dag.py took 0.116 seconds
[2022-01-14 00:24:39,573] {processor.py:163} INFO - Started process (PID=4875) to work on /opt/airflow/dags/my_dag.py
[2022-01-14 00:24:39,575] {processor.py:642} INFO - Processing file /opt/airflow/dags/my_dag.py for tasks to queue
[2022-01-14 00:24:39,576] {logging_mixin.py:109} INFO - [2022-01-14 00:24:39,576] {dagbag.py:500} INFO - Filling up the DagBag from /opt/airflow/dags/my_dag.py
[2022-01-14 00:24:39,671] {processor.py:654} INFO - DAG(s) dict_keys(['my_dag']) retrieved from /opt/airflow/dags/my_dag.py
[2022-01-14 00:24:39,701] {logging_mixin.py:109} INFO - [2022-01-14 00:24:39,701] {dag.py:2396} INFO - Sync 1 DAGs
[2022-01-14 00:24:39,739] {logging_mixin.py:109} INFO - [2022-01-14 00:24:39,739] {dag.py:2935} INFO - Setting next_dagrun for my_dag to 2022-01-13T00:00:00+00:00
[2022-01-14 00:24:39,774] {processor.py:171} INFO - Processing /opt/airflow/dags/my_dag.py took 0.220 seconds
[2022-01-14 00:25:10,050] {processor.py:163} INFO - Started process (PID=4905) to work on /opt/airflow/dags/my_dag.py
[2022-01-14 00:25:10,057] {processor.py:642} INFO - Processing file /opt/airflow/dags/my_dag.py for tasks to queue
[2022-01-14 00:25:10,059] {logging_mixin.py:109} INFO - [2022-01-14 00:25:10,059] {dagbag.py:500} INFO - Filling up the DagBag from /opt/airflow/dags/my_dag.py
[2022-01-14 00:25:10,114] {processor.py:654} INFO - DAG(s) dict_keys(['my_dag']) retrieved from /opt/airflow/dags/my_dag.py
[2022-01-14 00:25:10,131] {logging_mixin.py:109} INFO - [2022-01-14 00:25:10,131] {dag.py:2396} INFO - Sync 1 DAGs
[2022-01-14 00:25:10,162] {logging_mixin.py:109} INFO - [2022-01-14 00:25:10,162] {dag.py:2935} INFO - Setting next_dagrun for my_dag to 2022-01-13T00:00:00+00:00
[2022-01-14 00:25:10,180] {processor.py:171} INFO - Processing /opt/airflow/dags/my_dag.py took 0.135 seconds
[2022-01-14 00:25:40,443] {processor.py:163} INFO - Started process (PID=4936) to work on /opt/airflow/dags/my_dag.py
[2022-01-14 00:25:40,444] {processor.py:642} INFO - Processing file /opt/airflow/dags/my_dag.py for tasks to queue
[2022-01-14 00:25:40,445] {logging_mixin.py:109} INFO - [2022-01-14 00:25:40,445] {dagbag.py:500} INFO - Filling up the DagBag from /opt/airflow/dags/my_dag.py
[2022-01-14 00:25:40,494] {processor.py:654} INFO - DAG(s) dict_keys(['my_dag']) retrieved from /opt/airflow/dags/my_dag.py
[2022-01-14 00:25:40,514] {logging_mixin.py:109} INFO - [2022-01-14 00:25:40,514] {dag.py:2396} INFO - Sync 1 DAGs
[2022-01-14 00:25:40,549] {logging_mixin.py:109} INFO - [2022-01-14 00:25:40,549] {dag.py:2935} INFO - Setting next_dagrun for my_dag to 2022-01-13T00:00:00+00:00
[2022-01-14 00:25:40,564] {processor.py:171} INFO - Processing /opt/airflow/dags/my_dag.py took 0.126 seconds
[2022-01-14 00:26:10,759] {processor.py:163} INFO - Started process (PID=4967) to work on /opt/airflow/dags/my_dag.py
[2022-01-14 00:26:10,767] {processor.py:642} INFO - Processing file /opt/airflow/dags/my_dag.py for tasks to queue
[2022-01-14 00:26:10,767] {logging_mixin.py:109} INFO - [2022-01-14 00:26:10,767] {dagbag.py:500} INFO - Filling up the DagBag from /opt/airflow/dags/my_dag.py
[2022-01-14 00:26:10,840] {processor.py:654} INFO - DAG(s) dict_keys(['my_dag']) retrieved from /opt/airflow/dags/my_dag.py
[2022-01-14 00:26:10,858] {logging_mixin.py:109} INFO - [2022-01-14 00:26:10,858] {dag.py:2396} INFO - Sync 1 DAGs
[2022-01-14 00:26:10,887] {logging_mixin.py:109} INFO - [2022-01-14 00:26:10,887] {dag.py:2935} INFO - Setting next_dagrun for my_dag to 2022-01-13T00:00:00+00:00
[2022-01-14 00:26:10,907] {processor.py:171} INFO - Processing /opt/airflow/dags/my_dag.py took 0.152 seconds
[2022-01-14 00:26:41,039] {processor.py:163} INFO - Started process (PID=4999) to work on /opt/airflow/dags/my_dag.py
[2022-01-14 00:26:41,041] {processor.py:642} INFO - Processing file /opt/airflow/dags/my_dag.py for tasks to queue
[2022-01-14 00:26:41,041] {logging_mixin.py:109} INFO - [2022-01-14 00:26:41,041] {dagbag.py:500} INFO - Filling up the DagBag from /opt/airflow/dags/my_dag.py
[2022-01-14 00:26:41,084] {processor.py:654} INFO - DAG(s) dict_keys(['my_dag']) retrieved from /opt/airflow/dags/my_dag.py
[2022-01-14 00:26:41,100] {logging_mixin.py:109} INFO - [2022-01-14 00:26:41,100] {dag.py:2396} INFO - Sync 1 DAGs
[2022-01-14 00:26:41,130] {logging_mixin.py:109} INFO - [2022-01-14 00:26:41,130] {dag.py:2935} INFO - Setting next_dagrun for my_dag to 2022-01-13T00:00:00+00:00
[2022-01-14 00:26:41,151] {processor.py:171} INFO - Processing /opt/airflow/dags/my_dag.py took 0.116 seconds
[2022-01-14 00:27:11,374] {processor.py:163} INFO - Started process (PID=5028) to work on /opt/airflow/dags/my_dag.py
[2022-01-14 00:27:11,375] {processor.py:642} INFO - Processing file /opt/airflow/dags/my_dag.py for tasks to queue
[2022-01-14 00:27:11,376] {logging_mixin.py:109} INFO - [2022-01-14 00:27:11,376] {dagbag.py:500} INFO - Filling up the DagBag from /opt/airflow/dags/my_dag.py
[2022-01-14 00:27:11,409] {processor.py:654} INFO - DAG(s) dict_keys(['my_dag']) retrieved from /opt/airflow/dags/my_dag.py
[2022-01-14 00:27:11,420] {logging_mixin.py:109} INFO - [2022-01-14 00:27:11,420] {dag.py:2396} INFO - Sync 1 DAGs
[2022-01-14 00:27:11,441] {logging_mixin.py:109} INFO - [2022-01-14 00:27:11,440] {dag.py:2935} INFO - Setting next_dagrun for my_dag to 2022-01-13T00:00:00+00:00
[2022-01-14 00:27:11,460] {processor.py:171} INFO - Processing /opt/airflow/dags/my_dag.py took 0.090 seconds
[2022-01-14 00:27:41,613] {processor.py:163} INFO - Started process (PID=5081) to work on /opt/airflow/dags/my_dag.py
[2022-01-14 00:27:41,616] {processor.py:642} INFO - Processing file /opt/airflow/dags/my_dag.py for tasks to queue
[2022-01-14 00:27:41,618] {logging_mixin.py:109} INFO - [2022-01-14 00:27:41,618] {dagbag.py:500} INFO - Filling up the DagBag from /opt/airflow/dags/my_dag.py
[2022-01-14 00:27:41,695] {processor.py:654} INFO - DAG(s) dict_keys(['my_dag']) retrieved from /opt/airflow/dags/my_dag.py
[2022-01-14 00:27:41,723] {logging_mixin.py:109} INFO - [2022-01-14 00:27:41,723] {dag.py:2396} INFO - Sync 1 DAGs
[2022-01-14 00:27:41,765] {logging_mixin.py:109} INFO - [2022-01-14 00:27:41,765] {dag.py:2935} INFO - Setting next_dagrun for my_dag to 2022-01-13T00:00:00+00:00
[2022-01-14 00:27:41,803] {processor.py:171} INFO - Processing /opt/airflow/dags/my_dag.py took 0.199 seconds
[2022-01-14 00:28:11,942] {processor.py:163} INFO - Started process (PID=5115) to work on /opt/airflow/dags/my_dag.py
[2022-01-14 00:28:11,957] {processor.py:642} INFO - Processing file /opt/airflow/dags/my_dag.py for tasks to queue
[2022-01-14 00:28:11,958] {logging_mixin.py:109} INFO - [2022-01-14 00:28:11,958] {dagbag.py:500} INFO - Filling up the DagBag from /opt/airflow/dags/my_dag.py
[2022-01-14 00:28:11,991] {processor.py:654} INFO - DAG(s) dict_keys(['my_dag']) retrieved from /opt/airflow/dags/my_dag.py
[2022-01-14 00:28:12,007] {logging_mixin.py:109} INFO - [2022-01-14 00:28:12,007] {dag.py:2396} INFO - Sync 1 DAGs
[2022-01-14 00:28:12,035] {logging_mixin.py:109} INFO - [2022-01-14 00:28:12,035] {dag.py:2935} INFO - Setting next_dagrun for my_dag to 2022-01-13T00:00:00+00:00
[2022-01-14 00:28:12,050] {processor.py:171} INFO - Processing /opt/airflow/dags/my_dag.py took 0.110 seconds
[2022-01-14 00:28:42,173] {processor.py:163} INFO - Started process (PID=5145) to work on /opt/airflow/dags/my_dag.py
[2022-01-14 00:28:42,174] {processor.py:642} INFO - Processing file /opt/airflow/dags/my_dag.py for tasks to queue
[2022-01-14 00:28:42,175] {logging_mixin.py:109} INFO - [2022-01-14 00:28:42,175] {dagbag.py:500} INFO - Filling up the DagBag from /opt/airflow/dags/my_dag.py
[2022-01-14 00:28:42,207] {processor.py:654} INFO - DAG(s) dict_keys(['my_dag']) retrieved from /opt/airflow/dags/my_dag.py
[2022-01-14 00:28:42,218] {logging_mixin.py:109} INFO - [2022-01-14 00:28:42,218] {dag.py:2396} INFO - Sync 1 DAGs
[2022-01-14 00:28:42,241] {logging_mixin.py:109} INFO - [2022-01-14 00:28:42,241] {dag.py:2935} INFO - Setting next_dagrun for my_dag to 2022-01-13T00:00:00+00:00
[2022-01-14 00:28:42,272] {processor.py:171} INFO - Processing /opt/airflow/dags/my_dag.py took 0.103 seconds
