[2022-01-14 00:00:23,447] {processor.py:163} INFO - Started process (PID=3276) to work on /opt/airflow/dags/utils.py
[2022-01-14 00:00:23,448] {processor.py:642} INFO - Processing file /opt/airflow/dags/utils.py for tasks to queue
[2022-01-14 00:00:23,449] {logging_mixin.py:109} INFO - [2022-01-14 00:00:23,449] {dagbag.py:500} INFO - Filling up the DagBag from /opt/airflow/dags/utils.py
[2022-01-14 00:00:25,435] {processor.py:656} WARNING - No viable dags retrieved from /opt/airflow/dags/utils.py
[2022-01-14 00:00:25,474] {processor.py:171} INFO - Processing /opt/airflow/dags/utils.py took 2.032 seconds
[2022-01-14 00:00:55,863] {processor.py:163} INFO - Started process (PID=3313) to work on /opt/airflow/dags/utils.py
[2022-01-14 00:00:55,875] {processor.py:642} INFO - Processing file /opt/airflow/dags/utils.py for tasks to queue
[2022-01-14 00:00:55,875] {logging_mixin.py:109} INFO - [2022-01-14 00:00:55,875] {dagbag.py:500} INFO - Filling up the DagBag from /opt/airflow/dags/utils.py
[2022-01-14 00:00:57,561] {processor.py:656} WARNING - No viable dags retrieved from /opt/airflow/dags/utils.py
[2022-01-14 00:00:57,576] {processor.py:171} INFO - Processing /opt/airflow/dags/utils.py took 1.718 seconds
[2022-01-14 00:01:27,835] {processor.py:163} INFO - Started process (PID=3338) to work on /opt/airflow/dags/utils.py
[2022-01-14 00:01:27,861] {processor.py:642} INFO - Processing file /opt/airflow/dags/utils.py for tasks to queue
[2022-01-14 00:01:27,862] {logging_mixin.py:109} INFO - [2022-01-14 00:01:27,862] {dagbag.py:500} INFO - Filling up the DagBag from /opt/airflow/dags/utils.py
[2022-01-14 00:01:30,044] {processor.py:656} WARNING - No viable dags retrieved from /opt/airflow/dags/utils.py
[2022-01-14 00:01:30,084] {processor.py:171} INFO - Processing /opt/airflow/dags/utils.py took 2.253 seconds
[2022-01-14 00:02:00,390] {processor.py:163} INFO - Started process (PID=3373) to work on /opt/airflow/dags/utils.py
[2022-01-14 00:02:00,418] {processor.py:642} INFO - Processing file /opt/airflow/dags/utils.py for tasks to queue
[2022-01-14 00:02:00,418] {logging_mixin.py:109} INFO - [2022-01-14 00:02:00,418] {dagbag.py:500} INFO - Filling up the DagBag from /opt/airflow/dags/utils.py
[2022-01-14 00:02:02,453] {processor.py:656} WARNING - No viable dags retrieved from /opt/airflow/dags/utils.py
[2022-01-14 00:02:02,458] {processor.py:171} INFO - Processing /opt/airflow/dags/utils.py took 2.071 seconds
[2022-01-14 00:02:32,677] {processor.py:163} INFO - Started process (PID=3412) to work on /opt/airflow/dags/utils.py
[2022-01-14 00:02:32,679] {processor.py:642} INFO - Processing file /opt/airflow/dags/utils.py for tasks to queue
[2022-01-14 00:02:32,680] {logging_mixin.py:109} INFO - [2022-01-14 00:02:32,680] {dagbag.py:500} INFO - Filling up the DagBag from /opt/airflow/dags/utils.py
[2022-01-14 00:02:34,062] {processor.py:656} WARNING - No viable dags retrieved from /opt/airflow/dags/utils.py
[2022-01-14 00:02:34,067] {processor.py:171} INFO - Processing /opt/airflow/dags/utils.py took 1.396 seconds
[2022-01-14 00:03:04,125] {processor.py:163} INFO - Started process (PID=3444) to work on /opt/airflow/dags/utils.py
[2022-01-14 00:03:04,155] {processor.py:642} INFO - Processing file /opt/airflow/dags/utils.py for tasks to queue
[2022-01-14 00:03:04,157] {logging_mixin.py:109} INFO - [2022-01-14 00:03:04,157] {dagbag.py:500} INFO - Filling up the DagBag from /opt/airflow/dags/utils.py
[2022-01-14 00:03:05,808] {processor.py:656} WARNING - No viable dags retrieved from /opt/airflow/dags/utils.py
[2022-01-14 00:03:05,830] {processor.py:171} INFO - Processing /opt/airflow/dags/utils.py took 1.709 seconds
[2022-01-14 00:03:36,684] {processor.py:163} INFO - Started process (PID=3475) to work on /opt/airflow/dags/utils.py
[2022-01-14 00:03:36,685] {processor.py:642} INFO - Processing file /opt/airflow/dags/utils.py for tasks to queue
[2022-01-14 00:03:36,694] {logging_mixin.py:109} INFO - [2022-01-14 00:03:36,694] {dagbag.py:500} INFO - Filling up the DagBag from /opt/airflow/dags/utils.py
[2022-01-14 00:03:39,334] {processor.py:656} WARNING - No viable dags retrieved from /opt/airflow/dags/utils.py
[2022-01-14 00:03:39,354] {processor.py:171} INFO - Processing /opt/airflow/dags/utils.py took 2.679 seconds
[2022-01-14 00:04:09,627] {processor.py:163} INFO - Started process (PID=3506) to work on /opt/airflow/dags/utils.py
[2022-01-14 00:04:09,630] {processor.py:642} INFO - Processing file /opt/airflow/dags/utils.py for tasks to queue
[2022-01-14 00:04:09,631] {logging_mixin.py:109} INFO - [2022-01-14 00:04:09,631] {dagbag.py:500} INFO - Filling up the DagBag from /opt/airflow/dags/utils.py
[2022-01-14 00:04:11,947] {processor.py:656} WARNING - No viable dags retrieved from /opt/airflow/dags/utils.py
[2022-01-14 00:04:11,953] {processor.py:171} INFO - Processing /opt/airflow/dags/utils.py took 2.340 seconds
[2022-01-14 00:04:38,356] {processor.py:163} INFO - Started process (PID=3528) to work on /opt/airflow/dags/utils.py
[2022-01-14 00:04:38,367] {processor.py:642} INFO - Processing file /opt/airflow/dags/utils.py for tasks to queue
[2022-01-14 00:04:38,368] {logging_mixin.py:109} INFO - [2022-01-14 00:04:38,368] {dagbag.py:500} INFO - Filling up the DagBag from /opt/airflow/dags/utils.py
[2022-01-14 00:04:40,168] {processor.py:656} WARNING - No viable dags retrieved from /opt/airflow/dags/utils.py
[2022-01-14 00:04:40,174] {processor.py:171} INFO - Processing /opt/airflow/dags/utils.py took 1.823 seconds
[2022-01-14 00:05:10,553] {processor.py:163} INFO - Started process (PID=3560) to work on /opt/airflow/dags/utils.py
[2022-01-14 00:05:10,558] {processor.py:642} INFO - Processing file /opt/airflow/dags/utils.py for tasks to queue
[2022-01-14 00:05:10,559] {logging_mixin.py:109} INFO - [2022-01-14 00:05:10,558] {dagbag.py:500} INFO - Filling up the DagBag from /opt/airflow/dags/utils.py
[2022-01-14 00:05:12,071] {processor.py:656} WARNING - No viable dags retrieved from /opt/airflow/dags/utils.py
[2022-01-14 00:05:12,076] {processor.py:171} INFO - Processing /opt/airflow/dags/utils.py took 1.527 seconds
[2022-01-14 00:05:42,334] {processor.py:163} INFO - Started process (PID=3602) to work on /opt/airflow/dags/utils.py
[2022-01-14 00:05:42,336] {processor.py:642} INFO - Processing file /opt/airflow/dags/utils.py for tasks to queue
[2022-01-14 00:05:42,337] {logging_mixin.py:109} INFO - [2022-01-14 00:05:42,337] {dagbag.py:500} INFO - Filling up the DagBag from /opt/airflow/dags/utils.py
[2022-01-14 00:05:43,174] {processor.py:656} WARNING - No viable dags retrieved from /opt/airflow/dags/utils.py
[2022-01-14 00:05:43,179] {processor.py:171} INFO - Processing /opt/airflow/dags/utils.py took 0.849 seconds
[2022-01-14 00:06:13,457] {processor.py:163} INFO - Started process (PID=3644) to work on /opt/airflow/dags/utils.py
[2022-01-14 00:06:13,463] {processor.py:642} INFO - Processing file /opt/airflow/dags/utils.py for tasks to queue
[2022-01-14 00:06:13,465] {logging_mixin.py:109} INFO - [2022-01-14 00:06:13,465] {dagbag.py:500} INFO - Filling up the DagBag from /opt/airflow/dags/utils.py
[2022-01-14 00:06:14,362] {processor.py:656} WARNING - No viable dags retrieved from /opt/airflow/dags/utils.py
[2022-01-14 00:06:14,366] {processor.py:171} INFO - Processing /opt/airflow/dags/utils.py took 0.920 seconds
[2022-01-14 00:06:44,781] {processor.py:163} INFO - Started process (PID=3674) to work on /opt/airflow/dags/utils.py
[2022-01-14 00:06:44,782] {processor.py:642} INFO - Processing file /opt/airflow/dags/utils.py for tasks to queue
[2022-01-14 00:06:44,783] {logging_mixin.py:109} INFO - [2022-01-14 00:06:44,783] {dagbag.py:500} INFO - Filling up the DagBag from /opt/airflow/dags/utils.py
[2022-01-14 00:06:45,547] {processor.py:656} WARNING - No viable dags retrieved from /opt/airflow/dags/utils.py
[2022-01-14 00:06:45,550] {processor.py:171} INFO - Processing /opt/airflow/dags/utils.py took 0.773 seconds
[2022-01-14 00:07:16,057] {processor.py:163} INFO - Started process (PID=3710) to work on /opt/airflow/dags/utils.py
[2022-01-14 00:07:16,062] {processor.py:642} INFO - Processing file /opt/airflow/dags/utils.py for tasks to queue
[2022-01-14 00:07:16,063] {logging_mixin.py:109} INFO - [2022-01-14 00:07:16,062] {dagbag.py:500} INFO - Filling up the DagBag from /opt/airflow/dags/utils.py
[2022-01-14 00:07:17,128] {processor.py:656} WARNING - No viable dags retrieved from /opt/airflow/dags/utils.py
[2022-01-14 00:07:17,131] {processor.py:171} INFO - Processing /opt/airflow/dags/utils.py took 1.078 seconds
[2022-01-14 00:07:47,331] {processor.py:163} INFO - Started process (PID=3755) to work on /opt/airflow/dags/utils.py
[2022-01-14 00:07:47,333] {processor.py:642} INFO - Processing file /opt/airflow/dags/utils.py for tasks to queue
[2022-01-14 00:07:47,333] {logging_mixin.py:109} INFO - [2022-01-14 00:07:47,333] {dagbag.py:500} INFO - Filling up the DagBag from /opt/airflow/dags/utils.py
[2022-01-14 00:07:48,393] {processor.py:656} WARNING - No viable dags retrieved from /opt/airflow/dags/utils.py
[2022-01-14 00:07:48,398] {processor.py:171} INFO - Processing /opt/airflow/dags/utils.py took 1.071 seconds
[2022-01-14 00:08:18,545] {processor.py:163} INFO - Started process (PID=3787) to work on /opt/airflow/dags/utils.py
[2022-01-14 00:08:18,549] {processor.py:642} INFO - Processing file /opt/airflow/dags/utils.py for tasks to queue
[2022-01-14 00:08:18,550] {logging_mixin.py:109} INFO - [2022-01-14 00:08:18,550] {dagbag.py:500} INFO - Filling up the DagBag from /opt/airflow/dags/utils.py
[2022-01-14 00:08:19,352] {processor.py:656} WARNING - No viable dags retrieved from /opt/airflow/dags/utils.py
[2022-01-14 00:08:19,356] {processor.py:171} INFO - Processing /opt/airflow/dags/utils.py took 0.814 seconds
[2022-01-14 00:08:49,604] {processor.py:163} INFO - Started process (PID=3819) to work on /opt/airflow/dags/utils.py
[2022-01-14 00:08:49,609] {processor.py:642} INFO - Processing file /opt/airflow/dags/utils.py for tasks to queue
[2022-01-14 00:08:49,610] {logging_mixin.py:109} INFO - [2022-01-14 00:08:49,610] {dagbag.py:500} INFO - Filling up the DagBag from /opt/airflow/dags/utils.py
[2022-01-14 00:08:50,481] {processor.py:656} WARNING - No viable dags retrieved from /opt/airflow/dags/utils.py
[2022-01-14 00:08:50,485] {processor.py:171} INFO - Processing /opt/airflow/dags/utils.py took 0.884 seconds
[2022-01-14 00:09:11,929] {processor.py:163} INFO - Started process (PID=3850) to work on /opt/airflow/dags/utils.py
[2022-01-14 00:09:11,931] {processor.py:642} INFO - Processing file /opt/airflow/dags/utils.py for tasks to queue
[2022-01-14 00:09:11,932] {logging_mixin.py:109} INFO - [2022-01-14 00:09:11,932] {dagbag.py:500} INFO - Filling up the DagBag from /opt/airflow/dags/utils.py
[2022-01-14 00:09:12,770] {processor.py:656} WARNING - No viable dags retrieved from /opt/airflow/dags/utils.py
[2022-01-14 00:09:12,773] {processor.py:171} INFO - Processing /opt/airflow/dags/utils.py took 0.848 seconds
[2022-01-14 00:09:18,812] {processor.py:163} INFO - Started process (PID=3855) to work on /opt/airflow/dags/utils.py
[2022-01-14 00:09:18,813] {processor.py:642} INFO - Processing file /opt/airflow/dags/utils.py for tasks to queue
[2022-01-14 00:09:18,814] {logging_mixin.py:109} INFO - [2022-01-14 00:09:18,813] {dagbag.py:500} INFO - Filling up the DagBag from /opt/airflow/dags/utils.py
[2022-01-14 00:09:19,901] {processor.py:656} WARNING - No viable dags retrieved from /opt/airflow/dags/utils.py
[2022-01-14 00:09:19,908] {processor.py:171} INFO - Processing /opt/airflow/dags/utils.py took 1.099 seconds
[2022-01-14 00:09:49,953] {processor.py:163} INFO - Started process (PID=3898) to work on /opt/airflow/dags/utils.py
[2022-01-14 00:09:49,954] {processor.py:642} INFO - Processing file /opt/airflow/dags/utils.py for tasks to queue
[2022-01-14 00:09:49,955] {logging_mixin.py:109} INFO - [2022-01-14 00:09:49,955] {dagbag.py:500} INFO - Filling up the DagBag from /opt/airflow/dags/utils.py
[2022-01-14 00:09:50,742] {processor.py:656} WARNING - No viable dags retrieved from /opt/airflow/dags/utils.py
[2022-01-14 00:09:50,746] {processor.py:171} INFO - Processing /opt/airflow/dags/utils.py took 0.797 seconds
[2022-01-14 00:10:21,412] {processor.py:163} INFO - Started process (PID=3929) to work on /opt/airflow/dags/utils.py
[2022-01-14 00:10:21,418] {processor.py:642} INFO - Processing file /opt/airflow/dags/utils.py for tasks to queue
[2022-01-14 00:10:21,419] {logging_mixin.py:109} INFO - [2022-01-14 00:10:21,419] {dagbag.py:500} INFO - Filling up the DagBag from /opt/airflow/dags/utils.py
[2022-01-14 00:10:22,176] {processor.py:656} WARNING - No viable dags retrieved from /opt/airflow/dags/utils.py
[2022-01-14 00:10:22,179] {processor.py:171} INFO - Processing /opt/airflow/dags/utils.py took 0.776 seconds
[2022-01-14 00:10:52,700] {processor.py:163} INFO - Started process (PID=3959) to work on /opt/airflow/dags/utils.py
[2022-01-14 00:10:52,703] {processor.py:642} INFO - Processing file /opt/airflow/dags/utils.py for tasks to queue
[2022-01-14 00:10:52,706] {logging_mixin.py:109} INFO - [2022-01-14 00:10:52,706] {dagbag.py:500} INFO - Filling up the DagBag from /opt/airflow/dags/utils.py
[2022-01-14 00:10:53,965] {processor.py:656} WARNING - No viable dags retrieved from /opt/airflow/dags/utils.py
[2022-01-14 00:10:53,970] {processor.py:171} INFO - Processing /opt/airflow/dags/utils.py took 1.280 seconds
[2022-01-14 00:11:24,820] {processor.py:163} INFO - Started process (PID=4003) to work on /opt/airflow/dags/utils.py
[2022-01-14 00:11:24,825] {processor.py:642} INFO - Processing file /opt/airflow/dags/utils.py for tasks to queue
[2022-01-14 00:11:24,826] {logging_mixin.py:109} INFO - [2022-01-14 00:11:24,825] {dagbag.py:500} INFO - Filling up the DagBag from /opt/airflow/dags/utils.py
[2022-01-14 00:11:25,633] {processor.py:656} WARNING - No viable dags retrieved from /opt/airflow/dags/utils.py
[2022-01-14 00:11:25,637] {processor.py:171} INFO - Processing /opt/airflow/dags/utils.py took 0.820 seconds
[2022-01-14 00:11:55,991] {processor.py:163} INFO - Started process (PID=4033) to work on /opt/airflow/dags/utils.py
[2022-01-14 00:11:55,994] {processor.py:642} INFO - Processing file /opt/airflow/dags/utils.py for tasks to queue
[2022-01-14 00:11:55,997] {logging_mixin.py:109} INFO - [2022-01-14 00:11:55,997] {dagbag.py:500} INFO - Filling up the DagBag from /opt/airflow/dags/utils.py
[2022-01-14 00:11:56,985] {processor.py:656} WARNING - No viable dags retrieved from /opt/airflow/dags/utils.py
[2022-01-14 00:11:56,988] {processor.py:171} INFO - Processing /opt/airflow/dags/utils.py took 1.003 seconds
[2022-01-14 00:12:27,295] {processor.py:163} INFO - Started process (PID=4066) to work on /opt/airflow/dags/utils.py
[2022-01-14 00:12:27,298] {processor.py:642} INFO - Processing file /opt/airflow/dags/utils.py for tasks to queue
[2022-01-14 00:12:27,299] {logging_mixin.py:109} INFO - [2022-01-14 00:12:27,299] {dagbag.py:500} INFO - Filling up the DagBag from /opt/airflow/dags/utils.py
[2022-01-14 00:12:28,211] {processor.py:656} WARNING - No viable dags retrieved from /opt/airflow/dags/utils.py
[2022-01-14 00:12:28,216] {processor.py:171} INFO - Processing /opt/airflow/dags/utils.py took 0.924 seconds
[2022-01-14 00:12:58,331] {processor.py:163} INFO - Started process (PID=4107) to work on /opt/airflow/dags/utils.py
[2022-01-14 00:12:58,333] {processor.py:642} INFO - Processing file /opt/airflow/dags/utils.py for tasks to queue
[2022-01-14 00:12:58,334] {logging_mixin.py:109} INFO - [2022-01-14 00:12:58,334] {dagbag.py:500} INFO - Filling up the DagBag from /opt/airflow/dags/utils.py
[2022-01-14 00:12:59,283] {processor.py:656} WARNING - No viable dags retrieved from /opt/airflow/dags/utils.py
[2022-01-14 00:12:59,287] {processor.py:171} INFO - Processing /opt/airflow/dags/utils.py took 0.961 seconds
[2022-01-14 00:13:29,683] {processor.py:163} INFO - Started process (PID=4146) to work on /opt/airflow/dags/utils.py
[2022-01-14 00:13:29,687] {processor.py:642} INFO - Processing file /opt/airflow/dags/utils.py for tasks to queue
[2022-01-14 00:13:29,689] {logging_mixin.py:109} INFO - [2022-01-14 00:13:29,688] {dagbag.py:500} INFO - Filling up the DagBag from /opt/airflow/dags/utils.py
[2022-01-14 00:13:30,632] {processor.py:656} WARNING - No viable dags retrieved from /opt/airflow/dags/utils.py
[2022-01-14 00:13:30,635] {processor.py:171} INFO - Processing /opt/airflow/dags/utils.py took 0.962 seconds
[2022-01-14 00:14:00,976] {processor.py:163} INFO - Started process (PID=4176) to work on /opt/airflow/dags/utils.py
[2022-01-14 00:14:00,982] {processor.py:642} INFO - Processing file /opt/airflow/dags/utils.py for tasks to queue
[2022-01-14 00:14:00,983] {logging_mixin.py:109} INFO - [2022-01-14 00:14:00,983] {dagbag.py:500} INFO - Filling up the DagBag from /opt/airflow/dags/utils.py
[2022-01-14 00:14:02,027] {processor.py:656} WARNING - No viable dags retrieved from /opt/airflow/dags/utils.py
[2022-01-14 00:14:02,031] {processor.py:171} INFO - Processing /opt/airflow/dags/utils.py took 1.060 seconds
[2022-01-14 00:14:32,263] {processor.py:163} INFO - Started process (PID=4206) to work on /opt/airflow/dags/utils.py
[2022-01-14 00:14:32,266] {processor.py:642} INFO - Processing file /opt/airflow/dags/utils.py for tasks to queue
[2022-01-14 00:14:32,267] {logging_mixin.py:109} INFO - [2022-01-14 00:14:32,267] {dagbag.py:500} INFO - Filling up the DagBag from /opt/airflow/dags/utils.py
[2022-01-14 00:14:33,355] {processor.py:656} WARNING - No viable dags retrieved from /opt/airflow/dags/utils.py
[2022-01-14 00:14:33,360] {processor.py:171} INFO - Processing /opt/airflow/dags/utils.py took 1.100 seconds
[2022-01-14 00:15:03,528] {processor.py:163} INFO - Started process (PID=4236) to work on /opt/airflow/dags/utils.py
[2022-01-14 00:15:03,535] {processor.py:642} INFO - Processing file /opt/airflow/dags/utils.py for tasks to queue
[2022-01-14 00:15:03,538] {logging_mixin.py:109} INFO - [2022-01-14 00:15:03,537] {dagbag.py:500} INFO - Filling up the DagBag from /opt/airflow/dags/utils.py
[2022-01-14 00:15:04,470] {processor.py:656} WARNING - No viable dags retrieved from /opt/airflow/dags/utils.py
[2022-01-14 00:15:04,474] {processor.py:171} INFO - Processing /opt/airflow/dags/utils.py took 0.958 seconds
[2022-01-14 00:15:11,570] {processor.py:163} INFO - Started process (PID=4250) to work on /opt/airflow/dags/utils.py
[2022-01-14 00:15:11,571] {processor.py:642} INFO - Processing file /opt/airflow/dags/utils.py for tasks to queue
[2022-01-14 00:15:11,572] {logging_mixin.py:109} INFO - [2022-01-14 00:15:11,572] {dagbag.py:500} INFO - Filling up the DagBag from /opt/airflow/dags/utils.py
[2022-01-14 00:15:12,911] {processor.py:656} WARNING - No viable dags retrieved from /opt/airflow/dags/utils.py
[2022-01-14 00:15:12,919] {processor.py:171} INFO - Processing /opt/airflow/dags/utils.py took 1.353 seconds
[2022-01-14 00:15:43,039] {processor.py:163} INFO - Started process (PID=4285) to work on /opt/airflow/dags/utils.py
[2022-01-14 00:15:43,045] {processor.py:642} INFO - Processing file /opt/airflow/dags/utils.py for tasks to queue
[2022-01-14 00:15:43,046] {logging_mixin.py:109} INFO - [2022-01-14 00:15:43,046] {dagbag.py:500} INFO - Filling up the DagBag from /opt/airflow/dags/utils.py
[2022-01-14 00:15:44,164] {processor.py:656} WARNING - No viable dags retrieved from /opt/airflow/dags/utils.py
[2022-01-14 00:15:44,168] {processor.py:171} INFO - Processing /opt/airflow/dags/utils.py took 1.136 seconds
[2022-01-14 00:16:14,452] {processor.py:163} INFO - Started process (PID=4314) to work on /opt/airflow/dags/utils.py
[2022-01-14 00:16:14,454] {processor.py:642} INFO - Processing file /opt/airflow/dags/utils.py for tasks to queue
[2022-01-14 00:16:14,456] {logging_mixin.py:109} INFO - [2022-01-14 00:16:14,456] {dagbag.py:500} INFO - Filling up the DagBag from /opt/airflow/dags/utils.py
[2022-01-14 00:16:15,744] {processor.py:656} WARNING - No viable dags retrieved from /opt/airflow/dags/utils.py
[2022-01-14 00:16:15,752] {processor.py:171} INFO - Processing /opt/airflow/dags/utils.py took 1.305 seconds
[2022-01-14 00:16:45,803] {processor.py:163} INFO - Started process (PID=4347) to work on /opt/airflow/dags/utils.py
[2022-01-14 00:16:45,805] {processor.py:642} INFO - Processing file /opt/airflow/dags/utils.py for tasks to queue
[2022-01-14 00:16:45,806] {logging_mixin.py:109} INFO - [2022-01-14 00:16:45,806] {dagbag.py:500} INFO - Filling up the DagBag from /opt/airflow/dags/utils.py
[2022-01-14 00:16:46,710] {processor.py:656} WARNING - No viable dags retrieved from /opt/airflow/dags/utils.py
[2022-01-14 00:16:46,713] {processor.py:171} INFO - Processing /opt/airflow/dags/utils.py took 0.914 seconds
[2022-01-14 00:17:17,031] {processor.py:163} INFO - Started process (PID=4376) to work on /opt/airflow/dags/utils.py
[2022-01-14 00:17:17,039] {processor.py:642} INFO - Processing file /opt/airflow/dags/utils.py for tasks to queue
[2022-01-14 00:17:17,039] {logging_mixin.py:109} INFO - [2022-01-14 00:17:17,039] {dagbag.py:500} INFO - Filling up the DagBag from /opt/airflow/dags/utils.py
[2022-01-14 00:17:18,116] {processor.py:656} WARNING - No viable dags retrieved from /opt/airflow/dags/utils.py
[2022-01-14 00:17:18,121] {processor.py:171} INFO - Processing /opt/airflow/dags/utils.py took 1.093 seconds
[2022-01-14 00:17:48,350] {processor.py:163} INFO - Started process (PID=4416) to work on /opt/airflow/dags/utils.py
[2022-01-14 00:17:48,352] {processor.py:642} INFO - Processing file /opt/airflow/dags/utils.py for tasks to queue
[2022-01-14 00:17:48,353] {logging_mixin.py:109} INFO - [2022-01-14 00:17:48,353] {dagbag.py:500} INFO - Filling up the DagBag from /opt/airflow/dags/utils.py
[2022-01-14 00:17:49,484] {processor.py:656} WARNING - No viable dags retrieved from /opt/airflow/dags/utils.py
[2022-01-14 00:17:49,489] {processor.py:171} INFO - Processing /opt/airflow/dags/utils.py took 1.151 seconds
[2022-01-14 00:18:19,547] {processor.py:163} INFO - Started process (PID=4449) to work on /opt/airflow/dags/utils.py
[2022-01-14 00:18:19,550] {processor.py:642} INFO - Processing file /opt/airflow/dags/utils.py for tasks to queue
[2022-01-14 00:18:19,551] {logging_mixin.py:109} INFO - [2022-01-14 00:18:19,551] {dagbag.py:500} INFO - Filling up the DagBag from /opt/airflow/dags/utils.py
[2022-01-14 00:18:20,961] {processor.py:656} WARNING - No viable dags retrieved from /opt/airflow/dags/utils.py
[2022-01-14 00:18:20,965] {processor.py:171} INFO - Processing /opt/airflow/dags/utils.py took 1.426 seconds
[2022-01-14 00:18:50,994] {processor.py:163} INFO - Started process (PID=4484) to work on /opt/airflow/dags/utils.py
[2022-01-14 00:18:50,995] {processor.py:642} INFO - Processing file /opt/airflow/dags/utils.py for tasks to queue
[2022-01-14 00:18:50,996] {logging_mixin.py:109} INFO - [2022-01-14 00:18:50,996] {dagbag.py:500} INFO - Filling up the DagBag from /opt/airflow/dags/utils.py
[2022-01-14 00:18:52,351] {processor.py:656} WARNING - No viable dags retrieved from /opt/airflow/dags/utils.py
[2022-01-14 00:18:52,355] {processor.py:171} INFO - Processing /opt/airflow/dags/utils.py took 1.365 seconds
[2022-01-14 00:19:22,600] {processor.py:163} INFO - Started process (PID=4520) to work on /opt/airflow/dags/utils.py
[2022-01-14 00:19:22,609] {processor.py:642} INFO - Processing file /opt/airflow/dags/utils.py for tasks to queue
[2022-01-14 00:19:22,626] {logging_mixin.py:109} INFO - [2022-01-14 00:19:22,626] {dagbag.py:500} INFO - Filling up the DagBag from /opt/airflow/dags/utils.py
[2022-01-14 00:19:24,372] {processor.py:656} WARNING - No viable dags retrieved from /opt/airflow/dags/utils.py
[2022-01-14 00:19:24,377] {processor.py:171} INFO - Processing /opt/airflow/dags/utils.py took 1.790 seconds
[2022-01-14 00:19:54,559] {processor.py:163} INFO - Started process (PID=4559) to work on /opt/airflow/dags/utils.py
[2022-01-14 00:19:54,560] {processor.py:642} INFO - Processing file /opt/airflow/dags/utils.py for tasks to queue
[2022-01-14 00:19:54,561] {logging_mixin.py:109} INFO - [2022-01-14 00:19:54,561] {dagbag.py:500} INFO - Filling up the DagBag from /opt/airflow/dags/utils.py
[2022-01-14 00:19:55,854] {processor.py:656} WARNING - No viable dags retrieved from /opt/airflow/dags/utils.py
[2022-01-14 00:19:55,859] {processor.py:171} INFO - Processing /opt/airflow/dags/utils.py took 1.303 seconds
[2022-01-14 00:20:26,653] {processor.py:163} INFO - Started process (PID=4600) to work on /opt/airflow/dags/utils.py
[2022-01-14 00:20:26,657] {processor.py:642} INFO - Processing file /opt/airflow/dags/utils.py for tasks to queue
[2022-01-14 00:20:26,659] {logging_mixin.py:109} INFO - [2022-01-14 00:20:26,659] {dagbag.py:500} INFO - Filling up the DagBag from /opt/airflow/dags/utils.py
[2022-01-14 00:20:27,561] {processor.py:656} WARNING - No viable dags retrieved from /opt/airflow/dags/utils.py
[2022-01-14 00:20:27,565] {processor.py:171} INFO - Processing /opt/airflow/dags/utils.py took 0.922 seconds
[2022-01-14 00:20:57,726] {processor.py:163} INFO - Started process (PID=4632) to work on /opt/airflow/dags/utils.py
[2022-01-14 00:20:57,730] {processor.py:642} INFO - Processing file /opt/airflow/dags/utils.py for tasks to queue
[2022-01-14 00:20:57,730] {logging_mixin.py:109} INFO - [2022-01-14 00:20:57,730] {dagbag.py:500} INFO - Filling up the DagBag from /opt/airflow/dags/utils.py
[2022-01-14 00:20:58,755] {processor.py:656} WARNING - No viable dags retrieved from /opt/airflow/dags/utils.py
[2022-01-14 00:20:58,758] {processor.py:171} INFO - Processing /opt/airflow/dags/utils.py took 1.035 seconds
[2022-01-14 00:21:29,387] {processor.py:163} INFO - Started process (PID=4662) to work on /opt/airflow/dags/utils.py
[2022-01-14 00:21:29,390] {processor.py:642} INFO - Processing file /opt/airflow/dags/utils.py for tasks to queue
[2022-01-14 00:21:29,393] {logging_mixin.py:109} INFO - [2022-01-14 00:21:29,393] {dagbag.py:500} INFO - Filling up the DagBag from /opt/airflow/dags/utils.py
[2022-01-14 00:21:30,517] {processor.py:656} WARNING - No viable dags retrieved from /opt/airflow/dags/utils.py
[2022-01-14 00:21:30,524] {processor.py:171} INFO - Processing /opt/airflow/dags/utils.py took 1.142 seconds
[2022-01-14 00:22:00,761] {processor.py:163} INFO - Started process (PID=4694) to work on /opt/airflow/dags/utils.py
[2022-01-14 00:22:00,763] {processor.py:642} INFO - Processing file /opt/airflow/dags/utils.py for tasks to queue
[2022-01-14 00:22:00,764] {logging_mixin.py:109} INFO - [2022-01-14 00:22:00,764] {dagbag.py:500} INFO - Filling up the DagBag from /opt/airflow/dags/utils.py
[2022-01-14 00:22:01,770] {processor.py:656} WARNING - No viable dags retrieved from /opt/airflow/dags/utils.py
[2022-01-14 00:22:01,778] {processor.py:171} INFO - Processing /opt/airflow/dags/utils.py took 1.031 seconds
[2022-01-14 00:22:04,815] {processor.py:163} INFO - Started process (PID=4708) to work on /opt/airflow/dags/utils.py
[2022-01-14 00:22:04,817] {processor.py:642} INFO - Processing file /opt/airflow/dags/utils.py for tasks to queue
[2022-01-14 00:22:04,833] {logging_mixin.py:109} INFO - [2022-01-14 00:22:04,833] {dagbag.py:500} INFO - Filling up the DagBag from /opt/airflow/dags/utils.py
[2022-01-14 00:22:06,514] {processor.py:656} WARNING - No viable dags retrieved from /opt/airflow/dags/utils.py
[2022-01-14 00:22:06,522] {processor.py:171} INFO - Processing /opt/airflow/dags/utils.py took 1.715 seconds
[2022-01-14 00:22:37,096] {processor.py:163} INFO - Started process (PID=4745) to work on /opt/airflow/dags/utils.py
[2022-01-14 00:22:37,102] {processor.py:642} INFO - Processing file /opt/airflow/dags/utils.py for tasks to queue
[2022-01-14 00:22:37,104] {logging_mixin.py:109} INFO - [2022-01-14 00:22:37,104] {dagbag.py:500} INFO - Filling up the DagBag from /opt/airflow/dags/utils.py
[2022-01-14 00:22:38,298] {processor.py:656} WARNING - No viable dags retrieved from /opt/airflow/dags/utils.py
[2022-01-14 00:22:38,303] {processor.py:171} INFO - Processing /opt/airflow/dags/utils.py took 1.211 seconds
[2022-01-14 00:23:08,409] {processor.py:163} INFO - Started process (PID=4780) to work on /opt/airflow/dags/utils.py
[2022-01-14 00:23:08,410] {processor.py:642} INFO - Processing file /opt/airflow/dags/utils.py for tasks to queue
[2022-01-14 00:23:08,411] {logging_mixin.py:109} INFO - [2022-01-14 00:23:08,411] {dagbag.py:500} INFO - Filling up the DagBag from /opt/airflow/dags/utils.py
[2022-01-14 00:23:09,858] {processor.py:656} WARNING - No viable dags retrieved from /opt/airflow/dags/utils.py
[2022-01-14 00:23:09,867] {processor.py:171} INFO - Processing /opt/airflow/dags/utils.py took 1.464 seconds
[2022-01-14 00:23:40,067] {processor.py:163} INFO - Started process (PID=4814) to work on /opt/airflow/dags/utils.py
[2022-01-14 00:23:40,069] {processor.py:642} INFO - Processing file /opt/airflow/dags/utils.py for tasks to queue
[2022-01-14 00:23:40,070] {logging_mixin.py:109} INFO - [2022-01-14 00:23:40,069] {dagbag.py:500} INFO - Filling up the DagBag from /opt/airflow/dags/utils.py
[2022-01-14 00:23:41,107] {processor.py:656} WARNING - No viable dags retrieved from /opt/airflow/dags/utils.py
[2022-01-14 00:23:41,112] {processor.py:171} INFO - Processing /opt/airflow/dags/utils.py took 1.052 seconds
[2022-01-14 00:24:11,349] {processor.py:163} INFO - Started process (PID=4844) to work on /opt/airflow/dags/utils.py
[2022-01-14 00:24:11,352] {processor.py:642} INFO - Processing file /opt/airflow/dags/utils.py for tasks to queue
[2022-01-14 00:24:11,353] {logging_mixin.py:109} INFO - [2022-01-14 00:24:11,353] {dagbag.py:500} INFO - Filling up the DagBag from /opt/airflow/dags/utils.py
[2022-01-14 00:24:12,418] {processor.py:656} WARNING - No viable dags retrieved from /opt/airflow/dags/utils.py
[2022-01-14 00:24:12,423] {processor.py:171} INFO - Processing /opt/airflow/dags/utils.py took 1.078 seconds
[2022-01-14 00:24:42,648] {processor.py:163} INFO - Started process (PID=4876) to work on /opt/airflow/dags/utils.py
[2022-01-14 00:24:42,652] {processor.py:642} INFO - Processing file /opt/airflow/dags/utils.py for tasks to queue
[2022-01-14 00:24:42,653] {logging_mixin.py:109} INFO - [2022-01-14 00:24:42,653] {dagbag.py:500} INFO - Filling up the DagBag from /opt/airflow/dags/utils.py
[2022-01-14 00:24:43,785] {processor.py:656} WARNING - No viable dags retrieved from /opt/airflow/dags/utils.py
[2022-01-14 00:24:43,790] {processor.py:171} INFO - Processing /opt/airflow/dags/utils.py took 1.146 seconds
[2022-01-14 00:25:14,099] {processor.py:163} INFO - Started process (PID=4913) to work on /opt/airflow/dags/utils.py
[2022-01-14 00:25:14,100] {processor.py:642} INFO - Processing file /opt/airflow/dags/utils.py for tasks to queue
[2022-01-14 00:25:14,102] {logging_mixin.py:109} INFO - [2022-01-14 00:25:14,102] {dagbag.py:500} INFO - Filling up the DagBag from /opt/airflow/dags/utils.py
[2022-01-14 00:25:15,258] {processor.py:656} WARNING - No viable dags retrieved from /opt/airflow/dags/utils.py
[2022-01-14 00:25:15,263] {processor.py:171} INFO - Processing /opt/airflow/dags/utils.py took 1.177 seconds
[2022-01-14 00:25:45,498] {processor.py:163} INFO - Started process (PID=4946) to work on /opt/airflow/dags/utils.py
[2022-01-14 00:25:45,515] {processor.py:642} INFO - Processing file /opt/airflow/dags/utils.py for tasks to queue
[2022-01-14 00:25:45,517] {logging_mixin.py:109} INFO - [2022-01-14 00:25:45,517] {dagbag.py:500} INFO - Filling up the DagBag from /opt/airflow/dags/utils.py
[2022-01-14 00:25:47,219] {processor.py:656} WARNING - No viable dags retrieved from /opt/airflow/dags/utils.py
[2022-01-14 00:25:47,224] {processor.py:171} INFO - Processing /opt/airflow/dags/utils.py took 1.730 seconds
[2022-01-14 00:26:17,808] {processor.py:163} INFO - Started process (PID=4977) to work on /opt/airflow/dags/utils.py
[2022-01-14 00:26:17,816] {processor.py:642} INFO - Processing file /opt/airflow/dags/utils.py for tasks to queue
[2022-01-14 00:26:17,818] {logging_mixin.py:109} INFO - [2022-01-14 00:26:17,817] {dagbag.py:500} INFO - Filling up the DagBag from /opt/airflow/dags/utils.py
[2022-01-14 00:26:19,125] {processor.py:656} WARNING - No viable dags retrieved from /opt/airflow/dags/utils.py
[2022-01-14 00:26:19,132] {processor.py:171} INFO - Processing /opt/airflow/dags/utils.py took 1.331 seconds
[2022-01-14 00:26:49,194] {processor.py:163} INFO - Started process (PID=5009) to work on /opt/airflow/dags/utils.py
[2022-01-14 00:26:49,195] {processor.py:642} INFO - Processing file /opt/airflow/dags/utils.py for tasks to queue
[2022-01-14 00:26:49,196] {logging_mixin.py:109} INFO - [2022-01-14 00:26:49,196] {dagbag.py:500} INFO - Filling up the DagBag from /opt/airflow/dags/utils.py
[2022-01-14 00:26:50,649] {processor.py:656} WARNING - No viable dags retrieved from /opt/airflow/dags/utils.py
[2022-01-14 00:26:50,655] {processor.py:171} INFO - Processing /opt/airflow/dags/utils.py took 1.472 seconds
[2022-01-14 00:27:21,546] {processor.py:163} INFO - Started process (PID=5048) to work on /opt/airflow/dags/utils.py
[2022-01-14 00:27:21,550] {processor.py:642} INFO - Processing file /opt/airflow/dags/utils.py for tasks to queue
[2022-01-14 00:27:21,552] {logging_mixin.py:109} INFO - [2022-01-14 00:27:21,552] {dagbag.py:500} INFO - Filling up the DagBag from /opt/airflow/dags/utils.py
[2022-01-14 00:27:22,971] {processor.py:656} WARNING - No viable dags retrieved from /opt/airflow/dags/utils.py
[2022-01-14 00:27:22,977] {processor.py:171} INFO - Processing /opt/airflow/dags/utils.py took 1.435 seconds
[2022-01-14 00:27:53,735] {processor.py:163} INFO - Started process (PID=5082) to work on /opt/airflow/dags/utils.py
[2022-01-14 00:27:53,737] {processor.py:642} INFO - Processing file /opt/airflow/dags/utils.py for tasks to queue
[2022-01-14 00:27:53,739] {logging_mixin.py:109} INFO - [2022-01-14 00:27:53,738] {dagbag.py:500} INFO - Filling up the DagBag from /opt/airflow/dags/utils.py
[2022-01-14 00:27:54,582] {processor.py:656} WARNING - No viable dags retrieved from /opt/airflow/dags/utils.py
[2022-01-14 00:27:54,586] {processor.py:171} INFO - Processing /opt/airflow/dags/utils.py took 0.861 seconds
[2022-01-14 00:28:25,022] {processor.py:163} INFO - Started process (PID=5125) to work on /opt/airflow/dags/utils.py
[2022-01-14 00:28:25,023] {processor.py:642} INFO - Processing file /opt/airflow/dags/utils.py for tasks to queue
[2022-01-14 00:28:25,024] {logging_mixin.py:109} INFO - [2022-01-14 00:28:25,024] {dagbag.py:500} INFO - Filling up the DagBag from /opt/airflow/dags/utils.py
[2022-01-14 00:28:26,050] {processor.py:656} WARNING - No viable dags retrieved from /opt/airflow/dags/utils.py
[2022-01-14 00:28:26,054] {processor.py:171} INFO - Processing /opt/airflow/dags/utils.py took 1.035 seconds
[2022-01-14 00:28:56,287] {processor.py:163} INFO - Started process (PID=5155) to work on /opt/airflow/dags/utils.py
[2022-01-14 00:28:56,309] {processor.py:642} INFO - Processing file /opt/airflow/dags/utils.py for tasks to queue
[2022-01-14 00:28:56,312] {logging_mixin.py:109} INFO - [2022-01-14 00:28:56,311] {dagbag.py:500} INFO - Filling up the DagBag from /opt/airflow/dags/utils.py
[2022-01-14 00:28:57,205] {processor.py:656} WARNING - No viable dags retrieved from /opt/airflow/dags/utils.py
[2022-01-14 00:28:57,209] {processor.py:171} INFO - Processing /opt/airflow/dags/utils.py took 0.934 seconds
