[2022-01-12 22:59:03,289] {taskinstance.py:1032} INFO - Dependencies all met for <TaskInstance: my_dag.training_model_A manual__2022-01-12T22:59:01.118387+00:00 [queued]>
[2022-01-12 22:59:03,304] {taskinstance.py:1032} INFO - Dependencies all met for <TaskInstance: my_dag.training_model_A manual__2022-01-12T22:59:01.118387+00:00 [queued]>
[2022-01-12 22:59:03,305] {taskinstance.py:1238} INFO - 
--------------------------------------------------------------------------------
[2022-01-12 22:59:03,305] {taskinstance.py:1239} INFO - Starting attempt 1 of 1
[2022-01-12 22:59:03,305] {taskinstance.py:1240} INFO - 
--------------------------------------------------------------------------------
[2022-01-12 22:59:03,322] {taskinstance.py:1259} INFO - Executing <Task(PythonOperator): training_model_A> on 2022-01-12 22:59:01.118387+00:00
[2022-01-12 22:59:03,327] {standard_task_runner.py:52} INFO - Started process 2622 to run task
[2022-01-12 22:59:03,338] {standard_task_runner.py:76} INFO - Running: ['***', 'tasks', 'run', 'my_dag', 'training_model_A', 'manual__2022-01-12T22:59:01.118387+00:00', '--job-id', '10', '--raw', '--subdir', 'DAGS_FOLDER/my_dag.py', '--cfg-path', '/tmp/tmp104rslj8', '--error-file', '/tmp/tmpkysx20dp']
[2022-01-12 22:59:03,340] {standard_task_runner.py:77} INFO - Job 10: Subtask training_model_A
[2022-01-12 22:59:03,430] {logging_mixin.py:109} INFO - Running <TaskInstance: my_dag.training_model_A manual__2022-01-12T22:59:01.118387+00:00 [running]> on host 5ffba7c75690
[2022-01-12 22:59:03,522] {taskinstance.py:1426} INFO - Exporting the following env vars:
AIRFLOW_CTX_DAG_OWNER=***
AIRFLOW_CTX_DAG_ID=my_dag
AIRFLOW_CTX_TASK_ID=training_model_A
AIRFLOW_CTX_EXECUTION_DATE=2022-01-12T22:59:01.118387+00:00
AIRFLOW_CTX_DAG_RUN_ID=manual__2022-01-12T22:59:01.118387+00:00
[2022-01-12 22:59:03,523] {python.py:175} INFO - Done. Returned value was: 3
[2022-01-12 22:59:03,557] {taskinstance.py:1277} INFO - Marking task as SUCCESS. dag_id=my_dag, task_id=training_model_A, execution_date=20220112T225901, start_date=20220112T225903, end_date=20220112T225903
[2022-01-12 22:59:03,588] {local_task_job.py:154} INFO - Task exited with return code 0
[2022-01-12 22:59:03,683] {local_task_job.py:264} INFO - 1 downstream tasks scheduled from follow-on schedule check
